2024-11-24T15:21:22.958937+08:00 - INFO - >>>>>>>>>>>>>>Running settings>>>>>>>>>>>>>>
2024-11-24T15:21:22.959091+08:00 - INFO - iteration: 30000
2024-11-24T15:21:22.959162+08:00 - INFO - lr: 0.0001
2024-11-24T15:21:22.959228+08:00 - INFO - server_pseudo_lr: 0.0001
2024-11-24T15:21:22.959287+08:00 - INFO - dlr: 0.0003
2024-11-24T15:21:22.959345+08:00 - INFO - print_freq: 40
2024-11-24T15:21:22.959400+08:00 - INFO - save_path: attack_model.pth
2024-11-24T15:21:22.959455+08:00 - INFO - gid: 0
2024-11-24T15:21:22.959509+08:00 - INFO - layer_id: 2
2024-11-24T15:21:22.959563+08:00 - INFO - a: 0.8
2024-11-24T15:21:22.959619+08:00 - INFO - batch_size: 64
2024-11-24T15:21:22.959674+08:00 - INFO - dataset: cifar10
2024-11-24T15:21:22.959728+08:00 - INFO - dataset_num: 5000
2024-11-24T15:21:22.959782+08:00 - INFO - coral: False
2024-11-24T15:21:22.959836+08:00 - INFO - mkkd: True
2024-11-24T15:21:22.959891+08:00 - INFO - >>>>>>>>>>>>>>>>>>>>>>>>>>>>>>


2024-11-24T15:21:44.911798+08:00 - INFO - DataSet:cifar10
2024-11-24T15:21:44.913568+08:00 - INFO - Train Dataset:50000
2024-11-24T15:21:44.913746+08:00 - INFO - Test Dataset:10000
2024-11-24T15:21:54.817678+08:00 - CRITICAL - Adaption Loss: 0.29829323291778564
2024-11-24T15:22:02.226526+08:00 - CRITICAL - Adaption Loss: 0.310702919960022
2024-11-24T15:22:02.297707+08:00 - CRITICAL - Train Iteration: [40/30000 (0%)]	   Pseudo_AttackLoss: 0.058147   Pseudo_target_mseloss: 0.820175     Vanila_D_Loss: -2.562219    D_Loss: -0.432936     Dis_Pseudo_Loss: -5.810970     Dis_target_Loss: 3.248751   Target_AttackLoss: 0.041335
2024-11-24T15:22:07.150324+08:00 - CRITICAL - 
Test set: Average loss: 2.2647, Accuracy: 1525/10000 (15%)

2024-11-24T15:22:08.289382+08:00 - CRITICAL - 
Test set: Average loss: 2.3200, Accuracy: 1349/10000 (13%)

2024-11-24T15:22:11.042295+08:00 - CRITICAL - Adaption Loss: 0.2655678391456604
2024-11-24T15:22:16.936400+08:00 - CRITICAL - Adaption Loss: 0.21250420808792114
2024-11-24T15:22:17.004337+08:00 - CRITICAL - Train Iteration: [80/30000 (0%)]	   Pseudo_AttackLoss: 0.065074   Pseudo_target_mseloss: 0.801577     Vanila_D_Loss: -15.586442    D_Loss: -6.118047     Dis_Pseudo_Loss: -17.060669     Dis_target_Loss: 1.474227   Target_AttackLoss: 0.031346
2024-11-24T15:22:22.741432+08:00 - CRITICAL - Adaption Loss: 0.23675000667572021
2024-11-24T15:22:23.929680+08:00 - CRITICAL - 
Test set: Average loss: 2.0721, Accuracy: 2313/10000 (23%)

2024-11-24T15:22:25.044757+08:00 - CRITICAL - 
Test set: Average loss: 2.4033, Accuracy: 1565/10000 (16%)

2024-11-24T15:22:31.651150+08:00 - CRITICAL - Adaption Loss: 0.22667594254016876
2024-11-24T15:22:31.701512+08:00 - CRITICAL - Train Iteration: [120/30000 (0%)]	   Pseudo_AttackLoss: 0.053139   Pseudo_target_mseloss: 0.599844     Vanila_D_Loss: -28.029373    D_Loss: -27.001745     Dis_Pseudo_Loss: -35.299301     Dis_target_Loss: 7.269929   Target_AttackLoss: 0.025468
2024-11-24T15:22:38.009565+08:00 - CRITICAL - Adaption Loss: 0.21037951111793518
2024-11-24T15:22:42.113401+08:00 - CRITICAL - 
Test set: Average loss: 1.9675, Accuracy: 2721/10000 (27%)

2024-11-24T15:22:43.241084+08:00 - CRITICAL - 
Test set: Average loss: 2.2990, Accuracy: 1551/10000 (16%)

2024-11-24T15:22:46.475831+08:00 - CRITICAL - Adaption Loss: 0.21711468696594238
2024-11-24T15:22:46.529092+08:00 - CRITICAL - Train Iteration: [160/30000 (1%)]	   Pseudo_AttackLoss: 0.063734   Pseudo_target_mseloss: 0.651426     Vanila_D_Loss: -19.311974    D_Loss: -18.500633     Dis_Pseudo_Loss: -34.563904     Dis_target_Loss: 15.251931   Target_AttackLoss: 0.031132
2024-11-24T15:22:53.754266+08:00 - CRITICAL - Adaption Loss: 0.21839210391044617
2024-11-24T15:23:00.798592+08:00 - CRITICAL - Adaption Loss: 0.20748107135295868
2024-11-24T15:23:00.867010+08:00 - CRITICAL - Train Iteration: [200/30000 (1%)]	   Pseudo_AttackLoss: 0.046978   Pseudo_target_mseloss: 0.610725     Vanila_D_Loss: -24.431421    D_Loss: -21.172588     Dis_Pseudo_Loss: -37.007832     Dis_target_Loss: 12.576410   Target_AttackLoss: 0.024832
2024-11-24T15:23:02.037516+08:00 - CRITICAL - 
Test set: Average loss: 1.9432, Accuracy: 2984/10000 (30%)

2024-11-24T15:23:03.149340+08:00 - CRITICAL - 
Test set: Average loss: 2.6438, Accuracy: 1290/10000 (13%)

2024-11-24T15:23:09.059541+08:00 - CRITICAL - Adaption Loss: 0.17331205308437347
2024-11-24T15:23:15.124566+08:00 - CRITICAL - Adaption Loss: 0.17776168882846832
2024-11-24T15:23:15.194631+08:00 - CRITICAL - Train Iteration: [240/30000 (1%)]	   Pseudo_AttackLoss: 0.043635   Pseudo_target_mseloss: 0.519624     Vanila_D_Loss: -25.931997    D_Loss: -21.660160     Dis_Pseudo_Loss: -32.386631     Dis_target_Loss: 6.454634   Target_AttackLoss: 0.020575
2024-11-24T15:23:19.276782+08:00 - CRITICAL - 
Test set: Average loss: 1.8255, Accuracy: 3120/10000 (31%)

2024-11-24T15:23:20.387087+08:00 - CRITICAL - 
Test set: Average loss: 2.6450, Accuracy: 1389/10000 (14%)

2024-11-24T15:23:23.264869+08:00 - CRITICAL - Adaption Loss: 0.15834113955497742
2024-11-24T15:23:29.159611+08:00 - CRITICAL - Adaption Loss: 0.163835346698761
2024-11-24T15:23:29.226899+08:00 - CRITICAL - Train Iteration: [280/30000 (1%)]	   Pseudo_AttackLoss: 0.044052   Pseudo_target_mseloss: 0.502793     Vanila_D_Loss: -23.513647    D_Loss: -22.549088     Dis_Pseudo_Loss: -25.864777     Dis_target_Loss: 2.351130   Target_AttackLoss: 0.021541
2024-11-24T15:23:35.046044+08:00 - CRITICAL - Adaption Loss: 0.18218037486076355
2024-11-24T15:23:36.224810+08:00 - CRITICAL - 
Test set: Average loss: 1.8134, Accuracy: 3168/10000 (32%)

2024-11-24T15:23:37.313830+08:00 - CRITICAL - 
Test set: Average loss: 2.5015, Accuracy: 1535/10000 (15%)

2024-11-24T15:23:43.135892+08:00 - CRITICAL - Adaption Loss: 0.1447082906961441
2024-11-24T15:23:43.205452+08:00 - CRITICAL - Train Iteration: [320/30000 (1%)]	   Pseudo_AttackLoss: 0.039129   Pseudo_target_mseloss: 0.494588     Vanila_D_Loss: -26.658680    D_Loss: -23.109529     Dis_Pseudo_Loss: -23.863255     Dis_target_Loss: -2.795425   Target_AttackLoss: 0.020484
2024-11-24T15:23:49.566870+08:00 - CRITICAL - Adaption Loss: 0.16146180033683777
2024-11-24T15:23:54.208757+08:00 - CRITICAL - 
Test set: Average loss: 1.7710, Accuracy: 3382/10000 (34%)

2024-11-24T15:23:55.359977+08:00 - CRITICAL - 
Test set: Average loss: 2.5820, Accuracy: 1474/10000 (15%)

2024-11-24T15:23:58.084788+08:00 - CRITICAL - Adaption Loss: 0.15627025067806244
2024-11-24T15:23:58.152153+08:00 - CRITICAL - Train Iteration: [360/30000 (1%)]	   Pseudo_AttackLoss: 0.032100   Pseudo_target_mseloss: 0.530876     Vanila_D_Loss: -10.360017    D_Loss: -2.311049     Dis_Pseudo_Loss: -11.705861     Dis_target_Loss: 1.345844   Target_AttackLoss: 0.021158
2024-11-24T15:24:03.912708+08:00 - CRITICAL - Adaption Loss: 0.14873003959655762
2024-11-24T15:24:09.740951+08:00 - CRITICAL - Adaption Loss: 0.17482945322990417
2024-11-24T15:24:09.808198+08:00 - CRITICAL - Train Iteration: [400/30000 (1%)]	   Pseudo_AttackLoss: 0.030578   Pseudo_target_mseloss: 0.434077     Vanila_D_Loss: -13.195553    D_Loss: -9.330711     Dis_Pseudo_Loss: -7.643037     Dis_target_Loss: -5.552516   Target_AttackLoss: 0.015841
2024-11-24T15:24:10.924901+08:00 - CRITICAL - 
Test set: Average loss: 1.7467, Accuracy: 3581/10000 (36%)

2024-11-24T15:24:11.977123+08:00 - CRITICAL - 
Test set: Average loss: 2.5227, Accuracy: 1532/10000 (15%)

2024-11-24T15:24:17.628652+08:00 - CRITICAL - Adaption Loss: 0.13281035423278809
2024-11-24T15:24:23.359832+08:00 - CRITICAL - Adaption Loss: 0.17013965547084808
2024-11-24T15:24:23.429010+08:00 - CRITICAL - Train Iteration: [440/30000 (1%)]	   Pseudo_AttackLoss: 0.032341   Pseudo_target_mseloss: 0.498370     Vanila_D_Loss: -15.520964    D_Loss: -14.903275     Dis_Pseudo_Loss: -13.389725     Dis_target_Loss: -2.131238   Target_AttackLoss: 0.015564
2024-11-24T15:24:27.408843+08:00 - CRITICAL - 
Test set: Average loss: 1.6898, Accuracy: 3724/10000 (37%)

2024-11-24T15:24:28.428908+08:00 - CRITICAL - 
Test set: Average loss: 2.8018, Accuracy: 1277/10000 (13%)

2024-11-24T15:24:31.314606+08:00 - CRITICAL - Adaption Loss: 0.1435401886701584
2024-11-24T15:24:37.443627+08:00 - CRITICAL - Adaption Loss: 0.15425701439380646
2024-11-24T15:24:37.511045+08:00 - CRITICAL - Train Iteration: [480/30000 (2%)]	   Pseudo_AttackLoss: 0.034038   Pseudo_target_mseloss: 0.703807     Vanila_D_Loss: -19.129244    D_Loss: -16.527798     Dis_Pseudo_Loss: -18.863386     Dis_target_Loss: -0.265857   Target_AttackLoss: 0.017655
2024-11-24T15:24:43.354555+08:00 - CRITICAL - Adaption Loss: 0.20208175480365753
2024-11-24T15:24:44.579044+08:00 - CRITICAL - 
Test set: Average loss: 1.6825, Accuracy: 3757/10000 (38%)

2024-11-24T15:24:45.675454+08:00 - CRITICAL - 
Test set: Average loss: 2.9392, Accuracy: 1244/10000 (12%)

2024-11-24T15:24:51.412397+08:00 - CRITICAL - Adaption Loss: 0.14444491267204285
2024-11-24T15:24:51.482726+08:00 - CRITICAL - Train Iteration: [520/30000 (2%)]	   Pseudo_AttackLoss: 0.032230   Pseudo_target_mseloss: 0.583199     Vanila_D_Loss: -22.316483    D_Loss: -21.074444     Dis_Pseudo_Loss: -21.176933     Dis_target_Loss: -1.139549   Target_AttackLoss: 0.017286
2024-11-24T15:24:58.067105+08:00 - CRITICAL - Adaption Loss: 0.11666594445705414
2024-11-24T15:25:02.294395+08:00 - CRITICAL - 
Test set: Average loss: 1.6368, Accuracy: 4030/10000 (40%)

2024-11-24T15:25:03.353692+08:00 - CRITICAL - 
Test set: Average loss: 2.4938, Accuracy: 1480/10000 (15%)

2024-11-24T15:25:06.271098+08:00 - CRITICAL - Adaption Loss: 0.13442829251289368
2024-11-24T15:25:06.324051+08:00 - CRITICAL - Train Iteration: [560/30000 (2%)]	   Pseudo_AttackLoss: 0.032279   Pseudo_target_mseloss: 0.610188     Vanila_D_Loss: -24.166346    D_Loss: -21.182280     Dis_Pseudo_Loss: -22.319424     Dis_target_Loss: -1.846922   Target_AttackLoss: 0.017000
2024-11-24T15:25:12.063498+08:00 - CRITICAL - Adaption Loss: 0.12096519768238068
2024-11-24T15:25:18.000650+08:00 - CRITICAL - Adaption Loss: 0.12535692751407623
2024-11-24T15:25:18.071327+08:00 - CRITICAL - Train Iteration: [600/30000 (2%)]	   Pseudo_AttackLoss: 0.033506   Pseudo_target_mseloss: 0.651545     Vanila_D_Loss: -21.514563    D_Loss: -20.321888     Dis_Pseudo_Loss: -14.884462     Dis_target_Loss: -6.630100   Target_AttackLoss: 0.016893
2024-11-24T15:25:19.224183+08:00 - CRITICAL - 
Test set: Average loss: 1.6236, Accuracy: 4069/10000 (41%)

2024-11-24T15:25:20.288847+08:00 - CRITICAL - 
Test set: Average loss: 2.5032, Accuracy: 1595/10000 (16%)

2024-11-24T15:25:25.842311+08:00 - CRITICAL - Adaption Loss: 0.11400504410266876
2024-11-24T15:25:31.691231+08:00 - CRITICAL - Adaption Loss: 0.10975168645381927
2024-11-24T15:25:31.758320+08:00 - CRITICAL - Train Iteration: [640/30000 (2%)]	   Pseudo_AttackLoss: 0.043039   Pseudo_target_mseloss: 0.784847     Vanila_D_Loss: -17.825951    D_Loss: -17.315792     Dis_Pseudo_Loss: -11.882023     Dis_target_Loss: -5.943928   Target_AttackLoss: 0.014115
2024-11-24T15:25:35.690769+08:00 - CRITICAL - 
Test set: Average loss: 1.5985, Accuracy: 4092/10000 (41%)

2024-11-24T15:25:36.763351+08:00 - CRITICAL - 
Test set: Average loss: 2.5878, Accuracy: 1514/10000 (15%)

2024-11-24T15:25:39.508420+08:00 - CRITICAL - Adaption Loss: 0.11887611448764801
2024-11-24T15:25:45.119864+08:00 - CRITICAL - Adaption Loss: 0.11131708323955536
2024-11-24T15:25:45.186767+08:00 - CRITICAL - Train Iteration: [680/30000 (2%)]	   Pseudo_AttackLoss: 0.026494   Pseudo_target_mseloss: 0.740733     Vanila_D_Loss: -16.430410    D_Loss: -16.012529     Dis_Pseudo_Loss: -19.584818     Dis_target_Loss: 3.154407   Target_AttackLoss: 0.027346
2024-11-24T15:25:51.277285+08:00 - CRITICAL - Adaption Loss: 0.11689257621765137
2024-11-24T15:25:52.425277+08:00 - CRITICAL - 
Test set: Average loss: 1.5856, Accuracy: 4090/10000 (41%)

2024-11-24T15:25:53.470100+08:00 - CRITICAL - 
Test set: Average loss: 2.4764, Accuracy: 1728/10000 (17%)

2024-11-24T15:25:59.252610+08:00 - CRITICAL - Adaption Loss: 0.11411887407302856
2024-11-24T15:25:59.319709+08:00 - CRITICAL - Train Iteration: [720/30000 (2%)]	   Pseudo_AttackLoss: 0.031900   Pseudo_target_mseloss: 0.773151     Vanila_D_Loss: -19.987999    D_Loss: -19.404463     Dis_Pseudo_Loss: -15.506132     Dis_target_Loss: -4.481868   Target_AttackLoss: 0.015064
2024-11-24T15:26:04.799219+08:00 - CRITICAL - Adaption Loss: 0.1255694478750229
2024-11-24T15:26:08.387636+08:00 - CRITICAL - 
Test set: Average loss: 1.5845, Accuracy: 4266/10000 (43%)

2024-11-24T15:26:09.491826+08:00 - CRITICAL - 
Test set: Average loss: 2.3114, Accuracy: 2037/10000 (20%)

2024-11-24T15:26:12.052508+08:00 - CRITICAL - Adaption Loss: 0.08733481168746948
2024-11-24T15:26:12.099397+08:00 - CRITICAL - Train Iteration: [760/30000 (3%)]	   Pseudo_AttackLoss: 0.038573   Pseudo_target_mseloss: 0.722540     Vanila_D_Loss: -18.186150    D_Loss: -16.989061     Dis_Pseudo_Loss: -16.976042     Dis_target_Loss: -1.210109   Target_AttackLoss: 0.017823
2024-11-24T15:26:17.520189+08:00 - CRITICAL - Adaption Loss: 0.11324825882911682
2024-11-24T15:26:23.523372+08:00 - CRITICAL - Adaption Loss: 0.12542249262332916
2024-11-24T15:26:23.589718+08:00 - CRITICAL - Train Iteration: [800/30000 (3%)]	   Pseudo_AttackLoss: 0.031916   Pseudo_target_mseloss: 0.672534     Vanila_D_Loss: -21.877251    D_Loss: -19.843210     Dis_Pseudo_Loss: -16.013575     Dis_target_Loss: -5.863676   Target_AttackLoss: 0.012373
2024-11-24T15:26:24.738241+08:00 - CRITICAL - 
Test set: Average loss: 1.5644, Accuracy: 4361/10000 (44%)

2024-11-24T15:26:25.905636+08:00 - CRITICAL - 
Test set: Average loss: 2.3893, Accuracy: 1828/10000 (18%)

2024-11-24T15:26:31.496234+08:00 - CRITICAL - Adaption Loss: 0.10028336942195892
2024-11-24T15:26:37.232014+08:00 - CRITICAL - Adaption Loss: 0.10764734447002411
2024-11-24T15:26:37.298587+08:00 - CRITICAL - Train Iteration: [840/30000 (3%)]	   Pseudo_AttackLoss: 0.026989   Pseudo_target_mseloss: 0.695025     Vanila_D_Loss: -18.649336    D_Loss: -18.170595     Dis_Pseudo_Loss: -15.389713     Dis_target_Loss: -3.259622   Target_AttackLoss: 0.013414
2024-11-24T15:26:41.220949+08:00 - CRITICAL - 
Test set: Average loss: 1.5454, Accuracy: 4368/10000 (44%)

2024-11-24T15:26:42.314115+08:00 - CRITICAL - 
Test set: Average loss: 2.3936, Accuracy: 1962/10000 (20%)

2024-11-24T15:26:45.236598+08:00 - CRITICAL - Adaption Loss: 0.10064873099327087
2024-11-24T15:26:50.901449+08:00 - CRITICAL - Adaption Loss: 0.08767769485712051
2024-11-24T15:26:50.968228+08:00 - CRITICAL - Train Iteration: [880/30000 (3%)]	   Pseudo_AttackLoss: 0.032536   Pseudo_target_mseloss: 0.638198     Vanila_D_Loss: -19.976479    D_Loss: -19.209225     Dis_Pseudo_Loss: -9.569962     Dis_target_Loss: -10.406518   Target_AttackLoss: 0.014924
2024-11-24T15:26:56.577712+08:00 - CRITICAL - Adaption Loss: 0.09182363003492355
2024-11-24T15:26:57.731828+08:00 - CRITICAL - 
Test set: Average loss: 1.5346, Accuracy: 4327/10000 (43%)

2024-11-24T15:26:58.814848+08:00 - CRITICAL - 
Test set: Average loss: 2.6562, Accuracy: 1913/10000 (19%)

2024-11-24T15:27:04.394076+08:00 - CRITICAL - Adaption Loss: 0.09378736466169357
2024-11-24T15:27:04.462541+08:00 - CRITICAL - Train Iteration: [920/30000 (3%)]	   Pseudo_AttackLoss: 0.035308   Pseudo_target_mseloss: 0.763960     Vanila_D_Loss: -18.208096    D_Loss: -17.818327     Dis_Pseudo_Loss: -11.059572     Dis_target_Loss: -7.148522   Target_AttackLoss: 0.013386
2024-11-24T15:27:10.120911+08:00 - CRITICAL - Adaption Loss: 0.08601066470146179
2024-11-24T15:27:13.964631+08:00 - CRITICAL - 
Test set: Average loss: 1.5346, Accuracy: 4469/10000 (45%)

2024-11-24T15:27:15.056851+08:00 - CRITICAL - 
Test set: Average loss: 2.5268, Accuracy: 1830/10000 (18%)

2024-11-24T15:27:17.814109+08:00 - CRITICAL - Adaption Loss: 0.07260777056217194
2024-11-24T15:27:17.880901+08:00 - CRITICAL - Train Iteration: [960/30000 (3%)]	   Pseudo_AttackLoss: 0.034436   Pseudo_target_mseloss: 0.719261     Vanila_D_Loss: -16.485392    D_Loss: -15.794994     Dis_Pseudo_Loss: -17.872816     Dis_target_Loss: 1.387425   Target_AttackLoss: 0.012919
2024-11-24T15:27:23.477533+08:00 - CRITICAL - Adaption Loss: 0.08642859756946564
2024-11-24T15:27:28.443566+08:00 - CRITICAL - Adaption Loss: 0.10172058641910553
2024-11-24T15:27:28.483048+08:00 - CRITICAL - Train Iteration: [1000/30000 (3%)]	   Pseudo_AttackLoss: 0.030475   Pseudo_target_mseloss: 0.694398     Vanila_D_Loss: -21.191090    D_Loss: -20.459927     Dis_Pseudo_Loss: -13.009704     Dis_target_Loss: -8.181385   Target_AttackLoss: 0.013056
2024-11-24T15:27:29.569163+08:00 - CRITICAL - 
Test set: Average loss: 1.5388, Accuracy: 4346/10000 (43%)

2024-11-24T15:27:30.644606+08:00 - CRITICAL - 
Test set: Average loss: 2.3732, Accuracy: 2003/10000 (20%)

2024-11-24T15:27:36.437092+08:00 - CRITICAL - Adaption Loss: 0.0907326191663742
2024-11-24T15:27:42.077027+08:00 - CRITICAL - Adaption Loss: 0.10190640389919281
2024-11-24T15:27:42.144113+08:00 - CRITICAL - Train Iteration: [1040/30000 (3%)]	   Pseudo_AttackLoss: 0.036997   Pseudo_target_mseloss: 0.794606     Vanila_D_Loss: -20.462862    D_Loss: -19.788172     Dis_Pseudo_Loss: -10.498713     Dis_target_Loss: -9.964149   Target_AttackLoss: 0.013383
2024-11-24T15:27:46.038655+08:00 - CRITICAL - 
Test set: Average loss: 1.5101, Accuracy: 4532/10000 (45%)

2024-11-24T15:27:47.114339+08:00 - CRITICAL - 
Test set: Average loss: 2.4000, Accuracy: 2024/10000 (20%)

2024-11-24T15:27:49.862243+08:00 - CRITICAL - Adaption Loss: 0.08015845715999603
2024-11-24T15:27:55.561175+08:00 - CRITICAL - Adaption Loss: 0.08039142191410065
2024-11-24T15:27:55.628912+08:00 - CRITICAL - Train Iteration: [1080/30000 (4%)]	   Pseudo_AttackLoss: 0.027720   Pseudo_target_mseloss: 0.741084     Vanila_D_Loss: -18.081257    D_Loss: -17.582088     Dis_Pseudo_Loss: -11.199952     Dis_target_Loss: -6.881306   Target_AttackLoss: 0.012197
2024-11-24T15:28:01.360612+08:00 - CRITICAL - Adaption Loss: 0.11002913117408752
2024-11-24T15:28:02.511783+08:00 - CRITICAL - 
Test set: Average loss: 1.4703, Accuracy: 4613/10000 (46%)

2024-11-24T15:28:03.588993+08:00 - CRITICAL - 
Test set: Average loss: 2.3583, Accuracy: 2127/10000 (21%)

2024-11-24T15:28:09.166458+08:00 - CRITICAL - Adaption Loss: 0.0874643623828888
2024-11-24T15:28:09.234386+08:00 - CRITICAL - Train Iteration: [1120/30000 (4%)]	   Pseudo_AttackLoss: 0.025037   Pseudo_target_mseloss: 0.763926     Vanila_D_Loss: -20.429531    D_Loss: -19.687784     Dis_Pseudo_Loss: -9.599441     Dis_target_Loss: -10.830090   Target_AttackLoss: 0.011967
2024-11-24T15:28:14.842020+08:00 - CRITICAL - Adaption Loss: 0.08514736592769623
2024-11-24T15:28:18.796694+08:00 - CRITICAL - 
Test set: Average loss: 1.4788, Accuracy: 4473/10000 (45%)

2024-11-24T15:28:19.854521+08:00 - CRITICAL - 
Test set: Average loss: 2.5701, Accuracy: 1805/10000 (18%)

2024-11-24T15:28:22.578842+08:00 - CRITICAL - Adaption Loss: 0.07439692318439484
2024-11-24T15:28:22.645696+08:00 - CRITICAL - Train Iteration: [1160/30000 (4%)]	   Pseudo_AttackLoss: 0.024492   Pseudo_target_mseloss: 0.690290     Vanila_D_Loss: -19.402822    D_Loss: -17.456091     Dis_Pseudo_Loss: -7.787898     Dis_target_Loss: -11.614925   Target_AttackLoss: 0.013205
2024-11-24T15:28:28.427933+08:00 - CRITICAL - Adaption Loss: 0.07078035175800323
2024-11-24T15:28:34.150547+08:00 - CRITICAL - Adaption Loss: 0.10682295262813568
2024-11-24T15:28:34.220146+08:00 - CRITICAL - Train Iteration: [1200/30000 (4%)]	   Pseudo_AttackLoss: 0.028115   Pseudo_target_mseloss: 0.791871     Vanila_D_Loss: -21.895096    D_Loss: -20.632542     Dis_Pseudo_Loss: -11.483425     Dis_target_Loss: -10.411671   Target_AttackLoss: 0.012423
2024-11-24T15:28:35.297014+08:00 - CRITICAL - 
Test set: Average loss: 1.4671, Accuracy: 4645/10000 (46%)

2024-11-24T15:28:36.364049+08:00 - CRITICAL - 
Test set: Average loss: 2.4438, Accuracy: 1975/10000 (20%)

2024-11-24T15:28:42.612007+08:00 - CRITICAL - Adaption Loss: 0.0987781435251236
2024-11-24T15:28:49.438179+08:00 - CRITICAL - Adaption Loss: 0.08599989116191864
2024-11-24T15:28:49.507626+08:00 - CRITICAL - Train Iteration: [1240/30000 (4%)]	   Pseudo_AttackLoss: 0.023999   Pseudo_target_mseloss: 0.716850     Vanila_D_Loss: -20.466518    D_Loss: -20.134541     Dis_Pseudo_Loss: -9.631555     Dis_target_Loss: -10.834964   Target_AttackLoss: 0.010728
2024-11-24T15:28:54.138323+08:00 - CRITICAL - 
Test set: Average loss: 1.4835, Accuracy: 4731/10000 (47%)

2024-11-24T15:28:55.186008+08:00 - CRITICAL - 
Test set: Average loss: 2.6649, Accuracy: 1708/10000 (17%)

2024-11-24T15:28:57.906241+08:00 - CRITICAL - Adaption Loss: 0.09851887822151184
2024-11-24T15:29:03.595553+08:00 - CRITICAL - Adaption Loss: 0.08672289550304413
2024-11-24T15:29:03.662465+08:00 - CRITICAL - Train Iteration: [1280/30000 (4%)]	   Pseudo_AttackLoss: 0.025391   Pseudo_target_mseloss: 0.754657     Vanila_D_Loss: -21.276085    D_Loss: -20.576550     Dis_Pseudo_Loss: -7.781077     Dis_target_Loss: -13.495008   Target_AttackLoss: 0.012543
2024-11-24T15:29:09.239260+08:00 - CRITICAL - Adaption Loss: 0.07419794797897339
2024-11-24T15:29:10.375650+08:00 - CRITICAL - 
Test set: Average loss: 1.4252, Accuracy: 4759/10000 (48%)

2024-11-24T15:29:11.418397+08:00 - CRITICAL - 
Test set: Average loss: 2.5532, Accuracy: 1833/10000 (18%)

2024-11-24T15:29:17.025731+08:00 - CRITICAL - Adaption Loss: 0.07493413984775543
2024-11-24T15:29:17.092726+08:00 - CRITICAL - Train Iteration: [1320/30000 (4%)]	   Pseudo_AttackLoss: 0.025206   Pseudo_target_mseloss: 0.678039     Vanila_D_Loss: -18.345779    D_Loss: -17.522392     Dis_Pseudo_Loss: -6.203692     Dis_target_Loss: -12.142088   Target_AttackLoss: 0.012221
2024-11-24T15:29:22.828694+08:00 - CRITICAL - Adaption Loss: 0.06211278960108757
2024-11-24T15:29:26.779267+08:00 - CRITICAL - 
Test set: Average loss: 1.4699, Accuracy: 4673/10000 (47%)

2024-11-24T15:29:27.804263+08:00 - CRITICAL - 
Test set: Average loss: 2.5535, Accuracy: 1811/10000 (18%)

2024-11-24T15:29:30.581989+08:00 - CRITICAL - Adaption Loss: 0.07715282589197159
2024-11-24T15:29:30.648709+08:00 - CRITICAL - Train Iteration: [1360/30000 (5%)]	   Pseudo_AttackLoss: 0.024541   Pseudo_target_mseloss: 0.666970     Vanila_D_Loss: -19.342611    D_Loss: -18.303930     Dis_Pseudo_Loss: -7.765810     Dis_target_Loss: -11.576801   Target_AttackLoss: 0.012765
2024-11-24T15:29:36.258225+08:00 - CRITICAL - Adaption Loss: 0.07486951351165771
2024-11-24T15:29:41.948548+08:00 - CRITICAL - Adaption Loss: 0.08108296990394592
2024-11-24T15:29:42.016210+08:00 - CRITICAL - Train Iteration: [1400/30000 (5%)]	   Pseudo_AttackLoss: 0.031906   Pseudo_target_mseloss: 0.761997     Vanila_D_Loss: -17.720078    D_Loss: -17.210083     Dis_Pseudo_Loss: -14.115307     Dis_target_Loss: -3.604770   Target_AttackLoss: 0.012791
2024-11-24T15:29:43.099483+08:00 - CRITICAL - 
Test set: Average loss: 1.4272, Accuracy: 4825/10000 (48%)

2024-11-24T15:29:44.094891+08:00 - CRITICAL - 
Test set: Average loss: 2.3833, Accuracy: 2013/10000 (20%)

2024-11-24T15:29:50.699498+08:00 - CRITICAL - Adaption Loss: 0.07294081151485443
2024-11-24T15:29:57.442182+08:00 - CRITICAL - Adaption Loss: 0.08510895818471909
2024-11-24T15:29:57.511366+08:00 - CRITICAL - Train Iteration: [1440/30000 (5%)]	   Pseudo_AttackLoss: 0.023955   Pseudo_target_mseloss: 0.887232     Vanila_D_Loss: -18.523548    D_Loss: -17.901796     Dis_Pseudo_Loss: -11.393978     Dis_target_Loss: -7.129569   Target_AttackLoss: 0.012722
2024-11-24T15:30:01.961126+08:00 - CRITICAL - 
Test set: Average loss: 1.4626, Accuracy: 4665/10000 (47%)

2024-11-24T15:30:02.957364+08:00 - CRITICAL - 
Test set: Average loss: 2.5600, Accuracy: 1776/10000 (18%)

2024-11-24T15:30:05.682499+08:00 - CRITICAL - Adaption Loss: 0.08622781187295914
2024-11-24T15:30:11.795219+08:00 - CRITICAL - Adaption Loss: 0.0716017335653305
2024-11-24T15:30:11.864277+08:00 - CRITICAL - Train Iteration: [1480/30000 (5%)]	   Pseudo_AttackLoss: 0.031915   Pseudo_target_mseloss: 0.891643     Vanila_D_Loss: -17.121546    D_Loss: -16.305935     Dis_Pseudo_Loss: -4.873730     Dis_target_Loss: -12.247815   Target_AttackLoss: 0.011327
2024-11-24T15:30:18.666787+08:00 - CRITICAL - Adaption Loss: 0.06178194656968117
2024-11-24T15:30:19.833538+08:00 - CRITICAL - 
Test set: Average loss: 1.4102, Accuracy: 4835/10000 (48%)

2024-11-24T15:30:20.882724+08:00 - CRITICAL - 
Test set: Average loss: 2.6498, Accuracy: 1818/10000 (18%)

2024-11-24T15:30:26.480849+08:00 - CRITICAL - Adaption Loss: 0.06917579472064972
2024-11-24T15:30:26.547893+08:00 - CRITICAL - Train Iteration: [1520/30000 (5%)]	   Pseudo_AttackLoss: 0.030073   Pseudo_target_mseloss: 0.838688     Vanila_D_Loss: -18.407230    D_Loss: -17.870888     Dis_Pseudo_Loss: -16.623821     Dis_target_Loss: -1.783409   Target_AttackLoss: 0.011462
2024-11-24T15:30:33.174853+08:00 - CRITICAL - Adaption Loss: 0.09346245229244232
2024-11-24T15:30:37.194566+08:00 - CRITICAL - 
Test set: Average loss: 1.4006, Accuracy: 4793/10000 (48%)

2024-11-24T15:30:38.294038+08:00 - CRITICAL - 
Test set: Average loss: 2.5536, Accuracy: 1966/10000 (20%)

2024-11-24T15:30:40.977093+08:00 - CRITICAL - Adaption Loss: 0.07049475610256195
2024-11-24T15:30:41.044918+08:00 - CRITICAL - Train Iteration: [1560/30000 (5%)]	   Pseudo_AttackLoss: 0.025115   Pseudo_target_mseloss: 0.918237     Vanila_D_Loss: -17.888653    D_Loss: -17.500761     Dis_Pseudo_Loss: -5.040959     Dis_target_Loss: -12.847694   Target_AttackLoss: 0.014349
2024-11-24T15:30:47.988142+08:00 - CRITICAL - Adaption Loss: 0.06490328907966614
2024-11-24T15:30:54.633881+08:00 - CRITICAL - Adaption Loss: 0.062186822295188904
2024-11-24T15:30:54.703568+08:00 - CRITICAL - Train Iteration: [1600/30000 (5%)]	   Pseudo_AttackLoss: 0.030494   Pseudo_target_mseloss: 0.957103     Vanila_D_Loss: -18.659937    D_Loss: -18.067516     Dis_Pseudo_Loss: -10.429037     Dis_target_Loss: -8.230900   Target_AttackLoss: 0.012335
2024-11-24T15:30:55.801482+08:00 - CRITICAL - 
Test set: Average loss: 1.4234, Accuracy: 4898/10000 (49%)

2024-11-24T15:30:56.901184+08:00 - CRITICAL - 
Test set: Average loss: 2.7235, Accuracy: 1781/10000 (18%)

2024-11-24T15:31:03.244087+08:00 - CRITICAL - Adaption Loss: 0.0665796548128128
2024-11-24T15:31:10.110389+08:00 - CRITICAL - Adaption Loss: 0.07313062250614166
2024-11-24T15:31:10.179503+08:00 - CRITICAL - Train Iteration: [1640/30000 (5%)]	   Pseudo_AttackLoss: 0.029652   Pseudo_target_mseloss: 0.867229     Vanila_D_Loss: -16.460411    D_Loss: -15.915216     Dis_Pseudo_Loss: -6.252395     Dis_target_Loss: -10.208016   Target_AttackLoss: 0.011385
2024-11-24T15:31:14.639241+08:00 - CRITICAL - 
Test set: Average loss: 1.4167, Accuracy: 4849/10000 (48%)

2024-11-24T15:31:15.730842+08:00 - CRITICAL - 
Test set: Average loss: 2.6220, Accuracy: 1839/10000 (18%)

2024-11-24T15:31:18.487854+08:00 - CRITICAL - Adaption Loss: 0.056505803018808365
2024-11-24T15:31:24.169474+08:00 - CRITICAL - Adaption Loss: 0.07031257450580597
2024-11-24T15:31:24.237317+08:00 - CRITICAL - Train Iteration: [1680/30000 (6%)]	   Pseudo_AttackLoss: 0.021622   Pseudo_target_mseloss: 0.835374     Vanila_D_Loss: -19.363789    D_Loss: -18.790642     Dis_Pseudo_Loss: -9.968505     Dis_target_Loss: -9.395283   Target_AttackLoss: 0.011986
2024-11-24T15:31:29.869291+08:00 - CRITICAL - Adaption Loss: 0.07269623875617981
2024-11-24T15:31:31.001098+08:00 - CRITICAL - 
Test set: Average loss: 1.3752, Accuracy: 5029/10000 (50%)

2024-11-24T15:31:32.123564+08:00 - CRITICAL - 
Test set: Average loss: 2.6359, Accuracy: 1860/10000 (19%)

2024-11-24T15:31:37.681643+08:00 - CRITICAL - Adaption Loss: 0.07016222178936005
2024-11-24T15:31:37.746431+08:00 - CRITICAL - Train Iteration: [1720/30000 (6%)]	   Pseudo_AttackLoss: 0.021752   Pseudo_target_mseloss: 0.765344     Vanila_D_Loss: -20.679554    D_Loss: -20.156984     Dis_Pseudo_Loss: -5.881209     Dis_target_Loss: -14.798344   Target_AttackLoss: 0.009954
2024-11-24T15:31:43.329723+08:00 - CRITICAL - Adaption Loss: 0.07782195508480072
2024-11-24T15:31:47.207783+08:00 - CRITICAL - 
Test set: Average loss: 1.3984, Accuracy: 4937/10000 (49%)

2024-11-24T15:31:48.257073+08:00 - CRITICAL - 
Test set: Average loss: 2.7506, Accuracy: 1634/10000 (16%)

2024-11-24T15:31:50.771028+08:00 - CRITICAL - Adaption Loss: 0.07131911814212799
2024-11-24T15:31:50.834156+08:00 - CRITICAL - Train Iteration: [1760/30000 (6%)]	   Pseudo_AttackLoss: 0.027218   Pseudo_target_mseloss: 0.829992     Vanila_D_Loss: -19.865961    D_Loss: -17.631340     Dis_Pseudo_Loss: -2.198980     Dis_target_Loss: -17.666981   Target_AttackLoss: 0.012152
2024-11-24T15:31:57.151557+08:00 - CRITICAL - Adaption Loss: 0.08112674951553345
2024-11-24T15:32:03.672631+08:00 - CRITICAL - Adaption Loss: 0.07460495084524155
2024-11-24T15:32:03.741266+08:00 - CRITICAL - Train Iteration: [1800/30000 (6%)]	   Pseudo_AttackLoss: 0.021813   Pseudo_target_mseloss: 0.875446     Vanila_D_Loss: -18.771631    D_Loss: -18.392204     Dis_Pseudo_Loss: -4.214739     Dis_target_Loss: -14.556892   Target_AttackLoss: 0.010269
2024-11-24T15:32:04.803869+08:00 - CRITICAL - 
Test set: Average loss: 1.3930, Accuracy: 4898/10000 (49%)

2024-11-24T15:32:05.902359+08:00 - CRITICAL - 
Test set: Average loss: 2.3457, Accuracy: 2051/10000 (21%)

2024-11-24T15:32:11.646052+08:00 - CRITICAL - Adaption Loss: 0.0665988177061081
2024-11-24T15:32:18.498736+08:00 - CRITICAL - Adaption Loss: 0.06690943241119385
2024-11-24T15:32:18.571873+08:00 - CRITICAL - Train Iteration: [1840/30000 (6%)]	   Pseudo_AttackLoss: 0.022247   Pseudo_target_mseloss: 0.788255     Vanila_D_Loss: -19.206282    D_Loss: -18.670792     Dis_Pseudo_Loss: -3.582055     Dis_target_Loss: -15.624227   Target_AttackLoss: 0.012129
2024-11-24T15:32:23.053974+08:00 - CRITICAL - 
Test set: Average loss: 1.3458, Accuracy: 5086/10000 (51%)

2024-11-24T15:32:24.128501+08:00 - CRITICAL - 
Test set: Average loss: 2.4262, Accuracy: 2089/10000 (21%)

2024-11-24T15:32:26.882303+08:00 - CRITICAL - Adaption Loss: 0.08089350163936615
2024-11-24T15:32:32.733093+08:00 - CRITICAL - Adaption Loss: 0.0765136182308197
2024-11-24T15:32:32.800450+08:00 - CRITICAL - Train Iteration: [1880/30000 (6%)]	   Pseudo_AttackLoss: 0.018790   Pseudo_target_mseloss: 0.910866     Vanila_D_Loss: -18.923065    D_Loss: -18.319881     Dis_Pseudo_Loss: -3.285141     Dis_target_Loss: -15.637923   Target_AttackLoss: 0.011218
2024-11-24T15:32:38.475333+08:00 - CRITICAL - Adaption Loss: 0.07671190798282623
2024-11-24T15:32:39.674466+08:00 - CRITICAL - 
Test set: Average loss: 1.3794, Accuracy: 5114/10000 (51%)

2024-11-24T15:32:40.780152+08:00 - CRITICAL - 
Test set: Average loss: 2.5408, Accuracy: 1982/10000 (20%)

2024-11-24T15:32:46.999094+08:00 - CRITICAL - Adaption Loss: 0.07043543457984924
2024-11-24T15:32:47.068401+08:00 - CRITICAL - Train Iteration: [1920/30000 (6%)]	   Pseudo_AttackLoss: 0.020380   Pseudo_target_mseloss: 0.815862     Vanila_D_Loss: -17.743210    D_Loss: -17.268656     Dis_Pseudo_Loss: -1.029266     Dis_target_Loss: -16.713943   Target_AttackLoss: 0.010709
2024-11-24T15:32:53.745160+08:00 - CRITICAL - Adaption Loss: 0.0755879282951355
2024-11-24T15:32:58.359956+08:00 - CRITICAL - 
Test set: Average loss: 1.3822, Accuracy: 4981/10000 (50%)

2024-11-24T15:32:59.421807+08:00 - CRITICAL - 
Test set: Average loss: 2.4288, Accuracy: 2109/10000 (21%)

2024-11-24T15:33:02.902224+08:00 - CRITICAL - Adaption Loss: 0.07412631809711456
2024-11-24T15:33:02.971577+08:00 - CRITICAL - Train Iteration: [1960/30000 (7%)]	   Pseudo_AttackLoss: 0.019598   Pseudo_target_mseloss: 0.885741     Vanila_D_Loss: -19.845545    D_Loss: -19.261530     Dis_Pseudo_Loss: -2.828452     Dis_target_Loss: -17.017094   Target_AttackLoss: 0.010203
2024-11-24T15:33:09.575152+08:00 - CRITICAL - Adaption Loss: 0.06034509837627411
2024-11-24T15:33:16.375765+08:00 - CRITICAL - Adaption Loss: 0.0744236409664154
2024-11-24T15:33:16.446086+08:00 - CRITICAL - Train Iteration: [2000/30000 (7%)]	   Pseudo_AttackLoss: 0.018313   Pseudo_target_mseloss: 0.868322     Vanila_D_Loss: -17.791826    D_Loss: -16.963848     Dis_Pseudo_Loss: -4.886647     Dis_target_Loss: -12.905179   Target_AttackLoss: 0.016958
2024-11-24T15:33:17.572590+08:00 - CRITICAL - 
Test set: Average loss: 1.3394, Accuracy: 5160/10000 (52%)

2024-11-24T15:33:18.643478+08:00 - CRITICAL - 
Test set: Average loss: 2.5245, Accuracy: 2073/10000 (21%)

2024-11-24T15:33:25.363652+08:00 - CRITICAL - Adaption Loss: 0.0823989063501358
2024-11-24T15:33:30.989023+08:00 - CRITICAL - Adaption Loss: 0.05868719145655632
2024-11-24T15:33:31.055525+08:00 - CRITICAL - Train Iteration: [2040/30000 (7%)]	   Pseudo_AttackLoss: 0.019671   Pseudo_target_mseloss: 0.824361     Vanila_D_Loss: -19.852020    D_Loss: -19.139143     Dis_Pseudo_Loss: -9.820585     Dis_target_Loss: -10.031434   Target_AttackLoss: 0.011031
2024-11-24T15:33:35.064858+08:00 - CRITICAL - 
Test set: Average loss: 1.3439, Accuracy: 5192/10000 (52%)

2024-11-24T15:33:36.170391+08:00 - CRITICAL - 
Test set: Average loss: 2.5560, Accuracy: 2075/10000 (21%)

2024-11-24T15:33:39.326620+08:00 - CRITICAL - Adaption Loss: 0.07232540845870972
2024-11-24T15:33:46.046169+08:00 - CRITICAL - Adaption Loss: 0.08019490540027618
2024-11-24T15:33:46.115350+08:00 - CRITICAL - Train Iteration: [2080/30000 (7%)]	   Pseudo_AttackLoss: 0.019121   Pseudo_target_mseloss: 0.809595     Vanila_D_Loss: -18.826523    D_Loss: -18.186409     Dis_Pseudo_Loss: -0.928161     Dis_target_Loss: -17.898361   Target_AttackLoss: 0.011700
2024-11-24T15:33:52.758507+08:00 - CRITICAL - Adaption Loss: 0.06256461143493652
2024-11-24T15:33:53.934019+08:00 - CRITICAL - 
Test set: Average loss: 1.3547, Accuracy: 5200/10000 (52%)

2024-11-24T15:33:55.038911+08:00 - CRITICAL - 
Test set: Average loss: 2.6612, Accuracy: 1956/10000 (20%)

2024-11-24T15:34:00.724176+08:00 - CRITICAL - Adaption Loss: 0.06336887180805206
2024-11-24T15:34:00.779527+08:00 - CRITICAL - Train Iteration: [2120/30000 (7%)]	   Pseudo_AttackLoss: 0.024591   Pseudo_target_mseloss: 0.849566     Vanila_D_Loss: -18.291698    D_Loss: -17.824787     Dis_Pseudo_Loss: -2.207844     Dis_target_Loss: -16.083855   Target_AttackLoss: 0.013076
2024-11-24T15:34:06.267215+08:00 - CRITICAL - Adaption Loss: 0.061682019382715225
2024-11-24T15:34:10.270824+08:00 - CRITICAL - 
Test set: Average loss: 1.3083, Accuracy: 5282/10000 (53%)

2024-11-24T15:34:11.391340+08:00 - CRITICAL - 
Test set: Average loss: 2.6999, Accuracy: 1753/10000 (18%)

2024-11-24T15:34:14.181763+08:00 - CRITICAL - Adaption Loss: 0.07392480969429016
2024-11-24T15:34:14.250804+08:00 - CRITICAL - Train Iteration: [2160/30000 (7%)]	   Pseudo_AttackLoss: 0.017991   Pseudo_target_mseloss: 0.851172     Vanila_D_Loss: -18.159412    D_Loss: -17.105129     Dis_Pseudo_Loss: -0.208226     Dis_target_Loss: -17.951185   Target_AttackLoss: 0.011213
2024-11-24T15:34:19.702896+08:00 - CRITICAL - Adaption Loss: 0.0610378198325634
2024-11-24T15:34:26.277240+08:00 - CRITICAL - Adaption Loss: 0.06131758168339729
2024-11-24T15:34:26.344744+08:00 - CRITICAL - Train Iteration: [2200/30000 (7%)]	   Pseudo_AttackLoss: 0.018427   Pseudo_target_mseloss: 0.850519     Vanila_D_Loss: -18.008911    D_Loss: -16.714003     Dis_Pseudo_Loss: -4.854948     Dis_target_Loss: -13.153963   Target_AttackLoss: 0.012805
2024-11-24T15:34:27.426899+08:00 - CRITICAL - 
Test set: Average loss: 1.3201, Accuracy: 5247/10000 (52%)

2024-11-24T15:34:28.520053+08:00 - CRITICAL - 
Test set: Average loss: 2.3410, Accuracy: 2375/10000 (24%)

2024-11-24T15:34:34.113532+08:00 - CRITICAL - Adaption Loss: 0.09239651262760162
2024-11-24T15:34:39.791090+08:00 - CRITICAL - Adaption Loss: 0.060873012989759445
2024-11-24T15:34:39.859690+08:00 - CRITICAL - Train Iteration: [2240/30000 (7%)]	   Pseudo_AttackLoss: 0.018247   Pseudo_target_mseloss: 0.932174     Vanila_D_Loss: -17.560068    D_Loss: -17.032972     Dis_Pseudo_Loss: -0.779634     Dis_target_Loss: -16.780434   Target_AttackLoss: 0.010832
2024-11-24T15:34:43.807831+08:00 - CRITICAL - 
Test set: Average loss: 1.3015, Accuracy: 5350/10000 (54%)

2024-11-24T15:34:44.915980+08:00 - CRITICAL - 
Test set: Average loss: 2.4400, Accuracy: 2079/10000 (21%)

2024-11-24T15:34:47.631322+08:00 - CRITICAL - Adaption Loss: 0.07482527196407318
2024-11-24T15:34:53.321341+08:00 - CRITICAL - Adaption Loss: 0.05955471470952034
2024-11-24T15:34:53.376726+08:00 - CRITICAL - Train Iteration: [2280/30000 (8%)]	   Pseudo_AttackLoss: 0.021108   Pseudo_target_mseloss: 0.793782     Vanila_D_Loss: -18.733799    D_Loss: -17.835316     Dis_Pseudo_Loss: 8.285354     Dis_target_Loss: -27.019152   Target_AttackLoss: 0.014361
2024-11-24T15:34:58.929381+08:00 - CRITICAL - Adaption Loss: 0.0621500127017498
2024-11-24T15:35:00.034955+08:00 - CRITICAL - 
Test set: Average loss: 1.2898, Accuracy: 5459/10000 (55%)

2024-11-24T15:35:01.107604+08:00 - CRITICAL - 
Test set: Average loss: 2.2427, Accuracy: 2505/10000 (25%)

2024-11-24T15:35:06.685848+08:00 - CRITICAL - Adaption Loss: 0.05964713171124458
2024-11-24T15:35:06.752657+08:00 - CRITICAL - Train Iteration: [2320/30000 (8%)]	   Pseudo_AttackLoss: 0.019888   Pseudo_target_mseloss: 0.788495     Vanila_D_Loss: -17.760487    D_Loss: -17.240711     Dis_Pseudo_Loss: -2.981361     Dis_target_Loss: -14.779124   Target_AttackLoss: 0.010289
2024-11-24T15:35:12.306310+08:00 - CRITICAL - Adaption Loss: 0.06347659230232239
2024-11-24T15:35:16.617037+08:00 - CRITICAL - 
Test set: Average loss: 1.2936, Accuracy: 5427/10000 (54%)

2024-11-24T15:35:17.716964+08:00 - CRITICAL - 
Test set: Average loss: 2.3311, Accuracy: 2465/10000 (25%)

2024-11-24T15:35:20.480440+08:00 - CRITICAL - Adaption Loss: 0.06278009712696075
2024-11-24T15:35:20.547175+08:00 - CRITICAL - Train Iteration: [2360/30000 (8%)]	   Pseudo_AttackLoss: 0.018974   Pseudo_target_mseloss: 0.791440     Vanila_D_Loss: -14.976768    D_Loss: -14.553279     Dis_Pseudo_Loss: -5.621230     Dis_target_Loss: -9.355539   Target_AttackLoss: 0.011655
2024-11-24T15:35:26.207392+08:00 - CRITICAL - Adaption Loss: 0.05769024044275284
2024-11-24T15:35:31.945270+08:00 - CRITICAL - Adaption Loss: 0.054975222796201706
2024-11-24T15:35:32.012908+08:00 - CRITICAL - Train Iteration: [2400/30000 (8%)]	   Pseudo_AttackLoss: 0.020211   Pseudo_target_mseloss: 0.938347     Vanila_D_Loss: -17.674786    D_Loss: -17.266451     Dis_Pseudo_Loss: -0.354275     Dis_target_Loss: -17.320511   Target_AttackLoss: 0.010850
2024-11-24T15:35:33.114505+08:00 - CRITICAL - 
Test set: Average loss: 1.2999, Accuracy: 5406/10000 (54%)

2024-11-24T15:35:34.224650+08:00 - CRITICAL - 
Test set: Average loss: 2.3919, Accuracy: 2408/10000 (24%)

