2024-11-26T01:24:36.741628+08:00 - INFO - >>>>>>>>>>>>>>Running settings>>>>>>>>>>>>>>
2024-11-26T01:24:36.741795+08:00 - INFO - iteration: 2500
2024-11-26T01:24:36.741868+08:00 - INFO - lr: 0.0001
2024-11-26T01:24:36.741948+08:00 - INFO - server_pseudo_lr: 0.0001
2024-11-26T01:24:36.742013+08:00 - INFO - dlr: 0.0003
2024-11-26T01:24:36.742078+08:00 - INFO - print_freq: 40
2024-11-26T01:24:36.742139+08:00 - INFO - save_path: attack_model.pth
2024-11-26T01:24:36.742201+08:00 - INFO - gid: 0
2024-11-26T01:24:36.742261+08:00 - INFO - layer_id: 2
2024-11-26T01:24:36.742322+08:00 - INFO - a: 0.8
2024-11-26T01:24:36.742385+08:00 - INFO - batch_size: 64
2024-11-26T01:24:36.742451+08:00 - INFO - dataset: cifar10
2024-11-26T01:24:36.742519+08:00 - INFO - dataset_num: 5500
2024-11-26T01:24:36.742579+08:00 - INFO - coral: True
2024-11-26T01:24:36.742640+08:00 - INFO - mkkd: False
2024-11-26T01:24:36.742701+08:00 - INFO - >>>>>>>>>>>>>>>>>>>>>>>>>>>>>>


2024-11-26T01:24:38.571977+08:00 - INFO - DataSet:cifar10
2024-11-26T01:24:38.572296+08:00 - INFO - Train Dataset:50000
2024-11-26T01:24:38.572431+08:00 - INFO - Test Dataset:10000
2024-11-26T01:24:49.311594+08:00 - CRITICAL - Adaption Loss: 0.12972477078437805
2024-11-26T01:24:59.995925+08:00 - CRITICAL - Adaption Loss: 0.13349178433418274
2024-11-26T01:25:00.573246+08:00 - CRITICAL - Train Iteration: [40/2500 (2%)]	   Pseudo_AttackLoss: 0.072008   Pseudo_target_mseloss: 0.824375     Vanila_D_Loss: -2.147329    D_Loss: 1.295207     Dis_Pseudo_Loss: -4.482160     Dis_target_Loss: 2.334831   Target_AttackLoss: 0.041335
2024-11-26T01:25:07.943029+08:00 - CRITICAL - 
Test set: Average loss: 2.2647, Accuracy: 1525/10000 (15%)

2024-11-26T01:25:09.960776+08:00 - CRITICAL - 
Test set: Average loss: 2.4103, Accuracy: 1102/10000 (11%)

2024-11-26T01:25:14.579043+08:00 - CRITICAL - Adaption Loss: 0.11063908785581589
2024-11-26T01:25:24.692008+08:00 - CRITICAL - Adaption Loss: 0.11253301799297333
2024-11-26T01:25:25.004224+08:00 - CRITICAL - Train Iteration: [80/2500 (3%)]	   Pseudo_AttackLoss: 0.066226   Pseudo_target_mseloss: 0.696481     Vanila_D_Loss: -14.470344    D_Loss: -13.654196     Dis_Pseudo_Loss: -20.992176     Dis_target_Loss: 6.521832   Target_AttackLoss: 0.031346
2024-11-26T01:25:35.239934+08:00 - CRITICAL - Adaption Loss: 0.12089355289936066
2024-11-26T01:25:37.538438+08:00 - CRITICAL - 
Test set: Average loss: 2.0721, Accuracy: 2313/10000 (23%)

2024-11-26T01:25:39.617848+08:00 - CRITICAL - 
Test set: Average loss: 2.5449, Accuracy: 1202/10000 (12%)

2024-11-26T01:25:47.798141+08:00 - CRITICAL - Adaption Loss: 0.10053323954343796
2024-11-26T01:25:48.058233+08:00 - CRITICAL - Train Iteration: [120/2500 (5%)]	   Pseudo_AttackLoss: 0.043671   Pseudo_target_mseloss: 0.562795     Vanila_D_Loss: -13.955738    D_Loss: -8.811233     Dis_Pseudo_Loss: -10.048525     Dis_target_Loss: -3.907214   Target_AttackLoss: 0.025468
2024-11-26T01:25:58.805918+08:00 - CRITICAL - Adaption Loss: 0.10546024888753891
2024-11-26T01:26:05.507212+08:00 - CRITICAL - 
Test set: Average loss: 1.9675, Accuracy: 2721/10000 (27%)

2024-11-26T01:26:07.359621+08:00 - CRITICAL - 
Test set: Average loss: 2.2875, Accuracy: 1522/10000 (15%)

2024-11-26T01:26:11.217439+08:00 - CRITICAL - Adaption Loss: 0.10237490385770798
2024-11-26T01:26:11.500053+08:00 - CRITICAL - Train Iteration: [160/2500 (6%)]	   Pseudo_AttackLoss: 0.061083   Pseudo_target_mseloss: 0.553412     Vanila_D_Loss: -18.826012    D_Loss: -18.251331     Dis_Pseudo_Loss: -23.126858     Dis_target_Loss: 4.300846   Target_AttackLoss: 0.031132
2024-11-26T01:26:21.497324+08:00 - CRITICAL - Adaption Loss: 0.1261974275112152
2024-11-26T01:26:31.172083+08:00 - CRITICAL - Adaption Loss: 0.12146108597517014
2024-11-26T01:26:31.456469+08:00 - CRITICAL - Train Iteration: [200/2500 (8%)]	   Pseudo_AttackLoss: 0.050007   Pseudo_target_mseloss: 0.464057     Vanila_D_Loss: -12.326595    D_Loss: -1.958110     Dis_Pseudo_Loss: -34.835442     Dis_target_Loss: 22.508846   Target_AttackLoss: 0.024832
2024-11-26T01:26:33.502202+08:00 - CRITICAL - 
Test set: Average loss: 1.9432, Accuracy: 2984/10000 (30%)

2024-11-26T01:26:35.496785+08:00 - CRITICAL - 
Test set: Average loss: 2.4971, Accuracy: 1544/10000 (15%)

2024-11-26T01:26:44.283702+08:00 - CRITICAL - Adaption Loss: 0.08904164284467697
2024-11-26T01:26:55.893490+08:00 - CRITICAL - Adaption Loss: 0.09000585973262787
2024-11-26T01:26:56.188006+08:00 - CRITICAL - Train Iteration: [240/2500 (10%)]	   Pseudo_AttackLoss: 0.039377   Pseudo_target_mseloss: 0.521082     Vanila_D_Loss: -14.312198    D_Loss: -12.534057     Dis_Pseudo_Loss: -29.398758     Dis_target_Loss: 15.086560   Target_AttackLoss: 0.020575
2024-11-26T01:27:02.332558+08:00 - CRITICAL - 
Test set: Average loss: 1.8255, Accuracy: 3120/10000 (31%)

2024-11-26T01:27:04.380912+08:00 - CRITICAL - 
Test set: Average loss: 2.7176, Accuracy: 1412/10000 (14%)

2024-11-26T01:27:08.433946+08:00 - CRITICAL - Adaption Loss: 0.09422978013753891
2024-11-26T01:27:18.645112+08:00 - CRITICAL - Adaption Loss: 0.08311127871274948
2024-11-26T01:27:18.898898+08:00 - CRITICAL - Train Iteration: [280/2500 (11%)]	   Pseudo_AttackLoss: 0.038379   Pseudo_target_mseloss: 0.649552     Vanila_D_Loss: -15.759480    D_Loss: -15.324401     Dis_Pseudo_Loss: -26.557411     Dis_target_Loss: 10.797931   Target_AttackLoss: 0.021541
2024-11-26T01:27:28.502273+08:00 - CRITICAL - Adaption Loss: 0.0936875194311142
2024-11-26T01:27:30.752854+08:00 - CRITICAL - 
Test set: Average loss: 1.8134, Accuracy: 3168/10000 (32%)

2024-11-26T01:27:32.830614+08:00 - CRITICAL - 
Test set: Average loss: 2.4225, Accuracy: 1703/10000 (17%)

2024-11-26T01:27:42.117598+08:00 - CRITICAL - Adaption Loss: 0.11203447729349136
2024-11-26T01:27:42.534058+08:00 - CRITICAL - Train Iteration: [320/2500 (13%)]	   Pseudo_AttackLoss: 0.042973   Pseudo_target_mseloss: 0.644460     Vanila_D_Loss: -18.276945    D_Loss: -17.640223     Dis_Pseudo_Loss: -24.954708     Dis_target_Loss: 6.677763   Target_AttackLoss: 0.020484
2024-11-26T01:27:52.564327+08:00 - CRITICAL - Adaption Loss: 0.09668371826410294
2024-11-26T01:27:59.498224+08:00 - CRITICAL - 
Test set: Average loss: 1.7710, Accuracy: 3382/10000 (34%)

2024-11-26T01:28:01.578096+08:00 - CRITICAL - 
Test set: Average loss: 2.5081, Accuracy: 1489/10000 (15%)

2024-11-26T01:28:05.715503+08:00 - CRITICAL - Adaption Loss: 0.11008621007204056
2024-11-26T01:28:05.976616+08:00 - CRITICAL - Train Iteration: [360/2500 (14%)]	   Pseudo_AttackLoss: 0.045797   Pseudo_target_mseloss: 0.828537     Vanila_D_Loss: -17.773342    D_Loss: -17.174812     Dis_Pseudo_Loss: -17.082481     Dis_target_Loss: -0.690861   Target_AttackLoss: 0.021158
2024-11-26T01:28:15.843313+08:00 - CRITICAL - Adaption Loss: 0.12096662074327469
2024-11-26T01:28:26.157597+08:00 - CRITICAL - Adaption Loss: 0.11885251104831696
2024-11-26T01:28:26.409621+08:00 - CRITICAL - Train Iteration: [400/2500 (16%)]	   Pseudo_AttackLoss: 0.034427   Pseudo_target_mseloss: 0.723179     Vanila_D_Loss: -17.337860    D_Loss: -15.453287     Dis_Pseudo_Loss: -37.722317     Dis_target_Loss: 20.384457   Target_AttackLoss: 0.015841
2024-11-26T01:28:28.365902+08:00 - CRITICAL - 
Test set: Average loss: 1.7467, Accuracy: 3581/10000 (36%)

2024-11-26T01:28:30.438014+08:00 - CRITICAL - 
Test set: Average loss: 2.4746, Accuracy: 1464/10000 (15%)

2024-11-26T01:28:40.022713+08:00 - CRITICAL - Adaption Loss: 0.13804660737514496
2024-11-26T01:28:50.102085+08:00 - CRITICAL - Adaption Loss: 0.11365015059709549
2024-11-26T01:28:50.391410+08:00 - CRITICAL - Train Iteration: [440/2500 (18%)]	   Pseudo_AttackLoss: 0.051413   Pseudo_target_mseloss: 0.561792     Vanila_D_Loss: -14.790903    D_Loss: -13.569072     Dis_Pseudo_Loss: -33.460922     Dis_target_Loss: 18.670019   Target_AttackLoss: 0.015564
2024-11-26T01:28:56.718789+08:00 - CRITICAL - 
Test set: Average loss: 1.6898, Accuracy: 3724/10000 (37%)

2024-11-26T01:28:58.686506+08:00 - CRITICAL - 
Test set: Average loss: 2.5763, Accuracy: 1585/10000 (16%)

2024-11-26T01:29:03.254590+08:00 - CRITICAL - Adaption Loss: 0.14014047384262085
2024-11-26T01:29:12.655935+08:00 - CRITICAL - Adaption Loss: 0.09300284087657928
2024-11-26T01:29:13.103540+08:00 - CRITICAL - Train Iteration: [480/2500 (19%)]	   Pseudo_AttackLoss: 0.039969   Pseudo_target_mseloss: 0.471209     Vanila_D_Loss: -14.782772    D_Loss: -13.638098     Dis_Pseudo_Loss: -33.003242     Dis_target_Loss: 18.220470   Target_AttackLoss: 0.017655
2024-11-26T01:29:22.934157+08:00 - CRITICAL - Adaption Loss: 0.09156128019094467
2024-11-26T01:29:25.185681+08:00 - CRITICAL - 
Test set: Average loss: 1.6825, Accuracy: 3757/10000 (38%)

2024-11-26T01:29:27.129721+08:00 - CRITICAL - 
Test set: Average loss: 2.5294, Accuracy: 1732/10000 (17%)

2024-11-26T01:29:36.529071+08:00 - CRITICAL - Adaption Loss: 0.11873175203800201
2024-11-26T01:29:36.818116+08:00 - CRITICAL - Train Iteration: [520/2500 (21%)]	   Pseudo_AttackLoss: 0.046745   Pseudo_target_mseloss: 0.563761     Vanila_D_Loss: -15.173431    D_Loss: -11.212690     Dis_Pseudo_Loss: -43.104237     Dis_target_Loss: 27.930805   Target_AttackLoss: 0.017286
2024-11-26T01:29:46.903205+08:00 - CRITICAL - Adaption Loss: 0.13286928832530975
2024-11-26T01:29:53.496580+08:00 - CRITICAL - 
Test set: Average loss: 1.6368, Accuracy: 4030/10000 (40%)

2024-11-26T01:29:55.585065+08:00 - CRITICAL - 
Test set: Average loss: 2.5416, Accuracy: 1694/10000 (17%)

2024-11-26T01:30:00.301311+08:00 - CRITICAL - Adaption Loss: 0.10176786035299301
2024-11-26T01:30:00.652946+08:00 - CRITICAL - Train Iteration: [560/2500 (22%)]	   Pseudo_AttackLoss: 0.048616   Pseudo_target_mseloss: 0.597329     Vanila_D_Loss: -15.523702    D_Loss: -14.526951     Dis_Pseudo_Loss: -27.324650     Dis_target_Loss: 11.800948   Target_AttackLoss: 0.017000
2024-11-26T01:30:09.111186+08:00 - CRITICAL - Adaption Loss: 0.11413086950778961
2024-11-26T01:30:18.672889+08:00 - CRITICAL - Adaption Loss: 0.12005270272493362
2024-11-26T01:30:18.959504+08:00 - CRITICAL - Train Iteration: [600/2500 (24%)]	   Pseudo_AttackLoss: 0.036666   Pseudo_target_mseloss: 0.706746     Vanila_D_Loss: -19.447884    D_Loss: -18.335939     Dis_Pseudo_Loss: -21.650408     Dis_target_Loss: 2.202525   Target_AttackLoss: 0.016893
2024-11-26T01:30:20.937934+08:00 - CRITICAL - 
Test set: Average loss: 1.6236, Accuracy: 4069/10000 (41%)

2024-11-26T01:30:23.006329+08:00 - CRITICAL - 
Test set: Average loss: 2.5900, Accuracy: 1593/10000 (16%)

2024-11-26T01:30:31.352365+08:00 - CRITICAL - Adaption Loss: 0.12125018239021301
2024-11-26T01:30:39.892916+08:00 - CRITICAL - Adaption Loss: 0.16511781513690948
2024-11-26T01:30:40.183502+08:00 - CRITICAL - Train Iteration: [640/2500 (26%)]	   Pseudo_AttackLoss: 0.037318   Pseudo_target_mseloss: 0.572788     Vanila_D_Loss: -17.533159    D_Loss: -14.975775     Dis_Pseudo_Loss: -8.444712     Dis_target_Loss: -9.088448   Target_AttackLoss: 0.014115
2024-11-26T01:30:46.938824+08:00 - CRITICAL - 
Test set: Average loss: 1.5985, Accuracy: 4092/10000 (41%)

2024-11-26T01:30:48.887774+08:00 - CRITICAL - 
Test set: Average loss: 2.8310, Accuracy: 1459/10000 (15%)

2024-11-26T01:30:53.194008+08:00 - CRITICAL - Adaption Loss: 0.12237991392612457
2024-11-26T01:31:02.405043+08:00 - CRITICAL - Adaption Loss: 0.1006254181265831
2024-11-26T01:31:02.690984+08:00 - CRITICAL - Train Iteration: [680/2500 (27%)]	   Pseudo_AttackLoss: 0.038452   Pseudo_target_mseloss: 0.627113     Vanila_D_Loss: -17.516144    D_Loss: -17.073410     Dis_Pseudo_Loss: -11.850604     Dis_target_Loss: -5.665539   Target_AttackLoss: 0.027346
2024-11-26T01:31:12.039038+08:00 - CRITICAL - Adaption Loss: 0.11141093820333481
2024-11-26T01:31:14.265855+08:00 - CRITICAL - 
Test set: Average loss: 1.5856, Accuracy: 4090/10000 (41%)

2024-11-26T01:31:16.353325+08:00 - CRITICAL - 
Test set: Average loss: 2.5798, Accuracy: 1821/10000 (18%)

2024-11-26T01:31:25.638043+08:00 - CRITICAL - Adaption Loss: 0.09077179431915283
2024-11-26T01:31:25.912406+08:00 - CRITICAL - Train Iteration: [720/2500 (29%)]	   Pseudo_AttackLoss: 0.036940   Pseudo_target_mseloss: 0.815463     Vanila_D_Loss: -19.221169    D_Loss: -18.880966     Dis_Pseudo_Loss: -22.940460     Dis_target_Loss: 3.719292   Target_AttackLoss: 0.015064
2024-11-26T01:31:34.462074+08:00 - CRITICAL - Adaption Loss: 0.11745859682559967
2024-11-26T01:31:41.118284+08:00 - CRITICAL - 
Test set: Average loss: 1.5845, Accuracy: 4266/10000 (43%)

2024-11-26T01:31:43.305736+08:00 - CRITICAL - 
Test set: Average loss: 2.5006, Accuracy: 1709/10000 (17%)

2024-11-26T01:31:47.599413+08:00 - CRITICAL - Adaption Loss: 0.0884973481297493
2024-11-26T01:31:47.868231+08:00 - CRITICAL - Train Iteration: [760/2500 (30%)]	   Pseudo_AttackLoss: 0.047972   Pseudo_target_mseloss: 0.901454     Vanila_D_Loss: -11.889919    D_Loss: 57.695881     Dis_Pseudo_Loss: 7.188439     Dis_target_Loss: -19.078358   Target_AttackLoss: 0.017823
2024-11-26T01:31:56.614325+08:00 - CRITICAL - Adaption Loss: 0.10828668624162674
2024-11-26T01:32:05.782581+08:00 - CRITICAL - Adaption Loss: 0.10865344107151031
2024-11-26T01:32:06.041562+08:00 - CRITICAL - Train Iteration: [800/2500 (32%)]	   Pseudo_AttackLoss: 0.039359   Pseudo_target_mseloss: 0.851265     Vanila_D_Loss: -13.084075    D_Loss: -11.358923     Dis_Pseudo_Loss: -0.062738     Dis_target_Loss: -13.021338   Target_AttackLoss: 0.015093
2024-11-26T01:32:07.997310+08:00 - CRITICAL - 
Test set: Average loss: 1.5665, Accuracy: 4281/10000 (43%)

2024-11-26T01:32:10.588229+08:00 - CRITICAL - 
Test set: Average loss: 2.2527, Accuracy: 2260/10000 (23%)

2024-11-26T01:32:19.312638+08:00 - CRITICAL - Adaption Loss: 0.11394456028938293
2024-11-26T01:32:27.718661+08:00 - CRITICAL - Adaption Loss: 0.1152799129486084
2024-11-26T01:32:27.964401+08:00 - CRITICAL - Train Iteration: [840/2500 (34%)]	   Pseudo_AttackLoss: 0.033592   Pseudo_target_mseloss: 0.789713     Vanila_D_Loss: -16.657446    D_Loss: -13.665163     Dis_Pseudo_Loss: -6.350302     Dis_target_Loss: -10.307144   Target_AttackLoss: 0.012994
2024-11-26T01:32:34.317805+08:00 - CRITICAL - 
Test set: Average loss: 1.5503, Accuracy: 4380/10000 (44%)

2024-11-26T01:32:37.061357+08:00 - CRITICAL - 
Test set: Average loss: 2.2443, Accuracy: 2285/10000 (23%)

2024-11-26T01:32:41.525109+08:00 - CRITICAL - Adaption Loss: 0.16448713839054108
2024-11-26T01:32:49.888555+08:00 - CRITICAL - Adaption Loss: 0.10554724186658859
2024-11-26T01:32:50.120024+08:00 - CRITICAL - Train Iteration: [880/2500 (35%)]	   Pseudo_AttackLoss: 0.038003   Pseudo_target_mseloss: 0.724000     Vanila_D_Loss: -17.022221    D_Loss: -15.864510     Dis_Pseudo_Loss: -16.440365     Dis_target_Loss: -0.581856   Target_AttackLoss: 0.013763
2024-11-26T01:32:58.163456+08:00 - CRITICAL - Adaption Loss: 0.12009485065937042
2024-11-26T01:33:00.860943+08:00 - CRITICAL - 
Test set: Average loss: 1.5275, Accuracy: 4410/10000 (44%)

2024-11-26T01:33:03.465546+08:00 - CRITICAL - 
Test set: Average loss: 2.4436, Accuracy: 1957/10000 (20%)

2024-11-26T01:33:13.037976+08:00 - CRITICAL - Adaption Loss: 0.09790612012147903
2024-11-26T01:33:13.331604+08:00 - CRITICAL - Train Iteration: [920/2500 (37%)]	   Pseudo_AttackLoss: 0.029961   Pseudo_target_mseloss: 0.726820     Vanila_D_Loss: -14.893332    D_Loss: -14.394249     Dis_Pseudo_Loss: -16.671024     Dis_target_Loss: 1.777693   Target_AttackLoss: 0.014848
2024-11-26T01:33:22.450551+08:00 - CRITICAL - Adaption Loss: 0.08271244913339615
2024-11-26T01:33:30.470931+08:00 - CRITICAL - 
Test set: Average loss: 1.5348, Accuracy: 4369/10000 (44%)

2024-11-26T01:33:32.900250+08:00 - CRITICAL - 
Test set: Average loss: 2.2218, Accuracy: 2260/10000 (23%)

2024-11-26T01:33:36.831590+08:00 - CRITICAL - Adaption Loss: 0.11223919689655304
2024-11-26T01:33:37.089916+08:00 - CRITICAL - Train Iteration: [960/2500 (38%)]	   Pseudo_AttackLoss: 0.033466   Pseudo_target_mseloss: 0.778352     Vanila_D_Loss: -15.725413    D_Loss: -15.288890     Dis_Pseudo_Loss: -20.754852     Dis_target_Loss: 5.029439   Target_AttackLoss: 0.012828
2024-11-26T01:33:45.170689+08:00 - CRITICAL - Adaption Loss: 0.10542631149291992
2024-11-26T01:33:53.591958+08:00 - CRITICAL - Adaption Loss: 0.0896030068397522
2024-11-26T01:33:53.843956+08:00 - CRITICAL - Train Iteration: [1000/2500 (40%)]	   Pseudo_AttackLoss: 0.029746   Pseudo_target_mseloss: 0.802302     Vanila_D_Loss: -18.046667    D_Loss: -17.646446     Dis_Pseudo_Loss: -7.539541     Dis_target_Loss: -10.507126   Target_AttackLoss: 0.012019
2024-11-26T01:33:56.452926+08:00 - CRITICAL - 
Test set: Average loss: 1.5088, Accuracy: 4426/10000 (44%)

2024-11-26T01:33:59.355847+08:00 - CRITICAL - 
Test set: Average loss: 2.3762, Accuracy: 2069/10000 (21%)

2024-11-26T01:34:07.762106+08:00 - CRITICAL - Adaption Loss: 0.10321291536092758
2024-11-26T01:34:16.484906+08:00 - CRITICAL - Adaption Loss: 0.10252097994089127
2024-11-26T01:34:16.735095+08:00 - CRITICAL - Train Iteration: [1040/2500 (42%)]	   Pseudo_AttackLoss: 0.035669   Pseudo_target_mseloss: 0.720364     Vanila_D_Loss: -17.647564    D_Loss: -16.659939     Dis_Pseudo_Loss: -12.792534     Dis_target_Loss: -4.855031   Target_AttackLoss: 0.013194
2024-11-26T01:34:23.589330+08:00 - CRITICAL - 
Test set: Average loss: 1.5184, Accuracy: 4408/10000 (44%)

2024-11-26T01:34:26.669539+08:00 - CRITICAL - 
Test set: Average loss: 2.5547, Accuracy: 1721/10000 (17%)

2024-11-26T01:34:30.882433+08:00 - CRITICAL - Adaption Loss: 0.08645370602607727
2024-11-26T01:34:39.197189+08:00 - CRITICAL - Adaption Loss: 0.08888719975948334
2024-11-26T01:34:39.453131+08:00 - CRITICAL - Train Iteration: [1080/2500 (43%)]	   Pseudo_AttackLoss: 0.032754   Pseudo_target_mseloss: 0.673791     Vanila_D_Loss: -17.920792    D_Loss: -17.044180     Dis_Pseudo_Loss: -9.521179     Dis_target_Loss: -8.399611   Target_AttackLoss: 0.012364
2024-11-26T01:34:47.453573+08:00 - CRITICAL - Adaption Loss: 0.0811036005616188
2024-11-26T01:34:50.087331+08:00 - CRITICAL - 
Test set: Average loss: 1.4895, Accuracy: 4495/10000 (45%)

2024-11-26T01:34:52.769740+08:00 - CRITICAL - 
Test set: Average loss: 2.6448, Accuracy: 1623/10000 (16%)

2024-11-26T01:35:02.739672+08:00 - CRITICAL - Adaption Loss: 0.08108287304639816
2024-11-26T01:35:02.985976+08:00 - CRITICAL - Train Iteration: [1120/2500 (45%)]	   Pseudo_AttackLoss: 0.029960   Pseudo_target_mseloss: 0.752757     Vanila_D_Loss: -16.327051    D_Loss: -15.963347     Dis_Pseudo_Loss: -13.560323     Dis_target_Loss: -2.766728   Target_AttackLoss: 0.012608
2024-11-26T01:35:11.258466+08:00 - CRITICAL - Adaption Loss: 0.09872578829526901
2024-11-26T01:35:18.113118+08:00 - CRITICAL - 
Test set: Average loss: 1.5645, Accuracy: 4388/10000 (44%)

2024-11-26T01:35:20.953430+08:00 - CRITICAL - 
Test set: Average loss: 2.4364, Accuracy: 2001/10000 (20%)

2024-11-26T01:35:26.211099+08:00 - CRITICAL - Adaption Loss: 0.13132263720035553
2024-11-26T01:35:26.465557+08:00 - CRITICAL - Train Iteration: [1160/2500 (46%)]	   Pseudo_AttackLoss: 0.023333   Pseudo_target_mseloss: 0.732588     Vanila_D_Loss: -18.398663    D_Loss: -17.745674     Dis_Pseudo_Loss: -12.067539     Dis_target_Loss: -6.331123   Target_AttackLoss: 0.014698
2024-11-26T01:35:34.863100+08:00 - CRITICAL - Adaption Loss: 0.07778732478618622
2024-11-26T01:35:44.715665+08:00 - CRITICAL - Adaption Loss: 0.0825921818614006
2024-11-26T01:35:44.956460+08:00 - CRITICAL - Train Iteration: [1200/2500 (48%)]	   Pseudo_AttackLoss: 0.025038   Pseudo_target_mseloss: 0.754949     Vanila_D_Loss: -16.265610    D_Loss: -15.664506     Dis_Pseudo_Loss: -2.759618     Dis_target_Loss: -13.505993   Target_AttackLoss: 0.017403
2024-11-26T01:35:47.684608+08:00 - CRITICAL - 
Test set: Average loss: 1.4826, Accuracy: 4651/10000 (47%)

2024-11-26T01:35:49.762415+08:00 - CRITICAL - 
Test set: Average loss: 2.4118, Accuracy: 2208/10000 (22%)

2024-11-26T01:35:58.044121+08:00 - CRITICAL - Adaption Loss: 0.09308432042598724
2024-11-26T01:36:06.552335+08:00 - CRITICAL - Adaption Loss: 0.09444615989923477
2024-11-26T01:36:06.794916+08:00 - CRITICAL - Train Iteration: [1240/2500 (50%)]	   Pseudo_AttackLoss: 0.029175   Pseudo_target_mseloss: 0.544501     Vanila_D_Loss: -18.207846    D_Loss: -17.601685     Dis_Pseudo_Loss: -5.790560     Dis_target_Loss: -12.417286   Target_AttackLoss: 0.013273
2024-11-26T01:36:12.662132+08:00 - CRITICAL - 
Test set: Average loss: 1.4434, Accuracy: 4718/10000 (47%)

2024-11-26T01:36:15.058002+08:00 - CRITICAL - 
Test set: Average loss: 2.5245, Accuracy: 1930/10000 (19%)

2024-11-26T01:36:18.820758+08:00 - CRITICAL - Adaption Loss: 0.09652800858020782
2024-11-26T01:36:26.810294+08:00 - CRITICAL - Adaption Loss: 0.10166402161121368
2024-11-26T01:36:27.035259+08:00 - CRITICAL - Train Iteration: [1280/2500 (51%)]	   Pseudo_AttackLoss: 0.025634   Pseudo_target_mseloss: 0.681650     Vanila_D_Loss: -6.421717    D_Loss: 168.094482     Dis_Pseudo_Loss: -5.400727     Dis_target_Loss: -1.020990   Target_AttackLoss: 0.013963
2024-11-26T01:36:34.679385+08:00 - CRITICAL - Adaption Loss: 0.08618149161338806
2024-11-26T01:36:36.889183+08:00 - CRITICAL - 
Test set: Average loss: 1.5007, Accuracy: 4522/10000 (45%)

2024-11-26T01:36:38.983654+08:00 - CRITICAL - 
Test set: Average loss: 2.2936, Accuracy: 2190/10000 (22%)

2024-11-26T01:36:46.707405+08:00 - CRITICAL - Adaption Loss: 0.10243261605501175
2024-11-26T01:36:46.954446+08:00 - CRITICAL - Train Iteration: [1320/2500 (53%)]	   Pseudo_AttackLoss: 0.031453   Pseudo_target_mseloss: 0.786931     Vanila_D_Loss: -8.019084    D_Loss: -7.044482     Dis_Pseudo_Loss: -9.730588     Dis_target_Loss: 1.711504   Target_AttackLoss: 0.013211
2024-11-26T01:36:54.899788+08:00 - CRITICAL - Adaption Loss: 0.09142966568470001
2024-11-26T01:37:00.926157+08:00 - CRITICAL - 
Test set: Average loss: 1.4259, Accuracy: 4814/10000 (48%)

2024-11-26T01:37:02.962685+08:00 - CRITICAL - 
Test set: Average loss: 2.2019, Accuracy: 2529/10000 (25%)

2024-11-26T01:37:06.875481+08:00 - CRITICAL - Adaption Loss: 0.12986382842063904
2024-11-26T01:37:07.102377+08:00 - CRITICAL - Train Iteration: [1360/2500 (54%)]	   Pseudo_AttackLoss: 0.019795   Pseudo_target_mseloss: 0.690180     Vanila_D_Loss: -9.527431    D_Loss: -8.941638     Dis_Pseudo_Loss: -14.788568     Dis_target_Loss: 5.261136   Target_AttackLoss: 0.012044
2024-11-26T01:37:15.248365+08:00 - CRITICAL - Adaption Loss: 0.10754863172769547
2024-11-26T01:37:23.588986+08:00 - CRITICAL - Adaption Loss: 0.1016344204545021
2024-11-26T01:37:23.816170+08:00 - CRITICAL - Train Iteration: [1400/2500 (56%)]	   Pseudo_AttackLoss: 0.030730   Pseudo_target_mseloss: 0.788736     Vanila_D_Loss: -13.337465    D_Loss: -12.549094     Dis_Pseudo_Loss: -14.983635     Dis_target_Loss: 1.646170   Target_AttackLoss: 0.011767
2024-11-26T01:37:25.717701+08:00 - CRITICAL - 
Test set: Average loss: 1.4495, Accuracy: 4716/10000 (47%)

2024-11-26T01:37:27.413990+08:00 - CRITICAL - 
Test set: Average loss: 2.0818, Accuracy: 2563/10000 (26%)

2024-11-26T01:37:35.280017+08:00 - CRITICAL - Adaption Loss: 0.10044173896312714
2024-11-26T01:37:43.068037+08:00 - CRITICAL - Adaption Loss: 0.09152615070343018
2024-11-26T01:37:43.308484+08:00 - CRITICAL - Train Iteration: [1440/2500 (58%)]	   Pseudo_AttackLoss: 0.025918   Pseudo_target_mseloss: 0.832194     Vanila_D_Loss: -13.711917    D_Loss: -12.985587     Dis_Pseudo_Loss: -14.002468     Dis_target_Loss: 0.290552   Target_AttackLoss: 0.014159
2024-11-26T01:37:50.043308+08:00 - CRITICAL - 
Test set: Average loss: 1.4355, Accuracy: 4694/10000 (47%)

2024-11-26T01:37:51.467185+08:00 - CRITICAL - 
Test set: Average loss: 2.0595, Accuracy: 2685/10000 (27%)

2024-11-26T01:37:55.138324+08:00 - CRITICAL - Adaption Loss: 0.09034372121095657
2024-11-26T01:38:03.207380+08:00 - CRITICAL - Adaption Loss: 0.08382810652256012
2024-11-26T01:38:03.468288+08:00 - CRITICAL - Train Iteration: [1480/2500 (59%)]	   Pseudo_AttackLoss: 0.024599   Pseudo_target_mseloss: 0.864762     Vanila_D_Loss: -11.070265    D_Loss: -10.538790     Dis_Pseudo_Loss: -12.187107     Dis_target_Loss: 1.116842   Target_AttackLoss: 0.011363
2024-11-26T01:38:11.830453+08:00 - CRITICAL - Adaption Loss: 0.09033115953207016
2024-11-26T01:38:15.066505+08:00 - CRITICAL - 
Test set: Average loss: 1.3986, Accuracy: 4867/10000 (49%)

2024-11-26T01:38:17.341278+08:00 - CRITICAL - 
Test set: Average loss: 2.1877, Accuracy: 2308/10000 (23%)

2024-11-26T01:38:25.949451+08:00 - CRITICAL - Adaption Loss: 0.08206938952207565
2024-11-26T01:38:26.190402+08:00 - CRITICAL - Train Iteration: [1520/2500 (61%)]	   Pseudo_AttackLoss: 0.024629   Pseudo_target_mseloss: 0.930421     Vanila_D_Loss: -15.283215    D_Loss: -13.725052     Dis_Pseudo_Loss: -8.943422     Dis_target_Loss: -6.339792   Target_AttackLoss: 0.012620
2024-11-26T01:38:34.729961+08:00 - CRITICAL - Adaption Loss: 0.07940524816513062
2024-11-26T01:38:42.065209+08:00 - CRITICAL - 
Test set: Average loss: 1.4282, Accuracy: 4792/10000 (48%)

2024-11-26T01:38:44.756249+08:00 - CRITICAL - 
Test set: Average loss: 2.1316, Accuracy: 2405/10000 (24%)

2024-11-26T01:38:49.217116+08:00 - CRITICAL - Adaption Loss: 0.08390911668539047
2024-11-26T01:38:49.503366+08:00 - CRITICAL - Train Iteration: [1560/2500 (62%)]	   Pseudo_AttackLoss: 0.026695   Pseudo_target_mseloss: 0.766020     Vanila_D_Loss: -15.150028    D_Loss: -14.357839     Dis_Pseudo_Loss: -5.835342     Dis_target_Loss: -9.314686   Target_AttackLoss: 0.011957
2024-11-26T01:38:58.708524+08:00 - CRITICAL - Adaption Loss: 0.08149656653404236
2024-11-26T01:39:08.386112+08:00 - CRITICAL - Adaption Loss: 0.09006478637456894
2024-11-26T01:39:08.657938+08:00 - CRITICAL - Train Iteration: [1600/2500 (64%)]	   Pseudo_AttackLoss: 0.022131   Pseudo_target_mseloss: 0.690888     Vanila_D_Loss: -10.922906    D_Loss: -10.548518     Dis_Pseudo_Loss: -1.996309     Dis_target_Loss: -8.926597   Target_AttackLoss: 0.011821
2024-11-26T01:39:11.008092+08:00 - CRITICAL - 
Test set: Average loss: 1.4634, Accuracy: 4805/10000 (48%)

2024-11-26T01:39:13.412918+08:00 - CRITICAL - 
Test set: Average loss: 2.2208, Accuracy: 2468/10000 (25%)

2024-11-26T01:39:22.567595+08:00 - CRITICAL - Adaption Loss: 0.08965256065130234
2024-11-26T01:39:31.678919+08:00 - CRITICAL - Adaption Loss: 0.07886146754026413
2024-11-26T01:39:31.919218+08:00 - CRITICAL - Train Iteration: [1640/2500 (66%)]	   Pseudo_AttackLoss: 0.022234   Pseudo_target_mseloss: 0.677535     Vanila_D_Loss: -13.279827    D_Loss: -12.902359     Dis_Pseudo_Loss: -0.546156     Dis_target_Loss: -12.733671   Target_AttackLoss: 0.011156
2024-11-26T01:39:37.547222+08:00 - CRITICAL - 
Test set: Average loss: 1.3806, Accuracy: 4959/10000 (50%)

2024-11-26T01:39:39.091709+08:00 - CRITICAL - 
Test set: Average loss: 2.3970, Accuracy: 2121/10000 (21%)

2024-11-26T01:39:42.805831+08:00 - CRITICAL - Adaption Loss: 0.15520627796649933
2024-11-26T01:39:50.969144+08:00 - CRITICAL - Adaption Loss: 0.08089780807495117
2024-11-26T01:39:51.220983+08:00 - CRITICAL - Train Iteration: [1680/2500 (67%)]	   Pseudo_AttackLoss: 0.024309   Pseudo_target_mseloss: 0.774516     Vanila_D_Loss: -13.871284    D_Loss: -13.442601     Dis_Pseudo_Loss: -0.960928     Dis_target_Loss: -12.910356   Target_AttackLoss: 0.010103
2024-11-26T01:39:59.027832+08:00 - CRITICAL - Adaption Loss: 0.09295479953289032
2024-11-26T01:40:00.818129+08:00 - CRITICAL - 
Test set: Average loss: 1.3754, Accuracy: 4996/10000 (50%)

2024-11-26T01:40:02.493759+08:00 - CRITICAL - 
Test set: Average loss: 2.2450, Accuracy: 2321/10000 (23%)

2024-11-26T01:40:10.382388+08:00 - CRITICAL - Adaption Loss: 0.08474687486886978
2024-11-26T01:40:10.616926+08:00 - CRITICAL - Train Iteration: [1720/2500 (69%)]	   Pseudo_AttackLoss: 0.019683   Pseudo_target_mseloss: 0.833436     Vanila_D_Loss: -16.532850    D_Loss: -16.053810     Dis_Pseudo_Loss: -7.105694     Dis_target_Loss: -9.427155   Target_AttackLoss: 0.010254
2024-11-26T01:40:18.451920+08:00 - CRITICAL - Adaption Loss: 0.09059904515743256
2024-11-26T01:40:24.014724+08:00 - CRITICAL - 
Test set: Average loss: 1.3900, Accuracy: 4955/10000 (50%)

2024-11-26T01:40:25.456915+08:00 - CRITICAL - 
Test set: Average loss: 2.3371, Accuracy: 2347/10000 (23%)

2024-11-26T01:40:29.214800+08:00 - CRITICAL - Adaption Loss: 0.08080296963453293
2024-11-26T01:40:29.453844+08:00 - CRITICAL - Train Iteration: [1760/2500 (70%)]	   Pseudo_AttackLoss: 0.021872   Pseudo_target_mseloss: 0.889872     Vanila_D_Loss: -15.510214    D_Loss: -14.800151     Dis_Pseudo_Loss: -5.110179     Dis_target_Loss: -10.400034   Target_AttackLoss: 0.010586
2024-11-26T01:40:36.716617+08:00 - CRITICAL - Adaption Loss: 0.09961283951997757
2024-11-26T01:40:45.609347+08:00 - CRITICAL - Adaption Loss: 0.08843089640140533
2024-11-26T01:40:45.873116+08:00 - CRITICAL - Train Iteration: [1800/2500 (72%)]	   Pseudo_AttackLoss: 0.024418   Pseudo_target_mseloss: 0.775039     Vanila_D_Loss: -15.552185    D_Loss: -15.154803     Dis_Pseudo_Loss: -2.928351     Dis_target_Loss: -12.623834   Target_AttackLoss: 0.012141
2024-11-26T01:40:47.386272+08:00 - CRITICAL - 
Test set: Average loss: 1.3788, Accuracy: 4984/10000 (50%)

2024-11-26T01:40:49.066900+08:00 - CRITICAL - 
Test set: Average loss: 2.3302, Accuracy: 2307/10000 (23%)

2024-11-26T01:40:57.727906+08:00 - CRITICAL - Adaption Loss: 0.08856884390115738
2024-11-26T01:41:07.452762+08:00 - CRITICAL - Adaption Loss: 0.08507172763347626
2024-11-26T01:41:07.687882+08:00 - CRITICAL - Train Iteration: [1840/2500 (74%)]	   Pseudo_AttackLoss: 0.037572   Pseudo_target_mseloss: 0.668056     Vanila_D_Loss: -15.487661    D_Loss: -14.520020     Dis_Pseudo_Loss: -1.510187     Dis_target_Loss: -13.977475   Target_AttackLoss: 0.010996
2024-11-26T01:41:13.683453+08:00 - CRITICAL - 
Test set: Average loss: 1.3714, Accuracy: 4974/10000 (50%)

2024-11-26T01:41:15.414733+08:00 - CRITICAL - 
Test set: Average loss: 2.2941, Accuracy: 2366/10000 (24%)

2024-11-26T01:41:19.882899+08:00 - CRITICAL - Adaption Loss: 0.08892360329627991
2024-11-26T01:41:29.993304+08:00 - CRITICAL - Adaption Loss: 0.08839132636785507
2024-11-26T01:41:30.513639+08:00 - CRITICAL - Train Iteration: [1880/2500 (75%)]	   Pseudo_AttackLoss: 0.034506   Pseudo_target_mseloss: 0.659062     Vanila_D_Loss: -15.400856    D_Loss: -14.943740     Dis_Pseudo_Loss: -9.506679     Dis_target_Loss: -5.894177   Target_AttackLoss: 0.011779
2024-11-26T01:41:39.099253+08:00 - CRITICAL - Adaption Loss: 0.09249471873044968
2024-11-26T01:41:41.320306+08:00 - CRITICAL - 
Test set: Average loss: 1.3957, Accuracy: 5037/10000 (50%)

2024-11-26T01:41:43.320163+08:00 - CRITICAL - 
Test set: Average loss: 2.4561, Accuracy: 2137/10000 (21%)

2024-11-26T01:41:53.023660+08:00 - CRITICAL - Adaption Loss: 0.08729354292154312
2024-11-26T01:41:53.321413+08:00 - CRITICAL - Train Iteration: [1920/2500 (77%)]	   Pseudo_AttackLoss: 0.030715   Pseudo_target_mseloss: 0.810780     Vanila_D_Loss: -14.654135    D_Loss: -14.105658     Dis_Pseudo_Loss: -1.542364     Dis_target_Loss: -13.111771   Target_AttackLoss: 0.011545
2024-11-26T01:42:02.250340+08:00 - CRITICAL - Adaption Loss: 0.09229691326618195
2024-11-26T01:42:08.686913+08:00 - CRITICAL - 
Test set: Average loss: 1.3455, Accuracy: 5110/10000 (51%)

2024-11-26T01:42:10.778219+08:00 - CRITICAL - 
Test set: Average loss: 2.2685, Accuracy: 2392/10000 (24%)

2024-11-26T01:42:15.773916+08:00 - CRITICAL - Adaption Loss: 0.10256224125623703
2024-11-26T01:42:16.139546+08:00 - CRITICAL - Train Iteration: [1960/2500 (78%)]	   Pseudo_AttackLoss: 0.030305   Pseudo_target_mseloss: 0.688607     Vanila_D_Loss: -16.287949    D_Loss: -15.550970     Dis_Pseudo_Loss: -1.804065     Dis_target_Loss: -14.483883   Target_AttackLoss: 0.011708
2024-11-26T01:42:26.273320+08:00 - CRITICAL - Adaption Loss: 0.08668670803308487
2024-11-26T01:42:34.896927+08:00 - CRITICAL - Adaption Loss: 0.09802739322185516
2024-11-26T01:42:35.170153+08:00 - CRITICAL - Train Iteration: [2000/2500 (80%)]	   Pseudo_AttackLoss: 0.029185   Pseudo_target_mseloss: 0.611600     Vanila_D_Loss: -17.049751    D_Loss: -14.033920     Dis_Pseudo_Loss: 13.538319     Dis_target_Loss: -30.588070   Target_AttackLoss: 0.011796
2024-11-26T01:42:37.269908+08:00 - CRITICAL - 
Test set: Average loss: 1.3419, Accuracy: 5243/10000 (52%)

2024-11-26T01:42:39.292816+08:00 - CRITICAL - 
Test set: Average loss: 2.2494, Accuracy: 2467/10000 (25%)

2024-11-26T01:42:49.166552+08:00 - CRITICAL - Adaption Loss: 0.08399060368537903
2024-11-26T01:42:58.104820+08:00 - CRITICAL - Adaption Loss: 0.08423709124326706
2024-11-26T01:42:58.405242+08:00 - CRITICAL - Train Iteration: [2040/2500 (82%)]	   Pseudo_AttackLoss: 0.030082   Pseudo_target_mseloss: 0.723860     Vanila_D_Loss: -15.400669    D_Loss: -14.725719     Dis_Pseudo_Loss: -1.793349     Dis_target_Loss: -13.607321   Target_AttackLoss: 0.013377
2024-11-26T01:43:04.844409+08:00 - CRITICAL - 
Test set: Average loss: 1.3594, Accuracy: 5057/10000 (51%)

2024-11-26T01:43:06.833131+08:00 - CRITICAL - 
Test set: Average loss: 2.3178, Accuracy: 2397/10000 (24%)

2024-11-26T01:43:11.003575+08:00 - CRITICAL - Adaption Loss: 0.08289182931184769
2024-11-26T01:43:21.519884+08:00 - CRITICAL - Adaption Loss: 0.080942802131176
2024-11-26T01:43:21.843874+08:00 - CRITICAL - Train Iteration: [2080/2500 (83%)]	   Pseudo_AttackLoss: 0.029164   Pseudo_target_mseloss: 0.748785     Vanila_D_Loss: -14.705654    D_Loss: -13.953861     Dis_Pseudo_Loss: -3.131930     Dis_target_Loss: -11.573724   Target_AttackLoss: 0.010419
2024-11-26T01:43:30.526474+08:00 - CRITICAL - Adaption Loss: 0.080156110227108
2024-11-26T01:43:32.771310+08:00 - CRITICAL - 
Test set: Average loss: 1.3336, Accuracy: 5212/10000 (52%)

2024-11-26T01:43:34.815530+08:00 - CRITICAL - 
Test set: Average loss: 2.2085, Accuracy: 2575/10000 (26%)

2024-11-26T01:43:44.554257+08:00 - CRITICAL - Adaption Loss: 0.08453782647848129
2024-11-26T01:43:44.836637+08:00 - CRITICAL - Train Iteration: [2120/2500 (85%)]	   Pseudo_AttackLoss: 0.025782   Pseudo_target_mseloss: 0.743096     Vanila_D_Loss: -15.068708    D_Loss: -14.562388     Dis_Pseudo_Loss: -7.847309     Dis_target_Loss: -7.221399   Target_AttackLoss: 0.010238
2024-11-26T01:43:53.719687+08:00 - CRITICAL - Adaption Loss: 0.07396189123392105
2024-11-26T01:44:00.374298+08:00 - CRITICAL - 
Test set: Average loss: 1.3449, Accuracy: 5153/10000 (52%)

2024-11-26T01:44:02.316666+08:00 - CRITICAL - 
Test set: Average loss: 2.0640, Accuracy: 2862/10000 (29%)

2024-11-26T01:44:07.307405+08:00 - CRITICAL - Adaption Loss: 0.08198891580104828
2024-11-26T01:44:07.794250+08:00 - CRITICAL - Train Iteration: [2160/2500 (86%)]	   Pseudo_AttackLoss: 0.020010   Pseudo_target_mseloss: 0.840877     Vanila_D_Loss: -18.187965    D_Loss: -17.520164     Dis_Pseudo_Loss: 1.120965     Dis_target_Loss: -19.308929   Target_AttackLoss: 0.012762
2024-11-26T01:44:18.189811+08:00 - CRITICAL - Adaption Loss: 0.09248486906290054
2024-11-26T01:44:28.307752+08:00 - CRITICAL - Adaption Loss: 0.09474646300077438
2024-11-26T01:44:28.580843+08:00 - CRITICAL - Train Iteration: [2200/2500 (88%)]	   Pseudo_AttackLoss: 0.031911   Pseudo_target_mseloss: 0.812979     Vanila_D_Loss: -14.048269    D_Loss: -13.782776     Dis_Pseudo_Loss: -6.839111     Dis_target_Loss: -7.209157   Target_AttackLoss: 0.010599
2024-11-26T01:44:30.570344+08:00 - CRITICAL - 
Test set: Average loss: 1.3021, Accuracy: 5314/10000 (53%)

2024-11-26T01:44:32.675387+08:00 - CRITICAL - 
Test set: Average loss: 2.2480, Accuracy: 2591/10000 (26%)

2024-11-26T01:44:42.577211+08:00 - CRITICAL - Adaption Loss: 0.08811318129301071
2024-11-26T01:44:51.523955+08:00 - CRITICAL - Adaption Loss: 0.08379225432872772
2024-11-26T01:44:51.815757+08:00 - CRITICAL - Train Iteration: [2240/2500 (90%)]	   Pseudo_AttackLoss: 0.028433   Pseudo_target_mseloss: 0.820011     Vanila_D_Loss: -13.251516    D_Loss: -12.877051     Dis_Pseudo_Loss: -2.793816     Dis_target_Loss: -10.457700   Target_AttackLoss: 0.011548
2024-11-26T01:44:58.251742+08:00 - CRITICAL - 
Test set: Average loss: 1.2931, Accuracy: 5298/10000 (53%)

2024-11-26T01:45:00.305807+08:00 - CRITICAL - 
Test set: Average loss: 2.0416, Accuracy: 2928/10000 (29%)

2024-11-26T01:45:05.431809+08:00 - CRITICAL - Adaption Loss: 0.0893065556883812
2024-11-26T01:45:14.709894+08:00 - CRITICAL - Adaption Loss: 0.09388475865125656
2024-11-26T01:45:14.991257+08:00 - CRITICAL - Train Iteration: [2280/2500 (91%)]	   Pseudo_AttackLoss: 0.025695   Pseudo_target_mseloss: 0.724131     Vanila_D_Loss: -16.896893    D_Loss: -16.232758     Dis_Pseudo_Loss: -0.295137     Dis_target_Loss: -16.601755   Target_AttackLoss: 0.011204
2024-11-26T01:45:23.894423+08:00 - CRITICAL - Adaption Loss: 0.08699032664299011
2024-11-26T01:45:26.264832+08:00 - CRITICAL - 
Test set: Average loss: 1.2834, Accuracy: 5319/10000 (53%)

2024-11-26T01:45:28.198292+08:00 - CRITICAL - 
Test set: Average loss: 2.0303, Accuracy: 2839/10000 (28%)

2024-11-26T01:45:38.237016+08:00 - CRITICAL - Adaption Loss: 0.1003170758485794
2024-11-26T01:45:38.467484+08:00 - CRITICAL - Train Iteration: [2320/2500 (93%)]	   Pseudo_AttackLoss: 0.024133   Pseudo_target_mseloss: 0.914898     Vanila_D_Loss: -13.300343    D_Loss: -12.788183     Dis_Pseudo_Loss: -7.818655     Dis_target_Loss: -5.481687   Target_AttackLoss: 0.016272
2024-11-26T01:45:47.437203+08:00 - CRITICAL - Adaption Loss: 0.08914082497358322
2024-11-26T01:45:54.194174+08:00 - CRITICAL - 
Test set: Average loss: 1.2881, Accuracy: 5303/10000 (53%)

2024-11-26T01:45:56.157553+08:00 - CRITICAL - 
Test set: Average loss: 2.1092, Accuracy: 2839/10000 (28%)

2024-11-26T01:46:00.690028+08:00 - CRITICAL - Adaption Loss: 0.09460318833589554
2024-11-26T01:46:00.968364+08:00 - CRITICAL - Train Iteration: [2360/2500 (94%)]	   Pseudo_AttackLoss: 0.027510   Pseudo_target_mseloss: 0.697685     Vanila_D_Loss: -16.914827    D_Loss: -16.343039     Dis_Pseudo_Loss: -0.691264     Dis_target_Loss: -16.223562   Target_AttackLoss: 0.010440
2024-11-26T01:46:09.822221+08:00 - CRITICAL - Adaption Loss: 0.08393211662769318
2024-11-26T01:46:20.058172+08:00 - CRITICAL - Adaption Loss: 0.08099695295095444
2024-11-26T01:46:20.358337+08:00 - CRITICAL - Train Iteration: [2400/2500 (96%)]	   Pseudo_AttackLoss: 0.021343   Pseudo_target_mseloss: 0.678397     Vanila_D_Loss: -14.033660    D_Loss: -13.558533     Dis_Pseudo_Loss: -8.075640     Dis_target_Loss: -5.958020   Target_AttackLoss: 0.013414
2024-11-26T01:46:22.367167+08:00 - CRITICAL - 
Test set: Average loss: 1.2654, Accuracy: 5511/10000 (55%)

2024-11-26T01:46:24.302203+08:00 - CRITICAL - 
Test set: Average loss: 2.2445, Accuracy: 2851/10000 (29%)

2024-11-26T01:46:33.362593+08:00 - CRITICAL - Adaption Loss: 0.08974681794643402
2024-11-26T01:46:43.770813+08:00 - CRITICAL - Adaption Loss: 0.08207055181264877
2024-11-26T01:46:44.021020+08:00 - CRITICAL - Train Iteration: [2440/2500 (98%)]	   Pseudo_AttackLoss: 0.035375   Pseudo_target_mseloss: 0.756022     Vanila_D_Loss: -14.801878    D_Loss: -14.408759     Dis_Pseudo_Loss: -3.577155     Dis_target_Loss: -11.224723   Target_AttackLoss: 0.010815
2024-11-26T01:46:50.165139+08:00 - CRITICAL - 
Test set: Average loss: 1.3043, Accuracy: 5329/10000 (53%)

2024-11-26T01:46:52.159765+08:00 - CRITICAL - 
Test set: Average loss: 2.5019, Accuracy: 2589/10000 (26%)

2024-11-26T01:46:56.431329+08:00 - CRITICAL - Adaption Loss: 0.08888760954141617
2024-11-26T01:47:06.302012+08:00 - CRITICAL - Adaption Loss: 0.08677881956100464
2024-11-26T01:47:06.692310+08:00 - CRITICAL - Train Iteration: [2480/2500 (99%)]	   Pseudo_AttackLoss: 0.028718   Pseudo_target_mseloss: 0.686860     Vanila_D_Loss: -15.199921    D_Loss: -14.427990     Dis_Pseudo_Loss: -2.359875     Dis_target_Loss: -12.840046   Target_AttackLoss: 0.010880
2024-11-26T01:47:15.279340+08:00 - CRITICAL - Adaption Loss: 0.08697428554296494
2024-11-26T01:47:17.394897+08:00 - CRITICAL - 
Test set: Average loss: 1.2928, Accuracy: 5359/10000 (54%)

2024-11-26T01:47:19.454985+08:00 - CRITICAL - 
Test set: Average loss: 2.1841, Accuracy: 2836/10000 (28%)

