2024-11-25T14:02:36.502720+08:00 - INFO - >>>>>>>>>>>>>>Running settings>>>>>>>>>>>>>>
2024-11-25T14:02:36.503218+08:00 - INFO - iteration: 15000
2024-11-25T14:02:36.503306+08:00 - INFO - lr: 0.0001
2024-11-25T14:02:36.503384+08:00 - INFO - server_pseudo_lr: 0.0001
2024-11-25T14:02:36.503450+08:00 - INFO - dlr: 0.0003
2024-11-25T14:02:36.503513+08:00 - INFO - print_freq: 40
2024-11-25T14:02:36.503574+08:00 - INFO - save_path: attack_model.pth
2024-11-25T14:02:36.503635+08:00 - INFO - gid: 0
2024-11-25T14:02:36.503695+08:00 - INFO - layer_id: 2
2024-11-25T14:02:36.503754+08:00 - INFO - a: 0.7
2024-11-25T14:02:36.503815+08:00 - INFO - batch_size: 64
2024-11-25T14:02:36.503875+08:00 - INFO - dataset: cifar10
2024-11-25T14:02:36.503935+08:00 - INFO - dataset_num: 5000
2024-11-25T14:02:36.503995+08:00 - INFO - coral: True
2024-11-25T14:02:36.504054+08:00 - INFO - mkkd: False
2024-11-25T14:02:36.504114+08:00 - INFO - >>>>>>>>>>>>>>>>>>>>>>>>>>>>>>


2024-11-25T14:02:57.220211+08:00 - INFO - DataSet:cifar10
2024-11-25T14:02:57.220983+08:00 - INFO - Train Dataset:50000
2024-11-25T14:02:57.221141+08:00 - INFO - Test Dataset:10000
2024-11-25T14:03:07.348299+08:00 - CRITICAL - Adaption Loss: 0.1470327228307724
2024-11-25T14:03:13.147429+08:00 - CRITICAL - Adaption Loss: 0.13914616405963898
2024-11-25T14:03:13.357498+08:00 - CRITICAL - Train Iteration: [40/15000 (0%)]	   Pseudo_AttackLoss: 0.065544   Pseudo_target_mseloss: 0.825159     Vanila_D_Loss: -2.205836    D_Loss: 1.316539     Dis_Pseudo_Loss: -4.707812     Dis_target_Loss: 2.501976   Target_AttackLoss: 0.041335
2024-11-25T14:03:19.958531+08:00 - CRITICAL - 
Test set: Average loss: 2.2647, Accuracy: 1525/10000 (15%)

2024-11-25T14:03:23.347710+08:00 - CRITICAL - 
Test set: Average loss: 2.3581, Accuracy: 1216/10000 (12%)

2024-11-25T14:03:26.148655+08:00 - CRITICAL - Adaption Loss: 0.12751173973083496
2024-11-25T14:03:31.540043+08:00 - CRITICAL - Adaption Loss: 0.1116502583026886
2024-11-25T14:03:31.700615+08:00 - CRITICAL - Train Iteration: [80/15000 (1%)]	   Pseudo_AttackLoss: 0.076225   Pseudo_target_mseloss: 0.661855     Vanila_D_Loss: -12.840658    D_Loss: -11.302588     Dis_Pseudo_Loss: -19.469219     Dis_target_Loss: 6.628561   Target_AttackLoss: 0.031346
2024-11-25T14:03:37.717047+08:00 - CRITICAL - Adaption Loss: 0.11590244621038437
2024-11-25T14:03:40.704826+08:00 - CRITICAL - 
Test set: Average loss: 2.0721, Accuracy: 2313/10000 (23%)

2024-11-25T14:03:43.937741+08:00 - CRITICAL - 
Test set: Average loss: 2.4661, Accuracy: 1338/10000 (13%)

2024-11-25T14:03:50.024779+08:00 - CRITICAL - Adaption Loss: 0.1048564612865448
2024-11-25T14:03:50.253940+08:00 - CRITICAL - Train Iteration: [120/15000 (1%)]	   Pseudo_AttackLoss: 0.046588   Pseudo_target_mseloss: 0.445731     Vanila_D_Loss: -12.633347    D_Loss: -10.438509     Dis_Pseudo_Loss: -1.051538     Dis_target_Loss: -11.581808   Target_AttackLoss: 0.025468
2024-11-25T14:03:56.565539+08:00 - CRITICAL - Adaption Loss: 0.12240217626094818
2024-11-25T14:04:03.036667+08:00 - CRITICAL - 
Test set: Average loss: 1.9675, Accuracy: 2721/10000 (27%)

2024-11-25T14:04:05.752656+08:00 - CRITICAL - 
Test set: Average loss: 2.3358, Accuracy: 1346/10000 (13%)

2024-11-25T14:04:08.684294+08:00 - CRITICAL - Adaption Loss: 0.12156584858894348
2024-11-25T14:04:08.909620+08:00 - CRITICAL - Train Iteration: [160/15000 (1%)]	   Pseudo_AttackLoss: 0.052348   Pseudo_target_mseloss: 0.590363     Vanila_D_Loss: -18.365181    D_Loss: 14.789471     Dis_Pseudo_Loss: -38.157860     Dis_target_Loss: 19.792679   Target_AttackLoss: 0.031132
2024-11-25T14:04:13.863688+08:00 - CRITICAL - Adaption Loss: 0.13580766320228577
2024-11-25T14:04:19.288134+08:00 - CRITICAL - Adaption Loss: 0.1282391995191574
2024-11-25T14:04:19.465047+08:00 - CRITICAL - Train Iteration: [200/15000 (1%)]	   Pseudo_AttackLoss: 0.045337   Pseudo_target_mseloss: 0.649217     Vanila_D_Loss: -15.347778    D_Loss: -14.706010     Dis_Pseudo_Loss: -20.382469     Dis_target_Loss: 5.034690   Target_AttackLoss: 0.024832
2024-11-25T14:04:21.755019+08:00 - CRITICAL - 
Test set: Average loss: 1.9432, Accuracy: 2984/10000 (30%)

2024-11-25T14:04:23.635093+08:00 - CRITICAL - 
Test set: Average loss: 2.8006, Accuracy: 1216/10000 (12%)

2024-11-25T14:04:28.246359+08:00 - CRITICAL - Adaption Loss: 0.14376786351203918
2024-11-25T14:04:32.660584+08:00 - CRITICAL - Adaption Loss: 0.13908272981643677
2024-11-25T14:04:32.804672+08:00 - CRITICAL - Train Iteration: [240/15000 (2%)]	   Pseudo_AttackLoss: 0.050070   Pseudo_target_mseloss: 0.581311     Vanila_D_Loss: -19.096226    D_Loss: -18.110146     Dis_Pseudo_Loss: -22.963940     Dis_target_Loss: 3.867714   Target_AttackLoss: 0.020575
2024-11-25T14:04:36.611412+08:00 - CRITICAL - 
Test set: Average loss: 1.8255, Accuracy: 3120/10000 (31%)

2024-11-25T14:04:38.137262+08:00 - CRITICAL - 
Test set: Average loss: 2.6020, Accuracy: 1509/10000 (15%)

2024-11-25T14:04:40.310049+08:00 - CRITICAL - Adaption Loss: 0.11876969784498215
2024-11-25T14:04:45.015099+08:00 - CRITICAL - Adaption Loss: 0.10930587351322174
2024-11-25T14:04:45.160611+08:00 - CRITICAL - Train Iteration: [280/15000 (2%)]	   Pseudo_AttackLoss: 0.040926   Pseudo_target_mseloss: 0.642734     Vanila_D_Loss: -23.317953    D_Loss: -19.596889     Dis_Pseudo_Loss: -20.390873     Dis_target_Loss: -2.927080   Target_AttackLoss: 0.021541
2024-11-25T14:04:49.575167+08:00 - CRITICAL - Adaption Loss: 0.13764020800590515
2024-11-25T14:04:51.901705+08:00 - CRITICAL - 
Test set: Average loss: 1.8134, Accuracy: 3168/10000 (32%)

2024-11-25T14:04:54.095011+08:00 - CRITICAL - 
Test set: Average loss: 2.3902, Accuracy: 1581/10000 (16%)

2024-11-25T14:04:58.924321+08:00 - CRITICAL - Adaption Loss: 0.09842860698699951
2024-11-25T14:04:59.080472+08:00 - CRITICAL - Train Iteration: [320/15000 (2%)]	   Pseudo_AttackLoss: 0.046304   Pseudo_target_mseloss: 0.606155     Vanila_D_Loss: -23.398849    D_Loss: -22.571041     Dis_Pseudo_Loss: -18.850372     Dis_target_Loss: -4.548476   Target_AttackLoss: 0.020484
2024-11-25T14:05:04.185498+08:00 - CRITICAL - Adaption Loss: 0.11248043924570084
2024-11-25T14:05:08.782134+08:00 - CRITICAL - 
Test set: Average loss: 1.7710, Accuracy: 3382/10000 (34%)

2024-11-25T14:05:11.261772+08:00 - CRITICAL - 
Test set: Average loss: 2.7080, Accuracy: 1438/10000 (14%)

2024-11-25T14:05:13.732562+08:00 - CRITICAL - Adaption Loss: 0.14102131128311157
2024-11-25T14:05:13.886095+08:00 - CRITICAL - Train Iteration: [360/15000 (2%)]	   Pseudo_AttackLoss: 0.037102   Pseudo_target_mseloss: 0.693026     Vanila_D_Loss: -26.244461    D_Loss: -14.957794     Dis_Pseudo_Loss: -19.285793     Dis_target_Loss: -6.958668   Target_AttackLoss: 0.021158
2024-11-25T14:05:18.641059+08:00 - CRITICAL - Adaption Loss: 0.11427908390760422
2024-11-25T14:05:23.230275+08:00 - CRITICAL - Adaption Loss: 0.18039469420909882
2024-11-25T14:05:23.369239+08:00 - CRITICAL - Train Iteration: [400/15000 (3%)]	   Pseudo_AttackLoss: 0.045702   Pseudo_target_mseloss: 0.547578     Vanila_D_Loss: -20.744848    D_Loss: -19.132761     Dis_Pseudo_Loss: -14.581178     Dis_target_Loss: -6.163671   Target_AttackLoss: 0.015841
2024-11-25T14:05:24.823775+08:00 - CRITICAL - 
Test set: Average loss: 1.7467, Accuracy: 3581/10000 (36%)

2024-11-25T14:05:26.114555+08:00 - CRITICAL - 
Test set: Average loss: 2.6530, Accuracy: 1380/10000 (14%)

2024-11-25T14:05:30.689493+08:00 - CRITICAL - Adaption Loss: 0.13849766552448273
2024-11-25T14:05:35.275392+08:00 - CRITICAL - Adaption Loss: 0.18826355040073395
2024-11-25T14:05:35.421561+08:00 - CRITICAL - Train Iteration: [440/15000 (3%)]	   Pseudo_AttackLoss: 0.037511   Pseudo_target_mseloss: 0.452772     Vanila_D_Loss: -20.379002    D_Loss: -19.964491     Dis_Pseudo_Loss: -13.401038     Dis_target_Loss: -6.977962   Target_AttackLoss: 0.015564
2024-11-25T14:05:39.425057+08:00 - CRITICAL - 
Test set: Average loss: 1.6898, Accuracy: 3724/10000 (37%)

2024-11-25T14:05:40.883825+08:00 - CRITICAL - 
Test set: Average loss: 2.7840, Accuracy: 1368/10000 (14%)

2024-11-25T14:05:42.795268+08:00 - CRITICAL - Adaption Loss: 0.12754501402378082
2024-11-25T14:05:47.543522+08:00 - CRITICAL - Adaption Loss: 0.12698312103748322
2024-11-25T14:05:47.678243+08:00 - CRITICAL - Train Iteration: [480/15000 (3%)]	   Pseudo_AttackLoss: 0.028835   Pseudo_target_mseloss: 0.416517     Vanila_D_Loss: -28.990513    D_Loss: -25.935516     Dis_Pseudo_Loss: -19.228447     Dis_target_Loss: -9.762067   Target_AttackLoss: 0.017655
2024-11-25T14:05:52.032099+08:00 - CRITICAL - Adaption Loss: 0.22934715449810028
2024-11-25T14:05:53.589736+08:00 - CRITICAL - 
Test set: Average loss: 1.6825, Accuracy: 3757/10000 (38%)

2024-11-25T14:05:55.039942+08:00 - CRITICAL - 
Test set: Average loss: 2.6449, Accuracy: 1579/10000 (16%)

2024-11-25T14:05:59.264342+08:00 - CRITICAL - Adaption Loss: 0.1165422797203064
2024-11-25T14:05:59.454383+08:00 - CRITICAL - Train Iteration: [520/15000 (3%)]	   Pseudo_AttackLoss: 0.031112   Pseudo_target_mseloss: 0.258768     Vanila_D_Loss: -24.277962    D_Loss: -23.828934     Dis_Pseudo_Loss: -21.403835     Dis_target_Loss: -2.874127   Target_AttackLoss: 0.017286
2024-11-25T14:06:03.843902+08:00 - CRITICAL - Adaption Loss: 0.14279964566230774
2024-11-25T14:06:08.125787+08:00 - CRITICAL - 
Test set: Average loss: 1.6368, Accuracy: 4030/10000 (40%)

2024-11-25T14:06:09.776212+08:00 - CRITICAL - 
Test set: Average loss: 2.3733, Accuracy: 1845/10000 (18%)

2024-11-25T14:06:11.934658+08:00 - CRITICAL - Adaption Loss: 0.10979007929563522
2024-11-25T14:06:12.058579+08:00 - CRITICAL - Train Iteration: [560/15000 (4%)]	   Pseudo_AttackLoss: 0.040608   Pseudo_target_mseloss: 0.260041     Vanila_D_Loss: -26.251034    D_Loss: -23.758280     Dis_Pseudo_Loss: -18.206871     Dis_target_Loss: -8.044162   Target_AttackLoss: 0.017000
2024-11-25T14:06:16.358350+08:00 - CRITICAL - Adaption Loss: 0.10804510861635208
2024-11-25T14:06:20.935740+08:00 - CRITICAL - Adaption Loss: 0.12813076376914978
2024-11-25T14:06:21.065225+08:00 - CRITICAL - Train Iteration: [600/15000 (4%)]	   Pseudo_AttackLoss: 0.040265   Pseudo_target_mseloss: 0.317018     Vanila_D_Loss: -25.112192    D_Loss: -24.333483     Dis_Pseudo_Loss: -12.627878     Dis_target_Loss: -12.484314   Target_AttackLoss: 0.016893
2024-11-25T14:06:22.609739+08:00 - CRITICAL - 
Test set: Average loss: 1.6236, Accuracy: 4069/10000 (41%)

2024-11-25T14:06:24.097384+08:00 - CRITICAL - 
Test set: Average loss: 2.4889, Accuracy: 1629/10000 (16%)

2024-11-25T14:06:28.498675+08:00 - CRITICAL - Adaption Loss: 0.09452909231185913
2024-11-25T14:06:33.245738+08:00 - CRITICAL - Adaption Loss: 0.1054375022649765
2024-11-25T14:06:33.379920+08:00 - CRITICAL - Train Iteration: [640/15000 (4%)]	   Pseudo_AttackLoss: 0.034430   Pseudo_target_mseloss: 0.261681     Vanila_D_Loss: -22.418255    D_Loss: -8.889323     Dis_Pseudo_Loss: -31.403158     Dis_target_Loss: 8.984904   Target_AttackLoss: 0.014115
2024-11-25T14:06:37.373120+08:00 - CRITICAL - 
Test set: Average loss: 1.5985, Accuracy: 4092/10000 (41%)

2024-11-25T14:06:38.867011+08:00 - CRITICAL - 
Test set: Average loss: 2.4667, Accuracy: 1713/10000 (17%)

2024-11-25T14:06:40.910090+08:00 - CRITICAL - Adaption Loss: 0.07903089374303818
2024-11-25T14:06:45.478718+08:00 - CRITICAL - Adaption Loss: 0.11641941219568253
2024-11-25T14:06:45.619018+08:00 - CRITICAL - Train Iteration: [680/15000 (5%)]	   Pseudo_AttackLoss: 0.025930   Pseudo_target_mseloss: 0.253365     Vanila_D_Loss: -20.430901    D_Loss: -19.268070     Dis_Pseudo_Loss: -12.607319     Dis_target_Loss: -7.823582   Target_AttackLoss: 0.027346
2024-11-25T14:06:50.191770+08:00 - CRITICAL - Adaption Loss: 0.10167405754327774
2024-11-25T14:06:51.984914+08:00 - CRITICAL - 
Test set: Average loss: 1.5856, Accuracy: 4090/10000 (41%)

2024-11-25T14:06:53.920634+08:00 - CRITICAL - 
Test set: Average loss: 2.2003, Accuracy: 2133/10000 (21%)

2024-11-25T14:06:58.799541+08:00 - CRITICAL - Adaption Loss: 0.10785241425037384
2024-11-25T14:06:58.990087+08:00 - CRITICAL - Train Iteration: [720/15000 (5%)]	   Pseudo_AttackLoss: 0.030218   Pseudo_target_mseloss: 0.188258     Vanila_D_Loss: -20.501999    D_Loss: -19.880951     Dis_Pseudo_Loss: -9.926863     Dis_target_Loss: -10.575136   Target_AttackLoss: 0.015064
2024-11-25T14:07:04.402198+08:00 - CRITICAL - Adaption Loss: 0.10447969287633896
2024-11-25T14:07:09.709112+08:00 - CRITICAL - 
Test set: Average loss: 1.5845, Accuracy: 4266/10000 (43%)

2024-11-25T14:07:12.964150+08:00 - CRITICAL - 
Test set: Average loss: 2.2879, Accuracy: 2091/10000 (21%)

2024-11-25T14:07:15.691878+08:00 - CRITICAL - Adaption Loss: 0.10502374917268753
2024-11-25T14:07:15.916859+08:00 - CRITICAL - Train Iteration: [760/15000 (5%)]	   Pseudo_AttackLoss: 0.036929   Pseudo_target_mseloss: 0.270080     Vanila_D_Loss: -22.644876    D_Loss: -21.987967     Dis_Pseudo_Loss: -10.695688     Dis_target_Loss: -11.949188   Target_AttackLoss: 0.017823
2024-11-25T14:07:22.447413+08:00 - CRITICAL - Adaption Loss: 0.11610440909862518
2024-11-25T14:07:28.345459+08:00 - CRITICAL - Adaption Loss: 0.11164185404777527
2024-11-25T14:07:28.514251+08:00 - CRITICAL - Train Iteration: [800/15000 (5%)]	   Pseudo_AttackLoss: 0.037019   Pseudo_target_mseloss: 0.243422     Vanila_D_Loss: -25.294174    D_Loss: -24.254353     Dis_Pseudo_Loss: -16.365444     Dis_target_Loss: -8.928730   Target_AttackLoss: 0.012373
2024-11-25T14:07:30.986477+08:00 - CRITICAL - 
Test set: Average loss: 1.5644, Accuracy: 4361/10000 (44%)

2024-11-25T14:07:34.420663+08:00 - CRITICAL - 
Test set: Average loss: 2.0172, Accuracy: 2885/10000 (29%)

2024-11-25T14:07:39.779089+08:00 - CRITICAL - Adaption Loss: 0.10191261768341064
2024-11-25T14:07:44.421049+08:00 - CRITICAL - Adaption Loss: 0.10177429020404816
2024-11-25T14:07:44.575368+08:00 - CRITICAL - Train Iteration: [840/15000 (6%)]	   Pseudo_AttackLoss: 0.031438   Pseudo_target_mseloss: 0.237698     Vanila_D_Loss: -23.750557    D_Loss: -22.865854     Dis_Pseudo_Loss: -11.709280     Dis_target_Loss: -12.041277   Target_AttackLoss: 0.013414
2024-11-25T14:07:48.560176+08:00 - CRITICAL - 
Test set: Average loss: 1.5454, Accuracy: 4368/10000 (44%)

2024-11-25T14:07:50.573691+08:00 - CRITICAL - 
Test set: Average loss: 1.9404, Accuracy: 3162/10000 (32%)

2024-11-25T14:07:52.866677+08:00 - CRITICAL - Adaption Loss: 0.12442108988761902
2024-11-25T14:07:57.642541+08:00 - CRITICAL - Adaption Loss: 0.09107207506895065
2024-11-25T14:07:57.807220+08:00 - CRITICAL - Train Iteration: [880/15000 (6%)]	   Pseudo_AttackLoss: 0.036128   Pseudo_target_mseloss: 0.193867     Vanila_D_Loss: -21.221588    D_Loss: -19.798258     Dis_Pseudo_Loss: -5.723248     Dis_target_Loss: -15.498341   Target_AttackLoss: 0.014924
2024-11-25T14:08:02.636057+08:00 - CRITICAL - Adaption Loss: 0.10106619447469711
2024-11-25T14:08:04.452690+08:00 - CRITICAL - 
Test set: Average loss: 1.5346, Accuracy: 4327/10000 (43%)

2024-11-25T14:08:06.560324+08:00 - CRITICAL - 
Test set: Average loss: 2.0394, Accuracy: 2915/10000 (29%)

2024-11-25T14:08:11.325183+08:00 - CRITICAL - Adaption Loss: 0.09509877860546112
2024-11-25T14:08:11.468681+08:00 - CRITICAL - Train Iteration: [920/15000 (6%)]	   Pseudo_AttackLoss: 0.029354   Pseudo_target_mseloss: 0.134964     Vanila_D_Loss: -20.566824    D_Loss: -20.087883     Dis_Pseudo_Loss: -10.115301     Dis_target_Loss: -10.451523   Target_AttackLoss: 0.013386
2024-11-25T14:08:16.033926+08:00 - CRITICAL - Adaption Loss: 0.10440393537282944
2024-11-25T14:08:20.206362+08:00 - CRITICAL - 
Test set: Average loss: 1.5346, Accuracy: 4469/10000 (45%)

2024-11-25T14:08:21.687472+08:00 - CRITICAL - 
Test set: Average loss: 1.9418, Accuracy: 3052/10000 (31%)

2024-11-25T14:08:24.055985+08:00 - CRITICAL - Adaption Loss: 0.10985559970140457
2024-11-25T14:08:24.254336+08:00 - CRITICAL - Train Iteration: [960/15000 (6%)]	   Pseudo_AttackLoss: 0.026985   Pseudo_target_mseloss: 0.102684     Vanila_D_Loss: -19.989214    D_Loss: -19.108072     Dis_Pseudo_Loss: -16.093246     Dis_target_Loss: -3.895968   Target_AttackLoss: 0.012919
2024-11-25T14:08:29.261246+08:00 - CRITICAL - Adaption Loss: 0.09953674674034119
2024-11-25T14:08:34.410334+08:00 - CRITICAL - Adaption Loss: 0.10392438620328903
2024-11-25T14:08:34.591892+08:00 - CRITICAL - Train Iteration: [1000/15000 (7%)]	   Pseudo_AttackLoss: 0.028626   Pseudo_target_mseloss: 0.108094     Vanila_D_Loss: -20.785686    D_Loss: -20.384367     Dis_Pseudo_Loss: -12.650316     Dis_target_Loss: -8.135371   Target_AttackLoss: 0.013056
2024-11-25T14:08:36.448953+08:00 - CRITICAL - 
Test set: Average loss: 1.5388, Accuracy: 4346/10000 (43%)

2024-11-25T14:08:38.148037+08:00 - CRITICAL - 
Test set: Average loss: 2.0589, Accuracy: 2763/10000 (28%)

2024-11-25T14:08:42.913162+08:00 - CRITICAL - Adaption Loss: 0.09307436645030975
2024-11-25T14:08:48.206140+08:00 - CRITICAL - Adaption Loss: 0.0935879796743393
2024-11-25T14:08:48.360175+08:00 - CRITICAL - Train Iteration: [1040/15000 (7%)]	   Pseudo_AttackLoss: 0.028135   Pseudo_target_mseloss: 0.127789     Vanila_D_Loss: -22.274467    D_Loss: -21.446173     Dis_Pseudo_Loss: -12.417550     Dis_target_Loss: -9.856918   Target_AttackLoss: 0.013383
2024-11-25T14:08:52.615120+08:00 - CRITICAL - 
Test set: Average loss: 1.5101, Accuracy: 4532/10000 (45%)

2024-11-25T14:08:54.599372+08:00 - CRITICAL - 
Test set: Average loss: 1.8568, Accuracy: 3305/10000 (33%)

2024-11-25T14:08:56.934170+08:00 - CRITICAL - Adaption Loss: 0.08936011791229248
2024-11-25T14:09:01.934279+08:00 - CRITICAL - Adaption Loss: 0.08825986087322235
2024-11-25T14:09:02.095029+08:00 - CRITICAL - Train Iteration: [1080/15000 (7%)]	   Pseudo_AttackLoss: 0.022857   Pseudo_target_mseloss: 0.122587     Vanila_D_Loss: -16.749725    D_Loss: -16.050730     Dis_Pseudo_Loss: -7.803926     Dis_target_Loss: -8.945798   Target_AttackLoss: 0.012197
2024-11-25T14:09:07.034944+08:00 - CRITICAL - Adaption Loss: 0.09627609699964523
2024-11-25T14:09:09.232235+08:00 - CRITICAL - 
Test set: Average loss: 1.4703, Accuracy: 4613/10000 (46%)

2024-11-25T14:09:11.945062+08:00 - CRITICAL - 
Test set: Average loss: 1.8577, Accuracy: 3301/10000 (33%)

2024-11-25T14:09:17.047153+08:00 - CRITICAL - Adaption Loss: 0.09263323247432709
2024-11-25T14:09:17.225733+08:00 - CRITICAL - Train Iteration: [1120/15000 (7%)]	   Pseudo_AttackLoss: 0.024351   Pseudo_target_mseloss: 0.118505     Vanila_D_Loss: -19.145239    D_Loss: -18.803026     Dis_Pseudo_Loss: -2.632687     Dis_target_Loss: -16.512552   Target_AttackLoss: 0.011967
2024-11-25T14:09:22.297368+08:00 - CRITICAL - Adaption Loss: 0.10859183222055435
2024-11-25T14:09:27.201705+08:00 - CRITICAL - 
Test set: Average loss: 1.4788, Accuracy: 4473/10000 (45%)

2024-11-25T14:09:29.059706+08:00 - CRITICAL - 
Test set: Average loss: 1.8114, Accuracy: 3539/10000 (35%)

2024-11-25T14:09:31.407704+08:00 - CRITICAL - Adaption Loss: 0.09780777990818024
2024-11-25T14:09:31.554546+08:00 - CRITICAL - Train Iteration: [1160/15000 (8%)]	   Pseudo_AttackLoss: 0.020994   Pseudo_target_mseloss: 0.093129     Vanila_D_Loss: -17.592991    D_Loss: -16.924189     Dis_Pseudo_Loss: -6.454947     Dis_target_Loss: -11.138044   Target_AttackLoss: 0.013205
2024-11-25T14:09:36.469786+08:00 - CRITICAL - Adaption Loss: 0.08750396966934204
2024-11-25T14:09:41.471776+08:00 - CRITICAL - Adaption Loss: 0.09283211827278137
2024-11-25T14:09:41.609765+08:00 - CRITICAL - Train Iteration: [1200/15000 (8%)]	   Pseudo_AttackLoss: 0.022068   Pseudo_target_mseloss: 0.093522     Vanila_D_Loss: -19.611763    D_Loss: -18.628222     Dis_Pseudo_Loss: -5.002089     Dis_target_Loss: -14.609674   Target_AttackLoss: 0.012423
2024-11-25T14:09:43.611212+08:00 - CRITICAL - 
Test set: Average loss: 1.4671, Accuracy: 4645/10000 (46%)

2024-11-25T14:09:45.364657+08:00 - CRITICAL - 
Test set: Average loss: 1.7037, Accuracy: 3795/10000 (38%)

2024-11-25T14:09:50.494081+08:00 - CRITICAL - Adaption Loss: 0.09690329432487488
2024-11-25T14:09:55.389271+08:00 - CRITICAL - Adaption Loss: 0.08960132300853729
2024-11-25T14:09:55.529870+08:00 - CRITICAL - Train Iteration: [1240/15000 (8%)]	   Pseudo_AttackLoss: 0.018075   Pseudo_target_mseloss: 0.085624     Vanila_D_Loss: -19.737267    D_Loss: -18.042643     Dis_Pseudo_Loss: -8.235950     Dis_target_Loss: -11.501316   Target_AttackLoss: 0.010728
2024-11-25T14:09:59.933524+08:00 - CRITICAL - 
Test set: Average loss: 1.4835, Accuracy: 4731/10000 (47%)

2024-11-25T14:10:01.493370+08:00 - CRITICAL - 
Test set: Average loss: 1.8591, Accuracy: 3404/10000 (34%)

2024-11-25T14:10:03.623458+08:00 - CRITICAL - Adaption Loss: 0.08484813570976257
2024-11-25T14:10:08.138172+08:00 - CRITICAL - Adaption Loss: 0.07482494413852692
2024-11-25T14:10:08.273632+08:00 - CRITICAL - Train Iteration: [1280/15000 (9%)]	   Pseudo_AttackLoss: 0.018730   Pseudo_target_mseloss: 0.092962     Vanila_D_Loss: -18.901257    D_Loss: -18.493647     Dis_Pseudo_Loss: -6.994857     Dis_target_Loss: -11.906399   Target_AttackLoss: 0.012543
2024-11-25T14:10:12.892887+08:00 - CRITICAL - Adaption Loss: 0.09339688718318939
2024-11-25T14:10:14.703140+08:00 - CRITICAL - 
Test set: Average loss: 1.4252, Accuracy: 4759/10000 (48%)

2024-11-25T14:10:16.410073+08:00 - CRITICAL - 
Test set: Average loss: 1.7454, Accuracy: 3561/10000 (36%)

2024-11-25T14:10:20.987434+08:00 - CRITICAL - Adaption Loss: 0.08959314972162247
2024-11-25T14:10:21.131020+08:00 - CRITICAL - Train Iteration: [1320/15000 (9%)]	   Pseudo_AttackLoss: 0.016415   Pseudo_target_mseloss: 0.081837     Vanila_D_Loss: -18.029594    D_Loss: -17.697760     Dis_Pseudo_Loss: -9.185684     Dis_target_Loss: -8.843911   Target_AttackLoss: 0.012221
2024-11-25T14:10:25.715457+08:00 - CRITICAL - Adaption Loss: 0.08722323924303055
2024-11-25T14:10:30.021497+08:00 - CRITICAL - 
Test set: Average loss: 1.4699, Accuracy: 4673/10000 (47%)

2024-11-25T14:10:31.275795+08:00 - CRITICAL - 
Test set: Average loss: 1.7775, Accuracy: 3561/10000 (36%)

2024-11-25T14:10:33.358977+08:00 - CRITICAL - Adaption Loss: 0.10016907751560211
2024-11-25T14:10:33.483586+08:00 - CRITICAL - Train Iteration: [1360/15000 (9%)]	   Pseudo_AttackLoss: 0.016995   Pseudo_target_mseloss: 0.079581     Vanila_D_Loss: -17.498863    D_Loss: -17.010990     Dis_Pseudo_Loss: -6.086208     Dis_target_Loss: -11.412656   Target_AttackLoss: 0.012765
2024-11-25T14:10:38.054097+08:00 - CRITICAL - Adaption Loss: 0.08549854904413223
2024-11-25T14:10:42.768082+08:00 - CRITICAL - Adaption Loss: 0.0897170901298523
2024-11-25T14:10:42.910885+08:00 - CRITICAL - Train Iteration: [1400/15000 (9%)]	   Pseudo_AttackLoss: 0.019058   Pseudo_target_mseloss: 0.082790     Vanila_D_Loss: -16.312225    D_Loss: -15.957833     Dis_Pseudo_Loss: -5.211524     Dis_target_Loss: -11.100702   Target_AttackLoss: 0.012791
2024-11-25T14:10:44.865921+08:00 - CRITICAL - 
Test set: Average loss: 1.4272, Accuracy: 4825/10000 (48%)

2024-11-25T14:10:46.402041+08:00 - CRITICAL - 
Test set: Average loss: 1.6797, Accuracy: 4003/10000 (40%)

2024-11-25T14:10:51.211044+08:00 - CRITICAL - Adaption Loss: 0.08658062666654587
2024-11-25T14:10:56.044908+08:00 - CRITICAL - Adaption Loss: 0.08876242488622665
2024-11-25T14:10:56.192356+08:00 - CRITICAL - Train Iteration: [1440/15000 (10%)]	   Pseudo_AttackLoss: 0.016922   Pseudo_target_mseloss: 0.088579     Vanila_D_Loss: -17.790794    D_Loss: -17.126074     Dis_Pseudo_Loss: -5.241252     Dis_target_Loss: -12.549543   Target_AttackLoss: 0.012722
2024-11-25T14:11:00.408374+08:00 - CRITICAL - 
Test set: Average loss: 1.4626, Accuracy: 4665/10000 (47%)

2024-11-25T14:11:01.994319+08:00 - CRITICAL - 
Test set: Average loss: 1.6994, Accuracy: 3737/10000 (37%)

2024-11-25T14:11:04.174726+08:00 - CRITICAL - Adaption Loss: 0.09510758519172668
2024-11-25T14:11:09.012334+08:00 - CRITICAL - Adaption Loss: 0.08928214013576508
2024-11-25T14:11:09.168333+08:00 - CRITICAL - Train Iteration: [1480/15000 (10%)]	   Pseudo_AttackLoss: 0.020710   Pseudo_target_mseloss: 0.089755     Vanila_D_Loss: -17.423283    D_Loss: -16.554125     Dis_Pseudo_Loss: -4.359159     Dis_target_Loss: -13.064123   Target_AttackLoss: 0.011327
2024-11-25T14:11:13.808869+08:00 - CRITICAL - Adaption Loss: 0.08928050100803375
2024-11-25T14:11:15.301892+08:00 - CRITICAL - 
Test set: Average loss: 1.4102, Accuracy: 4835/10000 (48%)

2024-11-25T14:11:16.884999+08:00 - CRITICAL - 
Test set: Average loss: 1.6544, Accuracy: 4007/10000 (40%)

2024-11-25T14:11:21.132200+08:00 - CRITICAL - Adaption Loss: 0.09472396224737167
2024-11-25T14:11:21.277394+08:00 - CRITICAL - Train Iteration: [1520/15000 (10%)]	   Pseudo_AttackLoss: 0.018937   Pseudo_target_mseloss: 0.062089     Vanila_D_Loss: -16.375710    D_Loss: -15.868573     Dis_Pseudo_Loss: -6.757482     Dis_target_Loss: -9.618228   Target_AttackLoss: 0.011462
2024-11-25T14:11:25.921129+08:00 - CRITICAL - Adaption Loss: 0.08739107847213745
2024-11-25T14:11:30.738666+08:00 - CRITICAL - 
Test set: Average loss: 1.4006, Accuracy: 4793/10000 (48%)

2024-11-25T14:11:32.718059+08:00 - CRITICAL - 
Test set: Average loss: 1.5383, Accuracy: 4204/10000 (42%)

2024-11-25T14:11:35.141872+08:00 - CRITICAL - Adaption Loss: 0.09261797368526459
2024-11-25T14:11:35.295768+08:00 - CRITICAL - Train Iteration: [1560/15000 (10%)]	   Pseudo_AttackLoss: 0.016648   Pseudo_target_mseloss: 0.068209     Vanila_D_Loss: -16.348145    D_Loss: -15.181887     Dis_Pseudo_Loss: -7.543945     Dis_target_Loss: -8.804199   Target_AttackLoss: 0.014349
2024-11-25T14:11:40.032625+08:00 - CRITICAL - Adaption Loss: 0.0827861949801445
2024-11-25T14:11:44.657631+08:00 - CRITICAL - Adaption Loss: 0.1077449843287468
2024-11-25T14:11:44.809139+08:00 - CRITICAL - Train Iteration: [1600/15000 (11%)]	   Pseudo_AttackLoss: 0.020125   Pseudo_target_mseloss: 0.062672     Vanila_D_Loss: -16.316458    D_Loss: -15.848027     Dis_Pseudo_Loss: -2.045466     Dis_target_Loss: -14.270991   Target_AttackLoss: 0.012335
2024-11-25T14:11:46.281668+08:00 - CRITICAL - 
Test set: Average loss: 1.4234, Accuracy: 4898/10000 (49%)

2024-11-25T14:11:47.686005+08:00 - CRITICAL - 
Test set: Average loss: 1.7446, Accuracy: 3674/10000 (37%)

2024-11-25T14:11:52.066622+08:00 - CRITICAL - Adaption Loss: 0.0966210886836052
2024-11-25T14:11:56.602316+08:00 - CRITICAL - Adaption Loss: 0.12080182135105133
2024-11-25T14:11:56.727650+08:00 - CRITICAL - Train Iteration: [1640/15000 (11%)]	   Pseudo_AttackLoss: 0.021415   Pseudo_target_mseloss: 0.070673     Vanila_D_Loss: -16.516644    D_Loss: -15.894910     Dis_Pseudo_Loss: -6.376081     Dis_target_Loss: -10.140563   Target_AttackLoss: 0.011385
2024-11-25T14:12:00.405422+08:00 - CRITICAL - 
Test set: Average loss: 1.4167, Accuracy: 4849/10000 (48%)

2024-11-25T14:12:01.851602+08:00 - CRITICAL - 
Test set: Average loss: 1.7129, Accuracy: 3748/10000 (37%)

2024-11-25T14:12:03.697888+08:00 - CRITICAL - Adaption Loss: 0.10063034296035767
2024-11-25T14:12:08.495222+08:00 - CRITICAL - Adaption Loss: 0.10361411422491074
2024-11-25T14:12:08.634364+08:00 - CRITICAL - Train Iteration: [1680/15000 (11%)]	   Pseudo_AttackLoss: 0.014441   Pseudo_target_mseloss: 0.065041     Vanila_D_Loss: -15.952579    D_Loss: -15.428835     Dis_Pseudo_Loss: -2.963580     Dis_target_Loss: -12.988999   Target_AttackLoss: 0.011986
2024-11-25T14:12:13.370434+08:00 - CRITICAL - Adaption Loss: 0.08409448713064194
2024-11-25T14:12:15.897103+08:00 - CRITICAL - 
Test set: Average loss: 1.3752, Accuracy: 5029/10000 (50%)

2024-11-25T14:12:17.746215+08:00 - CRITICAL - 
Test set: Average loss: 1.5479, Accuracy: 4426/10000 (44%)

2024-11-25T14:12:22.537100+08:00 - CRITICAL - Adaption Loss: 0.09307713806629181
2024-11-25T14:12:22.668461+08:00 - CRITICAL - Train Iteration: [1720/15000 (11%)]	   Pseudo_AttackLoss: 0.015640   Pseudo_target_mseloss: 0.056078     Vanila_D_Loss: -15.751828    D_Loss: -14.746145     Dis_Pseudo_Loss: -5.333086     Dis_target_Loss: -10.418742   Target_AttackLoss: 0.009954
2024-11-25T14:12:27.054469+08:00 - CRITICAL - Adaption Loss: 0.08707445859909058
2024-11-25T14:12:31.108232+08:00 - CRITICAL - 
Test set: Average loss: 1.3984, Accuracy: 4937/10000 (49%)

2024-11-25T14:12:32.850660+08:00 - CRITICAL - 
Test set: Average loss: 1.6199, Accuracy: 4196/10000 (42%)

2024-11-25T14:12:35.037775+08:00 - CRITICAL - Adaption Loss: 0.08069843053817749
2024-11-25T14:12:35.192841+08:00 - CRITICAL - Train Iteration: [1760/15000 (12%)]	   Pseudo_AttackLoss: 0.021805   Pseudo_target_mseloss: 0.069468     Vanila_D_Loss: -16.398859    D_Loss: -15.447529     Dis_Pseudo_Loss: -4.335270     Dis_target_Loss: -12.063589   Target_AttackLoss: 0.012152
2024-11-25T14:12:39.453369+08:00 - CRITICAL - Adaption Loss: 0.0823257565498352
2024-11-25T14:12:43.659504+08:00 - CRITICAL - Adaption Loss: 0.08853363990783691
2024-11-25T14:12:43.800135+08:00 - CRITICAL - Train Iteration: [1800/15000 (12%)]	   Pseudo_AttackLoss: 0.013888   Pseudo_target_mseloss: 0.069056     Vanila_D_Loss: -16.795927    D_Loss: -16.405611     Dis_Pseudo_Loss: -7.173273     Dis_target_Loss: -9.622654   Target_AttackLoss: 0.010269
2024-11-25T14:12:45.496649+08:00 - CRITICAL - 
Test set: Average loss: 1.3930, Accuracy: 4898/10000 (49%)

2024-11-25T14:12:47.455894+08:00 - CRITICAL - 
Test set: Average loss: 1.5343, Accuracy: 4406/10000 (44%)

2024-11-25T14:12:52.048028+08:00 - CRITICAL - Adaption Loss: 0.09282471239566803
2024-11-25T14:12:56.780714+08:00 - CRITICAL - Adaption Loss: 0.0939590185880661
2024-11-25T14:12:56.917656+08:00 - CRITICAL - Train Iteration: [1840/15000 (12%)]	   Pseudo_AttackLoss: 0.016956   Pseudo_target_mseloss: 0.068539     Vanila_D_Loss: -16.006870    D_Loss: -15.714576     Dis_Pseudo_Loss: -1.284200     Dis_target_Loss: -14.722670   Target_AttackLoss: 0.012129
2024-11-25T14:13:00.554951+08:00 - CRITICAL - 
Test set: Average loss: 1.3458, Accuracy: 5086/10000 (51%)

2024-11-25T14:13:01.884105+08:00 - CRITICAL - 
Test set: Average loss: 1.5439, Accuracy: 4356/10000 (44%)

2024-11-25T14:13:03.945034+08:00 - CRITICAL - Adaption Loss: 0.08357939124107361
2024-11-25T14:13:08.564180+08:00 - CRITICAL - Adaption Loss: 0.10824728012084961
2024-11-25T14:13:08.694604+08:00 - CRITICAL - Train Iteration: [1880/15000 (13%)]	   Pseudo_AttackLoss: 0.013511   Pseudo_target_mseloss: 0.063057     Vanila_D_Loss: -16.831205    D_Loss: -16.495203     Dis_Pseudo_Loss: -0.086919     Dis_target_Loss: -16.744286   Target_AttackLoss: 0.011218
2024-11-25T14:13:13.018455+08:00 - CRITICAL - Adaption Loss: 0.0976322591304779
2024-11-25T14:13:15.124667+08:00 - CRITICAL - 
Test set: Average loss: 1.3794, Accuracy: 5114/10000 (51%)

2024-11-25T14:13:16.856912+08:00 - CRITICAL - 
Test set: Average loss: 1.5438, Accuracy: 4459/10000 (45%)

2024-11-25T14:13:21.657047+08:00 - CRITICAL - Adaption Loss: 0.08523713797330856
2024-11-25T14:13:21.802478+08:00 - CRITICAL - Train Iteration: [1920/15000 (13%)]	   Pseudo_AttackLoss: 0.017083   Pseudo_target_mseloss: 0.065645     Vanila_D_Loss: -15.583785    D_Loss: -15.056008     Dis_Pseudo_Loss: 3.428489     Dis_target_Loss: -19.012274   Target_AttackLoss: 0.010709
2024-11-25T14:13:26.398443+08:00 - CRITICAL - Adaption Loss: 0.08268309384584427
2024-11-25T14:13:31.079177+08:00 - CRITICAL - 
Test set: Average loss: 1.3822, Accuracy: 4981/10000 (50%)

2024-11-25T14:13:33.304622+08:00 - CRITICAL - 
Test set: Average loss: 1.6899, Accuracy: 4113/10000 (41%)

2024-11-25T14:13:35.511908+08:00 - CRITICAL - Adaption Loss: 0.09237568825483322
2024-11-25T14:13:35.662483+08:00 - CRITICAL - Train Iteration: [1960/15000 (13%)]	   Pseudo_AttackLoss: 0.013013   Pseudo_target_mseloss: 0.065027     Vanila_D_Loss: -16.565886    D_Loss: -16.011045     Dis_Pseudo_Loss: -0.637886     Dis_target_Loss: -15.927999   Target_AttackLoss: 0.010203
2024-11-25T14:13:40.542336+08:00 - CRITICAL - Adaption Loss: 0.09409064799547195
2024-11-25T14:13:45.292579+08:00 - CRITICAL - Adaption Loss: 0.09085774421691895
2024-11-25T14:13:45.403595+08:00 - CRITICAL - Train Iteration: [2000/15000 (13%)]	   Pseudo_AttackLoss: 0.015412   Pseudo_target_mseloss: 0.064883     Vanila_D_Loss: -17.332302    D_Loss: -16.680508     Dis_Pseudo_Loss: -0.684422     Dis_target_Loss: -16.647881   Target_AttackLoss: 0.016958
2024-11-25T14:13:47.018742+08:00 - CRITICAL - 
Test set: Average loss: 1.3394, Accuracy: 5160/10000 (52%)

2024-11-25T14:13:48.800734+08:00 - CRITICAL - 
Test set: Average loss: 1.6135, Accuracy: 4341/10000 (43%)

2024-11-25T14:13:53.365798+08:00 - CRITICAL - Adaption Loss: 0.0997493714094162
2024-11-25T14:13:58.275859+08:00 - CRITICAL - Adaption Loss: 0.09700850397348404
2024-11-25T14:13:58.439387+08:00 - CRITICAL - Train Iteration: [2040/15000 (14%)]	   Pseudo_AttackLoss: 0.015086   Pseudo_target_mseloss: 0.056639     Vanila_D_Loss: -16.564392    D_Loss: -16.109282     Dis_Pseudo_Loss: -6.639897     Dis_target_Loss: -9.924495   Target_AttackLoss: 0.011031
2024-11-25T14:14:03.648514+08:00 - CRITICAL - 
Test set: Average loss: 1.3439, Accuracy: 5192/10000 (52%)

2024-11-25T14:14:05.831740+08:00 - CRITICAL - 
Test set: Average loss: 1.5365, Accuracy: 4492/10000 (45%)

2024-11-25T14:14:08.125109+08:00 - CRITICAL - Adaption Loss: 0.08945707976818085
2024-11-25T14:14:13.315089+08:00 - CRITICAL - Adaption Loss: 0.09667222201824188
2024-11-25T14:14:13.479778+08:00 - CRITICAL - Train Iteration: [2080/15000 (14%)]	   Pseudo_AttackLoss: 0.016413   Pseudo_target_mseloss: 0.060754     Vanila_D_Loss: -13.830897    D_Loss: -13.436470     Dis_Pseudo_Loss: 7.161611     Dis_target_Loss: -20.992508   Target_AttackLoss: 0.011700
2024-11-25T14:14:18.385259+08:00 - CRITICAL - Adaption Loss: 0.10101812332868576
2024-11-25T14:14:20.370716+08:00 - CRITICAL - 
Test set: Average loss: 1.3547, Accuracy: 5200/10000 (52%)

2024-11-25T14:14:22.078623+08:00 - CRITICAL - 
Test set: Average loss: 1.5809, Accuracy: 4330/10000 (43%)

2024-11-25T14:14:26.685232+08:00 - CRITICAL - Adaption Loss: 0.09036362171173096
2024-11-25T14:14:26.819265+08:00 - CRITICAL - Train Iteration: [2120/15000 (14%)]	   Pseudo_AttackLoss: 0.014782   Pseudo_target_mseloss: 0.062902     Vanila_D_Loss: -18.162596    D_Loss: -17.447384     Dis_Pseudo_Loss: -1.288576     Dis_target_Loss: -16.874020   Target_AttackLoss: 0.013076
2024-11-25T14:14:31.226107+08:00 - CRITICAL - Adaption Loss: 0.08794569224119186
2024-11-25T14:14:35.082284+08:00 - CRITICAL - 
Test set: Average loss: 1.3083, Accuracy: 5282/10000 (53%)

2024-11-25T14:14:36.448128+08:00 - CRITICAL - 
Test set: Average loss: 1.5581, Accuracy: 4306/10000 (43%)

2024-11-25T14:14:38.656382+08:00 - CRITICAL - Adaption Loss: 0.09883885830640793
2024-11-25T14:14:38.796520+08:00 - CRITICAL - Train Iteration: [2160/15000 (14%)]	   Pseudo_AttackLoss: 0.011490   Pseudo_target_mseloss: 0.061291     Vanila_D_Loss: -15.349585    D_Loss: -14.809015     Dis_Pseudo_Loss: -3.166607     Dis_target_Loss: -12.182978   Target_AttackLoss: 0.011213
2024-11-25T14:14:43.429845+08:00 - CRITICAL - Adaption Loss: 0.08235259354114532
2024-11-25T14:14:48.434233+08:00 - CRITICAL - Adaption Loss: 0.09450394660234451
2024-11-25T14:14:48.564230+08:00 - CRITICAL - Train Iteration: [2200/15000 (15%)]	   Pseudo_AttackLoss: 0.012385   Pseudo_target_mseloss: 0.056906     Vanila_D_Loss: -15.927848    D_Loss: -15.601763     Dis_Pseudo_Loss: -0.365432     Dis_target_Loss: -15.562416   Target_AttackLoss: 0.012805
2024-11-25T14:14:50.192714+08:00 - CRITICAL - 
Test set: Average loss: 1.3201, Accuracy: 5247/10000 (52%)

2024-11-25T14:14:51.583869+08:00 - CRITICAL - 
Test set: Average loss: 1.4809, Accuracy: 4687/10000 (47%)

2024-11-25T14:14:55.846285+08:00 - CRITICAL - Adaption Loss: 0.08292815834283829
2024-11-25T14:15:00.816811+08:00 - CRITICAL - Adaption Loss: 0.10345928370952606
2024-11-25T14:15:00.984039+08:00 - CRITICAL - Train Iteration: [2240/15000 (15%)]	   Pseudo_AttackLoss: 0.012753   Pseudo_target_mseloss: 0.049474     Vanila_D_Loss: -16.400534    D_Loss: -15.075212     Dis_Pseudo_Loss: -1.552114     Dis_target_Loss: -14.848419   Target_AttackLoss: 0.010832
2024-11-25T14:15:05.641377+08:00 - CRITICAL - 
Test set: Average loss: 1.3015, Accuracy: 5350/10000 (54%)

2024-11-25T14:15:07.469131+08:00 - CRITICAL - 
Test set: Average loss: 1.4508, Accuracy: 4717/10000 (47%)

2024-11-25T14:15:09.581198+08:00 - CRITICAL - Adaption Loss: 0.08179464936256409
2024-11-25T14:15:14.237490+08:00 - CRITICAL - Adaption Loss: 0.09420173615217209
2024-11-25T14:15:14.363932+08:00 - CRITICAL - Train Iteration: [2280/15000 (15%)]	   Pseudo_AttackLoss: 0.014283   Pseudo_target_mseloss: 0.060591     Vanila_D_Loss: -15.921365    D_Loss: -13.470238     Dis_Pseudo_Loss: 8.923194     Dis_target_Loss: -24.844559   Target_AttackLoss: 0.014361
2024-11-25T14:15:18.886299+08:00 - CRITICAL - Adaption Loss: 0.08631683140993118
2024-11-25T14:15:20.691349+08:00 - CRITICAL - 
Test set: Average loss: 1.2898, Accuracy: 5459/10000 (55%)

2024-11-25T14:15:22.457795+08:00 - CRITICAL - 
Test set: Average loss: 1.4601, Accuracy: 4749/10000 (47%)

2024-11-25T14:15:27.796389+08:00 - CRITICAL - Adaption Loss: 0.09286012500524521
2024-11-25T14:15:28.022929+08:00 - CRITICAL - Train Iteration: [2320/15000 (15%)]	   Pseudo_AttackLoss: 0.012747   Pseudo_target_mseloss: 0.051509     Vanila_D_Loss: -15.434278    D_Loss: -15.034448     Dis_Pseudo_Loss: 2.787263     Dis_target_Loss: -18.221540   Target_AttackLoss: 0.010289
2024-11-25T14:15:33.379771+08:00 - CRITICAL - Adaption Loss: 0.08842337131500244
2024-11-25T14:15:38.689736+08:00 - CRITICAL - 
Test set: Average loss: 1.2936, Accuracy: 5427/10000 (54%)

2024-11-25T14:15:40.966037+08:00 - CRITICAL - 
Test set: Average loss: 1.5322, Accuracy: 4528/10000 (45%)

2024-11-25T14:15:43.379853+08:00 - CRITICAL - Adaption Loss: 0.09422171115875244
2024-11-25T14:15:43.554782+08:00 - CRITICAL - Train Iteration: [2360/15000 (16%)]	   Pseudo_AttackLoss: 0.015065   Pseudo_target_mseloss: 0.052124     Vanila_D_Loss: -14.711992    D_Loss: -14.362712     Dis_Pseudo_Loss: -0.301695     Dis_target_Loss: -14.410297   Target_AttackLoss: 0.011655
2024-11-25T14:15:49.131952+08:00 - CRITICAL - Adaption Loss: 0.08752913028001785
2024-11-25T14:15:55.840221+08:00 - CRITICAL - Adaption Loss: 0.08362074196338654
2024-11-25T14:15:56.037467+08:00 - CRITICAL - Train Iteration: [2400/15000 (16%)]	   Pseudo_AttackLoss: 0.014159   Pseudo_target_mseloss: 0.052835     Vanila_D_Loss: -16.418701    D_Loss: -15.355773     Dis_Pseudo_Loss: 0.109524     Dis_target_Loss: -16.528225   Target_AttackLoss: 0.010850
2024-11-25T14:15:58.334449+08:00 - CRITICAL - 
Test set: Average loss: 1.2999, Accuracy: 5406/10000 (54%)

2024-11-25T14:16:00.549319+08:00 - CRITICAL - 
Test set: Average loss: 1.4673, Accuracy: 4861/10000 (49%)

2024-11-25T14:16:05.200768+08:00 - CRITICAL - Adaption Loss: 0.08325386792421341
2024-11-25T14:16:10.918789+08:00 - CRITICAL - Adaption Loss: 0.09092997759580612
2024-11-25T14:16:11.121558+08:00 - CRITICAL - Train Iteration: [2440/15000 (16%)]	   Pseudo_AttackLoss: 0.015322   Pseudo_target_mseloss: 0.047823     Vanila_D_Loss: -14.035844    D_Loss: -13.419107     Dis_Pseudo_Loss: -2.056773     Dis_target_Loss: -11.979071   Target_AttackLoss: 0.010057
2024-11-25T14:16:16.230475+08:00 - CRITICAL - 
Test set: Average loss: 1.2757, Accuracy: 5480/10000 (55%)

2024-11-25T14:16:18.581477+08:00 - CRITICAL - 
Test set: Average loss: 1.4874, Accuracy: 4697/10000 (47%)

2024-11-25T14:16:21.390380+08:00 - CRITICAL - Adaption Loss: 0.08395383507013321
2024-11-25T14:16:27.302536+08:00 - CRITICAL - Adaption Loss: 0.0847567617893219
2024-11-25T14:16:27.491272+08:00 - CRITICAL - Train Iteration: [2480/15000 (17%)]	   Pseudo_AttackLoss: 0.013050   Pseudo_target_mseloss: 0.049939     Vanila_D_Loss: -14.952447    D_Loss: -12.113914     Dis_Pseudo_Loss: 3.694442     Dis_target_Loss: -18.646889   Target_AttackLoss: 0.015106
2024-11-25T14:16:32.546929+08:00 - CRITICAL - Adaption Loss: 0.08378324657678604
2024-11-25T14:16:34.822772+08:00 - CRITICAL - 
Test set: Average loss: 1.3206, Accuracy: 5299/10000 (53%)

2024-11-25T14:16:36.571002+08:00 - CRITICAL - 
Test set: Average loss: 1.5296, Accuracy: 4588/10000 (46%)

2024-11-25T14:16:41.058831+08:00 - CRITICAL - Adaption Loss: 0.08762416988611221
2024-11-25T14:16:41.196772+08:00 - CRITICAL - Train Iteration: [2520/15000 (17%)]	   Pseudo_AttackLoss: 0.011085   Pseudo_target_mseloss: 0.053898     Vanila_D_Loss: -14.096095    D_Loss: -13.539261     Dis_Pseudo_Loss: 6.362351     Dis_target_Loss: -20.458447   Target_AttackLoss: 0.013678
2024-11-25T14:16:45.803285+08:00 - CRITICAL - Adaption Loss: 0.10231885313987732
2024-11-25T14:16:50.252203+08:00 - CRITICAL - 
Test set: Average loss: 1.2976, Accuracy: 5397/10000 (54%)

2024-11-25T14:16:52.184605+08:00 - CRITICAL - 
Test set: Average loss: 1.6076, Accuracy: 4333/10000 (43%)

2024-11-25T14:16:54.537255+08:00 - CRITICAL - Adaption Loss: 0.085627980530262
2024-11-25T14:16:54.695137+08:00 - CRITICAL - Train Iteration: [2560/15000 (17%)]	   Pseudo_AttackLoss: 0.012043   Pseudo_target_mseloss: 0.046604     Vanila_D_Loss: -15.871586    D_Loss: -15.501157     Dis_Pseudo_Loss: -3.775947     Dis_target_Loss: -12.095638   Target_AttackLoss: 0.010461
2024-11-25T14:16:59.588979+08:00 - CRITICAL - Adaption Loss: 0.08736944943666458
2024-11-25T14:17:04.224645+08:00 - CRITICAL - Adaption Loss: 0.08304857462644577
2024-11-25T14:17:04.362972+08:00 - CRITICAL - Train Iteration: [2600/15000 (17%)]	   Pseudo_AttackLoss: 0.012078   Pseudo_target_mseloss: 0.046077     Vanila_D_Loss: -13.729488    D_Loss: -13.255325     Dis_Pseudo_Loss: 2.352165     Dis_target_Loss: -16.081654   Target_AttackLoss: 0.010780
2024-11-25T14:17:06.077319+08:00 - CRITICAL - 
Test set: Average loss: 1.2916, Accuracy: 5317/10000 (53%)

2024-11-25T14:17:07.790385+08:00 - CRITICAL - 
Test set: Average loss: 1.5349, Accuracy: 4501/10000 (45%)

2024-11-25T14:17:12.524299+08:00 - CRITICAL - Adaption Loss: 0.09191188961267471
2024-11-25T14:17:17.566309+08:00 - CRITICAL - Adaption Loss: 0.08609739691019058
2024-11-25T14:17:17.722001+08:00 - CRITICAL - Train Iteration: [2640/15000 (18%)]	   Pseudo_AttackLoss: 0.013031   Pseudo_target_mseloss: 0.049281     Vanila_D_Loss: -15.253379    D_Loss: -14.869762     Dis_Pseudo_Loss: 3.680774     Dis_target_Loss: -18.934153   Target_AttackLoss: 0.010250
2024-11-25T14:17:22.796282+08:00 - CRITICAL - 
Test set: Average loss: 1.2649, Accuracy: 5544/10000 (55%)

2024-11-25T14:17:24.831280+08:00 - CRITICAL - 
Test set: Average loss: 1.5129, Accuracy: 4717/10000 (47%)

2024-11-25T14:17:27.166785+08:00 - CRITICAL - Adaption Loss: 0.0837506651878357
2024-11-25T14:17:32.105076+08:00 - CRITICAL - Adaption Loss: 0.07849738001823425
2024-11-25T14:17:32.279438+08:00 - CRITICAL - Train Iteration: [2680/15000 (18%)]	   Pseudo_AttackLoss: 0.013634   Pseudo_target_mseloss: 0.045204     Vanila_D_Loss: -14.050523    D_Loss: -13.505650     Dis_Pseudo_Loss: -1.099580     Dis_target_Loss: -12.950943   Target_AttackLoss: 0.012863
2024-11-25T14:17:37.597652+08:00 - CRITICAL - Adaption Loss: 0.091865673661232
2024-11-25T14:17:39.385274+08:00 - CRITICAL - 
Test set: Average loss: 1.2607, Accuracy: 5560/10000 (56%)

2024-11-25T14:17:40.954865+08:00 - CRITICAL - 
Test set: Average loss: 1.4924, Accuracy: 4769/10000 (48%)

2024-11-25T14:17:45.512124+08:00 - CRITICAL - Adaption Loss: 0.08353986591100693
2024-11-25T14:17:45.658597+08:00 - CRITICAL - Train Iteration: [2720/15000 (18%)]	   Pseudo_AttackLoss: 0.010701   Pseudo_target_mseloss: 0.043869     Vanila_D_Loss: -14.181417    D_Loss: -13.724563     Dis_Pseudo_Loss: 4.120027     Dis_target_Loss: -18.301443   Target_AttackLoss: 0.010043
2024-11-25T14:17:50.326044+08:00 - CRITICAL - Adaption Loss: 0.08093807101249695
2024-11-25T14:17:54.839772+08:00 - CRITICAL - 
Test set: Average loss: 1.2971, Accuracy: 5330/10000 (53%)

2024-11-25T14:17:56.416821+08:00 - CRITICAL - 
Test set: Average loss: 1.5613, Accuracy: 4518/10000 (45%)

2024-11-25T14:17:58.466177+08:00 - CRITICAL - Adaption Loss: 0.08679590374231339
2024-11-25T14:17:58.594670+08:00 - CRITICAL - Train Iteration: [2760/15000 (18%)]	   Pseudo_AttackLoss: 0.012776   Pseudo_target_mseloss: 0.044721     Vanila_D_Loss: -13.888698    D_Loss: -13.631638     Dis_Pseudo_Loss: -5.496001     Dis_target_Loss: -8.392696   Target_AttackLoss: 0.010998
2024-11-25T14:18:02.910744+08:00 - CRITICAL - Adaption Loss: 0.0858069434762001
2024-11-25T14:18:07.306577+08:00 - CRITICAL - Adaption Loss: 0.083774134516716
2024-11-25T14:18:07.432665+08:00 - CRITICAL - Train Iteration: [2800/15000 (19%)]	   Pseudo_AttackLoss: 0.011840   Pseudo_target_mseloss: 0.045010     Vanila_D_Loss: -15.126449    D_Loss: -14.106613     Dis_Pseudo_Loss: 1.995137     Dis_target_Loss: -17.121586   Target_AttackLoss: 0.010188
2024-11-25T14:18:08.958171+08:00 - CRITICAL - 
Test set: Average loss: 1.2446, Accuracy: 5579/10000 (56%)

2024-11-25T14:18:10.505385+08:00 - CRITICAL - 
Test set: Average loss: 1.4541, Accuracy: 4809/10000 (48%)

2024-11-25T14:18:14.902974+08:00 - CRITICAL - Adaption Loss: 0.07701202481985092
2024-11-25T14:18:19.301978+08:00 - CRITICAL - Adaption Loss: 0.07903888821601868
2024-11-25T14:18:19.448139+08:00 - CRITICAL - Train Iteration: [2840/15000 (19%)]	   Pseudo_AttackLoss: 0.012479   Pseudo_target_mseloss: 0.052318     Vanila_D_Loss: -14.985221    D_Loss: -14.140733     Dis_Pseudo_Loss: 5.432569     Dis_target_Loss: -20.417789   Target_AttackLoss: 0.011004
2024-11-25T14:18:22.941273+08:00 - CRITICAL - 
Test set: Average loss: 1.3076, Accuracy: 5377/10000 (54%)

2024-11-25T14:18:24.230797+08:00 - CRITICAL - 
Test set: Average loss: 1.4773, Accuracy: 4750/10000 (48%)

2024-11-25T14:18:26.280173+08:00 - CRITICAL - Adaption Loss: 0.08848803490400314
2024-11-25T14:18:30.937433+08:00 - CRITICAL - Adaption Loss: 0.08507509529590607
2024-11-25T14:18:31.061052+08:00 - CRITICAL - Train Iteration: [2880/15000 (19%)]	   Pseudo_AttackLoss: 0.010312   Pseudo_target_mseloss: 0.053638     Vanila_D_Loss: -14.276352    D_Loss: -13.692204     Dis_Pseudo_Loss: 0.469240     Dis_target_Loss: -14.745592   Target_AttackLoss: 0.017254
2024-11-25T14:18:35.570346+08:00 - CRITICAL - Adaption Loss: 0.07984956353902817
2024-11-25T14:18:37.162823+08:00 - CRITICAL - 
Test set: Average loss: 1.2523, Accuracy: 5518/10000 (55%)

2024-11-25T14:18:38.506347+08:00 - CRITICAL - 
Test set: Average loss: 1.4217, Accuracy: 4948/10000 (49%)

2024-11-25T14:18:42.832400+08:00 - CRITICAL - Adaption Loss: 0.08189745247364044
2024-11-25T14:18:42.979006+08:00 - CRITICAL - Train Iteration: [2920/15000 (19%)]	   Pseudo_AttackLoss: 0.012311   Pseudo_target_mseloss: 0.047359     Vanila_D_Loss: -14.993307    D_Loss: -13.814876     Dis_Pseudo_Loss: 2.114498     Dis_target_Loss: -17.107805   Target_AttackLoss: 0.014470
2024-11-25T14:18:47.625551+08:00 - CRITICAL - Adaption Loss: 0.08365371823310852
2024-11-25T14:18:51.665523+08:00 - CRITICAL - 
Test set: Average loss: 1.2370, Accuracy: 5551/10000 (56%)

2024-11-25T14:18:53.096850+08:00 - CRITICAL - 
Test set: Average loss: 1.3734, Accuracy: 5043/10000 (50%)

2024-11-25T14:18:55.081394+08:00 - CRITICAL - Adaption Loss: 0.08334513008594513
2024-11-25T14:18:55.227407+08:00 - CRITICAL - Train Iteration: [2960/15000 (20%)]	   Pseudo_AttackLoss: 0.012042   Pseudo_target_mseloss: 0.045286     Vanila_D_Loss: -14.539898    D_Loss: -13.237848     Dis_Pseudo_Loss: 3.193905     Dis_target_Loss: -17.733803   Target_AttackLoss: 0.010124
2024-11-25T14:18:59.969342+08:00 - CRITICAL - Adaption Loss: 0.08012861013412476
2024-11-25T14:19:04.472106+08:00 - CRITICAL - Adaption Loss: 0.08509556204080582
2024-11-25T14:19:04.621909+08:00 - CRITICAL - Train Iteration: [3000/15000 (20%)]	   Pseudo_AttackLoss: 0.011327   Pseudo_target_mseloss: 0.041610     Vanila_D_Loss: -13.799965    D_Loss: -13.309210     Dis_Pseudo_Loss: 8.196260     Dis_target_Loss: -21.996225   Target_AttackLoss: 0.009805
2024-11-25T14:19:06.311721+08:00 - CRITICAL - 
Test set: Average loss: 1.2479, Accuracy: 5522/10000 (55%)

2024-11-25T14:19:07.663250+08:00 - CRITICAL - 
Test set: Average loss: 1.4343, Accuracy: 4931/10000 (49%)

2024-11-25T14:19:11.942022+08:00 - CRITICAL - Adaption Loss: 0.0877716988325119
2024-11-25T14:19:16.623633+08:00 - CRITICAL - Adaption Loss: 0.08465877920389175
2024-11-25T14:19:16.757372+08:00 - CRITICAL - Train Iteration: [3040/15000 (20%)]	   Pseudo_AttackLoss: 0.010389   Pseudo_target_mseloss: 0.038755     Vanila_D_Loss: -14.342232    D_Loss: -13.916904     Dis_Pseudo_Loss: 3.774868     Dis_target_Loss: -18.117100   Target_AttackLoss: 0.009569
2024-11-25T14:19:21.019598+08:00 - CRITICAL - 
Test set: Average loss: 1.2183, Accuracy: 5761/10000 (58%)

2024-11-25T14:19:22.786720+08:00 - CRITICAL - 
Test set: Average loss: 1.3596, Accuracy: 5176/10000 (52%)

2024-11-25T14:19:25.069913+08:00 - CRITICAL - Adaption Loss: 0.07520904392004013
2024-11-25T14:19:29.924788+08:00 - CRITICAL - Adaption Loss: 0.08675442636013031
2024-11-25T14:19:30.105397+08:00 - CRITICAL - Train Iteration: [3080/15000 (21%)]	   Pseudo_AttackLoss: 0.010717   Pseudo_target_mseloss: 0.041389     Vanila_D_Loss: -13.675289    D_Loss: -13.222239     Dis_Pseudo_Loss: -0.291496     Dis_target_Loss: -13.383793   Target_AttackLoss: 0.009981
2024-11-25T14:19:34.543906+08:00 - CRITICAL - Adaption Loss: 0.09145957976579666
2024-11-25T14:19:36.548354+08:00 - CRITICAL - 
Test set: Average loss: 1.2140, Accuracy: 5719/10000 (57%)

2024-11-25T14:19:38.218950+08:00 - CRITICAL - 
Test set: Average loss: 1.3404, Accuracy: 5243/10000 (52%)

2024-11-25T14:19:42.832880+08:00 - CRITICAL - Adaption Loss: 0.07565366476774216
2024-11-25T14:19:42.983975+08:00 - CRITICAL - Train Iteration: [3120/15000 (21%)]	   Pseudo_AttackLoss: 0.013620   Pseudo_target_mseloss: 0.039757     Vanila_D_Loss: -13.547697    D_Loss: -12.818727     Dis_Pseudo_Loss: 5.320673     Dis_target_Loss: -18.868370   Target_AttackLoss: 0.009922
2024-11-25T14:19:48.051654+08:00 - CRITICAL - Adaption Loss: 0.08565153926610947
2024-11-25T14:19:52.888593+08:00 - CRITICAL - 
Test set: Average loss: 1.2140, Accuracy: 5721/10000 (57%)

2024-11-25T14:19:54.722965+08:00 - CRITICAL - 
Test set: Average loss: 1.4356, Accuracy: 4888/10000 (49%)

2024-11-25T14:19:57.034921+08:00 - CRITICAL - Adaption Loss: 0.07489879429340363
2024-11-25T14:19:57.192839+08:00 - CRITICAL - Train Iteration: [3160/15000 (21%)]	   Pseudo_AttackLoss: 0.010426   Pseudo_target_mseloss: 0.042442     Vanila_D_Loss: -14.176682    D_Loss: -12.125475     Dis_Pseudo_Loss: 0.956516     Dis_target_Loss: -15.133199   Target_AttackLoss: 0.009851
2024-11-25T14:20:02.099082+08:00 - CRITICAL - Adaption Loss: 0.08245217055082321
2024-11-25T14:20:07.236435+08:00 - CRITICAL - Adaption Loss: 0.08361886441707611
2024-11-25T14:20:07.453249+08:00 - CRITICAL - Train Iteration: [3200/15000 (21%)]	   Pseudo_AttackLoss: 0.009973   Pseudo_target_mseloss: 0.042584     Vanila_D_Loss: -14.994132    D_Loss: -14.075613     Dis_Pseudo_Loss: -3.172692     Dis_target_Loss: -11.821440   Target_AttackLoss: 0.011055
2024-11-25T14:20:09.857871+08:00 - CRITICAL - 
Test set: Average loss: 1.1958, Accuracy: 5736/10000 (57%)

2024-11-25T14:20:11.935597+08:00 - CRITICAL - 
Test set: Average loss: 1.4555, Accuracy: 4951/10000 (50%)

2024-11-25T14:20:16.843276+08:00 - CRITICAL - Adaption Loss: 0.08509340137243271
2024-11-25T14:20:21.673867+08:00 - CRITICAL - Adaption Loss: 0.08451502025127411
2024-11-25T14:20:21.824554+08:00 - CRITICAL - Train Iteration: [3240/15000 (22%)]	   Pseudo_AttackLoss: 0.015056   Pseudo_target_mseloss: 0.043753     Vanila_D_Loss: -13.829891    D_Loss: -13.143570     Dis_Pseudo_Loss: 5.797650     Dis_target_Loss: -19.627541   Target_AttackLoss: 0.010676
2024-11-25T14:20:26.039282+08:00 - CRITICAL - 
Test set: Average loss: 1.2519, Accuracy: 5617/10000 (56%)

2024-11-25T14:20:28.096161+08:00 - CRITICAL - 
Test set: Average loss: 1.4197, Accuracy: 5083/10000 (51%)

2024-11-25T14:20:30.395570+08:00 - CRITICAL - Adaption Loss: 0.08044008910655975
2024-11-25T14:20:35.198309+08:00 - CRITICAL - Adaption Loss: 0.084942527115345
2024-11-25T14:20:35.330577+08:00 - CRITICAL - Train Iteration: [3280/15000 (22%)]	   Pseudo_AttackLoss: 0.010433   Pseudo_target_mseloss: 0.041081     Vanila_D_Loss: -13.609260    D_Loss: -12.962588     Dis_Pseudo_Loss: -6.888290     Dis_target_Loss: -6.720970   Target_AttackLoss: 0.013139
2024-11-25T14:20:40.204960+08:00 - CRITICAL - Adaption Loss: 0.08964425325393677
2024-11-25T14:20:42.070032+08:00 - CRITICAL - 
Test set: Average loss: 1.2031, Accuracy: 5765/10000 (58%)

2024-11-25T14:20:43.971246+08:00 - CRITICAL - 
Test set: Average loss: 1.3743, Accuracy: 5127/10000 (51%)

2024-11-25T14:20:49.377236+08:00 - CRITICAL - Adaption Loss: 0.07906471937894821
2024-11-25T14:20:49.540669+08:00 - CRITICAL - Train Iteration: [3320/15000 (22%)]	   Pseudo_AttackLoss: 0.014627   Pseudo_target_mseloss: 0.039102     Vanila_D_Loss: -13.898682    D_Loss: -13.280447     Dis_Pseudo_Loss: -0.946120     Dis_target_Loss: -12.952561   Target_AttackLoss: 0.009633
2024-11-25T14:20:54.586449+08:00 - CRITICAL - Adaption Loss: 0.08408522605895996
2024-11-25T14:20:58.803299+08:00 - CRITICAL - 
Test set: Average loss: 1.2089, Accuracy: 5705/10000 (57%)

2024-11-25T14:21:00.502740+08:00 - CRITICAL - 
Test set: Average loss: 1.3433, Accuracy: 5186/10000 (52%)

2024-11-25T14:21:02.711645+08:00 - CRITICAL - Adaption Loss: 0.08729128539562225
2024-11-25T14:21:02.859944+08:00 - CRITICAL - Train Iteration: [3360/15000 (22%)]	   Pseudo_AttackLoss: 0.010866   Pseudo_target_mseloss: 0.038949     Vanila_D_Loss: -14.180007    D_Loss: -13.777748     Dis_Pseudo_Loss: 0.427037     Dis_target_Loss: -14.607044   Target_AttackLoss: 0.010460
2024-11-25T14:21:07.590816+08:00 - CRITICAL - Adaption Loss: 0.07797732204198837
2024-11-25T14:21:12.570525+08:00 - CRITICAL - Adaption Loss: 0.0961974561214447
2024-11-25T14:21:12.721074+08:00 - CRITICAL - Train Iteration: [3400/15000 (23%)]	   Pseudo_AttackLoss: 0.010534   Pseudo_target_mseloss: 0.041135     Vanila_D_Loss: -16.238214    D_Loss: -15.760679     Dis_Pseudo_Loss: -0.872011     Dis_target_Loss: -15.366204   Target_AttackLoss: 0.008809
2024-11-25T14:21:14.356025+08:00 - CRITICAL - 
Test set: Average loss: 1.2259, Accuracy: 5666/10000 (57%)

2024-11-25T14:21:16.039609+08:00 - CRITICAL - 
Test set: Average loss: 1.3421, Accuracy: 5213/10000 (52%)

2024-11-25T14:21:20.702682+08:00 - CRITICAL - Adaption Loss: 0.07980573177337646
2024-11-25T14:21:25.559525+08:00 - CRITICAL - Adaption Loss: 0.0796392410993576
2024-11-25T14:21:25.694636+08:00 - CRITICAL - Train Iteration: [3440/15000 (23%)]	   Pseudo_AttackLoss: 0.009970   Pseudo_target_mseloss: 0.041254     Vanila_D_Loss: -14.600030    D_Loss: -13.951204     Dis_Pseudo_Loss: 4.437226     Dis_target_Loss: -19.037256   Target_AttackLoss: 0.013700
2024-11-25T14:21:29.421817+08:00 - CRITICAL - 
Test set: Average loss: 1.2008, Accuracy: 5826/10000 (58%)

2024-11-25T14:21:30.769461+08:00 - CRITICAL - 
Test set: Average loss: 1.3681, Accuracy: 5301/10000 (53%)

2024-11-25T14:21:32.825586+08:00 - CRITICAL - Adaption Loss: 0.08292195200920105
2024-11-25T14:21:37.437568+08:00 - CRITICAL - Adaption Loss: 0.07727839052677155
2024-11-25T14:21:37.575254+08:00 - CRITICAL - Train Iteration: [3480/15000 (23%)]	   Pseudo_AttackLoss: 0.012821   Pseudo_target_mseloss: 0.043290     Vanila_D_Loss: -15.498778    D_Loss: -14.376860     Dis_Pseudo_Loss: -2.276215     Dis_target_Loss: -13.222564   Target_AttackLoss: 0.010211
2024-11-25T14:21:41.986572+08:00 - CRITICAL - Adaption Loss: 0.08221178501844406
2024-11-25T14:21:43.457619+08:00 - CRITICAL - 
Test set: Average loss: 1.2092, Accuracy: 5750/10000 (58%)

2024-11-25T14:21:44.817610+08:00 - CRITICAL - 
Test set: Average loss: 1.4516, Accuracy: 4971/10000 (50%)

2024-11-25T14:21:49.267735+08:00 - CRITICAL - Adaption Loss: 0.08181501924991608
2024-11-25T14:21:49.406061+08:00 - CRITICAL - Train Iteration: [3520/15000 (23%)]	   Pseudo_AttackLoss: 0.008930   Pseudo_target_mseloss: 0.049939     Vanila_D_Loss: -16.800755    D_Loss: -16.128468     Dis_Pseudo_Loss: -0.257448     Dis_target_Loss: -16.543306   Target_AttackLoss: 0.010387
2024-11-25T14:21:53.820997+08:00 - CRITICAL - Adaption Loss: 0.08558253943920135
2024-11-25T14:21:58.193915+08:00 - CRITICAL - 
Test set: Average loss: 1.2129, Accuracy: 5820/10000 (58%)

2024-11-25T14:22:00.015794+08:00 - CRITICAL - 
Test set: Average loss: 1.3181, Accuracy: 5467/10000 (55%)

2024-11-25T14:22:02.398477+08:00 - CRITICAL - Adaption Loss: 0.08377446979284286
2024-11-25T14:22:02.590981+08:00 - CRITICAL - Train Iteration: [3560/15000 (24%)]	   Pseudo_AttackLoss: 0.011105   Pseudo_target_mseloss: 0.037688     Vanila_D_Loss: -13.797522    D_Loss: -13.342702     Dis_Pseudo_Loss: 0.124617     Dis_target_Loss: -13.922138   Target_AttackLoss: 0.009364
2024-11-25T14:22:07.840903+08:00 - CRITICAL - Adaption Loss: 0.07764468342065811
2024-11-25T14:22:13.283305+08:00 - CRITICAL - Adaption Loss: 0.08325684070587158
2024-11-25T14:22:13.494956+08:00 - CRITICAL - Train Iteration: [3600/15000 (24%)]	   Pseudo_AttackLoss: 0.009198   Pseudo_target_mseloss: 0.036816     Vanila_D_Loss: -12.174177    D_Loss: -4.858359     Dis_Pseudo_Loss: 2.022210     Dis_target_Loss: -14.196386   Target_AttackLoss: 0.010770
2024-11-25T14:22:15.790898+08:00 - CRITICAL - 
Test set: Average loss: 1.1828, Accuracy: 5860/10000 (59%)

2024-11-25T14:22:18.108855+08:00 - CRITICAL - 
Test set: Average loss: 1.3006, Accuracy: 5421/10000 (54%)

2024-11-25T14:22:23.192678+08:00 - CRITICAL - Adaption Loss: 0.07862081378698349
2024-11-25T14:22:28.205629+08:00 - CRITICAL - Adaption Loss: 0.08745832741260529
2024-11-25T14:22:28.353222+08:00 - CRITICAL - Train Iteration: [3640/15000 (24%)]	   Pseudo_AttackLoss: 0.011927   Pseudo_target_mseloss: 0.038042     Vanila_D_Loss: -14.054993    D_Loss: -13.515179     Dis_Pseudo_Loss: 5.626909     Dis_target_Loss: -19.681902   Target_AttackLoss: 0.009680
2024-11-25T14:22:32.929975+08:00 - CRITICAL - 
Test set: Average loss: 1.1784, Accuracy: 5940/10000 (59%)

2024-11-25T14:22:35.052662+08:00 - CRITICAL - 
Test set: Average loss: 1.3604, Accuracy: 5261/10000 (53%)

2024-11-25T14:22:37.406417+08:00 - CRITICAL - Adaption Loss: 0.09042823314666748
2024-11-25T14:22:42.723362+08:00 - CRITICAL - Adaption Loss: 0.09364227205514908
2024-11-25T14:22:42.897112+08:00 - CRITICAL - Train Iteration: [3680/15000 (25%)]	   Pseudo_AttackLoss: 0.009371   Pseudo_target_mseloss: 0.049420     Vanila_D_Loss: -14.339252    D_Loss: -14.096028     Dis_Pseudo_Loss: -0.534308     Dis_target_Loss: -13.804944   Target_AttackLoss: 0.015058
2024-11-25T14:22:47.930177+08:00 - CRITICAL - Adaption Loss: 0.08920840919017792
2024-11-25T14:22:50.208564+08:00 - CRITICAL - 
Test set: Average loss: 1.1311, Accuracy: 6047/10000 (60%)

2024-11-25T14:22:51.733221+08:00 - CRITICAL - 
Test set: Average loss: 1.3074, Accuracy: 5401/10000 (54%)

2024-11-25T14:22:56.866128+08:00 - CRITICAL - Adaption Loss: 0.08050110191106796
2024-11-25T14:22:57.046589+08:00 - CRITICAL - Train Iteration: [3720/15000 (25%)]	   Pseudo_AttackLoss: 0.011606   Pseudo_target_mseloss: 0.040139     Vanila_D_Loss: -13.076321    D_Loss: -12.616181     Dis_Pseudo_Loss: 3.185905     Dis_target_Loss: -16.262226   Target_AttackLoss: 0.010613
2024-11-25T14:23:02.385135+08:00 - CRITICAL - Adaption Loss: 0.08777137100696564
2024-11-25T14:23:07.646496+08:00 - CRITICAL - 
Test set: Average loss: 1.1421, Accuracy: 6022/10000 (60%)

2024-11-25T14:23:09.648606+08:00 - CRITICAL - 
Test set: Average loss: 1.3429, Accuracy: 5308/10000 (53%)

2024-11-25T14:23:12.083295+08:00 - CRITICAL - Adaption Loss: 0.08714401721954346
2024-11-25T14:23:12.242585+08:00 - CRITICAL - Train Iteration: [3760/15000 (25%)]	   Pseudo_AttackLoss: 0.012518   Pseudo_target_mseloss: 0.040924     Vanila_D_Loss: -15.178691    D_Loss: -14.858576     Dis_Pseudo_Loss: 1.737754     Dis_target_Loss: -16.916445   Target_AttackLoss: 0.009973
2024-11-25T14:23:17.184385+08:00 - CRITICAL - Adaption Loss: 0.07925327867269516
2024-11-25T14:23:22.299595+08:00 - CRITICAL - Adaption Loss: 0.08474932610988617
2024-11-25T14:23:22.456304+08:00 - CRITICAL - Train Iteration: [3800/15000 (25%)]	   Pseudo_AttackLoss: 0.009664   Pseudo_target_mseloss: 0.040933     Vanila_D_Loss: -13.694023    D_Loss: -13.248049     Dis_Pseudo_Loss: -2.322930     Dis_target_Loss: -11.371093   Target_AttackLoss: 0.010063
2024-11-25T14:23:24.459358+08:00 - CRITICAL - 
Test set: Average loss: 1.1445, Accuracy: 6018/10000 (60%)

2024-11-25T14:23:26.457394+08:00 - CRITICAL - 
Test set: Average loss: 1.3409, Accuracy: 5399/10000 (54%)

2024-11-25T14:23:31.554368+08:00 - CRITICAL - Adaption Loss: 0.08127830922603607
2024-11-25T14:23:36.810055+08:00 - CRITICAL - Adaption Loss: 0.08288310468196869
2024-11-25T14:23:36.971726+08:00 - CRITICAL - Train Iteration: [3840/15000 (26%)]	   Pseudo_AttackLoss: 0.010127   Pseudo_target_mseloss: 0.039676     Vanila_D_Loss: -12.866911    D_Loss: -12.334492     Dis_Pseudo_Loss: -4.754498     Dis_target_Loss: -8.112413   Target_AttackLoss: 0.011718
2024-11-25T14:23:41.094466+08:00 - CRITICAL - 
Test set: Average loss: 1.1641, Accuracy: 5892/10000 (59%)

2024-11-25T14:23:42.753947+08:00 - CRITICAL - 
Test set: Average loss: 1.3710, Accuracy: 5177/10000 (52%)

2024-11-25T14:23:45.061956+08:00 - CRITICAL - Adaption Loss: 0.08259659260511398
2024-11-25T14:23:49.831757+08:00 - CRITICAL - Adaption Loss: 0.08390060812234879
2024-11-25T14:23:49.969187+08:00 - CRITICAL - Train Iteration: [3880/15000 (26%)]	   Pseudo_AttackLoss: 0.007874   Pseudo_target_mseloss: 0.033949     Vanila_D_Loss: -12.399414    D_Loss: -12.059949     Dis_Pseudo_Loss: -0.305848     Dis_target_Loss: -12.093566   Target_AttackLoss: 0.009563
2024-11-25T14:23:54.751398+08:00 - CRITICAL - Adaption Loss: 0.08472173660993576
2024-11-25T14:23:56.555758+08:00 - CRITICAL - 
Test set: Average loss: 1.1266, Accuracy: 6051/10000 (61%)

2024-11-25T14:23:58.112661+08:00 - CRITICAL - 
Test set: Average loss: 1.2447, Accuracy: 5653/10000 (57%)

2024-11-25T14:24:02.745620+08:00 - CRITICAL - Adaption Loss: 0.07807545363903046
2024-11-25T14:24:02.886814+08:00 - CRITICAL - Train Iteration: [3920/15000 (26%)]	   Pseudo_AttackLoss: 0.008865   Pseudo_target_mseloss: 0.038970     Vanila_D_Loss: -13.445806    D_Loss: -12.979019     Dis_Pseudo_Loss: -1.097512     Dis_target_Loss: -12.348293   Target_AttackLoss: 0.011174
2024-11-25T14:24:07.368890+08:00 - CRITICAL - Adaption Loss: 0.08456092327833176
2024-11-25T14:24:11.190020+08:00 - CRITICAL - 
Test set: Average loss: 1.1319, Accuracy: 6057/10000 (61%)

2024-11-25T14:24:12.457307+08:00 - CRITICAL - 
Test set: Average loss: 1.3247, Accuracy: 5511/10000 (55%)

2024-11-25T14:24:14.449451+08:00 - CRITICAL - Adaption Loss: 0.08170954883098602
2024-11-25T14:24:14.590477+08:00 - CRITICAL - Train Iteration: [3960/15000 (26%)]	   Pseudo_AttackLoss: 0.008981   Pseudo_target_mseloss: 0.036534     Vanila_D_Loss: -12.046152    D_Loss: -11.426845     Dis_Pseudo_Loss: 6.647474     Dis_target_Loss: -18.693626   Target_AttackLoss: 0.009021
2024-11-25T14:24:18.983015+08:00 - CRITICAL - Adaption Loss: 0.08196049928665161
2024-11-25T14:24:23.575191+08:00 - CRITICAL - Adaption Loss: 0.07901442050933838
2024-11-25T14:24:23.710440+08:00 - CRITICAL - Train Iteration: [4000/15000 (27%)]	   Pseudo_AttackLoss: 0.010106   Pseudo_target_mseloss: 0.033976     Vanila_D_Loss: -13.471111    D_Loss: -13.154892     Dis_Pseudo_Loss: 1.674732     Dis_target_Loss: -15.145844   Target_AttackLoss: 0.007821
2024-11-25T14:24:25.601287+08:00 - CRITICAL - 
Test set: Average loss: 1.1702, Accuracy: 5996/10000 (60%)

2024-11-25T14:24:27.503162+08:00 - CRITICAL - 
Test set: Average loss: 1.3283, Accuracy: 5510/10000 (55%)

2024-11-25T14:24:31.961511+08:00 - CRITICAL - Adaption Loss: 0.0833367109298706
2024-11-25T14:24:36.546611+08:00 - CRITICAL - Adaption Loss: 0.08197461068630219
2024-11-25T14:24:36.702304+08:00 - CRITICAL - Train Iteration: [4040/15000 (27%)]	   Pseudo_AttackLoss: 0.011488   Pseudo_target_mseloss: 0.034684     Vanila_D_Loss: -13.218845    D_Loss: -12.798461     Dis_Pseudo_Loss: -1.418816     Dis_target_Loss: -11.800030   Target_AttackLoss: 0.008454
2024-11-25T14:24:41.031532+08:00 - CRITICAL - 
Test set: Average loss: 1.1340, Accuracy: 6019/10000 (60%)

2024-11-25T14:24:42.985678+08:00 - CRITICAL - 
Test set: Average loss: 1.2474, Accuracy: 5616/10000 (56%)

2024-11-25T14:24:45.251121+08:00 - CRITICAL - Adaption Loss: 0.08586791157722473
2024-11-25T14:24:50.290086+08:00 - CRITICAL - Adaption Loss: 0.07849447429180145
2024-11-25T14:24:50.449510+08:00 - CRITICAL - Train Iteration: [4080/15000 (27%)]	   Pseudo_AttackLoss: 0.012605   Pseudo_target_mseloss: 0.041283     Vanila_D_Loss: -14.359324    D_Loss: -14.055847     Dis_Pseudo_Loss: 4.945016     Dis_target_Loss: -19.304340   Target_AttackLoss: 0.010552
2024-11-25T14:24:54.739333+08:00 - CRITICAL - Adaption Loss: 0.08137157559394836
2024-11-25T14:24:56.537220+08:00 - CRITICAL - 
Test set: Average loss: 1.1607, Accuracy: 6002/10000 (60%)

2024-11-25T14:24:58.134326+08:00 - CRITICAL - 
Test set: Average loss: 1.2799, Accuracy: 5644/10000 (56%)

2024-11-25T14:25:02.641421+08:00 - CRITICAL - Adaption Loss: 0.0773777887225151
2024-11-25T14:25:02.792173+08:00 - CRITICAL - Train Iteration: [4120/15000 (27%)]	   Pseudo_AttackLoss: 0.010458   Pseudo_target_mseloss: 0.038394     Vanila_D_Loss: -13.689378    D_Loss: -13.249637     Dis_Pseudo_Loss: -0.201202     Dis_target_Loss: -13.488175   Target_AttackLoss: 0.010045
2024-11-25T14:25:07.338884+08:00 - CRITICAL - Adaption Loss: 0.08517557382583618
2024-11-25T14:25:11.082962+08:00 - CRITICAL - 
Test set: Average loss: 1.1295, Accuracy: 6038/10000 (60%)

2024-11-25T14:25:12.643417+08:00 - CRITICAL - 
Test set: Average loss: 1.2559, Accuracy: 5627/10000 (56%)

2024-11-25T14:25:14.829818+08:00 - CRITICAL - Adaption Loss: 0.07762035727500916
2024-11-25T14:25:14.958544+08:00 - CRITICAL - Train Iteration: [4160/15000 (28%)]	   Pseudo_AttackLoss: 0.010466   Pseudo_target_mseloss: 0.044164     Vanila_D_Loss: -12.732747    D_Loss: -12.381849     Dis_Pseudo_Loss: 1.706674     Dis_target_Loss: -14.439421   Target_AttackLoss: 0.014727
2024-11-25T14:25:19.326958+08:00 - CRITICAL - Adaption Loss: 0.08581408858299255
2024-11-25T14:25:23.412812+08:00 - CRITICAL - Adaption Loss: 0.08096551895141602
2024-11-25T14:25:23.551660+08:00 - CRITICAL - Train Iteration: [4200/15000 (28%)]	   Pseudo_AttackLoss: 0.010213   Pseudo_target_mseloss: 0.043084     Vanila_D_Loss: -13.579075    D_Loss: -13.362454     Dis_Pseudo_Loss: -1.188101     Dis_target_Loss: -12.390974   Target_AttackLoss: 0.013073
2024-11-25T14:25:24.986175+08:00 - CRITICAL - 
Test set: Average loss: 1.1040, Accuracy: 6187/10000 (62%)

2024-11-25T14:25:26.511263+08:00 - CRITICAL - 
Test set: Average loss: 1.3127, Accuracy: 5572/10000 (56%)

2024-11-25T14:25:31.109419+08:00 - CRITICAL - Adaption Loss: 0.08851183950901031
2024-11-25T14:25:35.634016+08:00 - CRITICAL - Adaption Loss: 0.08405441790819168
2024-11-25T14:25:35.774107+08:00 - CRITICAL - Train Iteration: [4240/15000 (28%)]	   Pseudo_AttackLoss: 0.010350   Pseudo_target_mseloss: 0.035971     Vanila_D_Loss: -14.246821    D_Loss: -13.837832     Dis_Pseudo_Loss: -1.130244     Dis_target_Loss: -13.116578   Target_AttackLoss: 0.008993
2024-11-25T14:25:40.001362+08:00 - CRITICAL - 
Test set: Average loss: 1.1165, Accuracy: 6106/10000 (61%)

2024-11-25T14:25:41.574438+08:00 - CRITICAL - 
Test set: Average loss: 1.2576, Accuracy: 5612/10000 (56%)

2024-11-25T14:25:43.769769+08:00 - CRITICAL - Adaption Loss: 0.08897694200277328
2024-11-25T14:25:48.539884+08:00 - CRITICAL - Adaption Loss: 0.0919535830616951
2024-11-25T14:25:48.719912+08:00 - CRITICAL - Train Iteration: [4280/15000 (29%)]	   Pseudo_AttackLoss: 0.010841   Pseudo_target_mseloss: 0.037060     Vanila_D_Loss: -12.750404    D_Loss: -12.508059     Dis_Pseudo_Loss: 2.402593     Dis_target_Loss: -15.152998   Target_AttackLoss: 0.008969
2024-11-25T14:25:53.456486+08:00 - CRITICAL - Adaption Loss: 0.08924645930528641
2024-11-25T14:25:55.873263+08:00 - CRITICAL - 
Test set: Average loss: 1.1639, Accuracy: 5912/10000 (59%)

2024-11-25T14:25:57.743703+08:00 - CRITICAL - 
Test set: Average loss: 1.3143, Accuracy: 5390/10000 (54%)

2024-11-25T14:26:02.080137+08:00 - CRITICAL - Adaption Loss: 0.08646802604198456
2024-11-25T14:26:02.259408+08:00 - CRITICAL - Train Iteration: [4320/15000 (29%)]	   Pseudo_AttackLoss: 0.010411   Pseudo_target_mseloss: 0.033823     Vanila_D_Loss: -11.850546    D_Loss: -11.468161     Dis_Pseudo_Loss: -3.039728     Dis_target_Loss: -8.810819   Target_AttackLoss: 0.009598
2024-11-25T14:26:06.565590+08:00 - CRITICAL - Adaption Loss: 0.0773635134100914
2024-11-25T14:26:10.648163+08:00 - CRITICAL - 
Test set: Average loss: 1.1450, Accuracy: 6018/10000 (60%)

2024-11-25T14:26:12.214009+08:00 - CRITICAL - 
Test set: Average loss: 1.2809, Accuracy: 5471/10000 (55%)

2024-11-25T14:26:14.477002+08:00 - CRITICAL - Adaption Loss: 0.08458365499973297
2024-11-25T14:26:14.646585+08:00 - CRITICAL - Train Iteration: [4360/15000 (29%)]	   Pseudo_AttackLoss: 0.011449   Pseudo_target_mseloss: 0.042149     Vanila_D_Loss: -13.059063    D_Loss: -12.257292     Dis_Pseudo_Loss: 1.999000     Dis_target_Loss: -15.058064   Target_AttackLoss: 0.012066
2024-11-25T14:26:19.507986+08:00 - CRITICAL - Adaption Loss: 0.09073779731988907
2024-11-25T14:26:24.178022+08:00 - CRITICAL - Adaption Loss: 0.07774045318365097
2024-11-25T14:26:24.319891+08:00 - CRITICAL - Train Iteration: [4400/15000 (29%)]	   Pseudo_AttackLoss: 0.009393   Pseudo_target_mseloss: 0.038446     Vanila_D_Loss: -13.328255    D_Loss: -12.333753     Dis_Pseudo_Loss: 4.159794     Dis_target_Loss: -17.488049   Target_AttackLoss: 0.009048
2024-11-25T14:26:25.932100+08:00 - CRITICAL - 
Test set: Average loss: 1.1184, Accuracy: 6052/10000 (61%)

2024-11-25T14:26:27.440879+08:00 - CRITICAL - 
Test set: Average loss: 1.2028, Accuracy: 5762/10000 (58%)

2024-11-25T14:26:31.379420+08:00 - CRITICAL - Adaption Loss: 0.08833672106266022
2024-11-25T14:26:35.790631+08:00 - CRITICAL - Adaption Loss: 0.09419471770524979
2024-11-25T14:26:35.958335+08:00 - CRITICAL - Train Iteration: [4440/15000 (30%)]	   Pseudo_AttackLoss: 0.012479   Pseudo_target_mseloss: 0.034781     Vanila_D_Loss: -14.999284    D_Loss: -14.435760     Dis_Pseudo_Loss: 5.068582     Dis_target_Loss: -20.067865   Target_AttackLoss: 0.008312
2024-11-25T14:26:40.864151+08:00 - CRITICAL - 
Test set: Average loss: 1.1214, Accuracy: 6077/10000 (61%)

2024-11-25T14:26:42.929208+08:00 - CRITICAL - 
Test set: Average loss: 1.2542, Accuracy: 5610/10000 (56%)

2024-11-25T14:26:45.274498+08:00 - CRITICAL - Adaption Loss: 0.08593416213989258
2024-11-25T14:26:50.467245+08:00 - CRITICAL - Adaption Loss: 0.08996545523405075
2024-11-25T14:26:50.616235+08:00 - CRITICAL - Train Iteration: [4480/15000 (30%)]	   Pseudo_AttackLoss: 0.009663   Pseudo_target_mseloss: 0.036648     Vanila_D_Loss: -12.629444    D_Loss: -12.072140     Dis_Pseudo_Loss: 1.136951     Dis_target_Loss: -13.766396   Target_AttackLoss: 0.009739
2024-11-25T14:26:55.424400+08:00 - CRITICAL - Adaption Loss: 0.07947930693626404
2024-11-25T14:26:57.724583+08:00 - CRITICAL - 
Test set: Average loss: 1.1189, Accuracy: 6059/10000 (61%)

2024-11-25T14:26:59.588492+08:00 - CRITICAL - 
Test set: Average loss: 1.2383, Accuracy: 5646/10000 (56%)

2024-11-25T14:27:04.298004+08:00 - CRITICAL - Adaption Loss: 0.0851932018995285
2024-11-25T14:27:04.448886+08:00 - CRITICAL - Train Iteration: [4520/15000 (30%)]	   Pseudo_AttackLoss: 0.009163   Pseudo_target_mseloss: 0.037370     Vanila_D_Loss: -12.565872    D_Loss: -12.087909     Dis_Pseudo_Loss: -0.594832     Dis_target_Loss: -11.971041   Target_AttackLoss: 0.009584
2024-11-25T14:27:08.933477+08:00 - CRITICAL - Adaption Loss: 0.07732796669006348
2024-11-25T14:27:13.276442+08:00 - CRITICAL - 
Test set: Average loss: 1.0760, Accuracy: 6216/10000 (62%)

2024-11-25T14:27:14.790976+08:00 - CRITICAL - 
Test set: Average loss: 1.2280, Accuracy: 5712/10000 (57%)

2024-11-25T14:27:17.002977+08:00 - CRITICAL - Adaption Loss: 0.08028727769851685
2024-11-25T14:27:17.175943+08:00 - CRITICAL - Train Iteration: [4560/15000 (30%)]	   Pseudo_AttackLoss: 0.008928   Pseudo_target_mseloss: 0.036129     Vanila_D_Loss: -12.788980    D_Loss: -11.316453     Dis_Pseudo_Loss: 3.052528     Dis_target_Loss: -15.841509   Target_AttackLoss: 0.010030
2024-11-25T14:27:21.506819+08:00 - CRITICAL - Adaption Loss: 0.07983133941888809
2024-11-25T14:27:26.185934+08:00 - CRITICAL - Adaption Loss: 0.08729429543018341
2024-11-25T14:27:26.324696+08:00 - CRITICAL - Train Iteration: [4600/15000 (31%)]	   Pseudo_AttackLoss: 0.009677   Pseudo_target_mseloss: 0.034218     Vanila_D_Loss: -12.907345    D_Loss: -11.455482     Dis_Pseudo_Loss: 7.209934     Dis_target_Loss: -20.117279   Target_AttackLoss: 0.009431
2024-11-25T14:27:28.548576+08:00 - CRITICAL - 
Test set: Average loss: 1.0941, Accuracy: 6177/10000 (62%)

2024-11-25T14:27:30.345232+08:00 - CRITICAL - 
Test set: Average loss: 1.2510, Accuracy: 5670/10000 (57%)

2024-11-25T14:27:34.937948+08:00 - CRITICAL - Adaption Loss: 0.08318641781806946
2024-11-25T14:27:39.235265+08:00 - CRITICAL - Adaption Loss: 0.0862903967499733
2024-11-25T14:27:39.386376+08:00 - CRITICAL - Train Iteration: [4640/15000 (31%)]	   Pseudo_AttackLoss: 0.009610   Pseudo_target_mseloss: 0.033826     Vanila_D_Loss: -12.339704    D_Loss: -11.964506     Dis_Pseudo_Loss: 0.082972     Dis_target_Loss: -12.422676   Target_AttackLoss: 0.010825
2024-11-25T14:27:42.991297+08:00 - CRITICAL - 
Test set: Average loss: 1.0735, Accuracy: 6234/10000 (62%)

2024-11-25T14:27:44.229051+08:00 - CRITICAL - 
Test set: Average loss: 1.2232, Accuracy: 5635/10000 (56%)

2024-11-25T14:27:46.320289+08:00 - CRITICAL - Adaption Loss: 0.08427931368350983
2024-11-25T14:27:50.826693+08:00 - CRITICAL - Adaption Loss: 0.08730342984199524
2024-11-25T14:27:50.955650+08:00 - CRITICAL - Train Iteration: [4680/15000 (31%)]	   Pseudo_AttackLoss: 0.012887   Pseudo_target_mseloss: 0.031708     Vanila_D_Loss: -13.586041    D_Loss: -13.051712     Dis_Pseudo_Loss: 5.639335     Dis_target_Loss: -19.225376   Target_AttackLoss: 0.008280
2024-11-25T14:27:55.309641+08:00 - CRITICAL - Adaption Loss: 0.0822426900267601
2024-11-25T14:27:56.737560+08:00 - CRITICAL - 
Test set: Average loss: 1.0672, Accuracy: 6270/10000 (63%)

2024-11-25T14:27:58.064879+08:00 - CRITICAL - 
Test set: Average loss: 1.1454, Accuracy: 5970/10000 (60%)

2024-11-25T14:28:02.353618+08:00 - CRITICAL - Adaption Loss: 0.08027566969394684
2024-11-25T14:28:02.516393+08:00 - CRITICAL - Train Iteration: [4720/15000 (31%)]	   Pseudo_AttackLoss: 0.012717   Pseudo_target_mseloss: 0.030587     Vanila_D_Loss: -11.358393    D_Loss: -10.681248     Dis_Pseudo_Loss: 0.316834     Dis_target_Loss: -11.675226   Target_AttackLoss: 0.009095
2024-11-25T14:28:06.694023+08:00 - CRITICAL - Adaption Loss: 0.08031456172466278
2024-11-25T14:28:10.664438+08:00 - CRITICAL - 
Test set: Average loss: 1.1075, Accuracy: 6211/10000 (62%)

2024-11-25T14:28:12.135664+08:00 - CRITICAL - 
Test set: Average loss: 1.2659, Accuracy: 5683/10000 (57%)

2024-11-25T14:28:14.286845+08:00 - CRITICAL - Adaption Loss: 0.08032316714525223
2024-11-25T14:28:14.401139+08:00 - CRITICAL - Train Iteration: [4760/15000 (32%)]	   Pseudo_AttackLoss: 0.009600   Pseudo_target_mseloss: 0.033125     Vanila_D_Loss: -12.977291    D_Loss: -12.585225     Dis_Pseudo_Loss: 7.077295     Dis_target_Loss: -20.054586   Target_AttackLoss: 0.012525
2024-11-25T14:28:18.632149+08:00 - CRITICAL - Adaption Loss: 0.09230315685272217
2024-11-25T14:28:22.920774+08:00 - CRITICAL - Adaption Loss: 0.0951170027256012
2024-11-25T14:28:23.048708+08:00 - CRITICAL - Train Iteration: [4800/15000 (32%)]	   Pseudo_AttackLoss: 0.009971   Pseudo_target_mseloss: 0.035343     Vanila_D_Loss: -12.049301    D_Loss: -11.724800     Dis_Pseudo_Loss: 6.109348     Dis_target_Loss: -18.158649   Target_AttackLoss: 0.008922
2024-11-25T14:28:24.447458+08:00 - CRITICAL - 
Test set: Average loss: 1.1003, Accuracy: 6211/10000 (62%)

2024-11-25T14:28:25.792954+08:00 - CRITICAL - 
Test set: Average loss: 1.2002, Accuracy: 5885/10000 (59%)

2024-11-25T14:28:29.880336+08:00 - CRITICAL - Adaption Loss: 0.08798985183238983
2024-11-25T14:28:34.428247+08:00 - CRITICAL - Adaption Loss: 0.08403905481100082
2024-11-25T14:28:34.562555+08:00 - CRITICAL - Train Iteration: [4840/15000 (32%)]	   Pseudo_AttackLoss: 0.010093   Pseudo_target_mseloss: 0.037842     Vanila_D_Loss: -12.820321    D_Loss: -12.425337     Dis_Pseudo_Loss: 1.733377     Dis_target_Loss: -14.553698   Target_AttackLoss: 0.011377
2024-11-25T14:28:38.309092+08:00 - CRITICAL - 
Test set: Average loss: 1.1094, Accuracy: 6129/10000 (61%)

2024-11-25T14:28:39.550163+08:00 - CRITICAL - 
Test set: Average loss: 1.2318, Accuracy: 5716/10000 (57%)

2024-11-25T14:28:41.662640+08:00 - CRITICAL - Adaption Loss: 0.07692544907331467
2024-11-25T14:28:46.106158+08:00 - CRITICAL - Adaption Loss: 0.08676650375127792
2024-11-25T14:28:46.235680+08:00 - CRITICAL - Train Iteration: [4880/15000 (33%)]	   Pseudo_AttackLoss: 0.010075   Pseudo_target_mseloss: 0.035011     Vanila_D_Loss: -13.094961    D_Loss: -12.094230     Dis_Pseudo_Loss: 9.006907     Dis_target_Loss: -22.101868   Target_AttackLoss: 0.009856
2024-11-25T14:28:50.738120+08:00 - CRITICAL - Adaption Loss: 0.08235479891300201
2024-11-25T14:28:52.537024+08:00 - CRITICAL - 
Test set: Average loss: 1.1077, Accuracy: 6153/10000 (62%)

2024-11-25T14:28:54.097190+08:00 - CRITICAL - 
Test set: Average loss: 1.1771, Accuracy: 5847/10000 (58%)

2024-11-25T14:28:58.812612+08:00 - CRITICAL - Adaption Loss: 0.07788687199354172
2024-11-25T14:28:58.951730+08:00 - CRITICAL - Train Iteration: [4920/15000 (33%)]	   Pseudo_AttackLoss: 0.008863   Pseudo_target_mseloss: 0.035331     Vanila_D_Loss: -12.553065    D_Loss: -11.792706     Dis_Pseudo_Loss: 4.560308     Dis_target_Loss: -17.113373   Target_AttackLoss: 0.009178
2024-11-25T14:29:03.778102+08:00 - CRITICAL - Adaption Loss: 0.08214019238948822
2024-11-25T14:29:08.244168+08:00 - CRITICAL - 
Test set: Average loss: 1.1005, Accuracy: 6208/10000 (62%)

2024-11-25T14:29:09.948452+08:00 - CRITICAL - 
Test set: Average loss: 1.1815, Accuracy: 5863/10000 (59%)

2024-11-25T14:29:11.854003+08:00 - CRITICAL - Adaption Loss: 0.08661286532878876
2024-11-25T14:29:11.957075+08:00 - CRITICAL - Train Iteration: [4960/15000 (33%)]	   Pseudo_AttackLoss: 0.009692   Pseudo_target_mseloss: 0.038363     Vanila_D_Loss: -12.545013    D_Loss: -12.187034     Dis_Pseudo_Loss: 5.241342     Dis_target_Loss: -17.786356   Target_AttackLoss: 0.012863
2024-11-25T14:29:15.747894+08:00 - CRITICAL - Adaption Loss: 0.08465485274791718
2024-11-25T14:29:20.510583+08:00 - CRITICAL - Adaption Loss: 0.0784294530749321
2024-11-25T14:29:20.670718+08:00 - CRITICAL - Train Iteration: [5000/15000 (33%)]	   Pseudo_AttackLoss: 0.012230   Pseudo_target_mseloss: 0.037437     Vanila_D_Loss: -13.104031    D_Loss: -12.830386     Dis_Pseudo_Loss: -1.019121     Dis_target_Loss: -12.084909   Target_AttackLoss: 0.009794
2024-11-25T14:29:22.502931+08:00 - CRITICAL - 
Test set: Average loss: 1.1206, Accuracy: 6190/10000 (62%)

2024-11-25T14:29:24.178780+08:00 - CRITICAL - 
Test set: Average loss: 1.3211, Accuracy: 5609/10000 (56%)

2024-11-25T14:29:28.303071+08:00 - CRITICAL - Adaption Loss: 0.08161903917789459
2024-11-25T14:29:32.707888+08:00 - CRITICAL - Adaption Loss: 0.07587967813014984
2024-11-25T14:29:32.848524+08:00 - CRITICAL - Train Iteration: [5040/15000 (34%)]	   Pseudo_AttackLoss: 0.010521   Pseudo_target_mseloss: 0.038619     Vanila_D_Loss: -12.115634    D_Loss: -11.764620     Dis_Pseudo_Loss: 8.391032     Dis_target_Loss: -20.506666   Target_AttackLoss: 0.010606
2024-11-25T14:29:36.733811+08:00 - CRITICAL - 
Test set: Average loss: 1.0825, Accuracy: 6251/10000 (63%)

2024-11-25T14:29:38.561974+08:00 - CRITICAL - 
Test set: Average loss: 1.2334, Accuracy: 5796/10000 (58%)

2024-11-25T14:29:40.681515+08:00 - CRITICAL - Adaption Loss: 0.07321278005838394
2024-11-25T14:29:45.298862+08:00 - CRITICAL - Adaption Loss: 0.07942542433738708
2024-11-25T14:29:45.447202+08:00 - CRITICAL - Train Iteration: [5080/15000 (34%)]	   Pseudo_AttackLoss: 0.008783   Pseudo_target_mseloss: 0.032183     Vanila_D_Loss: -12.967338    D_Loss: -12.450104     Dis_Pseudo_Loss: 3.644998     Dis_target_Loss: -16.612335   Target_AttackLoss: 0.008820
2024-11-25T14:29:50.213313+08:00 - CRITICAL - Adaption Loss: 0.08880870044231415
2024-11-25T14:29:52.367055+08:00 - CRITICAL - 
Test set: Average loss: 1.1185, Accuracy: 6226/10000 (62%)

2024-11-25T14:29:54.323889+08:00 - CRITICAL - 
Test set: Average loss: 1.2738, Accuracy: 5713/10000 (57%)

2024-11-25T14:29:58.954102+08:00 - CRITICAL - Adaption Loss: 0.08299028128385544
2024-11-25T14:29:59.084343+08:00 - CRITICAL - Train Iteration: [5120/15000 (34%)]	   Pseudo_AttackLoss: 0.010386   Pseudo_target_mseloss: 0.034563     Vanila_D_Loss: -11.503876    D_Loss: -11.189327     Dis_Pseudo_Loss: 4.405972     Dis_target_Loss: -15.909847   Target_AttackLoss: 0.008931
2024-11-25T14:30:03.959071+08:00 - CRITICAL - Adaption Loss: 0.0857778862118721
2024-11-25T14:30:09.015316+08:00 - CRITICAL - 
Test set: Average loss: 1.0749, Accuracy: 6266/10000 (63%)

2024-11-25T14:30:10.827817+08:00 - CRITICAL - 
Test set: Average loss: 1.1738, Accuracy: 5953/10000 (60%)

2024-11-25T14:30:12.609208+08:00 - CRITICAL - Adaption Loss: 0.08630049973726273
2024-11-25T14:30:12.764379+08:00 - CRITICAL - Train Iteration: [5160/15000 (34%)]	   Pseudo_AttackLoss: 0.010777   Pseudo_target_mseloss: 0.031617     Vanila_D_Loss: -11.738605    D_Loss: -10.465433     Dis_Pseudo_Loss: -0.627972     Dis_target_Loss: -11.110633   Target_AttackLoss: 0.009330
2024-11-25T14:30:17.108869+08:00 - CRITICAL - Adaption Loss: 0.0822499617934227
2024-11-25T14:30:20.663751+08:00 - CRITICAL - Adaption Loss: 0.07942145317792892
2024-11-25T14:30:20.760579+08:00 - CRITICAL - Train Iteration: [5200/15000 (35%)]	   Pseudo_AttackLoss: 0.009179   Pseudo_target_mseloss: 0.029207     Vanila_D_Loss: -14.043496    D_Loss: -12.993047     Dis_Pseudo_Loss: 1.604160     Dis_target_Loss: -15.647656   Target_AttackLoss: 0.008637
2024-11-25T14:30:22.491861+08:00 - CRITICAL - 
Test set: Average loss: 1.0771, Accuracy: 6251/10000 (63%)

2024-11-25T14:30:24.449424+08:00 - CRITICAL - 
Test set: Average loss: 1.1843, Accuracy: 5876/10000 (59%)

2024-11-25T14:30:28.098772+08:00 - CRITICAL - Adaption Loss: 0.07744093984365463
2024-11-25T14:30:31.559142+08:00 - CRITICAL - Adaption Loss: 0.08403906971216202
2024-11-25T14:30:31.707183+08:00 - CRITICAL - Train Iteration: [5240/15000 (35%)]	   Pseudo_AttackLoss: 0.008221   Pseudo_target_mseloss: 0.035660     Vanila_D_Loss: -12.977386    D_Loss: -12.149320     Dis_Pseudo_Loss: 6.889095     Dis_target_Loss: -19.866482   Target_AttackLoss: 0.011053
2024-11-25T14:30:35.032286+08:00 - CRITICAL - 
Test set: Average loss: 1.0618, Accuracy: 6258/10000 (63%)

2024-11-25T14:30:37.082353+08:00 - CRITICAL - 
Test set: Average loss: 1.1918, Accuracy: 5832/10000 (58%)

2024-11-25T14:30:38.772752+08:00 - CRITICAL - Adaption Loss: 0.08032923936843872
2024-11-25T14:30:42.227823+08:00 - CRITICAL - Adaption Loss: 0.0883217379450798
2024-11-25T14:30:42.329353+08:00 - CRITICAL - Train Iteration: [5280/15000 (35%)]	   Pseudo_AttackLoss: 0.009006   Pseudo_target_mseloss: 0.032131     Vanila_D_Loss: -11.425602    D_Loss: -10.674595     Dis_Pseudo_Loss: -4.301686     Dis_target_Loss: -7.123916   Target_AttackLoss: 0.008807
2024-11-25T14:30:45.626573+08:00 - CRITICAL - Adaption Loss: 0.0811750739812851
2024-11-25T14:30:47.296858+08:00 - CRITICAL - 
Test set: Average loss: 1.0355, Accuracy: 6352/10000 (64%)

2024-11-25T14:30:48.858839+08:00 - CRITICAL - 
Test set: Average loss: 1.1770, Accuracy: 5838/10000 (58%)

2024-11-25T14:30:53.114429+08:00 - CRITICAL - Adaption Loss: 0.08199799805879593
2024-11-25T14:30:53.244733+08:00 - CRITICAL - Train Iteration: [5320/15000 (35%)]	   Pseudo_AttackLoss: 0.009866   Pseudo_target_mseloss: 0.031214     Vanila_D_Loss: -11.459443    D_Loss: -7.594748     Dis_Pseudo_Loss: -0.475664     Dis_target_Loss: -10.983780   Target_AttackLoss: 0.008800
2024-11-25T14:30:57.407923+08:00 - CRITICAL - Adaption Loss: 0.07844343036413193
2024-11-25T14:31:00.512225+08:00 - CRITICAL - 
Test set: Average loss: 1.0744, Accuracy: 6274/10000 (63%)

2024-11-25T14:31:01.776882+08:00 - CRITICAL - 
Test set: Average loss: 1.1961, Accuracy: 5912/10000 (59%)

2024-11-25T14:31:03.378660+08:00 - CRITICAL - Adaption Loss: 0.08237066119909286
2024-11-25T14:31:03.486458+08:00 - CRITICAL - Train Iteration: [5360/15000 (36%)]	   Pseudo_AttackLoss: 0.012670   Pseudo_target_mseloss: 0.032897     Vanila_D_Loss: -12.042406    D_Loss: -11.577730     Dis_Pseudo_Loss: 3.346194     Dis_target_Loss: -15.388600   Target_AttackLoss: 0.008922
2024-11-25T14:31:07.477730+08:00 - CRITICAL - Adaption Loss: 0.08700481802225113
2024-11-25T14:31:11.558556+08:00 - CRITICAL - Adaption Loss: 0.08904534578323364
2024-11-25T14:31:11.690974+08:00 - CRITICAL - Train Iteration: [5400/15000 (36%)]	   Pseudo_AttackLoss: 0.008470   Pseudo_target_mseloss: 0.034419     Vanila_D_Loss: -11.041488    D_Loss: -10.775417     Dis_Pseudo_Loss: -3.344809     Dis_target_Loss: -7.696679   Target_AttackLoss: 0.012408
2024-11-25T14:31:13.139088+08:00 - CRITICAL - 
Test set: Average loss: 1.0803, Accuracy: 6300/10000 (63%)

2024-11-25T14:31:14.729651+08:00 - CRITICAL - 
Test set: Average loss: 1.2073, Accuracy: 5855/10000 (59%)

2024-11-25T14:31:19.188493+08:00 - CRITICAL - Adaption Loss: 0.09927261620759964
2024-11-25T14:31:23.944252+08:00 - CRITICAL - Adaption Loss: 0.08848058432340622
2024-11-25T14:31:24.101245+08:00 - CRITICAL - Train Iteration: [5440/15000 (36%)]	   Pseudo_AttackLoss: 0.009025   Pseudo_target_mseloss: 0.035870     Vanila_D_Loss: -13.167578    D_Loss: -12.256885     Dis_Pseudo_Loss: 5.424301     Dis_target_Loss: -18.591879   Target_AttackLoss: 0.010500
2024-11-25T14:31:29.198306+08:00 - CRITICAL - 
Test set: Average loss: 1.0447, Accuracy: 6394/10000 (64%)

2024-11-25T14:31:31.544314+08:00 - CRITICAL - 
Test set: Average loss: 1.3749, Accuracy: 5438/10000 (54%)

2024-11-25T14:31:33.985953+08:00 - CRITICAL - Adaption Loss: 0.0939023494720459
2024-11-25T14:31:38.750867+08:00 - CRITICAL - Adaption Loss: 0.08535973727703094
2024-11-25T14:31:38.860487+08:00 - CRITICAL - Train Iteration: [5480/15000 (37%)]	   Pseudo_AttackLoss: 0.009559   Pseudo_target_mseloss: 0.035425     Vanila_D_Loss: -13.213108    D_Loss: -12.905398     Dis_Pseudo_Loss: -5.198549     Dis_target_Loss: -8.014560   Target_AttackLoss: 0.009220
2024-11-25T14:31:43.570719+08:00 - CRITICAL - Adaption Loss: 0.07697541266679764
2024-11-25T14:31:45.493235+08:00 - CRITICAL - 
Test set: Average loss: 1.0725, Accuracy: 6346/10000 (63%)

2024-11-25T14:31:47.510336+08:00 - CRITICAL - 
Test set: Average loss: 1.2120, Accuracy: 5934/10000 (59%)

2024-11-25T14:31:51.793751+08:00 - CRITICAL - Adaption Loss: 0.07726096361875534
2024-11-25T14:31:51.932140+08:00 - CRITICAL - Train Iteration: [5520/15000 (37%)]	   Pseudo_AttackLoss: 0.009200   Pseudo_target_mseloss: 0.029942     Vanila_D_Loss: -12.326227    D_Loss: -11.907612     Dis_Pseudo_Loss: -0.242302     Dis_target_Loss: -12.083925   Target_AttackLoss: 0.008632
2024-11-25T14:31:56.150130+08:00 - CRITICAL - Adaption Loss: 0.08271768689155579
2024-11-25T14:32:00.195625+08:00 - CRITICAL - 
Test set: Average loss: 1.0902, Accuracy: 6306/10000 (63%)

2024-11-25T14:32:02.389912+08:00 - CRITICAL - 
Test set: Average loss: 1.1991, Accuracy: 5985/10000 (60%)

2024-11-25T14:32:04.722178+08:00 - CRITICAL - Adaption Loss: 0.08753545582294464
2024-11-25T14:32:04.882594+08:00 - CRITICAL - Train Iteration: [5560/15000 (37%)]	   Pseudo_AttackLoss: 0.010690   Pseudo_target_mseloss: 0.037338     Vanila_D_Loss: -12.640655    D_Loss: -12.234473     Dis_Pseudo_Loss: -8.066488     Dis_target_Loss: -4.574166   Target_AttackLoss: 0.007885
2024-11-25T14:32:09.572701+08:00 - CRITICAL - Adaption Loss: 0.08499574661254883
2024-11-25T14:32:14.576785+08:00 - CRITICAL - Adaption Loss: 0.08172621577978134
2024-11-25T14:32:14.780154+08:00 - CRITICAL - Train Iteration: [5600/15000 (37%)]	   Pseudo_AttackLoss: 0.008688   Pseudo_target_mseloss: 0.031512     Vanila_D_Loss: -13.000273    D_Loss: -12.569554     Dis_Pseudo_Loss: 0.586792     Dis_target_Loss: -13.587065   Target_AttackLoss: 0.009348
2024-11-25T14:32:17.394579+08:00 - CRITICAL - 
Test set: Average loss: 1.0945, Accuracy: 6256/10000 (63%)

2024-11-25T14:32:19.262295+08:00 - CRITICAL - 
Test set: Average loss: 1.2035, Accuracy: 5881/10000 (59%)

2024-11-25T14:32:23.787142+08:00 - CRITICAL - Adaption Loss: 0.08296538889408112
2024-11-25T14:32:28.482399+08:00 - CRITICAL - Adaption Loss: 0.08766534924507141
2024-11-25T14:32:28.618647+08:00 - CRITICAL - Train Iteration: [5640/15000 (38%)]	   Pseudo_AttackLoss: 0.009322   Pseudo_target_mseloss: 0.032727     Vanila_D_Loss: -13.448596    D_Loss: -13.045381     Dis_Pseudo_Loss: 0.853852     Dis_target_Loss: -14.302448   Target_AttackLoss: 0.008700
2024-11-25T14:32:32.877814+08:00 - CRITICAL - 
Test set: Average loss: 1.0401, Accuracy: 6404/10000 (64%)

2024-11-25T14:32:34.411901+08:00 - CRITICAL - 
Test set: Average loss: 1.2172, Accuracy: 5803/10000 (58%)

2024-11-25T14:32:36.414844+08:00 - CRITICAL - Adaption Loss: 0.08636566251516342
2024-11-25T14:32:40.832687+08:00 - CRITICAL - Adaption Loss: 0.08930417895317078
2024-11-25T14:32:40.970141+08:00 - CRITICAL - Train Iteration: [5680/15000 (38%)]	   Pseudo_AttackLoss: 0.009935   Pseudo_target_mseloss: 0.032761     Vanila_D_Loss: -13.850241    D_Loss: -13.519070     Dis_Pseudo_Loss: 0.132452     Dis_target_Loss: -13.982693   Target_AttackLoss: 0.010850
2024-11-25T14:32:45.271969+08:00 - CRITICAL - Adaption Loss: 0.0821589007973671
2024-11-25T14:32:47.076367+08:00 - CRITICAL - 
Test set: Average loss: 1.1082, Accuracy: 6215/10000 (62%)

2024-11-25T14:32:48.787439+08:00 - CRITICAL - 
Test set: Average loss: 1.2035, Accuracy: 5937/10000 (59%)

2024-11-25T14:32:52.968066+08:00 - CRITICAL - Adaption Loss: 0.08107934892177582
2024-11-25T14:32:53.084042+08:00 - CRITICAL - Train Iteration: [5720/15000 (38%)]	   Pseudo_AttackLoss: 0.008905   Pseudo_target_mseloss: 0.034467     Vanila_D_Loss: -13.557129    D_Loss: -12.837121     Dis_Pseudo_Loss: 7.252015     Dis_target_Loss: -20.809143   Target_AttackLoss: 0.009520
2024-11-25T14:32:57.688315+08:00 - CRITICAL - Adaption Loss: 0.08723364025354385
2024-11-25T14:33:01.884595+08:00 - CRITICAL - 
Test set: Average loss: 1.0891, Accuracy: 6292/10000 (63%)

2024-11-25T14:33:03.972419+08:00 - CRITICAL - 
Test set: Average loss: 1.2108, Accuracy: 5914/10000 (59%)

2024-11-25T14:33:06.420131+08:00 - CRITICAL - Adaption Loss: 0.08779557049274445
2024-11-25T14:33:06.585031+08:00 - CRITICAL - Train Iteration: [5760/15000 (38%)]	   Pseudo_AttackLoss: 0.008861   Pseudo_target_mseloss: 0.030014     Vanila_D_Loss: -11.963720    D_Loss: -11.710053     Dis_Pseudo_Loss: -3.736025     Dis_target_Loss: -8.227695   Target_AttackLoss: 0.008433
2024-11-25T14:33:11.369533+08:00 - CRITICAL - Adaption Loss: 0.08845032751560211
2024-11-25T14:33:16.191108+08:00 - CRITICAL - Adaption Loss: 0.08719492703676224
2024-11-25T14:33:16.329567+08:00 - CRITICAL - Train Iteration: [5800/15000 (39%)]	   Pseudo_AttackLoss: 0.009398   Pseudo_target_mseloss: 0.033115     Vanila_D_Loss: -12.028271    D_Loss: -11.202543     Dis_Pseudo_Loss: 6.262476     Dis_target_Loss: -18.290747   Target_AttackLoss: 0.008443
2024-11-25T14:33:18.094240+08:00 - CRITICAL - 
Test set: Average loss: 1.0811, Accuracy: 6337/10000 (63%)

2024-11-25T14:33:19.695742+08:00 - CRITICAL - 
Test set: Average loss: 1.1740, Accuracy: 6009/10000 (60%)

2024-11-25T14:33:24.332539+08:00 - CRITICAL - Adaption Loss: 0.08837223798036575
2024-11-25T14:33:29.179261+08:00 - CRITICAL - Adaption Loss: 0.07572492212057114
2024-11-25T14:33:29.317002+08:00 - CRITICAL - Train Iteration: [5840/15000 (39%)]	   Pseudo_AttackLoss: 0.008241   Pseudo_target_mseloss: 0.036221     Vanila_D_Loss: -12.870509    D_Loss: -12.300571     Dis_Pseudo_Loss: 4.312558     Dis_target_Loss: -17.183067   Target_AttackLoss: 0.009272
2024-11-25T14:33:33.187225+08:00 - CRITICAL - 
Test set: Average loss: 1.0328, Accuracy: 6443/10000 (64%)

2024-11-25T14:33:34.804613+08:00 - CRITICAL - 
Test set: Average loss: 1.1608, Accuracy: 5997/10000 (60%)

2024-11-25T14:33:37.017165+08:00 - CRITICAL - Adaption Loss: 0.08257629722356796
2024-11-25T14:33:41.979568+08:00 - CRITICAL - Adaption Loss: 0.08304916322231293
2024-11-25T14:33:42.154720+08:00 - CRITICAL - Train Iteration: [5880/15000 (39%)]	   Pseudo_AttackLoss: 0.010222   Pseudo_target_mseloss: 0.037419     Vanila_D_Loss: -12.397186    D_Loss: -12.155500     Dis_Pseudo_Loss: 4.517242     Dis_target_Loss: -16.914429   Target_AttackLoss: 0.013113
2024-11-25T14:33:46.859619+08:00 - CRITICAL - Adaption Loss: 0.08243658393621445
2024-11-25T14:33:49.154750+08:00 - CRITICAL - 
Test set: Average loss: 1.0563, Accuracy: 6353/10000 (64%)

2024-11-25T14:33:51.155098+08:00 - CRITICAL - 
Test set: Average loss: 1.1826, Accuracy: 5921/10000 (59%)

2024-11-25T14:33:55.585463+08:00 - CRITICAL - Adaption Loss: 0.08437598496675491
2024-11-25T14:33:55.722921+08:00 - CRITICAL - Train Iteration: [5920/15000 (39%)]	   Pseudo_AttackLoss: 0.008277   Pseudo_target_mseloss: 0.030597     Vanila_D_Loss: -12.650126    D_Loss: -12.152491     Dis_Pseudo_Loss: -0.222739     Dis_target_Loss: -12.427387   Target_AttackLoss: 0.009386
2024-11-25T14:34:00.420317+08:00 - CRITICAL - Adaption Loss: 0.08531349897384644
2024-11-25T14:34:04.634996+08:00 - CRITICAL - 
Test set: Average loss: 1.0517, Accuracy: 6345/10000 (63%)

2024-11-25T14:34:06.163495+08:00 - CRITICAL - 
Test set: Average loss: 1.1931, Accuracy: 5930/10000 (59%)

2024-11-25T14:34:08.358508+08:00 - CRITICAL - Adaption Loss: 0.09235725551843643
2024-11-25T14:34:08.486504+08:00 - CRITICAL - Train Iteration: [5960/15000 (40%)]	   Pseudo_AttackLoss: 0.008403   Pseudo_target_mseloss: 0.038733     Vanila_D_Loss: -11.928605    D_Loss: -11.655852     Dis_Pseudo_Loss: 0.374580     Dis_target_Loss: -12.303185   Target_AttackLoss: 0.010288
2024-11-25T14:34:13.156984+08:00 - CRITICAL - Adaption Loss: 0.08699743449687958
2024-11-25T14:34:17.785204+08:00 - CRITICAL - Adaption Loss: 0.08457579463720322
2024-11-25T14:34:17.941991+08:00 - CRITICAL - Train Iteration: [6000/15000 (40%)]	   Pseudo_AttackLoss: 0.008664   Pseudo_target_mseloss: 0.031615     Vanila_D_Loss: -13.213285    D_Loss: -12.927959     Dis_Pseudo_Loss: 5.634951     Dis_target_Loss: -18.848236   Target_AttackLoss: 0.010051
2024-11-25T14:34:19.902544+08:00 - CRITICAL - 
Test set: Average loss: 1.0171, Accuracy: 6475/10000 (65%)

2024-11-25T14:34:21.584440+08:00 - CRITICAL - 
Test set: Average loss: 1.1487, Accuracy: 6125/10000 (61%)

2024-11-25T14:34:25.569720+08:00 - CRITICAL - Adaption Loss: 0.0892324224114418
