2024-11-28T20:17:25.480738+08:00 - INFO - >>>>>>>>>>>>>>Running settings>>>>>>>>>>>>>>
2024-11-28T20:17:25.480907+08:00 - INFO - iteration: 2500
2024-11-28T20:17:25.480986+08:00 - INFO - lr: 0.0001
2024-11-28T20:17:25.481075+08:00 - INFO - server_pseudo_lr: 0.0001
2024-11-28T20:17:25.481145+08:00 - INFO - dlr: 0.0003
2024-11-28T20:17:25.481211+08:00 - INFO - print_freq: 40
2024-11-28T20:17:25.481282+08:00 - INFO - save_path: attack_model.pth
2024-11-28T20:17:25.481345+08:00 - INFO - gid: 0
2024-11-28T20:17:25.481408+08:00 - INFO - layer_id: 2
2024-11-28T20:17:25.481469+08:00 - INFO - a: 0.3
2024-11-28T20:17:25.481533+08:00 - INFO - batch_size: 64
2024-11-28T20:17:25.481595+08:00 - INFO - dataset: cifar10
2024-11-28T20:17:25.481668+08:00 - INFO - dataset_num: 2500
2024-11-28T20:17:25.481740+08:00 - INFO - coral: False
2024-11-28T20:17:25.481805+08:00 - INFO - mkkd: True
2024-11-28T20:17:25.481867+08:00 - INFO - >>>>>>>>>>>>>>>>>>>>>>>>>>>>>>


2024-11-28T20:17:26.543158+08:00 - INFO - DataSet:cifar10
2024-11-28T20:17:26.543470+08:00 - INFO - Train Dataset:50000
2024-11-28T20:17:26.543599+08:00 - INFO - Test Dataset:10000
2024-11-28T20:17:35.356041+08:00 - CRITICAL - Adaption Loss: 0.31027865409851074
2024-11-28T20:17:42.250113+08:00 - CRITICAL - Adaption Loss: 0.2604118585586548
2024-11-28T20:17:42.372752+08:00 - CRITICAL - Train Iteration: [40/2500 (2%)]	   Pseudo_AttackLoss: 0.062690   Pseudo_target_mseloss: 0.823192     Vanila_D_Loss: -2.351680    D_Loss: -0.956841     Dis_Pseudo_Loss: -5.211165     Dis_target_Loss: 2.859485   Target_AttackLoss: 0.041335
2024-11-28T20:17:47.132950+08:00 - CRITICAL - 
Test set: Average loss: 2.2647, Accuracy: 1525/10000 (15%)

2024-11-28T20:17:48.305838+08:00 - CRITICAL - 
Test set: Average loss: 2.3239, Accuracy: 1350/10000 (14%)

2024-11-28T20:17:51.580695+08:00 - CRITICAL - Adaption Loss: 0.25454023480415344
2024-11-28T20:17:58.573304+08:00 - CRITICAL - Adaption Loss: 0.21731801331043243
2024-11-28T20:17:58.682118+08:00 - CRITICAL - Train Iteration: [80/2500 (3%)]	   Pseudo_AttackLoss: 0.057233   Pseudo_target_mseloss: 0.771726     Vanila_D_Loss: -15.309488    D_Loss: -11.739003     Dis_Pseudo_Loss: -26.184961     Dis_target_Loss: 10.875473   Target_AttackLoss: 0.031346
2024-11-28T20:18:05.421893+08:00 - CRITICAL - Adaption Loss: 0.23082943260669708
2024-11-28T20:18:06.754023+08:00 - CRITICAL - 
Test set: Average loss: 2.0721, Accuracy: 2313/10000 (23%)

2024-11-28T20:18:07.921901+08:00 - CRITICAL - 
Test set: Average loss: 2.4625, Accuracy: 1406/10000 (14%)

2024-11-28T20:18:14.530795+08:00 - CRITICAL - Adaption Loss: 0.21452216804027557
2024-11-28T20:18:14.642797+08:00 - CRITICAL - Train Iteration: [120/2500 (5%)]	   Pseudo_AttackLoss: 0.047742   Pseudo_target_mseloss: 0.614424     Vanila_D_Loss: -22.437475    D_Loss: -19.974043     Dis_Pseudo_Loss: -27.983232     Dis_target_Loss: 5.545757   Target_AttackLoss: 0.025468
2024-11-28T20:18:21.905463+08:00 - CRITICAL - Adaption Loss: 0.2401111125946045
2024-11-28T20:18:26.905264+08:00 - CRITICAL - 
Test set: Average loss: 1.9675, Accuracy: 2721/10000 (27%)

2024-11-28T20:18:28.175362+08:00 - CRITICAL - 
Test set: Average loss: 2.4433, Accuracy: 1253/10000 (13%)

2024-11-28T20:18:31.875407+08:00 - CRITICAL - Adaption Loss: 0.21048107743263245
2024-11-28T20:18:31.982748+08:00 - CRITICAL - Train Iteration: [160/2500 (6%)]	   Pseudo_AttackLoss: 0.048262   Pseudo_target_mseloss: 0.763919     Vanila_D_Loss: -22.566469    D_Loss: -21.788719     Dis_Pseudo_Loss: -33.231064     Dis_target_Loss: 10.664595   Target_AttackLoss: 0.031132
2024-11-28T20:18:39.306921+08:00 - CRITICAL - Adaption Loss: 0.2279968112707138
2024-11-28T20:18:47.139394+08:00 - CRITICAL - Adaption Loss: 0.20094473659992218
2024-11-28T20:18:47.277015+08:00 - CRITICAL - Train Iteration: [200/2500 (8%)]	   Pseudo_AttackLoss: 0.055231   Pseudo_target_mseloss: 0.578294     Vanila_D_Loss: -15.179873    D_Loss: 10.572630     Dis_Pseudo_Loss: 10.439388     Dis_target_Loss: -25.619261   Target_AttackLoss: 0.024832
2024-11-28T20:18:48.525362+08:00 - CRITICAL - 
Test set: Average loss: 1.9432, Accuracy: 2984/10000 (30%)

2024-11-28T20:18:49.681659+08:00 - CRITICAL - 
Test set: Average loss: 2.6523, Accuracy: 1306/10000 (13%)

2024-11-28T20:18:56.319431+08:00 - CRITICAL - Adaption Loss: 0.17389044165611267
2024-11-28T20:19:03.314240+08:00 - CRITICAL - Adaption Loss: 0.19074545800685883
2024-11-28T20:19:03.422777+08:00 - CRITICAL - Train Iteration: [240/2500 (10%)]	   Pseudo_AttackLoss: 0.034872   Pseudo_target_mseloss: 0.531082     Vanila_D_Loss: -10.034445    D_Loss: -7.788648     Dis_Pseudo_Loss: -2.697194     Dis_target_Loss: -7.337250   Target_AttackLoss: 0.020575
2024-11-28T20:19:07.965591+08:00 - CRITICAL - 
Test set: Average loss: 1.8255, Accuracy: 3120/10000 (31%)

2024-11-28T20:19:09.263913+08:00 - CRITICAL - 
Test set: Average loss: 2.7227, Accuracy: 1228/10000 (12%)

2024-11-28T20:19:12.589168+08:00 - CRITICAL - Adaption Loss: 0.21074803173542023
2024-11-28T20:19:19.915222+08:00 - CRITICAL - Adaption Loss: 0.17337726056575775
2024-11-28T20:19:20.047212+08:00 - CRITICAL - Train Iteration: [280/2500 (11%)]	   Pseudo_AttackLoss: 0.038123   Pseudo_target_mseloss: 0.538889     Vanila_D_Loss: -16.237217    D_Loss: -15.238358     Dis_Pseudo_Loss: -18.275913     Dis_target_Loss: 2.038695   Target_AttackLoss: 0.021541
2024-11-28T20:19:27.082366+08:00 - CRITICAL - Adaption Loss: 0.1932671070098877
2024-11-28T20:19:28.461636+08:00 - CRITICAL - 
Test set: Average loss: 1.8134, Accuracy: 3168/10000 (32%)

2024-11-28T20:19:29.726766+08:00 - CRITICAL - 
Test set: Average loss: 2.5893, Accuracy: 1414/10000 (14%)

2024-11-28T20:19:36.701494+08:00 - CRITICAL - Adaption Loss: 0.17188186943531036
2024-11-28T20:19:36.819887+08:00 - CRITICAL - Train Iteration: [320/2500 (13%)]	   Pseudo_AttackLoss: 0.038375   Pseudo_target_mseloss: 0.515867     Vanila_D_Loss: -9.053337    D_Loss: -5.726991     Dis_Pseudo_Loss: 15.357464     Dis_target_Loss: -24.410801   Target_AttackLoss: 0.020484
2024-11-28T20:19:43.709759+08:00 - CRITICAL - Adaption Loss: 0.17596237361431122
2024-11-28T20:19:48.672633+08:00 - CRITICAL - 
Test set: Average loss: 1.7710, Accuracy: 3382/10000 (34%)

2024-11-28T20:19:49.865333+08:00 - CRITICAL - 
Test set: Average loss: 2.4129, Accuracy: 1615/10000 (16%)

2024-11-28T20:19:53.386182+08:00 - CRITICAL - Adaption Loss: 0.15387940406799316
2024-11-28T20:19:53.520128+08:00 - CRITICAL - Train Iteration: [360/2500 (14%)]	   Pseudo_AttackLoss: 0.032607   Pseudo_target_mseloss: 0.518189     Vanila_D_Loss: -12.191744    D_Loss: -11.031029     Dis_Pseudo_Loss: 4.151663     Dis_target_Loss: -16.343407   Target_AttackLoss: 0.021158
2024-11-28T20:20:00.450647+08:00 - CRITICAL - Adaption Loss: 0.16345080733299255
2024-11-28T20:20:07.627344+08:00 - CRITICAL - Adaption Loss: 0.16009214520454407
2024-11-28T20:20:07.738729+08:00 - CRITICAL - Train Iteration: [400/2500 (16%)]	   Pseudo_AttackLoss: 0.038639   Pseudo_target_mseloss: 0.416119     Vanila_D_Loss: -15.037797    D_Loss: -13.565998     Dis_Pseudo_Loss: -15.605644     Dis_target_Loss: 0.567848   Target_AttackLoss: 0.015841
2024-11-28T20:20:08.937212+08:00 - CRITICAL - 
Test set: Average loss: 1.7467, Accuracy: 3581/10000 (36%)

2024-11-28T20:20:10.145736+08:00 - CRITICAL - 
Test set: Average loss: 2.3352, Accuracy: 1602/10000 (16%)

2024-11-28T20:20:16.928977+08:00 - CRITICAL - Adaption Loss: 0.13537439703941345
2024-11-28T20:20:24.699728+08:00 - CRITICAL - Adaption Loss: 0.10599485039710999
2024-11-28T20:20:24.814723+08:00 - CRITICAL - Train Iteration: [440/2500 (18%)]	   Pseudo_AttackLoss: 0.036602   Pseudo_target_mseloss: 0.425437     Vanila_D_Loss: -19.814274    D_Loss: -19.458557     Dis_Pseudo_Loss: -34.116898     Dis_target_Loss: 14.302623   Target_AttackLoss: 0.015564
2024-11-28T20:20:29.647382+08:00 - CRITICAL - 
Test set: Average loss: 1.6898, Accuracy: 3724/10000 (37%)

2024-11-28T20:20:30.834771+08:00 - CRITICAL - 
Test set: Average loss: 2.3937, Accuracy: 1632/10000 (16%)

2024-11-28T20:20:34.168175+08:00 - CRITICAL - Adaption Loss: 0.13635852932929993
2024-11-28T20:20:41.430362+08:00 - CRITICAL - Adaption Loss: 0.14550961554050446
2024-11-28T20:20:41.549181+08:00 - CRITICAL - Train Iteration: [480/2500 (19%)]	   Pseudo_AttackLoss: 0.039123   Pseudo_target_mseloss: 0.468071     Vanila_D_Loss: -21.679972    D_Loss: -20.601742     Dis_Pseudo_Loss: -29.449371     Dis_target_Loss: 7.769400   Target_AttackLoss: 0.017655
2024-11-28T20:20:48.686833+08:00 - CRITICAL - Adaption Loss: 0.1324540227651596
2024-11-28T20:20:50.019275+08:00 - CRITICAL - 
Test set: Average loss: 1.6825, Accuracy: 3757/10000 (38%)

2024-11-28T20:20:51.212520+08:00 - CRITICAL - 
Test set: Average loss: 2.9215, Accuracy: 1199/10000 (12%)

2024-11-28T20:20:58.324872+08:00 - CRITICAL - Adaption Loss: 0.13098663091659546
2024-11-28T20:20:58.433293+08:00 - CRITICAL - Train Iteration: [520/2500 (21%)]	   Pseudo_AttackLoss: 0.035420   Pseudo_target_mseloss: 0.426253     Vanila_D_Loss: -26.480240    D_Loss: -25.350063     Dis_Pseudo_Loss: -26.761808     Dis_target_Loss: 0.281568   Target_AttackLoss: 0.017286
2024-11-28T20:21:05.277029+08:00 - CRITICAL - Adaption Loss: 0.11239416897296906
2024-11-28T20:21:10.130998+08:00 - CRITICAL - 
Test set: Average loss: 1.6368, Accuracy: 4030/10000 (40%)

2024-11-28T20:21:11.329703+08:00 - CRITICAL - 
Test set: Average loss: 2.4639, Accuracy: 1478/10000 (15%)

2024-11-28T20:21:14.661251+08:00 - CRITICAL - Adaption Loss: 0.1231631487607956
2024-11-28T20:21:14.795787+08:00 - CRITICAL - Train Iteration: [560/2500 (22%)]	   Pseudo_AttackLoss: 0.033922   Pseudo_target_mseloss: 0.463202     Vanila_D_Loss: -24.346260    D_Loss: -23.290709     Dis_Pseudo_Loss: -18.425655     Dis_target_Loss: -5.920605   Target_AttackLoss: 0.017000
2024-11-28T20:21:21.491546+08:00 - CRITICAL - Adaption Loss: 0.11480706930160522
2024-11-28T20:21:28.603755+08:00 - CRITICAL - Adaption Loss: 0.10961250960826874
2024-11-28T20:21:28.712564+08:00 - CRITICAL - Train Iteration: [600/2500 (24%)]	   Pseudo_AttackLoss: 0.040207   Pseudo_target_mseloss: 0.486527     Vanila_D_Loss: -24.908255    D_Loss: -23.500216     Dis_Pseudo_Loss: -19.707029     Dis_target_Loss: -5.201225   Target_AttackLoss: 0.016893
2024-11-28T20:21:29.891420+08:00 - CRITICAL - 
Test set: Average loss: 1.6236, Accuracy: 4069/10000 (41%)

2024-11-28T20:21:31.045980+08:00 - CRITICAL - 
Test set: Average loss: 2.3836, Accuracy: 1763/10000 (18%)

2024-11-28T20:21:37.698607+08:00 - CRITICAL - Adaption Loss: 0.10115304589271545
2024-11-28T20:21:44.827312+08:00 - CRITICAL - Adaption Loss: 0.12502454221248627
2024-11-28T20:21:44.941156+08:00 - CRITICAL - Train Iteration: [640/2500 (26%)]	   Pseudo_AttackLoss: 0.040077   Pseudo_target_mseloss: 0.397436     Vanila_D_Loss: -22.353495    D_Loss: -21.866285     Dis_Pseudo_Loss: -22.088161     Dis_target_Loss: -0.265334   Target_AttackLoss: 0.014115
2024-11-28T20:21:49.572474+08:00 - CRITICAL - 
Test set: Average loss: 1.5985, Accuracy: 4092/10000 (41%)

2024-11-28T20:21:50.806527+08:00 - CRITICAL - 
Test set: Average loss: 2.4345, Accuracy: 1957/10000 (20%)

2024-11-28T20:21:54.301049+08:00 - CRITICAL - Adaption Loss: 0.10636250674724579
2024-11-28T20:22:01.485765+08:00 - CRITICAL - Adaption Loss: 0.10196253657341003
2024-11-28T20:22:01.594340+08:00 - CRITICAL - Train Iteration: [680/2500 (27%)]	   Pseudo_AttackLoss: 0.038356   Pseudo_target_mseloss: 0.326312     Vanila_D_Loss: -21.884462    D_Loss: -21.110619     Dis_Pseudo_Loss: -22.942595     Dis_target_Loss: 1.058132   Target_AttackLoss: 0.027346
2024-11-28T20:22:08.311367+08:00 - CRITICAL - Adaption Loss: 0.11162588000297546
2024-11-28T20:22:09.607868+08:00 - CRITICAL - 
Test set: Average loss: 1.5856, Accuracy: 4090/10000 (41%)

2024-11-28T20:22:10.824933+08:00 - CRITICAL - 
Test set: Average loss: 2.2874, Accuracy: 2109/10000 (21%)

2024-11-28T20:22:17.549270+08:00 - CRITICAL - Adaption Loss: 0.10806131362915039
2024-11-28T20:22:17.676939+08:00 - CRITICAL - Train Iteration: [720/2500 (29%)]	   Pseudo_AttackLoss: 0.028492   Pseudo_target_mseloss: 0.335209     Vanila_D_Loss: -22.497372    D_Loss: -22.009300     Dis_Pseudo_Loss: -16.581078     Dis_target_Loss: -5.916295   Target_AttackLoss: 0.015064
2024-11-28T20:22:24.352093+08:00 - CRITICAL - Adaption Loss: 0.11639630794525146
2024-11-28T20:22:29.365416+08:00 - CRITICAL - 
Test set: Average loss: 1.5845, Accuracy: 4266/10000 (43%)

2024-11-28T20:22:30.651903+08:00 - CRITICAL - 
Test set: Average loss: 2.2646, Accuracy: 2084/10000 (21%)

2024-11-28T20:22:33.966147+08:00 - CRITICAL - Adaption Loss: 0.10106618702411652
2024-11-28T20:22:34.079204+08:00 - CRITICAL - Train Iteration: [760/2500 (30%)]	   Pseudo_AttackLoss: 0.033197   Pseudo_target_mseloss: 0.373519     Vanila_D_Loss: -25.124725    D_Loss: -23.071688     Dis_Pseudo_Loss: -14.984934     Dis_target_Loss: -10.139791   Target_AttackLoss: 0.017823
2024-11-28T20:22:41.022718+08:00 - CRITICAL - Adaption Loss: 0.11465786397457123
2024-11-28T20:22:48.393764+08:00 - CRITICAL - Adaption Loss: 0.10363760590553284
2024-11-28T20:22:48.509889+08:00 - CRITICAL - Train Iteration: [800/2500 (32%)]	   Pseudo_AttackLoss: 0.036378   Pseudo_target_mseloss: 0.360404     Vanila_D_Loss: -24.449903    D_Loss: -23.851292     Dis_Pseudo_Loss: -15.610332     Dis_target_Loss: -8.839571   Target_AttackLoss: 0.012837
2024-11-28T20:22:49.759118+08:00 - CRITICAL - 
Test set: Average loss: 1.5604, Accuracy: 4247/10000 (42%)

2024-11-28T20:22:51.061610+08:00 - CRITICAL - 
Test set: Average loss: 2.2362, Accuracy: 2304/10000 (23%)

2024-11-28T20:22:57.730125+08:00 - CRITICAL - Adaption Loss: 0.11181308329105377
2024-11-28T20:23:06.189412+08:00 - CRITICAL - Adaption Loss: 0.10284991562366486
2024-11-28T20:23:06.301842+08:00 - CRITICAL - Train Iteration: [840/2500 (34%)]	   Pseudo_AttackLoss: 0.029547   Pseudo_target_mseloss: 0.370708     Vanila_D_Loss: -23.642359    D_Loss: -22.288876     Dis_Pseudo_Loss: -21.294458     Dis_target_Loss: -2.347900   Target_AttackLoss: 0.012980
2024-11-28T20:23:11.892349+08:00 - CRITICAL - 
Test set: Average loss: 1.5599, Accuracy: 4343/10000 (43%)

2024-11-28T20:23:13.099981+08:00 - CRITICAL - 
Test set: Average loss: 2.4111, Accuracy: 2016/10000 (20%)

2024-11-28T20:23:16.559670+08:00 - CRITICAL - Adaption Loss: 0.12260229885578156
2024-11-28T20:23:23.304864+08:00 - CRITICAL - Adaption Loss: 0.09614059329032898
2024-11-28T20:23:23.414420+08:00 - CRITICAL - Train Iteration: [880/2500 (35%)]	   Pseudo_AttackLoss: 0.025676   Pseudo_target_mseloss: 0.323828     Vanila_D_Loss: -22.905611    D_Loss: -21.781170     Dis_Pseudo_Loss: -13.386867     Dis_target_Loss: -9.518744   Target_AttackLoss: 0.013397
2024-11-28T20:23:30.350311+08:00 - CRITICAL - Adaption Loss: 0.09875591099262238
2024-11-28T20:23:31.604163+08:00 - CRITICAL - 
Test set: Average loss: 1.6885, Accuracy: 3858/10000 (39%)

2024-11-28T20:23:32.776119+08:00 - CRITICAL - 
Test set: Average loss: 2.2937, Accuracy: 2186/10000 (22%)

2024-11-28T20:23:39.612703+08:00 - CRITICAL - Adaption Loss: 0.08139053732156754
2024-11-28T20:23:39.731903+08:00 - CRITICAL - Train Iteration: [920/2500 (37%)]	   Pseudo_AttackLoss: 0.029662   Pseudo_target_mseloss: 0.296709     Vanila_D_Loss: -21.567459    D_Loss: -20.999998     Dis_Pseudo_Loss: -18.631447     Dis_target_Loss: -2.936013   Target_AttackLoss: 0.012817
2024-11-28T20:23:46.763991+08:00 - CRITICAL - Adaption Loss: 0.09046393632888794
2024-11-28T20:23:51.498455+08:00 - CRITICAL - 
Test set: Average loss: 1.5177, Accuracy: 4416/10000 (44%)

2024-11-28T20:23:52.673806+08:00 - CRITICAL - 
Test set: Average loss: 2.0392, Accuracy: 2780/10000 (28%)

2024-11-28T20:23:56.109585+08:00 - CRITICAL - Adaption Loss: 0.07790098339319229
2024-11-28T20:23:56.248231+08:00 - CRITICAL - Train Iteration: [960/2500 (38%)]	   Pseudo_AttackLoss: 0.036591   Pseudo_target_mseloss: 0.239277     Vanila_D_Loss: -21.170612    D_Loss: -20.188623     Dis_Pseudo_Loss: -15.483349     Dis_target_Loss: -5.687263   Target_AttackLoss: 0.019451
2024-11-28T20:24:03.280097+08:00 - CRITICAL - Adaption Loss: 0.08732260763645172
2024-11-28T20:24:10.422591+08:00 - CRITICAL - Adaption Loss: 0.07876980304718018
2024-11-28T20:24:10.531011+08:00 - CRITICAL - Train Iteration: [1000/2500 (40%)]	   Pseudo_AttackLoss: 0.029198   Pseudo_target_mseloss: 0.196789     Vanila_D_Loss: -24.791218    D_Loss: -19.110977     Dis_Pseudo_Loss: -26.659765     Dis_target_Loss: 1.868547   Target_AttackLoss: 0.015948
2024-11-28T20:24:11.756030+08:00 - CRITICAL - 
Test set: Average loss: 1.5295, Accuracy: 4335/10000 (43%)

2024-11-28T20:24:12.958149+08:00 - CRITICAL - 
Test set: Average loss: 1.9384, Accuracy: 2987/10000 (30%)

2024-11-28T20:24:19.878610+08:00 - CRITICAL - Adaption Loss: 0.09441991150379181
2024-11-28T20:24:26.886439+08:00 - CRITICAL - Adaption Loss: 0.08632387220859528
2024-11-28T20:24:26.999563+08:00 - CRITICAL - Train Iteration: [1040/2500 (42%)]	   Pseudo_AttackLoss: 0.025413   Pseudo_target_mseloss: 0.179253     Vanila_D_Loss: -20.693447    D_Loss: -18.876232     Dis_Pseudo_Loss: -6.624507     Dis_target_Loss: -14.068940   Target_AttackLoss: 0.013169
2024-11-28T20:24:31.607356+08:00 - CRITICAL - 
Test set: Average loss: 1.5227, Accuracy: 4493/10000 (45%)

2024-11-28T20:24:32.821961+08:00 - CRITICAL - 
Test set: Average loss: 1.9180, Accuracy: 3147/10000 (31%)

2024-11-28T20:24:36.323901+08:00 - CRITICAL - Adaption Loss: 0.09687282145023346
2024-11-28T20:24:43.618236+08:00 - CRITICAL - Adaption Loss: 0.08354923129081726
2024-11-28T20:24:43.729281+08:00 - CRITICAL - Train Iteration: [1080/2500 (43%)]	   Pseudo_AttackLoss: 0.025288   Pseudo_target_mseloss: 0.160543     Vanila_D_Loss: -18.923676    D_Loss: -18.468637     Dis_Pseudo_Loss: -9.042320     Dis_target_Loss: -9.881355   Target_AttackLoss: 0.014938
2024-11-28T20:24:50.760395+08:00 - CRITICAL - Adaption Loss: 0.08442580699920654
2024-11-28T20:24:52.193366+08:00 - CRITICAL - 
Test set: Average loss: 1.4930, Accuracy: 4548/10000 (45%)

2024-11-28T20:24:53.337635+08:00 - CRITICAL - 
Test set: Average loss: 1.9330, Accuracy: 3166/10000 (32%)

2024-11-28T20:25:00.084806+08:00 - CRITICAL - Adaption Loss: 0.0917074978351593
2024-11-28T20:25:00.192047+08:00 - CRITICAL - Train Iteration: [1120/2500 (45%)]	   Pseudo_AttackLoss: 0.020760   Pseudo_target_mseloss: 0.163039     Vanila_D_Loss: -20.939365    D_Loss: -20.528950     Dis_Pseudo_Loss: -7.660431     Dis_target_Loss: -13.278934   Target_AttackLoss: 0.014459
2024-11-28T20:25:07.032023+08:00 - CRITICAL - Adaption Loss: 0.09407559037208557
2024-11-28T20:25:11.827781+08:00 - CRITICAL - 
Test set: Average loss: 1.5168, Accuracy: 4419/10000 (44%)

2024-11-28T20:25:13.003566+08:00 - CRITICAL - 
Test set: Average loss: 1.9731, Accuracy: 3131/10000 (31%)

2024-11-28T20:25:16.918748+08:00 - CRITICAL - Adaption Loss: 0.08012871444225311
2024-11-28T20:25:17.030722+08:00 - CRITICAL - Train Iteration: [1160/2500 (46%)]	   Pseudo_AttackLoss: 0.025581   Pseudo_target_mseloss: 0.138849     Vanila_D_Loss: -18.865845    D_Loss: -18.434582     Dis_Pseudo_Loss: -14.410579     Dis_target_Loss: -4.455266   Target_AttackLoss: 0.013706
2024-11-28T20:25:24.544264+08:00 - CRITICAL - Adaption Loss: 0.07176753878593445
2024-11-28T20:25:31.531209+08:00 - CRITICAL - Adaption Loss: 0.0659446120262146
2024-11-28T20:25:31.682539+08:00 - CRITICAL - Train Iteration: [1200/2500 (48%)]	   Pseudo_AttackLoss: 0.021072   Pseudo_target_mseloss: 0.123111     Vanila_D_Loss: -17.213734    D_Loss: -16.782167     Dis_Pseudo_Loss: -16.051147     Dis_target_Loss: -1.162587   Target_AttackLoss: 0.011697
2024-11-28T20:25:32.899286+08:00 - CRITICAL - 
Test set: Average loss: 1.4470, Accuracy: 4711/10000 (47%)

2024-11-28T20:25:34.152854+08:00 - CRITICAL - 
Test set: Average loss: 1.7462, Accuracy: 3650/10000 (36%)

2024-11-28T20:25:40.944322+08:00 - CRITICAL - Adaption Loss: 0.06686262786388397
2024-11-28T20:25:47.915443+08:00 - CRITICAL - Adaption Loss: 0.07693081349134445
2024-11-28T20:25:48.028160+08:00 - CRITICAL - Train Iteration: [1240/2500 (50%)]	   Pseudo_AttackLoss: 0.020164   Pseudo_target_mseloss: 0.114668     Vanila_D_Loss: -19.283152    D_Loss: -18.945984     Dis_Pseudo_Loss: -16.452847     Dis_target_Loss: -2.830306   Target_AttackLoss: 0.013301
2024-11-28T20:25:52.891696+08:00 - CRITICAL - 
Test set: Average loss: 1.4727, Accuracy: 4563/10000 (46%)

2024-11-28T20:25:54.133639+08:00 - CRITICAL - 
Test set: Average loss: 1.8574, Accuracy: 3370/10000 (34%)

2024-11-28T20:25:57.543737+08:00 - CRITICAL - Adaption Loss: 0.07770869135856628
2024-11-28T20:26:05.080535+08:00 - CRITICAL - Adaption Loss: 0.07898399233818054
2024-11-28T20:26:05.191112+08:00 - CRITICAL - Train Iteration: [1280/2500 (51%)]	   Pseudo_AttackLoss: 0.021561   Pseudo_target_mseloss: 0.104772     Vanila_D_Loss: -19.562452    D_Loss: -19.055056     Dis_Pseudo_Loss: -10.145014     Dis_target_Loss: -9.417439   Target_AttackLoss: 0.012858
2024-11-28T20:26:12.009880+08:00 - CRITICAL - Adaption Loss: 0.08537425845861435
2024-11-28T20:26:13.367961+08:00 - CRITICAL - 
Test set: Average loss: 1.4310, Accuracy: 4864/10000 (49%)

2024-11-28T20:26:14.661398+08:00 - CRITICAL - 
Test set: Average loss: 1.7788, Accuracy: 3474/10000 (35%)

2024-11-28T20:26:21.334782+08:00 - CRITICAL - Adaption Loss: 0.09149320423603058
2024-11-28T20:26:21.450531+08:00 - CRITICAL - Train Iteration: [1320/2500 (53%)]	   Pseudo_AttackLoss: 0.019216   Pseudo_target_mseloss: 0.101148     Vanila_D_Loss: -17.496502    D_Loss: -16.754997     Dis_Pseudo_Loss: -0.863346     Dis_target_Loss: -16.633156   Target_AttackLoss: 0.012962
2024-11-28T20:26:28.683171+08:00 - CRITICAL - Adaption Loss: 0.09993897378444672
2024-11-28T20:26:33.718129+08:00 - CRITICAL - 
Test set: Average loss: 1.4904, Accuracy: 4546/10000 (45%)

2024-11-28T20:26:34.887534+08:00 - CRITICAL - 
Test set: Average loss: 1.8216, Accuracy: 3527/10000 (35%)

2024-11-28T20:26:38.203977+08:00 - CRITICAL - Adaption Loss: 0.07540056109428406
2024-11-28T20:26:38.312502+08:00 - CRITICAL - Train Iteration: [1360/2500 (54%)]	   Pseudo_AttackLoss: 0.021798   Pseudo_target_mseloss: 0.083398     Vanila_D_Loss: -16.720196    D_Loss: -15.835793     Dis_Pseudo_Loss: -12.378961     Dis_target_Loss: -4.341234   Target_AttackLoss: 0.012477
2024-11-28T20:26:45.293589+08:00 - CRITICAL - Adaption Loss: 0.08189712464809418
2024-11-28T20:26:52.268480+08:00 - CRITICAL - Adaption Loss: 0.07035434246063232
2024-11-28T20:26:52.380589+08:00 - CRITICAL - Train Iteration: [1400/2500 (56%)]	   Pseudo_AttackLoss: 0.019463   Pseudo_target_mseloss: 0.111707     Vanila_D_Loss: -17.110065    D_Loss: -16.711941     Dis_Pseudo_Loss: -9.782475     Dis_target_Loss: -7.327590   Target_AttackLoss: 0.012046
2024-11-28T20:26:53.647455+08:00 - CRITICAL - 
Test set: Average loss: 1.3933, Accuracy: 4965/10000 (50%)

2024-11-28T20:26:54.825839+08:00 - CRITICAL - 
Test set: Average loss: 1.8411, Accuracy: 3410/10000 (34%)

2024-11-28T20:27:01.803813+08:00 - CRITICAL - Adaption Loss: 0.07581266760826111
2024-11-28T20:27:09.963723+08:00 - CRITICAL - Adaption Loss: 0.06969541311264038
2024-11-28T20:27:10.075736+08:00 - CRITICAL - Train Iteration: [1440/2500 (58%)]	   Pseudo_AttackLoss: 0.019493   Pseudo_target_mseloss: 0.091148     Vanila_D_Loss: -20.026279    D_Loss: -17.822140     Dis_Pseudo_Loss: -14.505023     Dis_target_Loss: -5.521256   Target_AttackLoss: 0.011466
2024-11-28T20:27:15.001156+08:00 - CRITICAL - 
Test set: Average loss: 1.4204, Accuracy: 4796/10000 (48%)

2024-11-28T20:27:16.196274+08:00 - CRITICAL - 
Test set: Average loss: 1.7912, Accuracy: 3653/10000 (37%)

2024-11-28T20:27:19.533551+08:00 - CRITICAL - Adaption Loss: 0.06478534638881683
2024-11-28T20:27:26.397672+08:00 - CRITICAL - Adaption Loss: 0.06003288924694061
2024-11-28T20:27:26.504522+08:00 - CRITICAL - Train Iteration: [1480/2500 (59%)]	   Pseudo_AttackLoss: 0.017639   Pseudo_target_mseloss: 0.091661     Vanila_D_Loss: -16.149004    D_Loss: -15.404888     Dis_Pseudo_Loss: -2.040083     Dis_target_Loss: -14.108921   Target_AttackLoss: 0.011162
2024-11-28T20:27:33.493727+08:00 - CRITICAL - Adaption Loss: 0.06681966781616211
2024-11-28T20:27:34.878008+08:00 - CRITICAL - 
Test set: Average loss: 1.4224, Accuracy: 4836/10000 (48%)

2024-11-28T20:27:36.046806+08:00 - CRITICAL - 
Test set: Average loss: 1.6580, Accuracy: 4023/10000 (40%)

2024-11-28T20:27:43.001461+08:00 - CRITICAL - Adaption Loss: 0.06707338988780975
2024-11-28T20:27:43.110562+08:00 - CRITICAL - Train Iteration: [1520/2500 (61%)]	   Pseudo_AttackLoss: 0.017850   Pseudo_target_mseloss: 0.094147     Vanila_D_Loss: -17.388611    D_Loss: -16.999517     Dis_Pseudo_Loss: -9.318663     Dis_target_Loss: -8.069948   Target_AttackLoss: 0.011642
2024-11-28T20:27:50.630291+08:00 - CRITICAL - Adaption Loss: 0.0717567652463913
2024-11-28T20:27:55.285550+08:00 - CRITICAL - 
Test set: Average loss: 1.4420, Accuracy: 4733/10000 (47%)

2024-11-28T20:27:56.516315+08:00 - CRITICAL - 
Test set: Average loss: 1.7542, Accuracy: 3634/10000 (36%)

2024-11-28T20:27:59.843973+08:00 - CRITICAL - Adaption Loss: 0.05262896418571472
2024-11-28T20:27:59.967662+08:00 - CRITICAL - Train Iteration: [1560/2500 (62%)]	   Pseudo_AttackLoss: 0.018728   Pseudo_target_mseloss: 0.106639     Vanila_D_Loss: -6.112954    D_Loss: -5.013802     Dis_Pseudo_Loss: -8.689240     Dis_target_Loss: 2.576286   Target_AttackLoss: 0.013576
2024-11-28T20:28:07.085635+08:00 - CRITICAL - Adaption Loss: 0.06547985970973969
2024-11-28T20:28:14.137964+08:00 - CRITICAL - Adaption Loss: 0.06650358438491821
2024-11-28T20:28:14.276056+08:00 - CRITICAL - Train Iteration: [1600/2500 (64%)]	   Pseudo_AttackLoss: 0.016788   Pseudo_target_mseloss: 0.091483     Vanila_D_Loss: -11.268057    D_Loss: -10.215903     Dis_Pseudo_Loss: -12.485815     Dis_target_Loss: 1.217758   Target_AttackLoss: 0.011238
2024-11-28T20:28:15.495311+08:00 - CRITICAL - 
Test set: Average loss: 1.3887, Accuracy: 4972/10000 (50%)

2024-11-28T20:28:16.711538+08:00 - CRITICAL - 
Test set: Average loss: 1.7636, Accuracy: 3815/10000 (38%)

2024-11-28T20:28:23.512214+08:00 - CRITICAL - Adaption Loss: 0.05525676906108856
2024-11-28T20:28:30.500059+08:00 - CRITICAL - Adaption Loss: 0.0705241709947586
2024-11-28T20:28:30.614806+08:00 - CRITICAL - Train Iteration: [1640/2500 (66%)]	   Pseudo_AttackLoss: 0.016409   Pseudo_target_mseloss: 0.077478     Vanila_D_Loss: -11.790785    D_Loss: -9.193844     Dis_Pseudo_Loss: -9.398914     Dis_target_Loss: -2.391870   Target_AttackLoss: 0.011839
2024-11-28T20:28:35.270255+08:00 - CRITICAL - 
Test set: Average loss: 1.4410, Accuracy: 4743/10000 (47%)

2024-11-28T20:28:36.491575+08:00 - CRITICAL - 
Test set: Average loss: 1.9566, Accuracy: 3117/10000 (31%)

2024-11-28T20:28:39.907565+08:00 - CRITICAL - Adaption Loss: 0.06888501346111298
2024-11-28T20:28:46.871198+08:00 - CRITICAL - Adaption Loss: 0.07008250057697296
2024-11-28T20:28:46.980924+08:00 - CRITICAL - Train Iteration: [1680/2500 (67%)]	   Pseudo_AttackLoss: 0.021802   Pseudo_target_mseloss: 0.082485     Vanila_D_Loss: -20.257751    D_Loss: -17.877125     Dis_Pseudo_Loss: -6.528296     Dis_target_Loss: -13.729456   Target_AttackLoss: 0.011335
2024-11-28T20:28:53.625738+08:00 - CRITICAL - Adaption Loss: 0.06228821352124214
2024-11-28T20:28:55.065558+08:00 - CRITICAL - 
Test set: Average loss: 1.4090, Accuracy: 4846/10000 (48%)

2024-11-28T20:28:56.244601+08:00 - CRITICAL - 
Test set: Average loss: 1.8021, Accuracy: 3541/10000 (35%)

2024-11-28T20:29:03.164757+08:00 - CRITICAL - Adaption Loss: 0.08576783537864685
2024-11-28T20:29:03.281630+08:00 - CRITICAL - Train Iteration: [1720/2500 (69%)]	   Pseudo_AttackLoss: 0.017135   Pseudo_target_mseloss: 0.075604     Vanila_D_Loss: -15.650491    D_Loss: -14.693815     Dis_Pseudo_Loss: -1.422879     Dis_target_Loss: -14.227612   Target_AttackLoss: 0.011397
2024-11-28T20:29:09.998310+08:00 - CRITICAL - Adaption Loss: 0.06183115392923355
2024-11-28T20:29:14.786796+08:00 - CRITICAL - 
Test set: Average loss: 1.3919, Accuracy: 4955/10000 (50%)

2024-11-28T20:29:16.077832+08:00 - CRITICAL - 
Test set: Average loss: 1.7355, Accuracy: 3746/10000 (37%)

2024-11-28T20:29:19.560991+08:00 - CRITICAL - Adaption Loss: 0.07204587757587433
2024-11-28T20:29:19.680891+08:00 - CRITICAL - Train Iteration: [1760/2500 (70%)]	   Pseudo_AttackLoss: 0.015525   Pseudo_target_mseloss: 0.070803     Vanila_D_Loss: -16.418274    D_Loss: -15.337705     Dis_Pseudo_Loss: 1.331746     Dis_target_Loss: -17.750019   Target_AttackLoss: 0.012702
2024-11-28T20:29:27.029337+08:00 - CRITICAL - Adaption Loss: 0.05682634934782982
2024-11-28T20:29:34.132423+08:00 - CRITICAL - Adaption Loss: 0.06489968299865723
2024-11-28T20:29:34.265934+08:00 - CRITICAL - Train Iteration: [1800/2500 (72%)]	   Pseudo_AttackLoss: 0.021656   Pseudo_target_mseloss: 0.092619     Vanila_D_Loss: -16.209358    D_Loss: -15.492657     Dis_Pseudo_Loss: 2.601718     Dis_target_Loss: -18.811077   Target_AttackLoss: 0.011718
2024-11-28T20:29:35.468849+08:00 - CRITICAL - 
Test set: Average loss: 1.3676, Accuracy: 5169/10000 (52%)

2024-11-28T20:29:36.685450+08:00 - CRITICAL - 
Test set: Average loss: 1.6568, Accuracy: 4122/10000 (41%)

2024-11-28T20:29:43.397546+08:00 - CRITICAL - Adaption Loss: 0.05921819433569908
2024-11-28T20:29:50.389405+08:00 - CRITICAL - Adaption Loss: 0.0621347576379776
2024-11-28T20:29:50.496950+08:00 - CRITICAL - Train Iteration: [1840/2500 (74%)]	   Pseudo_AttackLoss: 0.021330   Pseudo_target_mseloss: 0.076003     Vanila_D_Loss: -17.797823    D_Loss: -17.247478     Dis_Pseudo_Loss: -6.823778     Dis_target_Loss: -10.974045   Target_AttackLoss: 0.011764
2024-11-28T20:29:55.139852+08:00 - CRITICAL - 
Test set: Average loss: 1.3806, Accuracy: 5033/10000 (50%)

2024-11-28T20:29:56.404149+08:00 - CRITICAL - 
Test set: Average loss: 1.7645, Accuracy: 3843/10000 (38%)

2024-11-28T20:29:59.682857+08:00 - CRITICAL - Adaption Loss: 0.06993314623832703
2024-11-28T20:30:06.813355+08:00 - CRITICAL - Adaption Loss: 0.06410345435142517
2024-11-28T20:30:06.948513+08:00 - CRITICAL - Train Iteration: [1880/2500 (75%)]	   Pseudo_AttackLoss: 0.015623   Pseudo_target_mseloss: 0.081701     Vanila_D_Loss: -14.673549    D_Loss: -13.935824     Dis_Pseudo_Loss: 4.879130     Dis_target_Loss: -19.552679   Target_AttackLoss: 0.012550
2024-11-28T20:30:14.733649+08:00 - CRITICAL - Adaption Loss: 0.07902134954929352
2024-11-28T20:30:16.090899+08:00 - CRITICAL - 
Test set: Average loss: 1.3345, Accuracy: 5137/10000 (51%)

2024-11-28T20:30:17.269818+08:00 - CRITICAL - 
Test set: Average loss: 1.6233, Accuracy: 4281/10000 (43%)

2024-11-28T20:30:24.292907+08:00 - CRITICAL - Adaption Loss: 0.05552845820784569
2024-11-28T20:30:24.419090+08:00 - CRITICAL - Train Iteration: [1920/2500 (77%)]	   Pseudo_AttackLoss: 0.022495   Pseudo_target_mseloss: 0.080853     Vanila_D_Loss: -16.878807    D_Loss: -16.430176     Dis_Pseudo_Loss: -10.854721     Dis_target_Loss: -6.024085   Target_AttackLoss: 0.015302
2024-11-28T20:30:31.272711+08:00 - CRITICAL - Adaption Loss: 0.053468819707632065
2024-11-28T20:30:36.215535+08:00 - CRITICAL - 
Test set: Average loss: 1.3411, Accuracy: 5260/10000 (53%)

2024-11-28T20:30:37.495601+08:00 - CRITICAL - 
Test set: Average loss: 1.6998, Accuracy: 4025/10000 (40%)

2024-11-28T20:30:41.009987+08:00 - CRITICAL - Adaption Loss: 0.06155603006482124
2024-11-28T20:30:41.116776+08:00 - CRITICAL - Train Iteration: [1960/2500 (78%)]	   Pseudo_AttackLoss: 0.017533   Pseudo_target_mseloss: 0.076313     Vanila_D_Loss: -14.917326    D_Loss: -14.415915     Dis_Pseudo_Loss: -1.539768     Dis_target_Loss: -13.377558   Target_AttackLoss: 0.011728
2024-11-28T20:30:47.732260+08:00 - CRITICAL - Adaption Loss: 0.06640732288360596
2024-11-28T20:30:54.855383+08:00 - CRITICAL - Adaption Loss: 0.06634192168712616
2024-11-28T20:30:54.971231+08:00 - CRITICAL - Train Iteration: [2000/2500 (80%)]	   Pseudo_AttackLoss: 0.013150   Pseudo_target_mseloss: 0.079446     Vanila_D_Loss: -15.180367    D_Loss: -14.820065     Dis_Pseudo_Loss: -3.748508     Dis_target_Loss: -11.431860   Target_AttackLoss: 0.011448
2024-11-28T20:30:56.190274+08:00 - CRITICAL - 
Test set: Average loss: 1.3243, Accuracy: 5227/10000 (52%)

2024-11-28T20:30:57.428659+08:00 - CRITICAL - 
Test set: Average loss: 1.6644, Accuracy: 4134/10000 (41%)

2024-11-28T20:31:05.362532+08:00 - CRITICAL - Adaption Loss: 0.06469376385211945
2024-11-28T20:31:12.598209+08:00 - CRITICAL - Adaption Loss: 0.056297145783901215
2024-11-28T20:31:12.710562+08:00 - CRITICAL - Train Iteration: [2040/2500 (82%)]	   Pseudo_AttackLoss: 0.013113   Pseudo_target_mseloss: 0.066289     Vanila_D_Loss: -15.588001    D_Loss: -14.860837     Dis_Pseudo_Loss: -3.240795     Dis_target_Loss: -12.347206   Target_AttackLoss: 0.010414
2024-11-28T20:31:17.447962+08:00 - CRITICAL - 
Test set: Average loss: 1.3087, Accuracy: 5309/10000 (53%)

2024-11-28T20:31:18.754819+08:00 - CRITICAL - 
Test set: Average loss: 1.6168, Accuracy: 4076/10000 (41%)

2024-11-28T20:31:22.055758+08:00 - CRITICAL - Adaption Loss: 0.056820210069417953
2024-11-28T20:31:29.111817+08:00 - CRITICAL - Adaption Loss: 0.06454387307167053
2024-11-28T20:31:29.244115+08:00 - CRITICAL - Train Iteration: [2080/2500 (83%)]	   Pseudo_AttackLoss: 0.019867   Pseudo_target_mseloss: 0.058442     Vanila_D_Loss: -16.161373    D_Loss: -14.941425     Dis_Pseudo_Loss: -2.892363     Dis_target_Loss: -13.269011   Target_AttackLoss: 0.012453
2024-11-28T20:31:35.981465+08:00 - CRITICAL - Adaption Loss: 0.0729106068611145
2024-11-28T20:31:37.374225+08:00 - CRITICAL - 
Test set: Average loss: 1.3194, Accuracy: 5268/10000 (53%)

2024-11-28T20:31:38.642594+08:00 - CRITICAL - 
Test set: Average loss: 1.6264, Accuracy: 4281/10000 (43%)

2024-11-28T20:31:45.936536+08:00 - CRITICAL - Adaption Loss: 0.056898146867752075
2024-11-28T20:31:46.065380+08:00 - CRITICAL - Train Iteration: [2120/2500 (85%)]	   Pseudo_AttackLoss: 0.016062   Pseudo_target_mseloss: 0.058790     Vanila_D_Loss: -15.841742    D_Loss: -15.237690     Dis_Pseudo_Loss: -8.014843     Dis_target_Loss: -7.826898   Target_AttackLoss: 0.010183
2024-11-28T20:31:52.874511+08:00 - CRITICAL - Adaption Loss: 0.052284903824329376
2024-11-28T20:31:57.780529+08:00 - CRITICAL - 
Test set: Average loss: 1.3229, Accuracy: 5220/10000 (52%)

2024-11-28T20:31:59.031565+08:00 - CRITICAL - 
Test set: Average loss: 1.5270, Accuracy: 4472/10000 (45%)

2024-11-28T20:32:02.860298+08:00 - CRITICAL - Adaption Loss: 0.0527309812605381
2024-11-28T20:32:02.971851+08:00 - CRITICAL - Train Iteration: [2160/2500 (86%)]	   Pseudo_AttackLoss: 0.015475   Pseudo_target_mseloss: 0.057474     Vanila_D_Loss: -14.091292    D_Loss: -13.614552     Dis_Pseudo_Loss: -10.755704     Dis_target_Loss: -3.335588   Target_AttackLoss: 0.010804
2024-11-28T20:32:09.621516+08:00 - CRITICAL - Adaption Loss: 0.057380516082048416
2024-11-28T20:32:16.617611+08:00 - CRITICAL - Adaption Loss: 0.06782342493534088
2024-11-28T20:32:16.724661+08:00 - CRITICAL - Train Iteration: [2200/2500 (88%)]	   Pseudo_AttackLoss: 0.015735   Pseudo_target_mseloss: 0.052145     Vanila_D_Loss: -14.427646    D_Loss: -14.188535     Dis_Pseudo_Loss: -5.742339     Dis_target_Loss: -8.685307   Target_AttackLoss: 0.010857
2024-11-28T20:32:17.964957+08:00 - CRITICAL - 
Test set: Average loss: 1.3389, Accuracy: 5112/10000 (51%)

2024-11-28T20:32:19.201132+08:00 - CRITICAL - 
Test set: Average loss: 1.5211, Accuracy: 4511/10000 (45%)

2024-11-28T20:32:25.882875+08:00 - CRITICAL - Adaption Loss: 0.0611536018550396
2024-11-28T20:32:32.855186+08:00 - CRITICAL - Adaption Loss: 0.06462065875530243
2024-11-28T20:32:32.975085+08:00 - CRITICAL - Train Iteration: [2240/2500 (90%)]	   Pseudo_AttackLoss: 0.014315   Pseudo_target_mseloss: 0.061024     Vanila_D_Loss: -15.223804    D_Loss: -14.768039     Dis_Pseudo_Loss: -4.274655     Dis_target_Loss: -10.949148   Target_AttackLoss: 0.011670
2024-11-28T20:32:37.672342+08:00 - CRITICAL - 
Test set: Average loss: 1.2839, Accuracy: 5398/10000 (54%)

2024-11-28T20:32:38.865599+08:00 - CRITICAL - 
Test set: Average loss: 1.5617, Accuracy: 4403/10000 (44%)

2024-11-28T20:32:42.188031+08:00 - CRITICAL - Adaption Loss: 0.054642532020807266
2024-11-28T20:32:49.330158+08:00 - CRITICAL - Adaption Loss: 0.057515162974596024
2024-11-28T20:32:49.452146+08:00 - CRITICAL - Train Iteration: [2280/2500 (91%)]	   Pseudo_AttackLoss: 0.017961   Pseudo_target_mseloss: 0.066671     Vanila_D_Loss: -14.642042    D_Loss: -14.272388     Dis_Pseudo_Loss: -7.157523     Dis_target_Loss: -7.484519   Target_AttackLoss: 0.010911
2024-11-28T20:32:56.395168+08:00 - CRITICAL - Adaption Loss: 0.05797840282320976
2024-11-28T20:32:57.778540+08:00 - CRITICAL - 
Test set: Average loss: 1.2944, Accuracy: 5350/10000 (54%)

2024-11-28T20:32:59.046944+08:00 - CRITICAL - 
Test set: Average loss: 1.5549, Accuracy: 4412/10000 (44%)

2024-11-28T20:33:06.932540+08:00 - CRITICAL - Adaption Loss: 0.06406663358211517
2024-11-28T20:33:07.045614+08:00 - CRITICAL - Train Iteration: [2320/2500 (93%)]	   Pseudo_AttackLoss: 0.014217   Pseudo_target_mseloss: 0.066195     Vanila_D_Loss: -13.951160    D_Loss: -13.422209     Dis_Pseudo_Loss: -1.708586     Dis_target_Loss: -12.242575   Target_AttackLoss: 0.010219
2024-11-28T20:33:13.857353+08:00 - CRITICAL - Adaption Loss: 0.05681173875927925
2024-11-28T20:33:19.264342+08:00 - CRITICAL - 
Test set: Average loss: 1.3109, Accuracy: 5368/10000 (54%)

2024-11-28T20:33:20.531997+08:00 - CRITICAL - 
Test set: Average loss: 1.4729, Accuracy: 4731/10000 (47%)

2024-11-28T20:33:23.797343+08:00 - CRITICAL - Adaption Loss: 0.05990120396018028
2024-11-28T20:33:23.904138+08:00 - CRITICAL - Train Iteration: [2360/2500 (94%)]	   Pseudo_AttackLoss: 0.014995   Pseudo_target_mseloss: 0.059631     Vanila_D_Loss: -14.144413    D_Loss: -13.504104     Dis_Pseudo_Loss: 2.057589     Dis_target_Loss: -16.202002   Target_AttackLoss: 0.010797
2024-11-28T20:33:30.861086+08:00 - CRITICAL - Adaption Loss: 0.05673310533165932
2024-11-28T20:33:38.391871+08:00 - CRITICAL - Adaption Loss: 0.054110605269670486
2024-11-28T20:33:38.500350+08:00 - CRITICAL - Train Iteration: [2400/2500 (96%)]	   Pseudo_AttackLoss: 0.013632   Pseudo_target_mseloss: 0.053612     Vanila_D_Loss: -14.477174    D_Loss: -14.142508     Dis_Pseudo_Loss: -0.835072     Dis_target_Loss: -13.642101   Target_AttackLoss: 0.010030
2024-11-28T20:33:39.792841+08:00 - CRITICAL - 
Test set: Average loss: 1.2979, Accuracy: 5394/10000 (54%)

2024-11-28T20:33:41.064195+08:00 - CRITICAL - 
Test set: Average loss: 1.4771, Accuracy: 4720/10000 (47%)

2024-11-28T20:33:48.153502+08:00 - CRITICAL - Adaption Loss: 0.06343360245227814
2024-11-28T20:33:55.016961+08:00 - CRITICAL - Adaption Loss: 0.060910530388355255
2024-11-28T20:33:55.125602+08:00 - CRITICAL - Train Iteration: [2440/2500 (98%)]	   Pseudo_AttackLoss: 0.014523   Pseudo_target_mseloss: 0.065567     Vanila_D_Loss: -15.264602    D_Loss: -14.846437     Dis_Pseudo_Loss: -0.673360     Dis_target_Loss: -14.591242   Target_AttackLoss: 0.011615
2024-11-28T20:33:59.602670+08:00 - CRITICAL - 
Test set: Average loss: 1.3149, Accuracy: 5248/10000 (52%)

2024-11-28T20:34:00.922980+08:00 - CRITICAL - 
Test set: Average loss: 1.5475, Accuracy: 4470/10000 (45%)

2024-11-28T20:34:04.349750+08:00 - CRITICAL - Adaption Loss: 0.06339330971240997
2024-11-28T20:34:11.602921+08:00 - CRITICAL - Adaption Loss: 0.051455892622470856
2024-11-28T20:34:11.716494+08:00 - CRITICAL - Train Iteration: [2480/2500 (99%)]	   Pseudo_AttackLoss: 0.013273   Pseudo_target_mseloss: 0.060820     Vanila_D_Loss: -15.283739    D_Loss: -14.950492     Dis_Pseudo_Loss: -5.901385     Dis_target_Loss: -9.382355   Target_AttackLoss: 0.012061
2024-11-28T20:34:18.778452+08:00 - CRITICAL - Adaption Loss: 0.04798524081707001
2024-11-28T20:34:20.156785+08:00 - CRITICAL - 
Test set: Average loss: 1.3290, Accuracy: 5280/10000 (53%)

2024-11-28T20:34:21.400205+08:00 - CRITICAL - 
Test set: Average loss: 1.5070, Accuracy: 4634/10000 (46%)

