2024-11-25T11:33:16.844287+08:00 - INFO - >>>>>>>>>>>>>>Running settings>>>>>>>>>>>>>>
2024-11-25T11:33:16.844469+08:00 - INFO - iteration: 15000
2024-11-25T11:33:16.844556+08:00 - INFO - lr: 0.0001
2024-11-25T11:33:16.844639+08:00 - INFO - server_pseudo_lr: 0.0001
2024-11-25T11:33:16.844712+08:00 - INFO - dlr: 0.0003
2024-11-25T11:33:16.844783+08:00 - INFO - print_freq: 40
2024-11-25T11:33:16.844851+08:00 - INFO - save_path: attack_model.pth
2024-11-25T11:33:16.844917+08:00 - INFO - gid: 0
2024-11-25T11:33:16.844983+08:00 - INFO - layer_id: 2
2024-11-25T11:33:16.845049+08:00 - INFO - a: 0.7
2024-11-25T11:33:16.845117+08:00 - INFO - batch_size: 64
2024-11-25T11:33:16.845183+08:00 - INFO - dataset: cifar10
2024-11-25T11:33:16.845248+08:00 - INFO - dataset_num: 5000
2024-11-25T11:33:16.845314+08:00 - INFO - coral: True
2024-11-25T11:33:16.845380+08:00 - INFO - mkkd: False
2024-11-25T11:33:16.845445+08:00 - INFO - >>>>>>>>>>>>>>>>>>>>>>>>>>>>>>


2024-11-25T11:33:18.632988+08:00 - INFO - DataSet:cifar10
2024-11-25T11:33:18.633304+08:00 - INFO - Train Dataset:50000
2024-11-25T11:33:18.633419+08:00 - INFO - Test Dataset:10000
2024-11-25T11:33:25.082801+08:00 - CRITICAL - Adaption Loss: 0.1470327228307724
2024-11-25T11:33:29.162192+08:00 - CRITICAL - Adaption Loss: 0.13914616405963898
2024-11-25T11:33:29.277069+08:00 - CRITICAL - Train Iteration: [40/15000 (0%)]	   Pseudo_AttackLoss: 0.065544   Pseudo_target_mseloss: 0.825159     Vanila_D_Loss: -2.205836    D_Loss: 1.316539     Dis_Pseudo_Loss: -4.707812     Dis_target_Loss: 2.501976   Target_AttackLoss: 0.041335
2024-11-25T11:33:32.787174+08:00 - CRITICAL - 
Test set: Average loss: 2.2647, Accuracy: 1525/10000 (15%)

2024-11-25T11:33:34.154779+08:00 - CRITICAL - 
Test set: Average loss: 2.3581, Accuracy: 1216/10000 (12%)

2024-11-25T11:33:36.004653+08:00 - CRITICAL - Adaption Loss: 0.12751173973083496
