2024-11-26T01:41:16.117185+08:00 - INFO - >>>>>>>>>>>>>>Running settings>>>>>>>>>>>>>>
2024-11-26T01:41:16.117352+08:00 - INFO - iteration: 2500
2024-11-26T01:41:16.117426+08:00 - INFO - lr: 0.0001
2024-11-26T01:41:16.117518+08:00 - INFO - server_pseudo_lr: 0.0001
2024-11-26T01:41:16.117584+08:00 - INFO - dlr: 0.0003
2024-11-26T01:41:16.117647+08:00 - INFO - print_freq: 40
2024-11-26T01:41:16.117709+08:00 - INFO - save_path: attack_model.pth
2024-11-26T01:41:16.117770+08:00 - INFO - gid: 0
2024-11-26T01:41:16.117831+08:00 - INFO - layer_id: 2
2024-11-26T01:41:16.117891+08:00 - INFO - a: 0.5
2024-11-26T01:41:16.117954+08:00 - INFO - batch_size: 64
2024-11-26T01:41:16.118016+08:00 - INFO - dataset: cifar10
2024-11-26T01:41:16.118076+08:00 - INFO - dataset_num: 3000
2024-11-26T01:41:16.118137+08:00 - INFO - coral: True
2024-11-26T01:41:16.118197+08:00 - INFO - mkkd: False
2024-11-26T01:41:16.118257+08:00 - INFO - >>>>>>>>>>>>>>>>>>>>>>>>>>>>>>


2024-11-26T01:41:18.096631+08:00 - INFO - DataSet:cifar10
2024-11-26T01:41:18.096960+08:00 - INFO - Train Dataset:50000
2024-11-26T01:41:18.097092+08:00 - INFO - Test Dataset:10000
2024-11-26T01:41:31.014182+08:00 - CRITICAL - Adaption Loss: 0.1558188945055008
2024-11-26T01:41:39.592198+08:00 - CRITICAL - Adaption Loss: 0.15773580968379974
2024-11-26T01:41:39.901861+08:00 - CRITICAL - Train Iteration: [40/2500 (2%)]	   Pseudo_AttackLoss: 0.067776   Pseudo_target_mseloss: 0.836731     Vanila_D_Loss: -2.165625    D_Loss: -0.471813     Dis_Pseudo_Loss: -4.777366     Dis_target_Loss: 2.611741   Target_AttackLoss: 0.041335
2024-11-26T01:41:47.708425+08:00 - CRITICAL - 
Test set: Average loss: 2.2647, Accuracy: 1525/10000 (15%)

2024-11-26T01:41:49.986009+08:00 - CRITICAL - 
Test set: Average loss: 2.3482, Accuracy: 1287/10000 (13%)

2024-11-26T01:41:54.226317+08:00 - CRITICAL - Adaption Loss: 0.14498692750930786
2024-11-26T01:42:04.322177+08:00 - CRITICAL - Adaption Loss: 0.1209585890173912
2024-11-26T01:42:04.597998+08:00 - CRITICAL - Train Iteration: [80/2500 (3%)]	   Pseudo_AttackLoss: 0.058082   Pseudo_target_mseloss: 0.768728     Vanila_D_Loss: -14.438585    D_Loss: -13.497110     Dis_Pseudo_Loss: -23.515650     Dis_target_Loss: 9.077065   Target_AttackLoss: 0.031346
2024-11-26T01:42:13.180414+08:00 - CRITICAL - Adaption Loss: 0.12154730409383774
2024-11-26T01:42:16.058420+08:00 - CRITICAL - 
Test set: Average loss: 2.0721, Accuracy: 2313/10000 (23%)

2024-11-26T01:42:18.492919+08:00 - CRITICAL - 
Test set: Average loss: 2.4704, Accuracy: 1326/10000 (13%)

2024-11-26T01:42:28.434239+08:00 - CRITICAL - Adaption Loss: 0.10821590572595596
2024-11-26T01:42:28.725667+08:00 - CRITICAL - Train Iteration: [120/2500 (5%)]	   Pseudo_AttackLoss: 0.046623   Pseudo_target_mseloss: 0.460096     Vanila_D_Loss: -22.591194    D_Loss: -19.104202     Dis_Pseudo_Loss: -36.164078     Dis_target_Loss: 13.572884   Target_AttackLoss: 0.025468
2024-11-26T01:42:37.408664+08:00 - CRITICAL - Adaption Loss: 0.106418177485466
2024-11-26T01:42:44.566387+08:00 - CRITICAL - 
Test set: Average loss: 1.9675, Accuracy: 2721/10000 (27%)

2024-11-26T01:42:47.196274+08:00 - CRITICAL - 
Test set: Average loss: 2.2958, Accuracy: 1542/10000 (15%)

2024-11-26T01:42:51.552725+08:00 - CRITICAL - Adaption Loss: 0.10357483476400375
2024-11-26T01:42:51.848215+08:00 - CRITICAL - Train Iteration: [160/2500 (6%)]	   Pseudo_AttackLoss: 0.048158   Pseudo_target_mseloss: 0.624700     Vanila_D_Loss: -13.991072    D_Loss: 53.490570     Dis_Pseudo_Loss: -3.510042     Dis_target_Loss: -10.481030   Target_AttackLoss: 0.031132
2024-11-26T01:43:00.801339+08:00 - CRITICAL - Adaption Loss: 0.15110288560390472
2024-11-26T01:43:10.105487+08:00 - CRITICAL - Adaption Loss: 0.11188339442014694
2024-11-26T01:43:10.394153+08:00 - CRITICAL - Train Iteration: [200/2500 (8%)]	   Pseudo_AttackLoss: 0.050827   Pseudo_target_mseloss: 0.562144     Vanila_D_Loss: -14.957109    D_Loss: -11.707991     Dis_Pseudo_Loss: -22.102762     Dis_target_Loss: 7.145652   Target_AttackLoss: 0.024832
2024-11-26T01:43:12.655879+08:00 - CRITICAL - 
Test set: Average loss: 1.9432, Accuracy: 2984/10000 (30%)

2024-11-26T01:43:15.003860+08:00 - CRITICAL - 
Test set: Average loss: 2.7487, Accuracy: 1164/10000 (12%)

2024-11-26T01:43:23.527608+08:00 - CRITICAL - Adaption Loss: 0.10585588216781616
2024-11-26T01:43:32.222860+08:00 - CRITICAL - Adaption Loss: 0.11356379091739655
2024-11-26T01:43:32.503740+08:00 - CRITICAL - Train Iteration: [240/2500 (10%)]	   Pseudo_AttackLoss: 0.044239   Pseudo_target_mseloss: 0.631105     Vanila_D_Loss: -8.704468    D_Loss: 84.844055     Dis_Pseudo_Loss: 22.210384     Dis_target_Loss: -30.914852   Target_AttackLoss: 0.020575
2024-11-26T01:43:38.664496+08:00 - CRITICAL - 
Test set: Average loss: 1.8255, Accuracy: 3120/10000 (31%)

2024-11-26T01:43:40.997539+08:00 - CRITICAL - 
Test set: Average loss: 2.7427, Accuracy: 1369/10000 (14%)

2024-11-26T01:43:45.577862+08:00 - CRITICAL - Adaption Loss: 0.09203082323074341
2024-11-26T01:43:55.102112+08:00 - CRITICAL - Adaption Loss: 0.10478474199771881
2024-11-26T01:43:55.378050+08:00 - CRITICAL - Train Iteration: [280/2500 (11%)]	   Pseudo_AttackLoss: 0.036681   Pseudo_target_mseloss: 0.652085     Vanila_D_Loss: -10.900514    D_Loss: -8.580361     Dis_Pseudo_Loss: 0.863457     Dis_target_Loss: -11.763971   Target_AttackLoss: 0.021541
2024-11-26T01:44:03.953436+08:00 - CRITICAL - Adaption Loss: 0.09882263094186783
2024-11-26T01:44:06.146962+08:00 - CRITICAL - 
Test set: Average loss: 1.8134, Accuracy: 3168/10000 (32%)

2024-11-26T01:44:08.509285+08:00 - CRITICAL - 
Test set: Average loss: 2.3632, Accuracy: 1718/10000 (17%)

2024-11-26T01:44:17.495098+08:00 - CRITICAL - Adaption Loss: 0.09354861825704575
2024-11-26T01:44:17.768623+08:00 - CRITICAL - Train Iteration: [320/2500 (13%)]	   Pseudo_AttackLoss: 0.033280   Pseudo_target_mseloss: 0.697317     Vanila_D_Loss: -18.039062    D_Loss: -16.317032     Dis_Pseudo_Loss: -12.533539     Dis_target_Loss: -5.505525   Target_AttackLoss: 0.020484
2024-11-26T01:44:26.399320+08:00 - CRITICAL - Adaption Loss: 0.10281626880168915
2024-11-26T01:44:33.756010+08:00 - CRITICAL - 
Test set: Average loss: 1.7710, Accuracy: 3382/10000 (34%)

2024-11-26T01:44:35.801026+08:00 - CRITICAL - 
Test set: Average loss: 2.3512, Accuracy: 1663/10000 (17%)

2024-11-26T01:44:40.605855+08:00 - CRITICAL - Adaption Loss: 0.10281398892402649
2024-11-26T01:44:40.853697+08:00 - CRITICAL - Train Iteration: [360/2500 (14%)]	   Pseudo_AttackLoss: 0.039024   Pseudo_target_mseloss: 0.893762     Vanila_D_Loss: -20.636604    D_Loss: -19.601233     Dis_Pseudo_Loss: -26.674660     Dis_target_Loss: 6.038055   Target_AttackLoss: 0.021158
2024-11-26T01:44:49.720644+08:00 - CRITICAL - Adaption Loss: 0.10674972087144852
2024-11-26T01:44:59.187125+08:00 - CRITICAL - Adaption Loss: 0.09822060912847519
2024-11-26T01:44:59.543752+08:00 - CRITICAL - Train Iteration: [400/2500 (16%)]	   Pseudo_AttackLoss: 0.047316   Pseudo_target_mseloss: 0.763002     Vanila_D_Loss: -24.674828    D_Loss: -22.751854     Dis_Pseudo_Loss: -28.879866     Dis_target_Loss: 4.205039   Target_AttackLoss: 0.015841
2024-11-26T01:45:01.738837+08:00 - CRITICAL - 
Test set: Average loss: 1.7467, Accuracy: 3581/10000 (36%)

2024-11-26T01:45:04.424229+08:00 - CRITICAL - 
Test set: Average loss: 2.7260, Accuracy: 1166/10000 (12%)

2024-11-26T01:45:13.683969+08:00 - CRITICAL - Adaption Loss: 0.0962006077170372
2024-11-26T01:45:22.993374+08:00 - CRITICAL - Adaption Loss: 0.09313835948705673
2024-11-26T01:45:23.269083+08:00 - CRITICAL - Train Iteration: [440/2500 (18%)]	   Pseudo_AttackLoss: 0.036965   Pseudo_target_mseloss: 0.679234     Vanila_D_Loss: -20.379204    D_Loss: -19.958618     Dis_Pseudo_Loss: -25.061886     Dis_target_Loss: 4.682682   Target_AttackLoss: 0.015564
2024-11-26T01:45:29.920025+08:00 - CRITICAL - 
Test set: Average loss: 1.6898, Accuracy: 3724/10000 (37%)

2024-11-26T01:45:32.353399+08:00 - CRITICAL - 
Test set: Average loss: 2.6424, Accuracy: 1516/10000 (15%)

2024-11-26T01:45:36.271499+08:00 - CRITICAL - Adaption Loss: 0.09563186764717102
2024-11-26T01:45:46.879978+08:00 - CRITICAL - Adaption Loss: 0.10004515945911407
2024-11-26T01:45:47.152092+08:00 - CRITICAL - Train Iteration: [480/2500 (19%)]	   Pseudo_AttackLoss: 0.037882   Pseudo_target_mseloss: 0.667672     Vanila_D_Loss: -24.753828    D_Loss: -23.691376     Dis_Pseudo_Loss: -23.033154     Dis_target_Loss: -1.720675   Target_AttackLoss: 0.017655
2024-11-26T01:45:55.753721+08:00 - CRITICAL - Adaption Loss: 0.09187472611665726
2024-11-26T01:45:57.976156+08:00 - CRITICAL - 
Test set: Average loss: 1.6825, Accuracy: 3757/10000 (38%)

2024-11-26T01:46:00.033509+08:00 - CRITICAL - 
Test set: Average loss: 2.5804, Accuracy: 1551/10000 (16%)

2024-11-26T01:46:09.154497+08:00 - CRITICAL - Adaption Loss: 0.09000864624977112
2024-11-26T01:46:09.514985+08:00 - CRITICAL - Train Iteration: [520/2500 (21%)]	   Pseudo_AttackLoss: 0.033273   Pseudo_target_mseloss: 0.755401     Vanila_D_Loss: -25.811491    D_Loss: -24.569361     Dis_Pseudo_Loss: -20.585972     Dis_target_Loss: -5.225520   Target_AttackLoss: 0.017286
2024-11-26T01:46:19.129511+08:00 - CRITICAL - Adaption Loss: 0.09943767637014389
2024-11-26T01:46:26.285056+08:00 - CRITICAL - 
Test set: Average loss: 1.6368, Accuracy: 4030/10000 (40%)

2024-11-26T01:46:28.268829+08:00 - CRITICAL - 
Test set: Average loss: 2.4622, Accuracy: 1399/10000 (14%)

2024-11-26T01:46:32.637807+08:00 - CRITICAL - Adaption Loss: 0.09881504625082016
2024-11-26T01:46:32.900347+08:00 - CRITICAL - Train Iteration: [560/2500 (22%)]	   Pseudo_AttackLoss: 0.031568   Pseudo_target_mseloss: 0.706649     Vanila_D_Loss: -22.385910    D_Loss: -21.293953     Dis_Pseudo_Loss: -13.699181     Dis_target_Loss: -8.686729   Target_AttackLoss: 0.017000
2024-11-26T01:46:43.122085+08:00 - CRITICAL - Adaption Loss: 0.11171700060367584
2024-11-26T01:46:51.999758+08:00 - CRITICAL - Adaption Loss: 0.11134131252765656
2024-11-26T01:46:52.274671+08:00 - CRITICAL - Train Iteration: [600/2500 (24%)]	   Pseudo_AttackLoss: 0.027985   Pseudo_target_mseloss: 0.756930     Vanila_D_Loss: -22.686878    D_Loss: -21.970470     Dis_Pseudo_Loss: -16.006058     Dis_target_Loss: -6.680821   Target_AttackLoss: 0.016893
2024-11-26T01:46:54.368323+08:00 - CRITICAL - 
Test set: Average loss: 1.6236, Accuracy: 4069/10000 (41%)

2024-11-26T01:46:56.467153+08:00 - CRITICAL - 
Test set: Average loss: 2.6046, Accuracy: 1303/10000 (13%)

2024-11-26T01:47:05.214221+08:00 - CRITICAL - Adaption Loss: 0.10038214176893234
2024-11-26T01:47:14.888798+08:00 - CRITICAL - Adaption Loss: 0.1061810627579689
2024-11-26T01:47:15.172569+08:00 - CRITICAL - Train Iteration: [640/2500 (26%)]	   Pseudo_AttackLoss: 0.030070   Pseudo_target_mseloss: 0.749725     Vanila_D_Loss: -22.240866    D_Loss: -15.196876     Dis_Pseudo_Loss: -33.919464     Dis_target_Loss: 11.678598   Target_AttackLoss: 0.014115
2024-11-26T01:47:21.583641+08:00 - CRITICAL - 
Test set: Average loss: 1.5985, Accuracy: 4092/10000 (41%)

2024-11-26T01:47:23.118135+08:00 - CRITICAL - 
Test set: Average loss: 2.7722, Accuracy: 1387/10000 (14%)

2024-11-26T01:47:26.851641+08:00 - CRITICAL - Adaption Loss: 0.1387864500284195
2024-11-26T01:47:35.912609+08:00 - CRITICAL - Adaption Loss: 0.13206952810287476
2024-11-26T01:47:36.168797+08:00 - CRITICAL - Train Iteration: [680/2500 (27%)]	   Pseudo_AttackLoss: 0.028171   Pseudo_target_mseloss: 0.578738     Vanila_D_Loss: -18.433201    D_Loss: -17.559444     Dis_Pseudo_Loss: -11.793005     Dis_target_Loss: -6.640195   Target_AttackLoss: 0.027346
2024-11-26T01:47:44.460823+08:00 - CRITICAL - Adaption Loss: 0.11459069699048996
2024-11-26T01:47:46.530240+08:00 - CRITICAL - 
Test set: Average loss: 1.5856, Accuracy: 4090/10000 (41%)

2024-11-26T01:47:48.543878+08:00 - CRITICAL - 
Test set: Average loss: 2.1949, Accuracy: 2246/10000 (22%)

2024-11-26T01:47:57.541294+08:00 - CRITICAL - Adaption Loss: 0.12450409680604935
2024-11-26T01:47:57.862441+08:00 - CRITICAL - Train Iteration: [720/2500 (29%)]	   Pseudo_AttackLoss: 0.026981   Pseudo_target_mseloss: 0.650294     Vanila_D_Loss: -20.141945    D_Loss: -19.449810     Dis_Pseudo_Loss: -10.021304     Dis_target_Loss: -10.120640   Target_AttackLoss: 0.015064
2024-11-26T01:48:08.087464+08:00 - CRITICAL - Adaption Loss: 0.1236514151096344
2024-11-26T01:48:15.877090+08:00 - CRITICAL - 
Test set: Average loss: 1.5845, Accuracy: 4266/10000 (43%)

2024-11-26T01:48:17.955466+08:00 - CRITICAL - 
Test set: Average loss: 2.1945, Accuracy: 2281/10000 (23%)

2024-11-26T01:48:22.386656+08:00 - CRITICAL - Adaption Loss: 0.11896143853664398
2024-11-26T01:48:22.704307+08:00 - CRITICAL - Train Iteration: [760/2500 (30%)]	   Pseudo_AttackLoss: 0.031967   Pseudo_target_mseloss: 0.627492     Vanila_D_Loss: -22.844818    D_Loss: -22.219624     Dis_Pseudo_Loss: -12.131506     Dis_target_Loss: -10.713312   Target_AttackLoss: 0.017823
2024-11-26T01:48:31.856563+08:00 - CRITICAL - Adaption Loss: 0.12931856513023376
2024-11-26T01:48:41.001663+08:00 - CRITICAL - Adaption Loss: 0.15534159541130066
2024-11-26T01:48:41.303451+08:00 - CRITICAL - Train Iteration: [800/2500 (32%)]	   Pseudo_AttackLoss: 0.030757   Pseudo_target_mseloss: 0.673624     Vanila_D_Loss: -20.611149    D_Loss: -19.601389     Dis_Pseudo_Loss: -8.457097     Dis_target_Loss: -12.154052   Target_AttackLoss: 0.014407
2024-11-26T01:48:44.090219+08:00 - CRITICAL - 
Test set: Average loss: 1.5642, Accuracy: 4342/10000 (43%)

2024-11-26T01:48:46.093869+08:00 - CRITICAL - 
Test set: Average loss: 2.1655, Accuracy: 2414/10000 (24%)

2024-11-26T01:48:55.310746+08:00 - CRITICAL - Adaption Loss: 0.12895089387893677
2024-11-26T01:49:04.569189+08:00 - CRITICAL - Adaption Loss: 0.16431893408298492
2024-11-26T01:49:04.893225+08:00 - CRITICAL - Train Iteration: [840/2500 (34%)]	   Pseudo_AttackLoss: 0.041506   Pseudo_target_mseloss: 0.735866     Vanila_D_Loss: -19.563036    D_Loss: -19.309422     Dis_Pseudo_Loss: -15.295624     Dis_target_Loss: -4.267412   Target_AttackLoss: 0.013043
2024-11-26T01:49:12.303095+08:00 - CRITICAL - 
Test set: Average loss: 1.6126, Accuracy: 4193/10000 (42%)

2024-11-26T01:49:14.301996+08:00 - CRITICAL - 
Test set: Average loss: 2.3583, Accuracy: 1977/10000 (20%)

2024-11-26T01:49:18.870438+08:00 - CRITICAL - Adaption Loss: 0.14900211989879608
2024-11-26T01:49:28.972099+08:00 - CRITICAL - Adaption Loss: 0.09985464066267014
2024-11-26T01:49:29.269709+08:00 - CRITICAL - Train Iteration: [880/2500 (35%)]	   Pseudo_AttackLoss: 0.028242   Pseudo_target_mseloss: 0.787745     Vanila_D_Loss: -19.756559    D_Loss: -18.848778     Dis_Pseudo_Loss: -12.086715     Dis_target_Loss: -7.669845   Target_AttackLoss: 0.013507
2024-11-26T01:49:38.740965+08:00 - CRITICAL - Adaption Loss: 0.11220285296440125
2024-11-26T01:49:41.053409+08:00 - CRITICAL - 
Test set: Average loss: 1.5650, Accuracy: 4083/10000 (41%)

2024-11-26T01:49:43.488561+08:00 - CRITICAL - 
Test set: Average loss: 2.3192, Accuracy: 1901/10000 (19%)

2024-11-26T01:49:52.599404+08:00 - CRITICAL - Adaption Loss: 0.12892840802669525
2024-11-26T01:49:52.893838+08:00 - CRITICAL - Train Iteration: [920/2500 (37%)]	   Pseudo_AttackLoss: 0.035922   Pseudo_target_mseloss: 0.785043     Vanila_D_Loss: -18.461960    D_Loss: -17.947788     Dis_Pseudo_Loss: -14.444967     Dis_target_Loss: -4.016992   Target_AttackLoss: 0.012510
2024-11-26T01:50:01.685202+08:00 - CRITICAL - Adaption Loss: 0.12010221183300018
2024-11-26T01:50:08.806103+08:00 - CRITICAL - 
Test set: Average loss: 1.5488, Accuracy: 4232/10000 (42%)

2024-11-26T01:50:11.290085+08:00 - CRITICAL - 
Test set: Average loss: 2.1556, Accuracy: 2323/10000 (23%)

2024-11-26T01:50:16.123854+08:00 - CRITICAL - Adaption Loss: 0.10256641358137131
2024-11-26T01:50:16.413345+08:00 - CRITICAL - Train Iteration: [960/2500 (38%)]	   Pseudo_AttackLoss: 0.027126   Pseudo_target_mseloss: 0.808099     Vanila_D_Loss: -18.448338    D_Loss: -18.008543     Dis_Pseudo_Loss: -20.920158     Dis_target_Loss: 2.471820   Target_AttackLoss: 0.013245
2024-11-26T01:50:26.097508+08:00 - CRITICAL - Adaption Loss: 0.12104076147079468
2024-11-26T01:50:34.899463+08:00 - CRITICAL - Adaption Loss: 0.09751604497432709
2024-11-26T01:50:35.149024+08:00 - CRITICAL - Train Iteration: [1000/2500 (40%)]	   Pseudo_AttackLoss: 0.024407   Pseudo_target_mseloss: 0.787010     Vanila_D_Loss: -19.799622    D_Loss: -18.573116     Dis_Pseudo_Loss: -19.702097     Dis_target_Loss: -0.097524   Target_AttackLoss: 0.012319
2024-11-26T01:50:38.154389+08:00 - CRITICAL - 
Test set: Average loss: 1.5291, Accuracy: 4279/10000 (43%)

2024-11-26T01:50:40.591022+08:00 - CRITICAL - 
Test set: Average loss: 2.3974, Accuracy: 1908/10000 (19%)

2024-11-26T01:50:49.804136+08:00 - CRITICAL - Adaption Loss: 0.08724047243595123
2024-11-26T01:50:59.351258+08:00 - CRITICAL - Adaption Loss: 0.11510324478149414
2024-11-26T01:50:59.625694+08:00 - CRITICAL - Train Iteration: [1040/2500 (42%)]	   Pseudo_AttackLoss: 0.032845   Pseudo_target_mseloss: 0.738060     Vanila_D_Loss: -15.407813    D_Loss: -14.959472     Dis_Pseudo_Loss: -7.466193     Dis_target_Loss: -7.941620   Target_AttackLoss: 0.012034
2024-11-26T01:51:08.069153+08:00 - CRITICAL - 
Test set: Average loss: 1.4890, Accuracy: 4563/10000 (46%)

2024-11-26T01:51:10.092308+08:00 - CRITICAL - 
Test set: Average loss: 2.3053, Accuracy: 2269/10000 (23%)

2024-11-26T01:51:14.570367+08:00 - CRITICAL - Adaption Loss: 0.08751162141561508
2024-11-26T01:51:23.810644+08:00 - CRITICAL - Adaption Loss: 0.09594430774450302
2024-11-26T01:51:24.154091+08:00 - CRITICAL - Train Iteration: [1080/2500 (43%)]	   Pseudo_AttackLoss: 0.024322   Pseudo_target_mseloss: 0.830694     Vanila_D_Loss: -19.711714    D_Loss: -18.878084     Dis_Pseudo_Loss: -10.303312     Dis_target_Loss: -9.408401   Target_AttackLoss: 0.014005
2024-11-26T01:51:33.272111+08:00 - CRITICAL - Adaption Loss: 0.11255687475204468
2024-11-26T01:51:36.607657+08:00 - CRITICAL - 
Test set: Average loss: 1.4971, Accuracy: 4416/10000 (44%)

2024-11-26T01:51:39.039047+08:00 - CRITICAL - 
Test set: Average loss: 2.3387, Accuracy: 2190/10000 (22%)

2024-11-26T01:51:47.973228+08:00 - CRITICAL - Adaption Loss: 0.09192671626806259
2024-11-26T01:51:48.210996+08:00 - CRITICAL - Train Iteration: [1120/2500 (45%)]	   Pseudo_AttackLoss: 0.029388   Pseudo_target_mseloss: 0.891239     Vanila_D_Loss: -16.538227    D_Loss: -15.944722     Dis_Pseudo_Loss: -13.452894     Dis_target_Loss: -3.085333   Target_AttackLoss: 0.013332
2024-11-26T01:51:56.445065+08:00 - CRITICAL - Adaption Loss: 0.10442863404750824
2024-11-26T01:52:04.171306+08:00 - CRITICAL - 
Test set: Average loss: 1.5110, Accuracy: 4473/10000 (45%)

2024-11-26T01:52:06.589691+08:00 - CRITICAL - 
Test set: Average loss: 2.1906, Accuracy: 2430/10000 (24%)

2024-11-26T01:52:11.170333+08:00 - CRITICAL - Adaption Loss: 0.13427267968654633
2024-11-26T01:52:11.432447+08:00 - CRITICAL - Train Iteration: [1160/2500 (46%)]	   Pseudo_AttackLoss: 0.026171   Pseudo_target_mseloss: 0.833775     Vanila_D_Loss: -17.877598    D_Loss: -17.490574     Dis_Pseudo_Loss: -10.374947     Dis_target_Loss: -7.502650   Target_AttackLoss: 0.012502
2024-11-26T01:52:20.231966+08:00 - CRITICAL - Adaption Loss: 0.0887967124581337
2024-11-26T01:52:30.310314+08:00 - CRITICAL - Adaption Loss: 0.09668027609586716
2024-11-26T01:52:30.778765+08:00 - CRITICAL - Train Iteration: [1200/2500 (48%)]	   Pseudo_AttackLoss: 0.023252   Pseudo_target_mseloss: 0.759724     Vanila_D_Loss: -20.535278    D_Loss: -12.709995     Dis_Pseudo_Loss: 5.242558     Dis_target_Loss: -25.777836   Target_AttackLoss: 0.011538
2024-11-26T01:52:33.601686+08:00 - CRITICAL - 
Test set: Average loss: 1.4596, Accuracy: 4678/10000 (47%)

2024-11-26T01:52:35.666917+08:00 - CRITICAL - 
Test set: Average loss: 2.2354, Accuracy: 2223/10000 (22%)

2024-11-26T01:52:44.278196+08:00 - CRITICAL - Adaption Loss: 0.09613156318664551
2024-11-26T01:52:52.764759+08:00 - CRITICAL - Adaption Loss: 0.10740987956523895
2024-11-26T01:52:52.990218+08:00 - CRITICAL - Train Iteration: [1240/2500 (50%)]	   Pseudo_AttackLoss: 0.024498   Pseudo_target_mseloss: 0.848386     Vanila_D_Loss: -17.105024    D_Loss: -16.719801     Dis_Pseudo_Loss: -7.365231     Dis_target_Loss: -9.739794   Target_AttackLoss: 0.012289
2024-11-26T01:53:01.101461+08:00 - CRITICAL - 
Test set: Average loss: 1.4789, Accuracy: 4660/10000 (47%)

2024-11-26T01:53:03.212066+08:00 - CRITICAL - 
Test set: Average loss: 2.2450, Accuracy: 2441/10000 (24%)

2024-11-26T01:53:07.216543+08:00 - CRITICAL - Adaption Loss: 0.12889593839645386
2024-11-26T01:53:16.488936+08:00 - CRITICAL - Adaption Loss: 0.09379631280899048
2024-11-26T01:53:16.733327+08:00 - CRITICAL - Train Iteration: [1280/2500 (51%)]	   Pseudo_AttackLoss: 0.024223   Pseudo_target_mseloss: 0.794137     Vanila_D_Loss: -18.756187    D_Loss: -18.115301     Dis_Pseudo_Loss: 1.905611     Dis_target_Loss: -20.661798   Target_AttackLoss: 0.010422
2024-11-26T01:53:27.485463+08:00 - CRITICAL - Adaption Loss: 0.12124273180961609
2024-11-26T01:53:30.120516+08:00 - CRITICAL - 
Test set: Average loss: 1.4549, Accuracy: 4708/10000 (47%)

2024-11-26T01:53:32.155691+08:00 - CRITICAL - 
Test set: Average loss: 2.2405, Accuracy: 2439/10000 (24%)

2024-11-26T01:53:41.062230+08:00 - CRITICAL - Adaption Loss: 0.10305941104888916
2024-11-26T01:53:41.327823+08:00 - CRITICAL - Train Iteration: [1320/2500 (53%)]	   Pseudo_AttackLoss: 0.025286   Pseudo_target_mseloss: 0.766458     Vanila_D_Loss: -18.497572    D_Loss: -17.964483     Dis_Pseudo_Loss: -6.405172     Dis_target_Loss: -12.092400   Target_AttackLoss: 0.018265
2024-11-26T01:53:50.763722+08:00 - CRITICAL - Adaption Loss: 0.10533232241868973
2024-11-26T01:53:58.479402+08:00 - CRITICAL - 
Test set: Average loss: 1.4460, Accuracy: 4731/10000 (47%)

2024-11-26T01:54:00.683609+08:00 - CRITICAL - 
Test set: Average loss: 2.1571, Accuracy: 2478/10000 (25%)

2024-11-26T01:54:04.802863+08:00 - CRITICAL - Adaption Loss: 0.10222523659467697
2024-11-26T01:54:05.071907+08:00 - CRITICAL - Train Iteration: [1360/2500 (54%)]	   Pseudo_AttackLoss: 0.020990   Pseudo_target_mseloss: 0.853350     Vanila_D_Loss: -18.977200    D_Loss: -18.461430     Dis_Pseudo_Loss: -4.998384     Dis_target_Loss: -13.978815   Target_AttackLoss: 0.014132
2024-11-26T01:54:13.988131+08:00 - CRITICAL - Adaption Loss: 0.14844664931297302
2024-11-26T01:54:25.065017+08:00 - CRITICAL - Adaption Loss: 0.11452163755893707
2024-11-26T01:54:25.386553+08:00 - CRITICAL - Train Iteration: [1400/2500 (56%)]	   Pseudo_AttackLoss: 0.026739   Pseudo_target_mseloss: 0.685481     Vanila_D_Loss: -19.687531    D_Loss: -19.019896     Dis_Pseudo_Loss: -9.801289     Dis_target_Loss: -9.886241   Target_AttackLoss: 0.013066
2024-11-26T01:54:27.996825+08:00 - CRITICAL - 
Test set: Average loss: 1.4629, Accuracy: 4666/10000 (47%)

2024-11-26T01:54:30.223452+08:00 - CRITICAL - 
Test set: Average loss: 2.2475, Accuracy: 2183/10000 (22%)

2024-11-26T01:54:39.517328+08:00 - CRITICAL - Adaption Loss: 0.10096029192209244
2024-11-26T01:54:50.216642+08:00 - CRITICAL - Adaption Loss: 0.10901736468076706
2024-11-26T01:54:50.452569+08:00 - CRITICAL - Train Iteration: [1440/2500 (58%)]	   Pseudo_AttackLoss: 0.028491   Pseudo_target_mseloss: 0.781798     Vanila_D_Loss: -18.146486    D_Loss: -17.305067     Dis_Pseudo_Loss: -2.375819     Dis_target_Loss: -15.770667   Target_AttackLoss: 0.013266
2024-11-26T01:54:57.438088+08:00 - CRITICAL - 
Test set: Average loss: 1.4314, Accuracy: 4868/10000 (49%)

2024-11-26T01:54:59.412165+08:00 - CRITICAL - 
Test set: Average loss: 2.1775, Accuracy: 2360/10000 (24%)

2024-11-26T01:55:03.392734+08:00 - CRITICAL - Adaption Loss: 0.08458396792411804
2024-11-26T01:55:14.622976+08:00 - CRITICAL - Adaption Loss: 0.09113527089357376
2024-11-26T01:55:14.952785+08:00 - CRITICAL - Train Iteration: [1480/2500 (59%)]	   Pseudo_AttackLoss: 0.026564   Pseudo_target_mseloss: 0.881793     Vanila_D_Loss: -19.573565    D_Loss: -18.412098     Dis_Pseudo_Loss: -11.027565     Dis_target_Loss: -8.546000   Target_AttackLoss: 0.011833
2024-11-26T01:55:24.114224+08:00 - CRITICAL - Adaption Loss: 0.09377973526716232
2024-11-26T01:55:26.674403+08:00 - CRITICAL - 
Test set: Average loss: 1.4642, Accuracy: 4654/10000 (47%)

2024-11-26T01:55:28.657739+08:00 - CRITICAL - 
Test set: Average loss: 2.1253, Accuracy: 2730/10000 (27%)

2024-11-26T01:55:37.577642+08:00 - CRITICAL - Adaption Loss: 0.12899503111839294
2024-11-26T01:55:37.827504+08:00 - CRITICAL - Train Iteration: [1520/2500 (61%)]	   Pseudo_AttackLoss: 0.032420   Pseudo_target_mseloss: 0.795474     Vanila_D_Loss: -14.063519    D_Loss: -13.102941     Dis_Pseudo_Loss: -6.389484     Dis_target_Loss: -7.674034   Target_AttackLoss: 0.011936
2024-11-26T01:55:47.644092+08:00 - CRITICAL - Adaption Loss: 0.0965096727013588
2024-11-26T01:55:55.145767+08:00 - CRITICAL - 
Test set: Average loss: 1.4005, Accuracy: 4896/10000 (49%)

2024-11-26T01:55:57.202064+08:00 - CRITICAL - 
Test set: Average loss: 2.2369, Accuracy: 2543/10000 (25%)

2024-11-26T01:56:01.830265+08:00 - CRITICAL - Adaption Loss: 0.0988834872841835
2024-11-26T01:56:02.086340+08:00 - CRITICAL - Train Iteration: [1560/2500 (62%)]	   Pseudo_AttackLoss: 0.023245   Pseudo_target_mseloss: 0.826008     Vanila_D_Loss: -20.490688    D_Loss: -19.814495     Dis_Pseudo_Loss: -2.212396     Dis_target_Loss: -18.278294   Target_AttackLoss: 0.011961
2024-11-26T01:56:12.962522+08:00 - CRITICAL - Adaption Loss: 0.1469021737575531
2024-11-26T01:56:22.578552+08:00 - CRITICAL - Adaption Loss: 0.0931137204170227
2024-11-26T01:56:22.851926+08:00 - CRITICAL - Train Iteration: [1600/2500 (64%)]	   Pseudo_AttackLoss: 0.023394   Pseudo_target_mseloss: 0.891940     Vanila_D_Loss: -16.440744    D_Loss: -16.011889     Dis_Pseudo_Loss: -10.108368     Dis_target_Loss: -6.332377   Target_AttackLoss: 0.012697
2024-11-26T01:56:25.111515+08:00 - CRITICAL - 
Test set: Average loss: 1.3897, Accuracy: 4968/10000 (50%)

2024-11-26T01:56:27.461937+08:00 - CRITICAL - 
Test set: Average loss: 2.3571, Accuracy: 2293/10000 (23%)

2024-11-26T01:56:36.323848+08:00 - CRITICAL - Adaption Loss: 0.09687016159296036
2024-11-26T01:56:46.704241+08:00 - CRITICAL - Adaption Loss: 0.08657518774271011
2024-11-26T01:56:46.972666+08:00 - CRITICAL - Train Iteration: [1640/2500 (66%)]	   Pseudo_AttackLoss: 0.022188   Pseudo_target_mseloss: 0.852354     Vanila_D_Loss: -17.118969    D_Loss: -16.563869     Dis_Pseudo_Loss: -5.971437     Dis_target_Loss: -11.147532   Target_AttackLoss: 0.012508
2024-11-26T01:56:54.161362+08:00 - CRITICAL - 
Test set: Average loss: 1.3944, Accuracy: 4971/10000 (50%)

2024-11-26T01:56:56.617697+08:00 - CRITICAL - 
Test set: Average loss: 2.1768, Accuracy: 2705/10000 (27%)

2024-11-26T01:57:00.860573+08:00 - CRITICAL - Adaption Loss: 0.1019032821059227
2024-11-26T01:57:10.407115+08:00 - CRITICAL - Adaption Loss: 0.0765148401260376
2024-11-26T01:57:10.695649+08:00 - CRITICAL - Train Iteration: [1680/2500 (67%)]	   Pseudo_AttackLoss: 0.019678   Pseudo_target_mseloss: 0.791697     Vanila_D_Loss: -20.291929    D_Loss: -19.512150     Dis_Pseudo_Loss: -1.139361     Dis_target_Loss: -19.152569   Target_AttackLoss: 0.013620
2024-11-26T01:57:19.355690+08:00 - CRITICAL - Adaption Loss: 0.09928098320960999
2024-11-26T01:57:22.269999+08:00 - CRITICAL - 
Test set: Average loss: 1.4014, Accuracy: 4976/10000 (50%)

2024-11-26T01:57:24.773018+08:00 - CRITICAL - 
Test set: Average loss: 2.1609, Accuracy: 2709/10000 (27%)

2024-11-26T01:57:33.270666+08:00 - CRITICAL - Adaption Loss: 0.09032323211431503
2024-11-26T01:57:33.545672+08:00 - CRITICAL - Train Iteration: [1720/2500 (69%)]	   Pseudo_AttackLoss: 0.030193   Pseudo_target_mseloss: 0.796527     Vanila_D_Loss: -18.317326    D_Loss: -17.423937     Dis_Pseudo_Loss: -4.693295     Dis_target_Loss: -13.624031   Target_AttackLoss: 0.012496
2024-11-26T01:57:42.852864+08:00 - CRITICAL - Adaption Loss: 0.08920662105083466
2024-11-26T01:57:50.797139+08:00 - CRITICAL - 
Test set: Average loss: 1.3523, Accuracy: 5120/10000 (51%)

2024-11-26T01:57:53.465921+08:00 - CRITICAL - 
Test set: Average loss: 2.2376, Accuracy: 2573/10000 (26%)

2024-11-26T01:57:57.767375+08:00 - CRITICAL - Adaption Loss: 0.09827090054750443
2024-11-26T01:57:58.045756+08:00 - CRITICAL - Train Iteration: [1760/2500 (70%)]	   Pseudo_AttackLoss: 0.032351   Pseudo_target_mseloss: 0.724383     Vanila_D_Loss: -15.203658    D_Loss: -14.466002     Dis_Pseudo_Loss: -0.802193     Dis_target_Loss: -14.401464   Target_AttackLoss: 0.010306
2024-11-26T01:58:06.508165+08:00 - CRITICAL - Adaption Loss: 0.08755450695753098
2024-11-26T01:58:15.566524+08:00 - CRITICAL - Adaption Loss: 0.0856119841337204
2024-11-26T01:58:15.884400+08:00 - CRITICAL - Train Iteration: [1800/2500 (72%)]	   Pseudo_AttackLoss: 0.023832   Pseudo_target_mseloss: 0.720576     Vanila_D_Loss: -18.272900    D_Loss: -16.400593     Dis_Pseudo_Loss: -5.297476     Dis_target_Loss: -12.975424   Target_AttackLoss: 0.014441
2024-11-26T01:58:18.253404+08:00 - CRITICAL - 
Test set: Average loss: 1.3539, Accuracy: 5084/10000 (51%)

2024-11-26T01:58:21.034208+08:00 - CRITICAL - 
Test set: Average loss: 2.2195, Accuracy: 2418/10000 (24%)

2024-11-26T01:58:29.784613+08:00 - CRITICAL - Adaption Loss: 0.09020581096410751
2024-11-26T01:58:39.904531+08:00 - CRITICAL - Adaption Loss: 0.0803033858537674
2024-11-26T01:58:40.167409+08:00 - CRITICAL - Train Iteration: [1840/2500 (74%)]	   Pseudo_AttackLoss: 0.019734   Pseudo_target_mseloss: 0.732718     Vanila_D_Loss: -17.754074    D_Loss: -16.927105     Dis_Pseudo_Loss: -8.802678     Dis_target_Loss: -8.951395   Target_AttackLoss: 0.011200
2024-11-26T01:58:47.577669+08:00 - CRITICAL - 
Test set: Average loss: 1.3506, Accuracy: 5123/10000 (51%)

2024-11-26T01:58:50.283393+08:00 - CRITICAL - 
Test set: Average loss: 2.1700, Accuracy: 2603/10000 (26%)

2024-11-26T01:58:54.680926+08:00 - CRITICAL - Adaption Loss: 0.08908449113368988
2024-11-26T01:59:03.717623+08:00 - CRITICAL - Adaption Loss: 0.11053004115819931
2024-11-26T01:59:03.977665+08:00 - CRITICAL - Train Iteration: [1880/2500 (75%)]	   Pseudo_AttackLoss: 0.022132   Pseudo_target_mseloss: 0.718042     Vanila_D_Loss: -18.577614    D_Loss: -17.796021     Dis_Pseudo_Loss: 3.359328     Dis_target_Loss: -21.936943   Target_AttackLoss: 0.010831
2024-11-26T01:59:13.086047+08:00 - CRITICAL - Adaption Loss: 0.08609902858734131
2024-11-26T01:59:16.584616+08:00 - CRITICAL - 
Test set: Average loss: 1.3590, Accuracy: 5042/10000 (50%)

2024-11-26T01:59:19.356806+08:00 - CRITICAL - 
Test set: Average loss: 2.1245, Accuracy: 2586/10000 (26%)

2024-11-26T01:59:28.317595+08:00 - CRITICAL - Adaption Loss: 0.08623445779085159
2024-11-26T01:59:28.605883+08:00 - CRITICAL - Train Iteration: [1920/2500 (77%)]	   Pseudo_AttackLoss: 0.024057   Pseudo_target_mseloss: 0.835399     Vanila_D_Loss: -16.083826    D_Loss: -15.599250     Dis_Pseudo_Loss: -3.423021     Dis_target_Loss: -12.660806   Target_AttackLoss: 0.013269
2024-11-26T01:59:38.370170+08:00 - CRITICAL - Adaption Loss: 0.09367991238832474
2024-11-26T01:59:46.461343+08:00 - CRITICAL - 
Test set: Average loss: 1.3512, Accuracy: 5124/10000 (51%)

2024-11-26T01:59:48.507530+08:00 - CRITICAL - 
Test set: Average loss: 2.2716, Accuracy: 2322/10000 (23%)

2024-11-26T01:59:52.622610+08:00 - CRITICAL - Adaption Loss: 0.08711889386177063
2024-11-26T01:59:52.879769+08:00 - CRITICAL - Train Iteration: [1960/2500 (78%)]	   Pseudo_AttackLoss: 0.020295   Pseudo_target_mseloss: 0.726300     Vanila_D_Loss: -18.085869    D_Loss: -17.624655     Dis_Pseudo_Loss: -1.413737     Dis_target_Loss: -16.672132   Target_AttackLoss: 0.013372
2024-11-26T02:00:01.758299+08:00 - CRITICAL - Adaption Loss: 0.09487959742546082
2024-11-26T02:00:11.285214+08:00 - CRITICAL - Adaption Loss: 0.13787490129470825
2024-11-26T02:00:11.666928+08:00 - CRITICAL - Train Iteration: [2000/2500 (80%)]	   Pseudo_AttackLoss: 0.022622   Pseudo_target_mseloss: 0.814847     Vanila_D_Loss: -16.967720    D_Loss: -16.577263     Dis_Pseudo_Loss: -4.434894     Dis_target_Loss: -12.532825   Target_AttackLoss: 0.010284
2024-11-26T02:00:14.837297+08:00 - CRITICAL - 
Test set: Average loss: 1.3365, Accuracy: 5235/10000 (52%)

2024-11-26T02:00:16.710553+08:00 - CRITICAL - 
Test set: Average loss: 2.0465, Accuracy: 2813/10000 (28%)

2024-11-26T02:00:25.051585+08:00 - CRITICAL - Adaption Loss: 0.0831427052617073
2024-11-26T02:00:33.750124+08:00 - CRITICAL - Adaption Loss: 0.07966535538434982
2024-11-26T02:00:34.015151+08:00 - CRITICAL - Train Iteration: [2040/2500 (82%)]	   Pseudo_AttackLoss: 0.021264   Pseudo_target_mseloss: 0.821280     Vanila_D_Loss: -16.076540    D_Loss: -15.677036     Dis_Pseudo_Loss: -0.937588     Dis_target_Loss: -15.138952   Target_AttackLoss: 0.010111
2024-11-26T02:00:42.259031+08:00 - CRITICAL - 
Test set: Average loss: 1.3292, Accuracy: 5240/10000 (52%)

2024-11-26T02:00:44.671681+08:00 - CRITICAL - 
Test set: Average loss: 2.1108, Accuracy: 2884/10000 (29%)

2024-11-26T02:00:48.823911+08:00 - CRITICAL - Adaption Loss: 0.08011877536773682
2024-11-26T02:00:58.294201+08:00 - CRITICAL - Adaption Loss: 0.0830528736114502
2024-11-26T02:00:58.531690+08:00 - CRITICAL - Train Iteration: [2080/2500 (83%)]	   Pseudo_AttackLoss: 0.020196   Pseudo_target_mseloss: 0.802923     Vanila_D_Loss: -15.088752    D_Loss: -14.567618     Dis_Pseudo_Loss: 2.122567     Dis_target_Loss: -17.211319   Target_AttackLoss: 0.011790
2024-11-26T02:01:07.643810+08:00 - CRITICAL - Adaption Loss: 0.08249832689762115
2024-11-26T02:01:09.511446+08:00 - CRITICAL - 
Test set: Average loss: 1.3257, Accuracy: 5255/10000 (53%)

2024-11-26T02:01:11.674707+08:00 - CRITICAL - 
Test set: Average loss: 2.0732, Accuracy: 2960/10000 (30%)

2024-11-26T02:01:19.981351+08:00 - CRITICAL - Adaption Loss: 0.08629937469959259
2024-11-26T02:01:20.205147+08:00 - CRITICAL - Train Iteration: [2120/2500 (85%)]	   Pseudo_AttackLoss: 0.019650   Pseudo_target_mseloss: 0.857117     Vanila_D_Loss: -15.816558    D_Loss: -15.379072     Dis_Pseudo_Loss: -1.119552     Dis_target_Loss: -14.697006   Target_AttackLoss: 0.011381
2024-11-26T02:01:28.043726+08:00 - CRITICAL - Adaption Loss: 0.09115570783615112
2024-11-26T02:01:35.403636+08:00 - CRITICAL - 
Test set: Average loss: 1.3161, Accuracy: 5251/10000 (53%)

2024-11-26T02:01:37.238261+08:00 - CRITICAL - 
Test set: Average loss: 2.0967, Accuracy: 2929/10000 (29%)

2024-11-26T02:01:40.874154+08:00 - CRITICAL - Adaption Loss: 0.08480865508317947
2024-11-26T02:01:41.092874+08:00 - CRITICAL - Train Iteration: [2160/2500 (86%)]	   Pseudo_AttackLoss: 0.022734   Pseudo_target_mseloss: 0.738549     Vanila_D_Loss: -17.140055    D_Loss: -16.677086     Dis_Pseudo_Loss: 0.413142     Dis_target_Loss: -17.553196   Target_AttackLoss: 0.011535
2024-11-26T02:01:49.112290+08:00 - CRITICAL - Adaption Loss: 0.08676833659410477
2024-11-26T02:01:58.693769+08:00 - CRITICAL - Adaption Loss: 0.0801275297999382
2024-11-26T02:01:58.920698+08:00 - CRITICAL - Train Iteration: [2200/2500 (88%)]	   Pseudo_AttackLoss: 0.020978   Pseudo_target_mseloss: 0.779390     Vanila_D_Loss: -16.102982    D_Loss: -15.164256     Dis_Pseudo_Loss: -1.855060     Dis_target_Loss: -14.247922   Target_AttackLoss: 0.010461
2024-11-26T02:02:01.069250+08:00 - CRITICAL - 
Test set: Average loss: 1.3242, Accuracy: 5276/10000 (53%)

2024-11-26T02:02:03.167223+08:00 - CRITICAL - 
Test set: Average loss: 2.1276, Accuracy: 2798/10000 (28%)

2024-11-26T02:02:11.367482+08:00 - CRITICAL - Adaption Loss: 0.09061744809150696
2024-11-26T02:02:19.787694+08:00 - CRITICAL - Adaption Loss: 0.08200199902057648
2024-11-26T02:02:20.086363+08:00 - CRITICAL - Train Iteration: [2240/2500 (90%)]	   Pseudo_AttackLoss: 0.022117   Pseudo_target_mseloss: 0.816086     Vanila_D_Loss: -16.884718    D_Loss: -16.292822     Dis_Pseudo_Loss: 0.495514     Dis_target_Loss: -17.380232   Target_AttackLoss: 0.013220
2024-11-26T02:02:27.173944+08:00 - CRITICAL - 
Test set: Average loss: 1.3308, Accuracy: 5313/10000 (53%)

2024-11-26T02:02:29.188927+08:00 - CRITICAL - 
Test set: Average loss: 2.1155, Accuracy: 2771/10000 (28%)

2024-11-26T02:02:33.213179+08:00 - CRITICAL - Adaption Loss: 0.08765197545289993
2024-11-26T02:02:41.440938+08:00 - CRITICAL - Adaption Loss: 0.09078671038150787
2024-11-26T02:02:41.666536+08:00 - CRITICAL - Train Iteration: [2280/2500 (91%)]	   Pseudo_AttackLoss: 0.025540   Pseudo_target_mseloss: 0.672654     Vanila_D_Loss: -15.666349    D_Loss: -14.925762     Dis_Pseudo_Loss: 1.067712     Dis_target_Loss: -16.734062   Target_AttackLoss: 0.009494
2024-11-26T02:02:49.832709+08:00 - CRITICAL - Adaption Loss: 0.1387498527765274
2024-11-26T02:02:51.962753+08:00 - CRITICAL - 
Test set: Average loss: 1.3019, Accuracy: 5311/10000 (53%)

2024-11-26T02:02:54.065096+08:00 - CRITICAL - 
Test set: Average loss: 2.1223, Accuracy: 2804/10000 (28%)

2024-11-26T02:03:02.191149+08:00 - CRITICAL - Adaption Loss: 0.0807308778166771
2024-11-26T02:03:02.440021+08:00 - CRITICAL - Train Iteration: [2320/2500 (93%)]	   Pseudo_AttackLoss: 0.018649   Pseudo_target_mseloss: 0.850305     Vanila_D_Loss: -16.372181    D_Loss: -15.959994     Dis_Pseudo_Loss: -10.491310     Dis_target_Loss: -5.880870   Target_AttackLoss: 0.012389
2024-11-26T02:03:10.535090+08:00 - CRITICAL - Adaption Loss: 0.08101949840784073
2024-11-26T02:03:18.709461+08:00 - CRITICAL - 
Test set: Average loss: 1.2803, Accuracy: 5388/10000 (54%)

2024-11-26T02:03:20.430840+08:00 - CRITICAL - 
Test set: Average loss: 2.1101, Accuracy: 2968/10000 (30%)

2024-11-26T02:03:24.398620+08:00 - CRITICAL - Adaption Loss: 0.09718091040849686
2024-11-26T02:03:24.670753+08:00 - CRITICAL - Train Iteration: [2360/2500 (94%)]	   Pseudo_AttackLoss: 0.023464   Pseudo_target_mseloss: 0.780883     Vanila_D_Loss: -18.755123    D_Loss: -17.509409     Dis_Pseudo_Loss: 0.983322     Dis_target_Loss: -19.738445   Target_AttackLoss: 0.010889
2024-11-26T02:03:32.588055+08:00 - CRITICAL - Adaption Loss: 0.08204839378595352
2024-11-26T02:03:41.582515+08:00 - CRITICAL - Adaption Loss: 0.08101235330104828
2024-11-26T02:03:41.923104+08:00 - CRITICAL - Train Iteration: [2400/2500 (96%)]	   Pseudo_AttackLoss: 0.022001   Pseudo_target_mseloss: 0.675470     Vanila_D_Loss: -16.993557    D_Loss: -16.059475     Dis_Pseudo_Loss: 0.964600     Dis_target_Loss: -17.958157   Target_AttackLoss: 0.014874
2024-11-26T02:03:43.919200+08:00 - CRITICAL - 
Test set: Average loss: 1.3141, Accuracy: 5290/10000 (53%)

2024-11-26T02:03:45.707900+08:00 - CRITICAL - 
Test set: Average loss: 2.0525, Accuracy: 2958/10000 (30%)

2024-11-26T02:03:53.568610+08:00 - CRITICAL - Adaption Loss: 0.09486888349056244
2024-11-26T02:04:01.982511+08:00 - CRITICAL - Adaption Loss: 0.08387909829616547
2024-11-26T02:04:02.248511+08:00 - CRITICAL - Train Iteration: [2440/2500 (98%)]	   Pseudo_AttackLoss: 0.019404   Pseudo_target_mseloss: 0.732310     Vanila_D_Loss: -16.857618    D_Loss: -16.194498     Dis_Pseudo_Loss: -3.991047     Dis_target_Loss: -12.866571   Target_AttackLoss: 0.010149
2024-11-26T02:04:09.700795+08:00 - CRITICAL - 
Test set: Average loss: 1.3015, Accuracy: 5323/10000 (53%)

2024-11-26T02:04:11.548014+08:00 - CRITICAL - 
Test set: Average loss: 2.1884, Accuracy: 2833/10000 (28%)

2024-11-26T02:04:15.413119+08:00 - CRITICAL - Adaption Loss: 0.07735443115234375
2024-11-26T02:04:23.539243+08:00 - CRITICAL - Adaption Loss: 0.07962986826896667
2024-11-26T02:04:23.817732+08:00 - CRITICAL - Train Iteration: [2480/2500 (99%)]	   Pseudo_AttackLoss: 0.018397   Pseudo_target_mseloss: 0.836387     Vanila_D_Loss: -15.597181    D_Loss: -14.705913     Dis_Pseudo_Loss: -1.321150     Dis_target_Loss: -14.276031   Target_AttackLoss: 0.009893
2024-11-26T02:04:33.065328+08:00 - CRITICAL - Adaption Loss: 0.10011421889066696
2024-11-26T02:04:34.944504+08:00 - CRITICAL - 
Test set: Average loss: 1.3302, Accuracy: 5079/10000 (51%)

2024-11-26T02:04:36.566177+08:00 - CRITICAL - 
Test set: Average loss: 1.9904, Accuracy: 3045/10000 (30%)

