2024-11-25T16:36:33.685264+08:00 - INFO - >>>>>>>>>>>>>>Running settings>>>>>>>>>>>>>>
2024-11-25T16:36:33.685432+08:00 - INFO - iteration: 15000
2024-11-25T16:36:33.685507+08:00 - INFO - lr: 0.0001
2024-11-25T16:36:33.685603+08:00 - INFO - server_pseudo_lr: 0.0001
2024-11-25T16:36:33.685666+08:00 - INFO - dlr: 0.0003
2024-11-25T16:36:33.685727+08:00 - INFO - print_freq: 40
2024-11-25T16:36:33.685787+08:00 - INFO - save_path: attack_model.pth
2024-11-25T16:36:33.685845+08:00 - INFO - gid: 0
2024-11-25T16:36:33.685902+08:00 - INFO - layer_id: 2
2024-11-25T16:36:33.685960+08:00 - INFO - a: 0.7
2024-11-25T16:36:33.686026+08:00 - INFO - batch_size: 64
2024-11-25T16:36:33.686083+08:00 - INFO - dataset: cifar10
2024-11-25T16:36:33.686141+08:00 - INFO - dataset_num: 2500
2024-11-25T16:36:33.686199+08:00 - INFO - coral: True
2024-11-25T16:36:33.686256+08:00 - INFO - mkkd: False
2024-11-25T16:36:33.686313+08:00 - INFO - >>>>>>>>>>>>>>>>>>>>>>>>>>>>>>


2024-11-25T16:36:35.504646+08:00 - INFO - DataSet:cifar10
2024-11-25T16:36:35.504970+08:00 - INFO - Train Dataset:50000
2024-11-25T16:36:35.505099+08:00 - INFO - Test Dataset:10000
2024-11-25T16:36:50.401681+08:00 - CRITICAL - Adaption Loss: 0.1457526832818985
2024-11-25T16:37:04.716410+08:00 - CRITICAL - Adaption Loss: 0.1460413634777069
2024-11-25T16:37:05.120987+08:00 - CRITICAL - Train Iteration: [40/15000 (0%)]	   Pseudo_AttackLoss: 0.071418   Pseudo_target_mseloss: 0.828040     Vanila_D_Loss: -2.140280    D_Loss: 0.171852     Dis_Pseudo_Loss: -4.548152     Dis_target_Loss: 2.407872   Target_AttackLoss: 0.041335
2024-11-25T16:37:13.190390+08:00 - CRITICAL - 
Test set: Average loss: 2.2647, Accuracy: 1525/10000 (15%)

2024-11-25T16:37:14.449012+08:00 - CRITICAL - 
Test set: Average loss: 2.3710, Accuracy: 1197/10000 (12%)

2024-11-25T16:37:20.972416+08:00 - CRITICAL - Adaption Loss: 0.1252254694700241
2024-11-25T16:37:34.670877+08:00 - CRITICAL - Adaption Loss: 0.11969980597496033
2024-11-25T16:37:35.117505+08:00 - CRITICAL - Train Iteration: [80/15000 (1%)]	   Pseudo_AttackLoss: 0.061378   Pseudo_target_mseloss: 0.682835     Vanila_D_Loss: -12.751367    D_Loss: -10.164557     Dis_Pseudo_Loss: -18.219646     Dis_target_Loss: 5.468280   Target_AttackLoss: 0.031346
2024-11-25T16:37:48.300232+08:00 - CRITICAL - Adaption Loss: 0.11684733629226685
2024-11-25T16:37:50.104538+08:00 - CRITICAL - 
Test set: Average loss: 2.0721, Accuracy: 2313/10000 (23%)

2024-11-25T16:37:51.395853+08:00 - CRITICAL - 
Test set: Average loss: 2.5216, Accuracy: 1333/10000 (13%)

2024-11-25T16:38:04.927017+08:00 - CRITICAL - Adaption Loss: 0.09550657868385315
2024-11-25T16:38:05.308673+08:00 - CRITICAL - Train Iteration: [120/15000 (1%)]	   Pseudo_AttackLoss: 0.044691   Pseudo_target_mseloss: 0.507408     Vanila_D_Loss: -5.673671    D_Loss: 11.665863     Dis_Pseudo_Loss: -4.606354     Dis_target_Loss: -1.067317   Target_AttackLoss: 0.025468
2024-11-25T16:38:18.215966+08:00 - CRITICAL - Adaption Loss: 0.09627348184585571
2024-11-25T16:38:27.190361+08:00 - CRITICAL - 
Test set: Average loss: 1.9675, Accuracy: 2721/10000 (27%)

2024-11-25T16:38:28.404697+08:00 - CRITICAL - 
Test set: Average loss: 2.2747, Accuracy: 1504/10000 (15%)

2024-11-25T16:38:35.634148+08:00 - CRITICAL - Adaption Loss: 0.09174581617116928
2024-11-25T16:38:36.015224+08:00 - CRITICAL - Train Iteration: [160/15000 (1%)]	   Pseudo_AttackLoss: 0.035303   Pseudo_target_mseloss: 0.514379     Vanila_D_Loss: -12.516581    D_Loss: -11.040880     Dis_Pseudo_Loss: -19.342888     Dis_target_Loss: 6.826307   Target_AttackLoss: 0.031132
2024-11-25T16:38:49.794222+08:00 - CRITICAL - Adaption Loss: 0.1262795329093933
2024-11-25T16:39:03.388216+08:00 - CRITICAL - Adaption Loss: 0.10966938734054565
2024-11-25T16:39:03.792222+08:00 - CRITICAL - Train Iteration: [200/15000 (1%)]	   Pseudo_AttackLoss: 0.068693   Pseudo_target_mseloss: 0.536991     Vanila_D_Loss: -15.700184    D_Loss: -15.370413     Dis_Pseudo_Loss: -27.979382     Dis_target_Loss: 12.279198   Target_AttackLoss: 0.024832
2024-11-25T16:39:05.274407+08:00 - CRITICAL - 
Test set: Average loss: 1.9432, Accuracy: 2984/10000 (30%)

2024-11-25T16:39:06.464170+08:00 - CRITICAL - 
Test set: Average loss: 2.6094, Accuracy: 1470/10000 (15%)

2024-11-25T16:39:19.619173+08:00 - CRITICAL - Adaption Loss: 0.11856060475111008
2024-11-25T16:39:33.423589+08:00 - CRITICAL - Adaption Loss: 0.10670211911201477
2024-11-25T16:39:33.800700+08:00 - CRITICAL - Train Iteration: [240/15000 (2%)]	   Pseudo_AttackLoss: 0.046861   Pseudo_target_mseloss: 0.632715     Vanila_D_Loss: -18.297836    D_Loss: -16.363897     Dis_Pseudo_Loss: -30.150455     Dis_target_Loss: 11.852619   Target_AttackLoss: 0.020575
2024-11-25T16:39:41.706754+08:00 - CRITICAL - 
Test set: Average loss: 1.8255, Accuracy: 3120/10000 (31%)

2024-11-25T16:39:42.914001+08:00 - CRITICAL - 
Test set: Average loss: 2.5806, Accuracy: 1567/10000 (16%)

2024-11-25T16:39:49.747688+08:00 - CRITICAL - Adaption Loss: 0.0999152734875679
2024-11-25T16:40:03.602846+08:00 - CRITICAL - Adaption Loss: 0.10336406528949738
2024-11-25T16:40:03.998449+08:00 - CRITICAL - Train Iteration: [280/15000 (2%)]	   Pseudo_AttackLoss: 0.041839   Pseudo_target_mseloss: 0.637636     Vanila_D_Loss: -21.709709    D_Loss: -19.797483     Dis_Pseudo_Loss: -25.135262     Dis_target_Loss: 3.425553   Target_AttackLoss: 0.021541
2024-11-25T16:40:17.916307+08:00 - CRITICAL - Adaption Loss: 0.09522965550422668
2024-11-25T16:40:19.469489+08:00 - CRITICAL - 
Test set: Average loss: 1.8134, Accuracy: 3168/10000 (32%)

2024-11-25T16:40:20.620830+08:00 - CRITICAL - 
Test set: Average loss: 2.6675, Accuracy: 1329/10000 (13%)

2024-11-25T16:40:33.896952+08:00 - CRITICAL - Adaption Loss: 0.09598582237958908
2024-11-25T16:40:34.273482+08:00 - CRITICAL - Train Iteration: [320/15000 (2%)]	   Pseudo_AttackLoss: 0.047387   Pseudo_target_mseloss: 0.703860     Vanila_D_Loss: -25.210600    D_Loss: -23.813066     Dis_Pseudo_Loss: -29.207737     Dis_target_Loss: 3.997138   Target_AttackLoss: 0.020484
2024-11-25T16:40:46.847199+08:00 - CRITICAL - Adaption Loss: 0.09449143707752228
2024-11-25T16:40:54.804389+08:00 - CRITICAL - 
Test set: Average loss: 1.7710, Accuracy: 3382/10000 (34%)

2024-11-25T16:40:55.833684+08:00 - CRITICAL - 
Test set: Average loss: 2.5076, Accuracy: 1608/10000 (16%)

2024-11-25T16:41:02.317297+08:00 - CRITICAL - Adaption Loss: 0.09646724164485931
2024-11-25T16:41:02.691836+08:00 - CRITICAL - Train Iteration: [360/15000 (2%)]	   Pseudo_AttackLoss: 0.036973   Pseudo_target_mseloss: 0.750683     Vanila_D_Loss: -8.862133    D_Loss: 52.175579     Dis_Pseudo_Loss: -25.727657     Dis_target_Loss: 16.865524   Target_AttackLoss: 0.021158
2024-11-25T16:41:15.362329+08:00 - CRITICAL - Adaption Loss: 0.08487479388713837
2024-11-25T16:41:28.677533+08:00 - CRITICAL - Adaption Loss: 0.08098557591438293
2024-11-25T16:41:29.048271+08:00 - CRITICAL - Train Iteration: [400/15000 (3%)]	   Pseudo_AttackLoss: 0.040779   Pseudo_target_mseloss: 0.621436     Vanila_D_Loss: -17.906355    D_Loss: -16.458267     Dis_Pseudo_Loss: -20.894907     Dis_target_Loss: 2.988552   Target_AttackLoss: 0.015841
2024-11-25T16:41:30.151997+08:00 - CRITICAL - 
Test set: Average loss: 1.7467, Accuracy: 3581/10000 (36%)

2024-11-25T16:41:31.228121+08:00 - CRITICAL - 
Test set: Average loss: 2.5301, Accuracy: 1637/10000 (16%)

2024-11-25T16:41:43.965346+08:00 - CRITICAL - Adaption Loss: 0.10149841755628586
2024-11-25T16:41:57.080266+08:00 - CRITICAL - Adaption Loss: 0.09728281944990158
2024-11-25T16:41:57.453926+08:00 - CRITICAL - Train Iteration: [440/15000 (3%)]	   Pseudo_AttackLoss: 0.034093   Pseudo_target_mseloss: 0.518038     Vanila_D_Loss: -18.557409    D_Loss: -17.091261     Dis_Pseudo_Loss: -18.226749     Dis_target_Loss: -0.330659   Target_AttackLoss: 0.015564
2024-11-25T16:42:05.085067+08:00 - CRITICAL - 
Test set: Average loss: 1.6898, Accuracy: 3724/10000 (37%)

2024-11-25T16:42:06.180508+08:00 - CRITICAL - 
Test set: Average loss: 2.5498, Accuracy: 1713/10000 (17%)

2024-11-25T16:42:12.346311+08:00 - CRITICAL - Adaption Loss: 0.1942024827003479
2024-11-25T16:42:25.507174+08:00 - CRITICAL - Adaption Loss: 0.1268000304698944
2024-11-25T16:42:25.872932+08:00 - CRITICAL - Train Iteration: [480/15000 (3%)]	   Pseudo_AttackLoss: 0.033900   Pseudo_target_mseloss: 0.523101     Vanila_D_Loss: -20.775803    D_Loss: -19.084177     Dis_Pseudo_Loss: -23.204830     Dis_target_Loss: 2.429027   Target_AttackLoss: 0.017655
2024-11-25T16:42:38.237748+08:00 - CRITICAL - Adaption Loss: 0.14088165760040283
2024-11-25T16:42:39.716939+08:00 - CRITICAL - 
Test set: Average loss: 1.6825, Accuracy: 3757/10000 (38%)

2024-11-25T16:42:40.910778+08:00 - CRITICAL - 
Test set: Average loss: 2.5984, Accuracy: 1613/10000 (16%)

2024-11-25T16:42:53.944152+08:00 - CRITICAL - Adaption Loss: 0.14858509600162506
2024-11-25T16:42:54.354419+08:00 - CRITICAL - Train Iteration: [520/15000 (3%)]	   Pseudo_AttackLoss: 0.030884   Pseudo_target_mseloss: 0.596933     Vanila_D_Loss: -9.962397    D_Loss: -0.977654     Dis_Pseudo_Loss: 19.175240     Dis_target_Loss: -29.137636   Target_AttackLoss: 0.017286
2024-11-25T16:43:07.008559+08:00 - CRITICAL - Adaption Loss: 0.1483209729194641
2024-11-25T16:43:15.163550+08:00 - CRITICAL - 
Test set: Average loss: 1.6368, Accuracy: 4030/10000 (40%)

2024-11-25T16:43:16.219115+08:00 - CRITICAL - 
Test set: Average loss: 2.3345, Accuracy: 1787/10000 (18%)

2024-11-25T16:43:22.403935+08:00 - CRITICAL - Adaption Loss: 0.14348870515823364
2024-11-25T16:43:22.780498+08:00 - CRITICAL - Train Iteration: [560/15000 (4%)]	   Pseudo_AttackLoss: 0.033509   Pseudo_target_mseloss: 0.622873     Vanila_D_Loss: -9.873758    D_Loss: -8.445056     Dis_Pseudo_Loss: 11.380468     Dis_target_Loss: -21.254227   Target_AttackLoss: 0.017000
2024-11-25T16:43:35.506029+08:00 - CRITICAL - Adaption Loss: 0.16441351175308228
2024-11-25T16:43:48.893620+08:00 - CRITICAL - Adaption Loss: 0.1507173776626587
2024-11-25T16:43:49.260829+08:00 - CRITICAL - Train Iteration: [600/15000 (4%)]	   Pseudo_AttackLoss: 0.036273   Pseudo_target_mseloss: 0.819119     Vanila_D_Loss: -11.501274    D_Loss: -10.193784     Dis_Pseudo_Loss: 2.527363     Dis_target_Loss: -14.028637   Target_AttackLoss: 0.016893
2024-11-25T16:43:50.431989+08:00 - CRITICAL - 
Test set: Average loss: 1.6236, Accuracy: 4069/10000 (41%)

2024-11-25T16:43:51.533411+08:00 - CRITICAL - 
Test set: Average loss: 2.3917, Accuracy: 1682/10000 (17%)

2024-11-25T16:44:04.226168+08:00 - CRITICAL - Adaption Loss: 0.15930864214897156
2024-11-25T16:44:17.415258+08:00 - CRITICAL - Adaption Loss: 0.20062988996505737
2024-11-25T16:44:17.784381+08:00 - CRITICAL - Train Iteration: [640/15000 (4%)]	   Pseudo_AttackLoss: 0.031374   Pseudo_target_mseloss: 0.873205     Vanila_D_Loss: -16.854015    D_Loss: -14.399467     Dis_Pseudo_Loss: -29.068527     Dis_target_Loss: 12.214511   Target_AttackLoss: 0.014115
2024-11-25T16:44:25.621886+08:00 - CRITICAL - 
Test set: Average loss: 1.5985, Accuracy: 4092/10000 (41%)

2024-11-25T16:44:26.737596+08:00 - CRITICAL - 
Test set: Average loss: 2.5050, Accuracy: 1728/10000 (17%)

2024-11-25T16:44:32.935683+08:00 - CRITICAL - Adaption Loss: 0.11665642261505127
