2024-11-28T22:37:51.495898+08:00 - INFO - >>>>>>>>>>>>>>Running settings>>>>>>>>>>>>>>
2024-11-28T22:37:51.496060+08:00 - INFO - iteration: 2500
2024-11-28T22:37:51.496140+08:00 - INFO - lr: 0.0001
2024-11-28T22:37:51.496229+08:00 - INFO - server_pseudo_lr: 0.0001
2024-11-28T22:37:51.496297+08:00 - INFO - dlr: 0.0001
2024-11-28T22:37:51.496363+08:00 - INFO - print_freq: 40
2024-11-28T22:37:51.496425+08:00 - INFO - save_path: attack_model.pth
2024-11-28T22:37:51.496487+08:00 - INFO - gid: 0
2024-11-28T22:37:51.496548+08:00 - INFO - layer_id: 2
2024-11-28T22:37:51.496610+08:00 - INFO - a: 0.8
2024-11-28T22:37:51.496674+08:00 - INFO - batch_size: 64
2024-11-28T22:37:51.496735+08:00 - INFO - dataset: cifar10
2024-11-28T22:37:51.496797+08:00 - INFO - dataset_num: 3000
2024-11-28T22:37:51.496858+08:00 - INFO - coral: False
2024-11-28T22:37:51.496928+08:00 - INFO - mkkd: True
2024-11-28T22:37:51.496993+08:00 - INFO - >>>>>>>>>>>>>>>>>>>>>>>>>>>>>>


2024-11-28T22:37:52.601895+08:00 - INFO - DataSet:cifar10
2024-11-28T22:37:52.602560+08:00 - INFO - Train Dataset:50000
2024-11-28T22:37:52.602702+08:00 - INFO - Test Dataset:10000
2024-11-28T22:37:57.432229+08:00 - CRITICAL - Train Iteration: [40/2500 (2%)]	   Pseudo_AttackLoss: 0.059048   Pseudo_target_mseloss: 0.836464     Vanila_D_Loss: -0.865553    D_Loss: 1.661928     Dis_Pseudo_Loss: -1.521092     Dis_target_Loss: 0.655539   Target_AttackLoss: 0.041335
2024-11-28T22:37:59.533767+08:00 - CRITICAL - 
Test set: Average loss: 2.2647, Accuracy: 1525/10000 (15%)

2024-11-28T22:38:00.774814+08:00 - CRITICAL - 
Test set: Average loss: 2.3382, Accuracy: 1360/10000 (14%)

2024-11-28T22:38:02.686391+08:00 - CRITICAL - Train Iteration: [80/2500 (3%)]	   Pseudo_AttackLoss: 0.047652   Pseudo_target_mseloss: 0.831102     Vanila_D_Loss: -4.866803    D_Loss: -3.034601     Dis_Pseudo_Loss: -8.168289     Dis_target_Loss: 3.301486   Target_AttackLoss: 0.031346
2024-11-28T22:38:05.327807+08:00 - CRITICAL - 
Test set: Average loss: 2.0721, Accuracy: 2313/10000 (23%)

2024-11-28T22:38:06.476715+08:00 - CRITICAL - 
Test set: Average loss: 2.4216, Accuracy: 1427/10000 (14%)

2024-11-28T22:38:07.828644+08:00 - CRITICAL - Train Iteration: [120/2500 (5%)]	   Pseudo_AttackLoss: 0.033136   Pseudo_target_mseloss: 0.843800     Vanila_D_Loss: -24.854828    D_Loss: -23.227697     Dis_Pseudo_Loss: -50.385056     Dis_target_Loss: 25.530228   Target_AttackLoss: 0.025468
2024-11-28T22:38:11.415452+08:00 - CRITICAL - 
Test set: Average loss: 1.9675, Accuracy: 2721/10000 (27%)

2024-11-28T22:38:12.679881+08:00 - CRITICAL - 
Test set: Average loss: 2.6089, Accuracy: 1339/10000 (13%)

2024-11-28T22:38:13.327241+08:00 - CRITICAL - Train Iteration: [160/2500 (6%)]	   Pseudo_AttackLoss: 0.025401   Pseudo_target_mseloss: 0.884352     Vanila_D_Loss: -39.507477    D_Loss: -38.533577     Dis_Pseudo_Loss: -71.785088     Dis_target_Loss: 32.277611   Target_AttackLoss: 0.031132
2024-11-28T22:38:16.393728+08:00 - CRITICAL - Train Iteration: [200/2500 (8%)]	   Pseudo_AttackLoss: 0.020285   Pseudo_target_mseloss: 0.760612     Vanila_D_Loss: -46.637699    D_Loss: -45.595394     Dis_Pseudo_Loss: -69.885201     Dis_target_Loss: 23.247501   Target_AttackLoss: 0.024832
2024-11-28T22:38:17.680669+08:00 - CRITICAL - 
Test set: Average loss: 1.9432, Accuracy: 2984/10000 (30%)

2024-11-28T22:38:18.932769+08:00 - CRITICAL - 
Test set: Average loss: 2.7819, Accuracy: 1454/10000 (15%)

2024-11-28T22:38:21.856626+08:00 - CRITICAL - Train Iteration: [240/2500 (10%)]	   Pseudo_AttackLoss: 0.021498   Pseudo_target_mseloss: 0.755708     Vanila_D_Loss: -51.384068    D_Loss: -50.442169     Dis_Pseudo_Loss: -71.424591     Dis_target_Loss: 20.040524   Target_AttackLoss: 0.020575
2024-11-28T22:38:23.813931+08:00 - CRITICAL - 
Test set: Average loss: 1.8255, Accuracy: 3120/10000 (31%)

2024-11-28T22:38:25.136779+08:00 - CRITICAL - 
Test set: Average loss: 2.5234, Accuracy: 1443/10000 (14%)

2024-11-28T22:38:27.403310+08:00 - CRITICAL - Train Iteration: [280/2500 (11%)]	   Pseudo_AttackLoss: 0.018320   Pseudo_target_mseloss: 0.777861     Vanila_D_Loss: -55.393158    D_Loss: -52.442757     Dis_Pseudo_Loss: -68.154152     Dis_target_Loss: 12.760993   Target_AttackLoss: 0.021541
2024-11-28T22:38:30.212523+08:00 - CRITICAL - 
Test set: Average loss: 1.8134, Accuracy: 3168/10000 (32%)

2024-11-28T22:38:31.577895+08:00 - CRITICAL - 
Test set: Average loss: 2.3988, Accuracy: 1438/10000 (14%)

2024-11-28T22:38:32.877083+08:00 - CRITICAL - Train Iteration: [320/2500 (13%)]	   Pseudo_AttackLoss: 0.017073   Pseudo_target_mseloss: 0.729818     Vanila_D_Loss: -60.492775    D_Loss: -55.994930     Dis_Pseudo_Loss: -79.844620     Dis_target_Loss: 19.351845   Target_AttackLoss: 0.020484
2024-11-28T22:38:36.259688+08:00 - CRITICAL - 
Test set: Average loss: 1.7710, Accuracy: 3382/10000 (34%)

2024-11-28T22:38:37.380434+08:00 - CRITICAL - 
Test set: Average loss: 2.5291, Accuracy: 1525/10000 (15%)

2024-11-28T22:38:38.042545+08:00 - CRITICAL - Train Iteration: [360/2500 (14%)]	   Pseudo_AttackLoss: 0.017916   Pseudo_target_mseloss: 0.809978     Vanila_D_Loss: -64.126335    D_Loss: -57.826778     Dis_Pseudo_Loss: -81.582405     Dis_target_Loss: 17.456070   Target_AttackLoss: 0.021158
2024-11-28T22:38:40.852265+08:00 - CRITICAL - Train Iteration: [400/2500 (16%)]	   Pseudo_AttackLoss: 0.017769   Pseudo_target_mseloss: 0.695082     Vanila_D_Loss: -63.415462    D_Loss: -60.233204     Dis_Pseudo_Loss: -72.133316     Dis_target_Loss: 8.717854   Target_AttackLoss: 0.015841
2024-11-28T22:38:42.001724+08:00 - CRITICAL - 
Test set: Average loss: 1.7467, Accuracy: 3581/10000 (36%)

2024-11-28T22:38:43.138857+08:00 - CRITICAL - 
Test set: Average loss: 2.4433, Accuracy: 1459/10000 (15%)

2024-11-28T22:38:45.889475+08:00 - CRITICAL - Train Iteration: [440/2500 (18%)]	   Pseudo_AttackLoss: 0.013056   Pseudo_target_mseloss: 0.662865     Vanila_D_Loss: -63.596306    D_Loss: -62.288624     Dis_Pseudo_Loss: -72.983459     Dis_target_Loss: 9.387156   Target_AttackLoss: 0.015564
2024-11-28T22:38:47.729192+08:00 - CRITICAL - 
Test set: Average loss: 1.6898, Accuracy: 3724/10000 (37%)

2024-11-28T22:38:48.920574+08:00 - CRITICAL - 
Test set: Average loss: 2.4804, Accuracy: 1627/10000 (16%)

2024-11-28T22:38:51.050579+08:00 - CRITICAL - Train Iteration: [480/2500 (19%)]	   Pseudo_AttackLoss: 0.012787   Pseudo_target_mseloss: 0.681496     Vanila_D_Loss: -67.489006    D_Loss: -46.506294     Dis_Pseudo_Loss: -84.419434     Dis_target_Loss: 16.930429   Target_AttackLoss: 0.017655
2024-11-28T22:38:53.562839+08:00 - CRITICAL - 
Test set: Average loss: 1.6825, Accuracy: 3757/10000 (38%)

2024-11-28T22:38:54.810270+08:00 - CRITICAL - 
Test set: Average loss: 2.4886, Accuracy: 1552/10000 (16%)

2024-11-28T22:38:56.284617+08:00 - CRITICAL - Train Iteration: [520/2500 (21%)]	   Pseudo_AttackLoss: 0.012709   Pseudo_target_mseloss: 0.721161     Vanila_D_Loss: -63.825157    D_Loss: -60.462944     Dis_Pseudo_Loss: -75.259552     Dis_target_Loss: 11.434395   Target_AttackLoss: 0.017286
2024-11-28T22:38:59.456742+08:00 - CRITICAL - 
Test set: Average loss: 1.6368, Accuracy: 4030/10000 (40%)

2024-11-28T22:39:00.702572+08:00 - CRITICAL - 
Test set: Average loss: 2.4553, Accuracy: 1583/10000 (16%)

2024-11-28T22:39:01.551778+08:00 - CRITICAL - Train Iteration: [560/2500 (22%)]	   Pseudo_AttackLoss: 0.010571   Pseudo_target_mseloss: 0.708696     Vanila_D_Loss: -67.689865    D_Loss: -64.026131     Dis_Pseudo_Loss: -79.018982     Dis_target_Loss: 11.329120   Target_AttackLoss: 0.017000
2024-11-28T22:39:04.263517+08:00 - CRITICAL - Train Iteration: [600/2500 (24%)]	   Pseudo_AttackLoss: 0.013469   Pseudo_target_mseloss: 0.733387     Vanila_D_Loss: -68.357254    D_Loss: -64.490906     Dis_Pseudo_Loss: -79.319839     Dis_target_Loss: 10.962589   Target_AttackLoss: 0.016893
2024-11-28T22:39:05.422385+08:00 - CRITICAL - 
Test set: Average loss: 1.6236, Accuracy: 4069/10000 (41%)

2024-11-28T22:39:06.522127+08:00 - CRITICAL - 
Test set: Average loss: 2.4464, Accuracy: 1562/10000 (16%)

2024-11-28T22:39:09.065795+08:00 - CRITICAL - Train Iteration: [640/2500 (26%)]	   Pseudo_AttackLoss: 0.009899   Pseudo_target_mseloss: 0.729439     Vanila_D_Loss: -69.689705    D_Loss: -65.149452     Dis_Pseudo_Loss: -79.467987     Dis_target_Loss: 9.778280   Target_AttackLoss: 0.014115
2024-11-28T22:39:11.040205+08:00 - CRITICAL - 
Test set: Average loss: 1.5985, Accuracy: 4092/10000 (41%)

2024-11-28T22:39:12.164793+08:00 - CRITICAL - 
Test set: Average loss: 2.4810, Accuracy: 1570/10000 (16%)

2024-11-28T22:39:14.127027+08:00 - CRITICAL - Train Iteration: [680/2500 (27%)]	   Pseudo_AttackLoss: 0.009745   Pseudo_target_mseloss: 0.698437     Vanila_D_Loss: -68.879410    D_Loss: -65.259682     Dis_Pseudo_Loss: -80.255814     Dis_target_Loss: 11.376400   Target_AttackLoss: 0.027346
2024-11-28T22:39:16.750063+08:00 - CRITICAL - 
Test set: Average loss: 1.5856, Accuracy: 4090/10000 (41%)

2024-11-28T22:39:17.966737+08:00 - CRITICAL - 
Test set: Average loss: 2.4670, Accuracy: 1630/10000 (16%)

2024-11-28T22:39:19.315871+08:00 - CRITICAL - Train Iteration: [720/2500 (29%)]	   Pseudo_AttackLoss: 0.008697   Pseudo_target_mseloss: 0.748258     Vanila_D_Loss: -68.747566    D_Loss: -66.803062     Dis_Pseudo_Loss: -77.825562     Dis_target_Loss: 9.077995   Target_AttackLoss: 0.015064
2024-11-28T22:39:22.560479+08:00 - CRITICAL - 
Test set: Average loss: 1.5845, Accuracy: 4266/10000 (43%)

2024-11-28T22:39:23.700178+08:00 - CRITICAL - 
Test set: Average loss: 2.4645, Accuracy: 1659/10000 (17%)

2024-11-28T22:39:24.367349+08:00 - CRITICAL - Train Iteration: [760/2500 (30%)]	   Pseudo_AttackLoss: 0.011342   Pseudo_target_mseloss: 0.759830     Vanila_D_Loss: -68.398254    D_Loss: -66.603279     Dis_Pseudo_Loss: -76.594772     Dis_target_Loss: 8.196521   Target_AttackLoss: 0.017823
2024-11-28T22:39:27.744940+08:00 - CRITICAL - Train Iteration: [800/2500 (32%)]	   Pseudo_AttackLoss: 0.007897   Pseudo_target_mseloss: 0.751055     Vanila_D_Loss: -73.825920    D_Loss: -66.901306     Dis_Pseudo_Loss: -85.591972     Dis_target_Loss: 11.766050   Target_AttackLoss: 0.014407
2024-11-28T22:39:28.924246+08:00 - CRITICAL - 
Test set: Average loss: 1.5642, Accuracy: 4342/10000 (43%)

2024-11-28T22:39:30.062873+08:00 - CRITICAL - 
Test set: Average loss: 2.4525, Accuracy: 1642/10000 (16%)

2024-11-28T22:39:33.011394+08:00 - CRITICAL - Train Iteration: [840/2500 (34%)]	   Pseudo_AttackLoss: 0.016774   Pseudo_target_mseloss: 0.751952     Vanila_D_Loss: -71.740204    D_Loss: -68.144516     Dis_Pseudo_Loss: -82.975677     Dis_target_Loss: 11.235471   Target_AttackLoss: 0.013043
2024-11-28T22:39:34.810609+08:00 - CRITICAL - 
Test set: Average loss: 1.6126, Accuracy: 4193/10000 (42%)

2024-11-28T22:39:35.990966+08:00 - CRITICAL - 
Test set: Average loss: 2.4591, Accuracy: 1714/10000 (17%)

2024-11-28T22:39:38.191485+08:00 - CRITICAL - Train Iteration: [880/2500 (35%)]	   Pseudo_AttackLoss: 0.009592   Pseudo_target_mseloss: 0.744795     Vanila_D_Loss: -70.598694    D_Loss: -68.737892     Dis_Pseudo_Loss: -78.189682     Dis_target_Loss: 7.590989   Target_AttackLoss: 0.013507
2024-11-28T22:39:40.715074+08:00 - CRITICAL - 
Test set: Average loss: 1.5650, Accuracy: 4083/10000 (41%)

2024-11-28T22:39:41.871610+08:00 - CRITICAL - 
Test set: Average loss: 2.3650, Accuracy: 1678/10000 (17%)

2024-11-28T22:39:43.161611+08:00 - CRITICAL - Train Iteration: [920/2500 (37%)]	   Pseudo_AttackLoss: 0.011710   Pseudo_target_mseloss: 0.760051     Vanila_D_Loss: -71.514282    D_Loss: -68.895439     Dis_Pseudo_Loss: -81.181015     Dis_target_Loss: 9.666737   Target_AttackLoss: 0.012510
2024-11-28T22:39:46.539135+08:00 - CRITICAL - 
Test set: Average loss: 1.5488, Accuracy: 4232/10000 (42%)

2024-11-28T22:39:47.699972+08:00 - CRITICAL - 
Test set: Average loss: 2.4602, Accuracy: 1637/10000 (16%)

2024-11-28T22:39:48.333780+08:00 - CRITICAL - Train Iteration: [960/2500 (38%)]	   Pseudo_AttackLoss: 0.007655   Pseudo_target_mseloss: 0.775436     Vanila_D_Loss: -74.665634    D_Loss: -69.879707     Dis_Pseudo_Loss: -78.208382     Dis_target_Loss: 3.542747   Target_AttackLoss: 0.013245
2024-11-28T22:39:51.303680+08:00 - CRITICAL - Train Iteration: [1000/2500 (40%)]	   Pseudo_AttackLoss: 0.010944   Pseudo_target_mseloss: 0.787882     Vanila_D_Loss: -74.161537    D_Loss: -71.269920     Dis_Pseudo_Loss: -80.629303     Dis_target_Loss: 6.467763   Target_AttackLoss: 0.012319
2024-11-28T22:39:52.479877+08:00 - CRITICAL - 
Test set: Average loss: 1.5291, Accuracy: 4279/10000 (43%)

2024-11-28T22:39:53.750327+08:00 - CRITICAL - 
Test set: Average loss: 2.5055, Accuracy: 1662/10000 (17%)

2024-11-28T22:39:56.521636+08:00 - CRITICAL - Train Iteration: [1040/2500 (42%)]	   Pseudo_AttackLoss: 0.011286   Pseudo_target_mseloss: 0.729978     Vanila_D_Loss: -72.774719    D_Loss: -70.781403     Dis_Pseudo_Loss: -74.244904     Dis_target_Loss: 1.470185   Target_AttackLoss: 0.012034
2024-11-28T22:39:58.251111+08:00 - CRITICAL - 
Test set: Average loss: 1.4890, Accuracy: 4563/10000 (46%)

2024-11-28T22:39:59.395640+08:00 - CRITICAL - 
Test set: Average loss: 2.4810, Accuracy: 1679/10000 (17%)

2024-11-28T22:40:01.524942+08:00 - CRITICAL - Train Iteration: [1080/2500 (43%)]	   Pseudo_AttackLoss: 0.008498   Pseudo_target_mseloss: 0.773115     Vanila_D_Loss: -74.341980    D_Loss: -72.428452     Dis_Pseudo_Loss: -81.614151     Dis_target_Loss: 7.272172   Target_AttackLoss: 0.014005
2024-11-28T22:40:04.197216+08:00 - CRITICAL - 
Test set: Average loss: 1.4971, Accuracy: 4416/10000 (44%)

2024-11-28T22:40:05.399330+08:00 - CRITICAL - 
Test set: Average loss: 2.5115, Accuracy: 1658/10000 (17%)

2024-11-28T22:40:06.984725+08:00 - CRITICAL - Train Iteration: [1120/2500 (45%)]	   Pseudo_AttackLoss: 0.009544   Pseudo_target_mseloss: 0.744907     Vanila_D_Loss: -74.632828    D_Loss: -71.705078     Dis_Pseudo_Loss: -81.486221     Dis_target_Loss: 6.853395   Target_AttackLoss: 0.013332
2024-11-28T22:40:10.045322+08:00 - CRITICAL - 
Test set: Average loss: 1.5110, Accuracy: 4473/10000 (45%)

2024-11-28T22:40:11.165262+08:00 - CRITICAL - 
Test set: Average loss: 2.4102, Accuracy: 1751/10000 (18%)

2024-11-28T22:40:11.984599+08:00 - CRITICAL - Train Iteration: [1160/2500 (46%)]	   Pseudo_AttackLoss: 0.008294   Pseudo_target_mseloss: 0.719438     Vanila_D_Loss: -73.544205    D_Loss: -71.535080     Dis_Pseudo_Loss: -80.537392     Dis_target_Loss: 6.993185   Target_AttackLoss: 0.012502
2024-11-28T22:40:14.914608+08:00 - CRITICAL - Train Iteration: [1200/2500 (48%)]	   Pseudo_AttackLoss: 0.008702   Pseudo_target_mseloss: 0.696927     Vanila_D_Loss: -77.984642    D_Loss: -73.080856     Dis_Pseudo_Loss: -84.315811     Dis_target_Loss: 6.331169   Target_AttackLoss: 0.011538
2024-11-28T22:40:16.084756+08:00 - CRITICAL - 
Test set: Average loss: 1.4596, Accuracy: 4678/10000 (47%)

2024-11-28T22:40:17.285479+08:00 - CRITICAL - 
Test set: Average loss: 2.3430, Accuracy: 1793/10000 (18%)

2024-11-28T22:40:19.993594+08:00 - CRITICAL - Train Iteration: [1240/2500 (50%)]	   Pseudo_AttackLoss: 0.009141   Pseudo_target_mseloss: 0.764655     Vanila_D_Loss: -74.844360    D_Loss: -72.792847     Dis_Pseudo_Loss: -82.195053     Dis_target_Loss: 7.350694   Target_AttackLoss: 0.012289
2024-11-28T22:40:22.043940+08:00 - CRITICAL - 
Test set: Average loss: 1.4789, Accuracy: 4660/10000 (47%)

2024-11-28T22:40:23.170337+08:00 - CRITICAL - 
Test set: Average loss: 2.3785, Accuracy: 1733/10000 (17%)

2024-11-28T22:40:25.194795+08:00 - CRITICAL - Train Iteration: [1280/2500 (51%)]	   Pseudo_AttackLoss: 0.008516   Pseudo_target_mseloss: 0.738233     Vanila_D_Loss: -76.516472    D_Loss: -74.366577     Dis_Pseudo_Loss: -83.210304     Dis_target_Loss: 6.693836   Target_AttackLoss: 0.010422
2024-11-28T22:40:27.943486+08:00 - CRITICAL - 
Test set: Average loss: 1.4549, Accuracy: 4708/10000 (47%)

2024-11-28T22:40:29.044356+08:00 - CRITICAL - 
Test set: Average loss: 2.4882, Accuracy: 1655/10000 (17%)

2024-11-28T22:40:30.345827+08:00 - CRITICAL - Train Iteration: [1320/2500 (53%)]	   Pseudo_AttackLoss: 0.006898   Pseudo_target_mseloss: 0.743027     Vanila_D_Loss: -78.805107    D_Loss: -75.367302     Dis_Pseudo_Loss: -79.438782     Dis_target_Loss: 0.633671   Target_AttackLoss: 0.018265
2024-11-28T22:40:33.611502+08:00 - CRITICAL - 
Test set: Average loss: 1.4460, Accuracy: 4731/10000 (47%)

2024-11-28T22:40:34.760636+08:00 - CRITICAL - 
Test set: Average loss: 2.3748, Accuracy: 1765/10000 (18%)

2024-11-28T22:40:35.448432+08:00 - CRITICAL - Train Iteration: [1360/2500 (54%)]	   Pseudo_AttackLoss: 0.006789   Pseudo_target_mseloss: 0.820304     Vanila_D_Loss: -79.007805    D_Loss: -75.774193     Dis_Pseudo_Loss: -78.609390     Dis_target_Loss: -0.398412   Target_AttackLoss: 0.014132
2024-11-28T22:40:38.417446+08:00 - CRITICAL - Train Iteration: [1400/2500 (56%)]	   Pseudo_AttackLoss: 0.008196   Pseudo_target_mseloss: 0.732797     Vanila_D_Loss: -76.940002    D_Loss: -74.816116     Dis_Pseudo_Loss: -73.601097     Dis_target_Loss: -3.338907   Target_AttackLoss: 0.013066
2024-11-28T22:40:39.601594+08:00 - CRITICAL - 
Test set: Average loss: 1.4629, Accuracy: 4666/10000 (47%)

2024-11-28T22:40:40.790687+08:00 - CRITICAL - 
Test set: Average loss: 2.3449, Accuracy: 1885/10000 (19%)

2024-11-28T22:40:43.643300+08:00 - CRITICAL - Train Iteration: [1440/2500 (58%)]	   Pseudo_AttackLoss: 0.007138   Pseudo_target_mseloss: 0.826341     Vanila_D_Loss: -77.792610    D_Loss: -76.219543     Dis_Pseudo_Loss: -80.881470     Dis_target_Loss: 3.088860   Target_AttackLoss: 0.013266
2024-11-28T22:40:45.487781+08:00 - CRITICAL - 
Test set: Average loss: 1.4314, Accuracy: 4868/10000 (49%)

2024-11-28T22:40:46.640933+08:00 - CRITICAL - 
Test set: Average loss: 2.4345, Accuracy: 1798/10000 (18%)

2024-11-28T22:40:48.721231+08:00 - CRITICAL - Train Iteration: [1480/2500 (59%)]	   Pseudo_AttackLoss: 0.007076   Pseudo_target_mseloss: 0.760451     Vanila_D_Loss: -79.460098    D_Loss: -76.545181     Dis_Pseudo_Loss: -82.951775     Dis_target_Loss: 3.491680   Target_AttackLoss: 0.011833
2024-11-28T22:40:51.094880+08:00 - CRITICAL - 
Test set: Average loss: 1.4642, Accuracy: 4654/10000 (47%)

2024-11-28T22:40:52.247490+08:00 - CRITICAL - 
Test set: Average loss: 2.4181, Accuracy: 1826/10000 (18%)

2024-11-28T22:40:53.749400+08:00 - CRITICAL - Train Iteration: [1520/2500 (61%)]	   Pseudo_AttackLoss: 0.009595   Pseudo_target_mseloss: 0.747041     Vanila_D_Loss: -77.036530    D_Loss: -75.225647     Dis_Pseudo_Loss: -77.420563     Dis_target_Loss: 0.384031   Target_AttackLoss: 0.011936
2024-11-28T22:40:56.830356+08:00 - CRITICAL - 
Test set: Average loss: 1.4005, Accuracy: 4896/10000 (49%)

2024-11-28T22:40:57.967508+08:00 - CRITICAL - 
Test set: Average loss: 2.3724, Accuracy: 1693/10000 (17%)

2024-11-28T22:40:58.594373+08:00 - CRITICAL - Train Iteration: [1560/2500 (62%)]	   Pseudo_AttackLoss: 0.007486   Pseudo_target_mseloss: 0.817917     Vanila_D_Loss: -78.695496    D_Loss: -77.043579     Dis_Pseudo_Loss: -79.640015     Dis_target_Loss: 0.944522   Target_AttackLoss: 0.011961
2024-11-28T22:41:01.613628+08:00 - CRITICAL - Train Iteration: [1600/2500 (64%)]	   Pseudo_AttackLoss: 0.006627   Pseudo_target_mseloss: 0.776837     Vanila_D_Loss: -79.752960    D_Loss: -77.787476     Dis_Pseudo_Loss: -79.673538     Dis_target_Loss: -0.079420   Target_AttackLoss: 0.012697
2024-11-28T22:41:02.820471+08:00 - CRITICAL - 
Test set: Average loss: 1.3897, Accuracy: 4968/10000 (50%)

2024-11-28T22:41:03.930623+08:00 - CRITICAL - 
Test set: Average loss: 2.4470, Accuracy: 1634/10000 (16%)

2024-11-28T22:41:06.870636+08:00 - CRITICAL - Train Iteration: [1640/2500 (66%)]	   Pseudo_AttackLoss: 0.008939   Pseudo_target_mseloss: 0.734848     Vanila_D_Loss: -80.530701    D_Loss: -77.242348     Dis_Pseudo_Loss: -79.057487     Dis_target_Loss: -1.473212   Target_AttackLoss: 0.012508
2024-11-28T22:41:08.676431+08:00 - CRITICAL - 
Test set: Average loss: 1.3944, Accuracy: 4971/10000 (50%)

2024-11-28T22:41:09.851246+08:00 - CRITICAL - 
Test set: Average loss: 2.5446, Accuracy: 1659/10000 (17%)

2024-11-28T22:41:12.074337+08:00 - CRITICAL - Train Iteration: [1680/2500 (67%)]	   Pseudo_AttackLoss: 0.006992   Pseudo_target_mseloss: 0.791421     Vanila_D_Loss: -78.322746    D_Loss: -76.613365     Dis_Pseudo_Loss: -79.870842     Dis_target_Loss: 1.548096   Target_AttackLoss: 0.013620
2024-11-28T22:41:14.659797+08:00 - CRITICAL - 
Test set: Average loss: 1.4014, Accuracy: 4976/10000 (50%)

2024-11-28T22:41:15.843752+08:00 - CRITICAL - 
Test set: Average loss: 2.5039, Accuracy: 1673/10000 (17%)

2024-11-28T22:41:17.327974+08:00 - CRITICAL - Train Iteration: [1720/2500 (69%)]	   Pseudo_AttackLoss: 0.008055   Pseudo_target_mseloss: 0.732136     Vanila_D_Loss: -79.498169    D_Loss: -77.460464     Dis_Pseudo_Loss: -78.684433     Dis_target_Loss: -0.813738   Target_AttackLoss: 0.012496
2024-11-28T22:41:20.668951+08:00 - CRITICAL - 
Test set: Average loss: 1.3523, Accuracy: 5120/10000 (51%)

2024-11-28T22:41:21.846925+08:00 - CRITICAL - 
Test set: Average loss: 2.4985, Accuracy: 1797/10000 (18%)

2024-11-28T22:41:22.520830+08:00 - CRITICAL - Train Iteration: [1760/2500 (70%)]	   Pseudo_AttackLoss: 0.012362   Pseudo_target_mseloss: 0.704075     Vanila_D_Loss: -80.027939    D_Loss: -76.925583     Dis_Pseudo_Loss: -80.242134     Dis_target_Loss: 0.214198   Target_AttackLoss: 0.010306
2024-11-28T22:41:25.238352+08:00 - CRITICAL - Train Iteration: [1800/2500 (72%)]	   Pseudo_AttackLoss: 0.007398   Pseudo_target_mseloss: 0.679091     Vanila_D_Loss: -78.905693    D_Loss: -77.201691     Dis_Pseudo_Loss: -79.364212     Dis_target_Loss: 0.458519   Target_AttackLoss: 0.014441
2024-11-28T22:41:26.406154+08:00 - CRITICAL - 
Test set: Average loss: 1.3539, Accuracy: 5084/10000 (51%)

2024-11-28T22:41:27.559242+08:00 - CRITICAL - 
Test set: Average loss: 2.4156, Accuracy: 1681/10000 (17%)

2024-11-28T22:41:30.113820+08:00 - CRITICAL - Train Iteration: [1840/2500 (74%)]	   Pseudo_AttackLoss: 0.007310   Pseudo_target_mseloss: 0.710347     Vanila_D_Loss: -80.817833    D_Loss: -78.204552     Dis_Pseudo_Loss: -82.155563     Dis_target_Loss: 1.337731   Target_AttackLoss: 0.011200
2024-11-28T22:41:32.095883+08:00 - CRITICAL - 
Test set: Average loss: 1.3506, Accuracy: 5123/10000 (51%)

2024-11-28T22:41:33.306283+08:00 - CRITICAL - 
Test set: Average loss: 2.4101, Accuracy: 1850/10000 (18%)

2024-11-28T22:41:35.218279+08:00 - CRITICAL - Train Iteration: [1880/2500 (75%)]	   Pseudo_AttackLoss: 0.005121   Pseudo_target_mseloss: 0.697687     Vanila_D_Loss: -81.393929    D_Loss: -78.162392     Dis_Pseudo_Loss: -80.560669     Dis_target_Loss: -0.833260   Target_AttackLoss: 0.010831
2024-11-28T22:41:37.820446+08:00 - CRITICAL - 
Test set: Average loss: 1.3590, Accuracy: 5042/10000 (50%)

2024-11-28T22:41:38.935037+08:00 - CRITICAL - 
Test set: Average loss: 2.3385, Accuracy: 1753/10000 (18%)

2024-11-28T22:41:40.197424+08:00 - CRITICAL - Train Iteration: [1920/2500 (77%)]	   Pseudo_AttackLoss: 0.006561   Pseudo_target_mseloss: 0.719488     Vanila_D_Loss: -80.483391    D_Loss: -78.340836     Dis_Pseudo_Loss: -79.839302     Dis_target_Loss: -0.644088   Target_AttackLoss: 0.013269
2024-11-28T22:41:43.599926+08:00 - CRITICAL - 
Test set: Average loss: 1.3512, Accuracy: 5124/10000 (51%)

2024-11-28T22:41:44.754433+08:00 - CRITICAL - 
Test set: Average loss: 2.3538, Accuracy: 1812/10000 (18%)

2024-11-28T22:41:45.451152+08:00 - CRITICAL - Train Iteration: [1960/2500 (78%)]	   Pseudo_AttackLoss: 0.008309   Pseudo_target_mseloss: 0.700904     Vanila_D_Loss: -79.633369    D_Loss: -78.110023     Dis_Pseudo_Loss: -80.014603     Dis_target_Loss: 0.381235   Target_AttackLoss: 0.013372
2024-11-28T22:41:48.496891+08:00 - CRITICAL - Train Iteration: [2000/2500 (80%)]	   Pseudo_AttackLoss: 0.006169   Pseudo_target_mseloss: 0.711316     Vanila_D_Loss: -81.701263    D_Loss: -79.290504     Dis_Pseudo_Loss: -82.764557     Dis_target_Loss: 1.063293   Target_AttackLoss: 0.010284
2024-11-28T22:41:49.650907+08:00 - CRITICAL - 
Test set: Average loss: 1.3365, Accuracy: 5235/10000 (52%)

2024-11-28T22:41:50.769218+08:00 - CRITICAL - 
Test set: Average loss: 2.4081, Accuracy: 1866/10000 (19%)

2024-11-28T22:41:53.666400+08:00 - CRITICAL - Train Iteration: [2040/2500 (82%)]	   Pseudo_AttackLoss: 0.005901   Pseudo_target_mseloss: 0.744431     Vanila_D_Loss: -81.494301    D_Loss: -79.720436     Dis_Pseudo_Loss: -78.791801     Dis_target_Loss: -2.702500   Target_AttackLoss: 0.010111
2024-11-28T22:41:55.562913+08:00 - CRITICAL - 
Test set: Average loss: 1.3292, Accuracy: 5240/10000 (52%)

2024-11-28T22:41:56.741339+08:00 - CRITICAL - 
Test set: Average loss: 2.4398, Accuracy: 1732/10000 (17%)

2024-11-28T22:41:58.882768+08:00 - CRITICAL - Train Iteration: [2080/2500 (83%)]	   Pseudo_AttackLoss: 0.005904   Pseudo_target_mseloss: 0.693245     Vanila_D_Loss: -82.187614    D_Loss: -79.472633     Dis_Pseudo_Loss: -80.666000     Dis_target_Loss: -1.521614   Target_AttackLoss: 0.011790
2024-11-28T22:42:01.497752+08:00 - CRITICAL - 
Test set: Average loss: 1.3257, Accuracy: 5255/10000 (53%)

2024-11-28T22:42:02.762469+08:00 - CRITICAL - 
Test set: Average loss: 2.3899, Accuracy: 1787/10000 (18%)

2024-11-28T22:42:04.253671+08:00 - CRITICAL - Train Iteration: [2120/2500 (85%)]	   Pseudo_AttackLoss: 0.006877   Pseudo_target_mseloss: 0.719765     Vanila_D_Loss: -81.651993    D_Loss: -78.980629     Dis_Pseudo_Loss: -77.854935     Dis_target_Loss: -3.797058   Target_AttackLoss: 0.011381
2024-11-28T22:42:07.444998+08:00 - CRITICAL - 
Test set: Average loss: 1.3161, Accuracy: 5251/10000 (53%)

2024-11-28T22:42:08.638681+08:00 - CRITICAL - 
Test set: Average loss: 2.4489, Accuracy: 1864/10000 (19%)

2024-11-28T22:42:09.273226+08:00 - CRITICAL - Train Iteration: [2160/2500 (86%)]	   Pseudo_AttackLoss: 0.008392   Pseudo_target_mseloss: 0.680932     Vanila_D_Loss: -83.758057    D_Loss: -79.841003     Dis_Pseudo_Loss: -83.662346     Dis_target_Loss: -0.095712   Target_AttackLoss: 0.011535
2024-11-28T22:42:12.092697+08:00 - CRITICAL - Train Iteration: [2200/2500 (88%)]	   Pseudo_AttackLoss: 0.008357   Pseudo_target_mseloss: 0.731107     Vanila_D_Loss: -82.625923    D_Loss: -80.132713     Dis_Pseudo_Loss: -80.597839     Dis_target_Loss: -2.028081   Target_AttackLoss: 0.010461
2024-11-28T22:42:13.297522+08:00 - CRITICAL - 
Test set: Average loss: 1.3242, Accuracy: 5276/10000 (53%)

2024-11-28T22:42:14.569968+08:00 - CRITICAL - 
Test set: Average loss: 2.4399, Accuracy: 1907/10000 (19%)

2024-11-28T22:42:17.360296+08:00 - CRITICAL - Train Iteration: [2240/2500 (90%)]	   Pseudo_AttackLoss: 0.006944   Pseudo_target_mseloss: 0.705678     Vanila_D_Loss: -83.657753    D_Loss: -80.064812     Dis_Pseudo_Loss: -79.058945     Dis_target_Loss: -4.598812   Target_AttackLoss: 0.013220
2024-11-28T22:42:19.140950+08:00 - CRITICAL - 
Test set: Average loss: 1.3308, Accuracy: 5313/10000 (53%)

2024-11-28T22:42:20.344946+08:00 - CRITICAL - 
Test set: Average loss: 2.4350, Accuracy: 1802/10000 (18%)

2024-11-28T22:42:22.758802+08:00 - CRITICAL - Train Iteration: [2280/2500 (91%)]	   Pseudo_AttackLoss: 0.006328   Pseudo_target_mseloss: 0.701662     Vanila_D_Loss: -80.868469    D_Loss: -79.298882     Dis_Pseudo_Loss: -79.801605     Dis_target_Loss: -1.066862   Target_AttackLoss: 0.009494
2024-11-28T22:42:25.279288+08:00 - CRITICAL - 
Test set: Average loss: 1.3019, Accuracy: 5311/10000 (53%)

2024-11-28T22:42:26.484236+08:00 - CRITICAL - 
Test set: Average loss: 2.3405, Accuracy: 1984/10000 (20%)

2024-11-28T22:42:28.075119+08:00 - CRITICAL - Train Iteration: [2320/2500 (93%)]	   Pseudo_AttackLoss: 0.006103   Pseudo_target_mseloss: 0.737170     Vanila_D_Loss: -83.286102    D_Loss: -80.017700     Dis_Pseudo_Loss: -83.722725     Dis_target_Loss: 0.436622   Target_AttackLoss: 0.012389
2024-11-28T22:42:31.737394+08:00 - CRITICAL - 
Test set: Average loss: 1.2803, Accuracy: 5388/10000 (54%)

2024-11-28T22:42:32.947913+08:00 - CRITICAL - 
Test set: Average loss: 2.4372, Accuracy: 1897/10000 (19%)

2024-11-28T22:42:33.644047+08:00 - CRITICAL - Train Iteration: [2360/2500 (94%)]	   Pseudo_AttackLoss: 0.006993   Pseudo_target_mseloss: 0.673971     Vanila_D_Loss: -81.960938    D_Loss: -80.102959     Dis_Pseudo_Loss: -79.837723     Dis_target_Loss: -2.123212   Target_AttackLoss: 0.010889
2024-11-28T22:42:36.488668+08:00 - CRITICAL - Train Iteration: [2400/2500 (96%)]	   Pseudo_AttackLoss: 0.006895   Pseudo_target_mseloss: 0.740400     Vanila_D_Loss: -83.620941    D_Loss: -80.901619     Dis_Pseudo_Loss: -80.430458     Dis_target_Loss: -3.190479   Target_AttackLoss: 0.014874
2024-11-28T22:42:37.601754+08:00 - CRITICAL - 
Test set: Average loss: 1.3141, Accuracy: 5290/10000 (53%)

2024-11-28T22:42:38.771854+08:00 - CRITICAL - 
Test set: Average loss: 2.4857, Accuracy: 1942/10000 (19%)

2024-11-28T22:42:41.672765+08:00 - CRITICAL - Train Iteration: [2440/2500 (98%)]	   Pseudo_AttackLoss: 0.006440   Pseudo_target_mseloss: 0.664100     Vanila_D_Loss: -83.417114    D_Loss: -80.337593     Dis_Pseudo_Loss: -83.438278     Dis_target_Loss: 0.021164   Target_AttackLoss: 0.010149
2024-11-28T22:42:43.518644+08:00 - CRITICAL - 
Test set: Average loss: 1.3015, Accuracy: 5323/10000 (53%)

2024-11-28T22:42:44.633467+08:00 - CRITICAL - 
Test set: Average loss: 2.5214, Accuracy: 1820/10000 (18%)

2024-11-28T22:42:46.562366+08:00 - CRITICAL - Train Iteration: [2480/2500 (99%)]	   Pseudo_AttackLoss: 0.005480   Pseudo_target_mseloss: 0.724395     Vanila_D_Loss: -83.296989    D_Loss: -79.902733     Dis_Pseudo_Loss: -83.429070     Dis_target_Loss: 0.132081   Target_AttackLoss: 0.009893
2024-11-28T22:42:49.256938+08:00 - CRITICAL - 
Test set: Average loss: 1.3302, Accuracy: 5079/10000 (51%)

2024-11-28T22:42:50.413624+08:00 - CRITICAL - 
Test set: Average loss: 2.6628, Accuracy: 1653/10000 (17%)

